
--- MODEL SUMMARY ---
Model used: 2
Sequence file: input/RHO_seq.dat
Tree file: input/RHO.fa.tree
Log likelihood: -3065.658989
np: 106
Start time: 2025-12-16 01:28:07

--- BASE FREQUENCIES ---
T: 0.238430  C: 0.319629  A: 0.199978  G: 0.241963

--- BRANCH LENGTHS ---
Branch  0: 0.150667  (parent node 52 -> leaf Hiamp)
Branch  1: 0.002479  (parent node 52 -> internal node 53)
Branch  2: 0.000100  (parent node 53 -> internal node 54)
Branch  3: 0.008465  (parent node 54 -> internal node 55)
Branch  4: 0.004396  (parent node 55 -> internal node 56)
Branch  5: 0.013164  (parent node 56 -> internal node 57)
Branch  6: 0.005601  (parent node 57 -> internal node 58)
Branch  7: 0.006727  (parent node 58 -> internal node 59)
Branch  8: 0.000100  (parent node 59 -> internal node 60)
Branch  9: 0.002919  (parent node 60 -> leaf Ppho)
Branch 10: 0.000100  (parent node 60 -> leaf Psin)
Branch 11: 0.000100  (parent node 59 -> leaf Nsun)
Branch 12: 0.023091  (parent node 58 -> internal node 61)
Branch 13: 0.002922  (parent node 61 -> leaf Dleu)
Branch 14: 0.000100  (parent node 61 -> leaf Mmon)
Branch 15: 0.015589  (parent node 57 -> internal node 62)
Branch 16: 0.000100  (parent node 62 -> internal node 63)
Branch 17: 0.000100  (parent node 63 -> internal node 64)
Branch 18: 0.000100  (parent node 64 -> internal node 65)
Branch 19: 0.000100  (parent node 65 -> internal node 66)
Branch 20: 0.000100  (parent node 66 -> internal node 67)
Branch 21: 0.000100  (parent node 67 -> internal node 68)
Branch 22: 0.005832  (parent node 68 -> leaf Ttru)
Branch 23: 0.000100  (parent node 68 -> internal node 69)
Branch 24: 0.000100  (parent node 69 -> internal node 70)
Branch 25: 0.000100  (parent node 70 -> internal node 71)
Branch 26: 0.000100  (parent node 71 -> leaf Ddel)
Branch 27: 0.002915  (parent node 71 -> leaf Tadu)
Branch 28: 0.000100  (parent node 70 -> internal node 72)
Branch 29: 0.002911  (parent node 72 -> leaf Scoe)
Branch 30: 0.005828  (parent node 72 -> leaf Scly)
Branch 31: 0.002915  (parent node 69 -> leaf Sfro)
Branch 32: 0.005832  (parent node 67 -> leaf Schi)
Branch 33: 0.011715  (parent node 66 -> leaf Satt)
Branch 34: 0.008759  (parent node 65 -> leaf Slon)
Branch 35: 0.000100  (parent node 64 -> internal node 73)
Branch 36: 0.000100  (parent node 73 -> internal node 74)
Branch 37: 0.000100  (parent node 74 -> internal node 75)
Branch 38: 0.005836  (parent node 75 -> leaf Pcra)
Branch 39: 0.000100  (parent node 75 -> internal node 76)
Branch 40: 0.000100  (parent node 76 -> leaf Gmel)
Branch 41: 0.000100  (parent node 76 -> leaf Pele)
Branch 42: 0.000100  (parent node 74 -> leaf Ggri)
Branch 43: 0.000100  (parent node 73 -> leaf Sbre)
Branch 44: 0.000100  (parent node 63 -> internal node 77)
Branch 45: 0.000100  (parent node 77 -> internal node 78)
Branch 46: 0.002910  (parent node 78 -> leaf Lalb)
Branch 47: 0.008746  (parent node 78 -> leaf Lacu)
Branch 48: 0.000100  (parent node 77 -> internal node 79)
Branch 49: 0.003507  (parent node 79 -> leaf Ccom)
Branch 50: 0.012314  (parent node 79 -> leaf Aobl)
Branch 51: 0.008751  (parent node 62 -> leaf Oorc)
Branch 52: 0.020366  (parent node 56 -> internal node 80)
Branch 53: 0.058687  (parent node 80 -> leaf Igeo)
Branch 54: 0.023438  (parent node 80 -> leaf Lvex)
Branch 55: 0.034647  (parent node 55 -> internal node 81)
Branch 56: 0.015266  (parent node 81 -> leaf Zcav)
Branch 57: 0.005560  (parent node 81 -> internal node 82)
Branch 58: 0.005081  (parent node 82 -> internal node 83)
Branch 59: 0.008579  (parent node 83 -> leaf Mbid)
Branch 60: 0.000100  (parent node 83 -> internal node 84)
Branch 61: 0.000100  (parent node 84 -> internal node 85)
Branch 62: 0.008581  (parent node 85 -> leaf Mden)
Branch 63: 0.002861  (parent node 85 -> leaf Mste)
Branch 64: 0.002850  (parent node 84 -> internal node 86)
Branch 65: 0.002849  (parent node 86 -> leaf Mmir)
Branch 66: 0.000100  (parent node 86 -> leaf Meur)
Branch 67: 0.003520  (parent node 82 -> leaf Hyamp)
Branch 68: 0.021509  (parent node 54 -> internal node 87)
Branch 69: 0.000100  (parent node 87 -> leaf Pmin)
Branch 70: 0.000100  (parent node 87 -> leaf Pgan)
Branch 71: 0.023526  (parent node 53 -> internal node 88)
Branch 72: 0.007331  (parent node 88 -> leaf Pmac)
Branch 73: 0.049735  (parent node 88 -> internal node 89)
Branch 74: 0.002884  (parent node 89 -> leaf Kbre)
Branch 75: 0.000100  (parent node 89 -> leaf Ksim)
Branch 76: 0.020703  (parent node 52 -> internal node 90)
Branch 77: 0.003073  (parent node 90 -> internal node 91)
Branch 78: 0.015464  (parent node 91 -> internal node 92)
Branch 79: 0.000100  (parent node 92 -> internal node 93)
Branch 80: 0.000100  (parent node 93 -> internal node 94)
Branch 81: 0.011751  (parent node 94 -> leaf Bmus)
Branch 82: 0.008757  (parent node 94 -> internal node 95)
Branch 83: 0.000100  (parent node 95 -> internal node 96)
Branch 84: 0.000100  (parent node 96 -> leaf Bbor)
Branch 85: 0.000100  (parent node 96 -> leaf Bede)
Branch 86: 0.000100  (parent node 95 -> leaf Bric)
Branch 87: 0.008789  (parent node 93 -> internal node 97)
Branch 88: 0.000100  (parent node 97 -> internal node 98)
Branch 89: 0.002919  (parent node 98 -> leaf Bphy)
Branch 90: 0.011797  (parent node 98 -> leaf Mnov)
Branch 91: 0.008793  (parent node 97 -> leaf Erob)
Branch 92: 0.017726  (parent node 92 -> internal node 99)
Branch 93: 0.000100  (parent node 99 -> leaf Bacu)
Branch 94: 0.005854  (parent node 99 -> leaf Bbon)
Branch 95: 0.029035  (parent node 91 -> leaf Cmar)
Branch 96: 0.015808  (parent node 90 -> internal node 100)
Branch 97: 0.008822  (parent node 100 -> leaf Bmys)
Branch 98: 0.002920  (parent node 100 -> internal node 101)
Branch 99: 0.000100  (parent node 101 -> leaf Egla)
Branch 100: 0.000100  (parent node 101 -> leaf Eaus)

--- TREE WITH ESTIMATED BRANCH LENGTHS (NEWICK) ---
(Hiamp:0.150667,((((((((Ppho:0.00291943,Psin:0.0001):0.0001,Nsun:0.0001):0.00672685,(Dleu:0.00292153,Mmon:0.0001):0.0230915):0.00560144,(((((((Ttru:0.00583227,(((Ddel:0.0001,Tadu:0.00291468):0.0001,(Scoe:0.00291111,Scly:0.00582817):0.0001):0.0001,Sfro:0.00291462):0.0001):0.0001,Schi:0.0058318):0.0001,Satt:0.0117153):0.0001,Slon:0.00875868):0.0001,(((Pcra:0.00583636,(Gmel:0.0001,Pele:0.0001):0.0001):0.0001,Ggri:0.0001):0.0001,Sbre:0.0001):0.0001):0.0001,((Lalb:0.00291027,Lacu:0.00874587):0.0001,(Ccom:0.00350682,Aobl:0.0123137):0.0001):0.0001):0.0001,Oorc:0.00875106):0.0155894):0.0131645,(Igeo:0.0586871,Lvex:0.0234385):0.0203659):0.00439628,(Zcav:0.0152664,((Mbid:0.00857854,((Mden:0.00858107,Mste:0.00286121):0.0001,(Mmir:0.00284934,Meur:0.0001):0.00284991):0.0001):0.0050806,Hyamp:0.00351982):0.00555968):0.0346471):0.0084649,(Pmin:0.0001,Pgan:0.0001):0.021509):0.0001,(Pmac:0.00733122,(Kbre:0.00288432,Ksim:0.0001):0.0497348):0.023526):0.00247856,(((((Bmus:0.0117507,((Bbor:0.0001,Bede:0.0001):0.0001,Bric:0.0001):0.00875695):0.0001,((Bphy:0.00291912,Mnov:0.0117974):0.0001,Erob:0.00879315):0.00878869):0.0001,(Bacu:0.0001,Bbon:0.00585422):0.017726):0.0154639,Cmar:0.0290351):0.00307325,(Bmys:0.00882221,(Egla:0.0001,Eaus:0.0001):0.0029201):0.0158083):0.0207029);

--- ASCII PHYLOGRAM (estimated branch lengths) ---

[DEBUG] ASCII phylogram ('-' = background, '=' = foreground)
(root)
|---------------------------------------- Hiamp
|-- (*)
|  |-- (*)
|  |  |-- (*)
|  |  |  |-- (*)
|  |  |  |  |--- (*)
|  |  |  |  |   |-- (*)
|  |  |  |  |   |  |-- (*)
|  |  |  |  |   |  |  |-- (*)
|  |  |  |  |   |  |  |  |-- Ppho
|  |  |  |  |   |  |  |  `-- Psin
|  |  |  |  |   |  |  `-- Nsun
|  |  |  |  |   |  `------ (*)
|  |  |  |  |   |         |-- Dleu
|  |  |  |  |   |         `-- Mmon
|  |  |  |  |   `---- (*)
|  |  |  |  |        |-- (*)
|  |  |  |  |        |  |-- (*)
|  |  |  |  |        |  |  |-- (*)
|  |  |  |  |        |  |  |  |-- (*)
|  |  |  |  |        |  |  |  |  |-- (*)
|  |  |  |  |        |  |  |  |  |  |-- (*)
|  |  |  |  |        |  |  |  |  |  |  |-- Ttru
|  |  |  |  |        |  |  |  |  |  |  `-- (*)
|  |  |  |  |        |  |  |  |  |  |     |-- (*)
|  |  |  |  |        |  |  |  |  |  |     |  |-- (*)
|  |  |  |  |        |  |  |  |  |  |     |  |  |-- Ddel
|  |  |  |  |        |  |  |  |  |  |     |  |  `-- Tadu
|  |  |  |  |        |  |  |  |  |  |     |  `-- (*)
|  |  |  |  |        |  |  |  |  |  |     |     |-- Scoe
|  |  |  |  |        |  |  |  |  |  |     |     `-- Scly
|  |  |  |  |        |  |  |  |  |  |     `-- Sfro
|  |  |  |  |        |  |  |  |  |  `-- Schi
|  |  |  |  |        |  |  |  |  `--- Satt
|  |  |  |  |        |  |  |  `-- Slon
|  |  |  |  |        |  |  `-- (*)
|  |  |  |  |        |  |     |-- (*)
|  |  |  |  |        |  |     |  |-- (*)
|  |  |  |  |        |  |     |  |  |-- Pcra
|  |  |  |  |        |  |     |  |  `-- (*)
|  |  |  |  |        |  |     |  |     |-- Gmel
|  |  |  |  |        |  |     |  |     `-- Pele
|  |  |  |  |        |  |     |  `-- Ggri
|  |  |  |  |        |  |     `-- Sbre
|  |  |  |  |        |  `-- (*)
|  |  |  |  |        |     |-- (*)
|  |  |  |  |        |     |  |-- Lalb
|  |  |  |  |        |     |  `-- Lacu
|  |  |  |  |        |     `-- (*)
|  |  |  |  |        |        |-- Ccom
|  |  |  |  |        |        `--- Aobl
|  |  |  |  |        `-- Oorc
|  |  |  |  `----- (*)
|  |  |  |        |---------------- Igeo
|  |  |  |        `------ Lvex
|  |  |  `========= (*) [#1]
|  |  |            |---- Zcav
|  |  |            `-- (*)
|  |  |               |-- (*)
|  |  |               |  |-- Mbid
|  |  |               |  `-- (*)
|  |  |               |     |-- (*)
|  |  |               |     |  |-- Mden
|  |  |               |     |  `-- Mste
|  |  |               |     `-- (*)
|  |  |               |        |-- Mmir
|  |  |               |        `-- Meur
|  |  |               `-- Hyamp
|  |  `------ (*)
|  |         |-- Pmin
|  |         `-- Pgan
|  `====== (*) [#1]
|         |-- Pmac
|         `------------- (*)
|                       |-- Kbre
|                       `-- Ksim
`----- (*)
      |-- (*)
      |  |---- (*)
      |  |    |-- (*)
      |  |    |  |-- (*)
      |  |    |  |  |--- Bmus
      |  |    |  |  `-- (*)
      |  |    |  |     |-- (*)
      |  |    |  |     |  |-- Bbor
      |  |    |  |     |  `-- Bede
      |  |    |  |     `-- Bric
      |  |    |  `-- (*)
      |  |    |     |-- (*)
      |  |    |     |  |-- Bphy
      |  |    |     |  `--- Mnov
      |  |    |     `-- Erob
      |  |    `----- (*)
      |  |          |-- Bacu
      |  |          `-- Bbon
      |  `-------- Cmar
      `---- (*)
           |-- Bmys
           `-- (*)
              |-- Egla
              `-- Eaus

--- PARAMETERS ---
Kappa: 6.354591
Omega[0]: 0.041637
Omega[1]: 10.599243
Gamma[0][0]: 0.161786

--- CATEGORY PROBABILITIES ---
P(Omega 0, Gamma 0): 0.761339
P(Omega 1, Gamma 0): 0.238661

--- POSTERIOR PROBABILITIES PER SITE ---
Site    1: C1: 0.993  C2: 0.007  
Site    2: C1: 0.989  C2: 0.011  
Site    3: C1: 0.661  C2: 0.339  
Site    4: C1: 0.960  C2: 0.040  
Site    5: C1: 0.889  C2: 0.111  
Site    6: C1: 0.637  C2: 0.363  
Site    7: C1: 0.962  C2: 0.038  
Site    8: C1: 0.962  C2: 0.038  
Site    9: C1: 0.721  C2: 0.279  
Site   10: C1: 0.904  C2: 0.096  
Site   11: C1: 0.905  C2: 0.095  
Site   12: C1: 0.569  C2: 0.431  
Site   13: C1: 0.721  C2: 0.279  
Site   14: C1: 0.999  C2: 0.001  
Site   15: C1: 0.962  C2: 0.038  
Site   16: C1: 0.000  C2: 1.000  
Site   17: C1: 0.986  C2: 0.014  
Site   18: C1: 0.637  C2: 0.363  
Site   19: C1: 0.905  C2: 0.095  
Site   20: C1: 0.905  C2: 0.095  
Site   21: C1: 0.596  C2: 0.404  
Site   22: C1: 0.898  C2: 0.102  
Site   23: C1: 0.539  C2: 0.461  
Site   24: C1: 0.898  C2: 0.102  
Site   25: C1: 0.696  C2: 0.304  
Site   26: C1: 0.904  C2: 0.096  
Site   27: C1: 0.582  C2: 0.418  
Site   28: C1: 0.731  C2: 0.269  
Site   29: C1: 0.729  C2: 0.271  
Site   30: C1: 0.729  C2: 0.271  
Site   31: C1: 0.697  C2: 0.303  
Site   32: C1: 0.859  C2: 0.141  
Site   33: C1: 0.696  C2: 0.304  
Site   34: C1: 0.829  C2: 0.171  
Site   35: C1: 0.825  C2: 0.175  
Site   36: C1: 0.731  C2: 0.269  
Site   37: C1: 0.721  C2: 0.279  
Site   38: C1: 0.596  C2: 0.404  
Site   39: C1: 0.142  C2: 0.858  
Site   40: C1: 0.697  C2: 0.303  
Site   41: C1: 0.984  C2: 0.016  
Site   42: C1: 0.596  C2: 0.404  
Site   43: C1: 0.729  C2: 0.271  
Site   44: C1: 0.993  C2: 0.007  
Site   45: C1: 0.900  C2: 0.100  
Site   46: C1: 0.965  C2: 0.035  
Site   47: C1: 0.697  C2: 0.303  
Site   48: C1: 0.996  C2: 0.004  
Site   49: C1: 0.002  C2: 0.998  
Site   50: C1: 1.000  C2: 0.000  
Site   51: C1: 0.861  C2: 0.139  
Site   52: C1: 0.721  C2: 0.279  
Site   53: C1: 0.539  C2: 0.461  
Site   54: C1: 0.986  C2: 0.014  
Site   55: C1: 0.962  C2: 0.038  
Site   56: C1: 0.721  C2: 0.279  
Site   57: C1: 0.755  C2: 0.245  
Site   58: C1: 0.989  C2: 0.011  
Site   59: C1: 0.755  C2: 0.245  
Site   60: C1: 0.904  C2: 0.096  
Site   61: C1: 0.914  C2: 0.086  
Site   62: C1: 0.961  C2: 0.039  
Site   63: C1: 0.998  C2: 0.002  
Site   64: C1: 0.731  C2: 0.269  
Site   65: C1: 0.786  C2: 0.214  
Site   66: C1: 0.844  C2: 0.156  
Site   67: C1: 0.844  C2: 0.156  
Site   68: C1: 0.697  C2: 0.303  
Site   69: C1: 0.596  C2: 0.404  
Site   70: C1: 0.875  C2: 0.125  
Site   71: C1: 0.569  C2: 0.431  
Site   72: C1: 0.914  C2: 0.086  
Site   73: C1: 0.962  C2: 0.038  
Site   74: C1: 0.729  C2: 0.271  
Site   75: C1: 0.986  C2: 0.014  
Site   76: C1: 0.697  C2: 0.303  
Site   77: C1: 0.755  C2: 0.245  
Site   78: C1: 0.962  C2: 0.038  
Site   79: C1: 0.697  C2: 0.303  
Site   80: C1: 0.838  C2: 0.162  
Site   81: C1: 0.971  C2: 0.029  
Site   82: C1: 0.838  C2: 0.162  
Site   83: C1: 0.999  C2: 0.001  
Site   84: C1: 0.755  C2: 0.245  
Site   85: C1: 0.721  C2: 0.279  
Site   86: C1: 0.993  C2: 0.007  
Site   87: C1: 0.914  C2: 0.086  
Site   88: C1: 1.000  C2: 0.000  
Site   89: C1: 0.654  C2: 0.346  
Site   90: C1: 0.637  C2: 0.363  
Site   91: C1: 0.721  C2: 0.279  
Site   92: C1: 0.904  C2: 0.096  
Site   93: C1: 0.904  C2: 0.096  
Site   94: C1: 0.970  C2: 0.030  
Site   95: C1: 0.755  C2: 0.245  
Site   96: C1: 0.729  C2: 0.271  
Site   97: C1: 0.904  C2: 0.096  
Site   98: C1: 0.618  C2: 0.382  
Site   99: C1: 0.000  C2: 1.000  
Site  100: C1: 0.149  C2: 0.851  
Site  101: C1: 0.954  C2: 0.046  
Site  102: C1: 0.729  C2: 0.271  
Site  103: C1: 0.721  C2: 0.279  
Site  104: C1: 0.000  C2: 1.000  
Site  105: C1: 0.969  C2: 0.031  
Site  106: C1: 0.661  C2: 0.339  
Site  107: C1: 0.539  C2: 0.461  
Site  108: C1: 0.997  C2: 0.003  
Site  109: C1: 0.875  C2: 0.125  
Site  110: C1: 0.723  C2: 0.277  
Site  111: C1: 0.997  C2: 0.003  
Site  112: C1: 0.029  C2: 0.971  
Site  113: C1: 0.696  C2: 0.304  
Site  114: C1: 0.637  C2: 0.363  
Site  115: C1: 0.721  C2: 0.279  
Site  116: C1: 0.898  C2: 0.102  
Site  117: C1: 0.596  C2: 0.404  
Site  118: C1: 0.904  C2: 0.096  
Site  119: C1: 0.889  C2: 0.111  
Site  120: C1: 0.862  C2: 0.138  
Site  121: C1: 0.654  C2: 0.346  
Site  122: C1: 0.700  C2: 0.300  
Site  123: C1: 0.019  C2: 0.981  
Site  124: C1: 0.596  C2: 0.404  
Site  125: C1: 0.034  C2: 0.966  
Site  126: C1: 0.825  C2: 0.175  
Site  127: C1: 0.843  C2: 0.157  
Site  128: C1: 0.759  C2: 0.241  
Site  129: C1: 0.905  C2: 0.095  
Site  130: C1: 0.914  C2: 0.086  
Site  131: C1: 0.697  C2: 0.303  
Site  132: C1: 0.596  C2: 0.404  
Site  133: C1: 0.999  C2: 0.001  
Site  134: C1: 0.696  C2: 0.304  
Site  135: C1: 0.954  C2: 0.046  
Site  136: C1: 0.729  C2: 0.271  
Site  137: C1: 0.002  C2: 0.998  
Site  138: C1: 0.905  C2: 0.095  
Site  139: C1: 0.905  C2: 0.095  
Site  140: C1: 0.718  C2: 0.282  
Site  141: C1: 0.844  C2: 0.156  
Site  142: C1: 0.805  C2: 0.195  
Site  143: C1: 0.993  C2: 0.007  
Site  144: C1: 0.898  C2: 0.102  
Site  145: C1: 0.962  C2: 0.038  
Site  146: C1: 0.721  C2: 0.279  
Site  147: C1: 0.596  C2: 0.404  
Site  148: C1: 0.721  C2: 0.279  
Site  149: C1: 0.661  C2: 0.339  
Site  150: C1: 0.696  C2: 0.304  
Site  151: C1: 0.005  C2: 0.995  
Site  152: C1: 0.919  C2: 0.081  
Site  153: C1: 0.596  C2: 0.404  
Site  154: C1: 0.986  C2: 0.014  
Site  155: C1: 0.022  C2: 0.978  
Site  156: C1: 0.637  C2: 0.363  
Site  157: C1: 0.917  C2: 0.083  
Site  158: C1: 0.948  C2: 0.052  
Site  159: C1: 0.052  C2: 0.948  
Site  160: C1: 0.998  C2: 0.002  
Site  161: C1: 0.825  C2: 0.175  
Site  162: C1: 0.453  C2: 0.547  
Site  163: C1: 0.993  C2: 0.007  
Site  164: C1: 0.852  C2: 0.148  
Site  165: C1: 0.001  C2: 0.999  
Site  166: C1: 0.838  C2: 0.162  
Site  167: C1: 0.899  C2: 0.101  
Site  168: C1: 0.596  C2: 0.404  
Site  169: C1: 0.954  C2: 0.046  
Site  170: C1: 0.805  C2: 0.195  
Site  171: C1: 0.935  C2: 0.065  
Site  172: C1: 0.755  C2: 0.245  
Site  173: C1: 0.914  C2: 0.086  
Site  174: C1: 0.637  C2: 0.363  
Site  175: C1: 0.825  C2: 0.175  
Site  176: C1: 0.596  C2: 0.404  
Site  177: C1: 0.683  C2: 0.317  
Site  178: C1: 0.729  C2: 0.271  
Site  179: C1: 0.986  C2: 0.014  
Site  180: C1: 0.945  C2: 0.055  
Site  181: C1: 0.696  C2: 0.304  
Site  182: C1: 0.667  C2: 0.333  
Site  183: C1: 0.993  C2: 0.007  
Site  184: C1: 0.731  C2: 0.269  
Site  185: C1: 0.723  C2: 0.277  
Site  186: C1: 0.886  C2: 0.114  
Site  187: C1: 0.970  C2: 0.030  
Site  188: C1: 0.661  C2: 0.339  
Site  189: C1: 0.820  C2: 0.180  
Site  190: C1: 0.726  C2: 0.274  
Site  191: C1: 0.729  C2: 0.271  
Site  192: C1: 0.970  C2: 0.030  
Site  193: C1: 0.988  C2: 0.012  
Site  194: C1: 0.965  C2: 0.035  
Site  195: C1: 0.354  C2: 0.646  
Site  196: C1: 0.996  C2: 0.004  
Site  197: C1: 0.696  C2: 0.304  
Site  198: C1: 0.133  C2: 0.867  
Site  199: C1: 0.962  C2: 0.038  
Site  200: C1: 0.980  C2: 0.020  
Site  201: C1: 0.965  C2: 0.035  
Site  202: C1: 0.596  C2: 0.404  
Site  203: C1: 0.969  C2: 0.031  
Site  204: C1: 0.914  C2: 0.086  
Site  205: C1: 0.440  C2: 0.560  
Site  206: C1: 0.729  C2: 0.271  
Site  207: C1: 0.993  C2: 0.007  
Site  208: C1: 0.901  C2: 0.099  
Site  209: C1: 0.905  C2: 0.095  
Site  210: C1: 0.974  C2: 0.026  
Site  211: C1: 0.786  C2: 0.214  
Site  212: C1: 0.721  C2: 0.279  
Site  213: C1: 0.961  C2: 0.039  
Site  214: C1: 0.986  C2: 0.014  
Site  215: C1: 0.539  C2: 0.461  
Site  216: C1: 0.000  C2: 1.000  
Site  217: C1: 0.008  C2: 0.992  
Site  218: C1: 0.986  C2: 0.014  
Site  219: C1: 0.995  C2: 0.005  
Site  220: C1: 0.902  C2: 0.098  
Site  221: C1: 0.900  C2: 0.100  
Site  222: C1: 0.723  C2: 0.277  
Site  223: C1: 0.999  C2: 0.001  
Site  224: C1: 0.661  C2: 0.339  
Site  225: C1: 0.731  C2: 0.269  
Site  226: C1: 0.888  C2: 0.112  
Site  227: C1: 0.914  C2: 0.086  
Site  228: C1: 0.900  C2: 0.100  
Site  229: C1: 0.851  C2: 0.149  
Site  230: C1: 0.914  C2: 0.086  
Site  231: C1: 0.844  C2: 0.156  
Site  232: C1: 0.696  C2: 0.304  
Site  233: C1: 0.988  C2: 0.012  
Site  234: C1: 0.618  C2: 0.382  
Site  235: C1: 0.837  C2: 0.163  
Site  236: C1: 0.902  C2: 0.098  
Site  237: C1: 0.731  C2: 0.269  
Site  238: C1: 0.904  C2: 0.096  
Site  239: C1: 0.696  C2: 0.304  
Site  240: C1: 0.887  C2: 0.113  
Site  241: C1: 0.838  C2: 0.162  
Site  242: C1: 0.904  C2: 0.096  
Site  243: C1: 0.997  C2: 0.003  
Site  244: C1: 0.731  C2: 0.269  
Site  245: C1: 0.844  C2: 0.156  
Site  246: C1: 0.838  C2: 0.162  
Site  247: C1: 0.696  C2: 0.304  
Site  248: C1: 0.844  C2: 0.156  
Site  249: C1: 0.696  C2: 0.304  
Site  250: C1: 0.914  C2: 0.086  
Site  251: C1: 0.960  C2: 0.040  
Site  252: C1: 0.596  C2: 0.404  
Site  253: C1: 0.993  C2: 0.007  
Site  254: C1: 0.914  C2: 0.086  
Site  255: C1: 0.000  C2: 1.000  
Site  256: C1: 0.986  C2: 0.014  
Site  257: C1: 0.993  C2: 0.007  
Site  258: C1: 0.914  C2: 0.086  
Site  259: C1: 0.000  C2: 1.000  
Site  260: C1: 0.848  C2: 0.152  
Site  261: C1: 0.721  C2: 0.279  
Site  262: C1: 0.697  C2: 0.303  
Site  263: C1: 0.999  C2: 0.001  
Site  264: C1: 0.723  C2: 0.277  
Site  265: C1: 0.825  C2: 0.175  
Site  266: C1: 0.000  C2: 1.000  
Site  267: C1: 0.804  C2: 0.196  
Site  268: C1: 0.970  C2: 0.030  
Site  269: C1: 0.596  C2: 0.404  
Site  270: C1: 0.989  C2: 0.011  
Site  271: C1: 0.116  C2: 0.884  
Site  272: C1: 0.953  C2: 0.047  
Site  273: C1: 0.721  C2: 0.279  
Site  274: C1: 0.729  C2: 0.271  
Site  275: C1: 0.991  C2: 0.009  
Site  276: C1: 0.721  C2: 0.279  
Site  277: C1: 0.001  C2: 0.999  
Site  278: C1: 0.786  C2: 0.214  
Site  279: C1: 0.731  C2: 0.269  
Site  280: C1: 0.637  C2: 0.363  
Site  281: C1: 0.596  C2: 0.404  
Site  282: C1: 0.999  C2: 0.001  
Site  283: C1: 0.898  C2: 0.102  
Site  284: C1: 0.637  C2: 0.363  
Site  285: C1: 0.539  C2: 0.461  
Site  286: C1: 0.986  C2: 0.014  
Site  287: C1: 0.721  C2: 0.279  
Site  288: C1: 0.993  C2: 0.007  
Site  289: C1: 0.904  C2: 0.096  
Site  290: C1: 0.000  C2: 1.000  
Site  291: C1: 0.944  C2: 0.056  
Site  292: C1: 1.000  C2: 0.000  
Site  293: C1: 0.721  C2: 0.279  
Site  294: C1: 0.716  C2: 0.284  
Site  295: C1: 0.596  C2: 0.404  
Site  296: C1: 0.844  C2: 0.156  
Site  297: C1: 0.668  C2: 0.332  
Site  298: C1: 0.947  C2: 0.053  
Site  299: C1: 0.999  C2: 0.001  
Site  300: C1: 0.453  C2: 0.547  
Site  301: C1: 0.729  C2: 0.271  
Site  302: C1: 0.962  C2: 0.038  
Site  303: C1: 0.539  C2: 0.461  
Site  304: C1: 0.914  C2: 0.086  
Site  305: C1: 0.986  C2: 0.014  
Site  306: C1: 0.729  C2: 0.271  
Site  307: C1: 0.986  C2: 0.014  
Site  308: C1: 0.993  C2: 0.007  
Site  309: C1: 0.993  C2: 0.007  
Site  310: C1: 0.962  C2: 0.038  
Site  311: C1: 0.844  C2: 0.156  
Site  312: C1: 0.731  C2: 0.269  
Site  313: C1: 0.721  C2: 0.279  
Site  314: C1: 0.614  C2: 0.386  
Site  315: C1: 0.962  C2: 0.038  
Site  316: C1: 0.723  C2: 0.277  
Site  317: C1: 0.993  C2: 0.007  
Site  318: C1: 0.755  C2: 0.245  
Site  319: C1: 0.970  C2: 0.030  
Site  320: C1: 0.970  C2: 0.030  
Site  321: C1: 0.968  C2: 0.032  
Site  322: C1: 0.723  C2: 0.277  
Site  323: C1: 0.899  C2: 0.101  
Site  324: C1: 0.637  C2: 0.363  
Site  325: C1: 0.890  C2: 0.110  
Site  326: C1: 0.213  C2: 0.787  
Site  327: C1: 0.833  C2: 0.167  
Site  328: C1: 0.697  C2: 0.303  
Site  329: C1: 0.958  C2: 0.042  
Site  330: C1: 0.902  C2: 0.098  
Site  331: C1: 0.969  C2: 0.031  
Site  332: C1: 0.696  C2: 0.304  
Site  333: C1: 0.997  C2: 0.003  
Site  334: C1: 0.596  C2: 0.404  
Site  335: C1: 0.043  C2: 0.957  
Site  336: C1: 0.960  C2: 0.040  
Site  337: C1: 0.596  C2: 0.404  
Site  338: C1: 0.596  C2: 0.404  
Site  339: C1: 0.844  C2: 0.156  
Site  340: C1: 0.851  C2: 0.149  
Site  341: C1: 0.696  C2: 0.304  
Site  342: C1: 0.904  C2: 0.096  
Site  343: C1: 0.898  C2: 0.102  
Site  344: C1: 0.731  C2: 0.269  
Site  345: C1: 0.905  C2: 0.095  
Site  346: C1: 0.627  C2: 0.373  
Site  347: C1: 0.836  C2: 0.164  
Site  348: C1: 0.596  C2: 0.404  

End time: 2025-12-16 02:03:41
