
--- MODEL SUMMARY ---
Model used: 1
Sequence file: input/RHO_seq.dat
Tree file: input/RHO.fa.tree
Log likelihood: -3037.306359
np: 109
Start time: 2025-12-15 01:48:55

--- BASE FREQUENCIES ---
T: 0.232923  C: 0.318745  A: 0.200575  G: 0.247757

--- BRANCH LENGTHS ---
Branch  0: 0.157329  (parent node 52 -> leaf Hiamp)
Branch  1: 0.000100  (parent node 52 -> internal node 53)
Branch  2: 0.000100  (parent node 53 -> internal node 54)
Branch  3: 0.009341  (parent node 54 -> internal node 55)
Branch  4: 0.004472  (parent node 55 -> internal node 56)
Branch  5: 0.013399  (parent node 56 -> internal node 57)
Branch  6: 0.005767  (parent node 57 -> internal node 58)
Branch  7: 0.006739  (parent node 58 -> internal node 59)
Branch  8: 0.000100  (parent node 59 -> internal node 60)
Branch  9: 0.002931  (parent node 60 -> leaf Ppho)
Branch 10: 0.000100  (parent node 60 -> leaf Psin)
Branch 11: 0.003018  (parent node 59 -> leaf Nsun)
Branch 12: 0.023607  (parent node 58 -> internal node 61)
Branch 13: 0.002970  (parent node 61 -> leaf Dleu)
Branch 14: 0.000100  (parent node 61 -> leaf Mmon)
Branch 15: 0.015816  (parent node 57 -> internal node 62)
Branch 16: 0.000100  (parent node 62 -> internal node 63)
Branch 17: 0.000100  (parent node 63 -> internal node 64)
Branch 18: 0.000100  (parent node 64 -> internal node 65)
Branch 19: 0.000100  (parent node 65 -> internal node 66)
Branch 20: 0.000100  (parent node 66 -> internal node 67)
Branch 21: 0.000100  (parent node 67 -> internal node 68)
Branch 22: 0.005944  (parent node 68 -> leaf Ttru)
Branch 23: 0.000100  (parent node 68 -> internal node 69)
Branch 24: 0.000100  (parent node 69 -> internal node 70)
Branch 25: 0.000100  (parent node 70 -> internal node 71)
Branch 26: 0.000100  (parent node 71 -> leaf Ddel)
Branch 27: 0.002972  (parent node 71 -> leaf Tadu)
Branch 28: 0.000100  (parent node 70 -> internal node 72)
Branch 29: 0.002968  (parent node 72 -> leaf Scoe)
Branch 30: 0.005944  (parent node 72 -> leaf Scly)
Branch 31: 0.002972  (parent node 69 -> leaf Sfro)
Branch 32: 0.005944  (parent node 67 -> leaf Schi)
Branch 33: 0.011949  (parent node 66 -> leaf Satt)
Branch 34: 0.008929  (parent node 65 -> leaf Slon)
Branch 35: 0.000100  (parent node 64 -> internal node 73)
Branch 36: 0.000100  (parent node 73 -> internal node 74)
Branch 37: 0.000100  (parent node 74 -> internal node 75)
Branch 38: 0.005954  (parent node 75 -> leaf Pcra)
Branch 39: 0.000100  (parent node 75 -> internal node 76)
Branch 40: 0.000100  (parent node 76 -> leaf Gmel)
Branch 41: 0.000100  (parent node 76 -> leaf Pele)
Branch 42: 0.000100  (parent node 74 -> leaf Ggri)
Branch 43: 0.000100  (parent node 73 -> leaf Sbre)
Branch 44: 0.000100  (parent node 63 -> internal node 77)
Branch 45: 0.000100  (parent node 77 -> internal node 78)
Branch 46: 0.002966  (parent node 78 -> leaf Lalb)
Branch 47: 0.008932  (parent node 78 -> leaf Lacu)
Branch 48: 0.002969  (parent node 77 -> internal node 79)
Branch 49: 0.002976  (parent node 79 -> leaf Ccom)
Branch 50: 0.011981  (parent node 79 -> leaf Aobl)
Branch 51: 0.008938  (parent node 62 -> leaf Oorc)
Branch 52: 0.020456  (parent node 56 -> internal node 80)
Branch 53: 0.059398  (parent node 80 -> leaf Igeo)
Branch 54: 0.023881  (parent node 80 -> leaf Lvex)
Branch 55: 0.035333  (parent node 55 -> internal node 81)
Branch 56: 0.015581  (parent node 81 -> leaf Zcav)
Branch 57: 0.005828  (parent node 81 -> internal node 82)
Branch 58: 0.005208  (parent node 82 -> internal node 83)
Branch 59: 0.008790  (parent node 83 -> leaf Mbid)
Branch 60: 0.000100  (parent node 83 -> internal node 84)
Branch 61: 0.000100  (parent node 84 -> internal node 85)
Branch 62: 0.008794  (parent node 85 -> leaf Mden)
Branch 63: 0.002927  (parent node 85 -> leaf Mste)
Branch 64: 0.002920  (parent node 84 -> internal node 86)
Branch 65: 0.002920  (parent node 86 -> leaf Mmir)
Branch 66: 0.000100  (parent node 86 -> leaf Meur)
Branch 67: 0.003593  (parent node 82 -> leaf Hyamp)
Branch 68: 0.022035  (parent node 54 -> internal node 87)
Branch 69: 0.000100  (parent node 87 -> leaf Pmin)
Branch 70: 0.000100  (parent node 87 -> leaf Pgan)
Branch 71: 0.024438  (parent node 53 -> internal node 88)
Branch 72: 0.006522  (parent node 88 -> leaf Pmac)
Branch 73: 0.051396  (parent node 88 -> internal node 89)
Branch 74: 0.002926  (parent node 89 -> leaf Kbre)
Branch 75: 0.000100  (parent node 89 -> leaf Ksim)
Branch 76: 0.022300  (parent node 52 -> internal node 90)
Branch 77: 0.003049  (parent node 90 -> internal node 91)
Branch 78: 0.015666  (parent node 91 -> internal node 92)
Branch 79: 0.000100  (parent node 92 -> internal node 93)
Branch 80: 0.000100  (parent node 93 -> internal node 94)
Branch 81: 0.011954  (parent node 94 -> leaf Bmus)
Branch 82: 0.008916  (parent node 94 -> internal node 95)
Branch 83: 0.000100  (parent node 95 -> internal node 96)
Branch 84: 0.000100  (parent node 96 -> leaf Bbor)
Branch 85: 0.000100  (parent node 96 -> leaf Bede)
Branch 86: 0.000100  (parent node 95 -> leaf Bric)
Branch 87: 0.008939  (parent node 93 -> internal node 97)
Branch 88: 0.000100  (parent node 97 -> internal node 98)
Branch 89: 0.002966  (parent node 98 -> leaf Bphy)
Branch 90: 0.011997  (parent node 98 -> leaf Mnov)
Branch 91: 0.008935  (parent node 97 -> leaf Erob)
Branch 92: 0.018046  (parent node 92 -> internal node 99)
Branch 93: 0.000100  (parent node 99 -> leaf Bacu)
Branch 94: 0.005951  (parent node 99 -> leaf Bbon)
Branch 95: 0.029617  (parent node 91 -> leaf Cmar)
Branch 96: 0.015971  (parent node 90 -> internal node 100)
Branch 97: 0.009150  (parent node 100 -> leaf Bmys)
Branch 98: 0.002795  (parent node 100 -> internal node 101)
Branch 99: 0.000100  (parent node 101 -> leaf Egla)
Branch 100: 0.000100  (parent node 101 -> leaf Eaus)

--- TREE WITH ESTIMATED BRANCH LENGTHS (NEWICK) ---
(Hiamp:0.157329,((((((((Ppho:0.00293051,Psin:0.0001):0.0001,Nsun:0.00301813):0.00673855,(Dleu:0.00297032,Mmon:0.0001):0.0236075):0.00576725,(((((((Ttru:0.00594449,(((Ddel:0.0001,Tadu:0.00297162):0.0001,(Scoe:0.00296764,Scly:0.0059437):0.0001):0.0001,Sfro:0.00297151):0.0001):0.0001,Schi:0.00594385):0.0001,Satt:0.0119493):0.0001,Slon:0.00892933):0.0001,(((Pcra:0.0059536,(Gmel:0.0001,Pele:0.0001):0.0001):0.0001,Ggri:0.0001):0.0001,Sbre:0.0001):0.0001):0.0001,((Lalb:0.00296578,Lacu:0.0089323):0.0001,(Ccom:0.0029758,Aobl:0.0119809):0.00296882):0.0001):0.0001,Oorc:0.00893788):0.0158157):0.0133993,(Igeo:0.0593981,Lvex:0.0238808):0.0204561):0.00447175,(Zcav:0.0155814,((Mbid:0.00879046,((Mden:0.00879367,Mste:0.00292714):0.0001,(Mmir:0.00292025,Meur:0.0001):0.0029202):0.0001):0.00520799,Hyamp:0.00359262):0.00582836):0.0353327):0.00934129,(Pmin:0.0001,Pgan:0.0001):0.0220352):0.0001,(Pmac:0.00652158,(Kbre:0.00292578,Ksim:0.0001):0.0513958):0.0244378):0.0001,(((((Bmus:0.0119539,((Bbor:0.0001,Bede:0.0001):0.0001,Bric:0.0001):0.00891605):0.0001,((Bphy:0.00296562,Mnov:0.0119971):0.0001,Erob:0.00893519):0.00893893):0.0001,(Bacu:0.0001,Bbon:0.00595055):0.018046):0.0156661,Cmar:0.0296173):0.00304917,(Bmys:0.00914952,(Egla:0.0001,Eaus:0.0001):0.00279526):0.0159713):0.0223003);

--- ASCII PHYLOGRAM (estimated branch lengths) ---

[DEBUG] ASCII phylogram ('-' = background, '=' = foreground)
(root)
|---------------------------------------- Hiamp
|-- (*)
|  |-- (*)
|  |  |-- (*)
|  |  |  |-- (*)
|  |  |  |  |--- (*)
|  |  |  |  |   |-- (*)
|  |  |  |  |   |  |-- (*)
|  |  |  |  |   |  |  |-- (*)
|  |  |  |  |   |  |  |  |-- Ppho
|  |  |  |  |   |  |  |  `-- Psin
|  |  |  |  |   |  |  `-- Nsun
|  |  |  |  |   |  `------ (*)
|  |  |  |  |   |         |-- Dleu
|  |  |  |  |   |         `-- Mmon
|  |  |  |  |   `---- (*)
|  |  |  |  |        |-- (*)
|  |  |  |  |        |  |-- (*)
|  |  |  |  |        |  |  |-- (*)
|  |  |  |  |        |  |  |  |-- (*)
|  |  |  |  |        |  |  |  |  |-- (*)
|  |  |  |  |        |  |  |  |  |  |-- (*)
|  |  |  |  |        |  |  |  |  |  |  |-- Ttru
|  |  |  |  |        |  |  |  |  |  |  `-- (*)
|  |  |  |  |        |  |  |  |  |  |     |-- (*)
|  |  |  |  |        |  |  |  |  |  |     |  |-- (*)
|  |  |  |  |        |  |  |  |  |  |     |  |  |-- Ddel
|  |  |  |  |        |  |  |  |  |  |     |  |  `-- Tadu
|  |  |  |  |        |  |  |  |  |  |     |  `-- (*)
|  |  |  |  |        |  |  |  |  |  |     |     |-- Scoe
|  |  |  |  |        |  |  |  |  |  |     |     `-- Scly
|  |  |  |  |        |  |  |  |  |  |     `-- Sfro
|  |  |  |  |        |  |  |  |  |  `-- Schi
|  |  |  |  |        |  |  |  |  `--- Satt
|  |  |  |  |        |  |  |  `-- Slon
|  |  |  |  |        |  |  `-- (*)
|  |  |  |  |        |  |     |-- (*)
|  |  |  |  |        |  |     |  |-- (*)
|  |  |  |  |        |  |     |  |  |-- Pcra
|  |  |  |  |        |  |     |  |  `-- (*)
|  |  |  |  |        |  |     |  |     |-- Gmel
|  |  |  |  |        |  |     |  |     `-- Pele
|  |  |  |  |        |  |     |  `-- Ggri
|  |  |  |  |        |  |     `-- Sbre
|  |  |  |  |        |  `-- (*)
|  |  |  |  |        |     |-- (*)
|  |  |  |  |        |     |  |-- Lalb
|  |  |  |  |        |     |  `-- Lacu
|  |  |  |  |        |     `-- (*)
|  |  |  |  |        |        |-- Ccom
|  |  |  |  |        |        `--- Aobl
|  |  |  |  |        `-- Oorc
|  |  |  |  `----- (*)
|  |  |  |        |--------------- Igeo
|  |  |  |        `------ Lvex
|  |  |  `========= (*) [#1]
|  |  |            |---- Zcav
|  |  |            `-- (*)
|  |  |               |-- (*)
|  |  |               |  |-- Mbid
|  |  |               |  `-- (*)
|  |  |               |     |-- (*)
|  |  |               |     |  |-- Mden
|  |  |               |     |  `-- Mste
|  |  |               |     `-- (*)
|  |  |               |        |-- Mmir
|  |  |               |        `-- Meur
|  |  |               `-- Hyamp
|  |  `------ (*)
|  |         |-- Pmin
|  |         `-- Pgan
|  `====== (*) [#1]
|         |-- Pmac
|         `------------- (*)
|                       |-- Kbre
|                       `-- Ksim
`------ (*)
       |-- (*)
       |  |---- (*)
       |  |    |-- (*)
       |  |    |  |-- (*)
       |  |    |  |  |--- Bmus
       |  |    |  |  `-- (*)
       |  |    |  |     |-- (*)
       |  |    |  |     |  |-- Bbor
       |  |    |  |     |  `-- Bede
       |  |    |  |     `-- Bric
       |  |    |  `-- (*)
       |  |    |     |-- (*)
       |  |    |     |  |-- Bphy
       |  |    |     |  `--- Mnov
       |  |    |     `-- Erob
       |  |    `----- (*)
       |  |          |-- Bacu
       |  |          `-- Bbon
       |  `-------- Cmar
       `---- (*)
            |-- Bmys
            `-- (*)
               |-- Egla
               `-- Eaus

--- PARAMETERS ---
Kappa: 6.401322
Omega[0]: 0.000100
Omega[1]: 6.005685
Gamma[0][0]: 0.000100
Gamma[0][1]: 1.648188

--- CATEGORY PROBABILITIES ---
P(Omega 0, Gamma 0): 0.587110
P(Omega 0, Gamma 1): 0.123803
P(Omega 1, Gamma 0): 0.224523
P(Omega 1, Gamma 1): 0.064564

--- POSTERIOR PROBABILITIES PER SITE ---
Site    1: C1: 0.801  C2: 0.158  C3: 0.023  C4: 0.018  
Site    2: C1: 0.917  C2: 0.067  C3: 0.011  C4: 0.005  
Site    3: C1: 0.502  C2: 0.092  C3: 0.334  C4: 0.072  
Site    4: C1: 0.872  C2: 0.054  C3: 0.062  C4: 0.012  
Site    5: C1: 0.843  C2: 0.034  C3: 0.109  C4: 0.014  
Site    6: C1: 0.492  C2: 0.081  C3: 0.357  C4: 0.070  
Site    7: C1: 0.000  C2: 0.839  C3: 0.000  C4: 0.161  
Site    8: C1: 0.740  C2: 0.199  C3: 0.035  C4: 0.026  
Site    9: C1: 0.742  C2: 0.149  C3: 0.074  C4: 0.035  
Site   10: C1: 0.856  C2: 0.033  C3: 0.099  C4: 0.013  
Site   11: C1: 0.641  C2: 0.156  C3: 0.147  C4: 0.056  
Site   12: C1: 0.456  C2: 0.102  C3: 0.362  C4: 0.081  
Site   13: C1: 0.742  C2: 0.149  C3: 0.074  C4: 0.035  
Site   14: C1: 0.999  C2: 0.000  C3: 0.001  C4: 0.000  
Site   15: C1: 0.740  C2: 0.199  C3: 0.035  C4: 0.026  
Site   16: C1: 0.000  C2: 0.000  C3: 0.003  C4: 0.997  
Site   17: C1: 0.961  C2: 0.018  C3: 0.019  C4: 0.002  
Site   18: C1: 0.492  C2: 0.081  C3: 0.357  C4: 0.070  
Site   19: C1: 0.641  C2: 0.156  C3: 0.147  C4: 0.056  
Site   20: C1: 0.641  C2: 0.156  C3: 0.147  C4: 0.056  
Site   21: C1: 0.457  C2: 0.074  C3: 0.397  C4: 0.071  
Site   22: C1: 0.690  C2: 0.115  C3: 0.148  C4: 0.047  
Site   23: C1: 0.470  C2: 0.083  C3: 0.374  C4: 0.073  
Site   24: C1: 0.001  C2: 0.875  C3: 0.000  C4: 0.124  
Site   25: C1: 0.561  C2: 0.083  C3: 0.294  C4: 0.062  
Site   26: C1: 0.856  C2: 0.033  C3: 0.099  C4: 0.013  
Site   27: C1: 0.476  C2: 0.095  C3: 0.353  C4: 0.076  
Site   28: C1: 0.563  C2: 0.097  C3: 0.275  C4: 0.064  
Site   29: C1: 0.587  C2: 0.082  C3: 0.273  C4: 0.058  
Site   30: C1: 0.587  C2: 0.082  C3: 0.273  C4: 0.058  
Site   31: C1: 0.415  C2: 0.158  C3: 0.329  C4: 0.098  
Site   32: C1: 0.823  C2: 0.043  C3: 0.117  C4: 0.016  
Site   33: C1: 0.561  C2: 0.083  C3: 0.294  C4: 0.062  
Site   34: C1: 0.793  C2: 0.043  C3: 0.145  C4: 0.019  
Site   35: C1: 0.707  C2: 0.104  C3: 0.145  C4: 0.044  
Site   36: C1: 0.563  C2: 0.097  C3: 0.275  C4: 0.064  
Site   37: C1: 0.742  C2: 0.149  C3: 0.074  C4: 0.035  
Site   38: C1: 0.470  C2: 0.072  C3: 0.389  C4: 0.069  
Site   39: C1: 0.000  C2: 0.000  C3: 0.804  C4: 0.196  
Site   40: C1: 0.415  C2: 0.158  C3: 0.329  C4: 0.098  
Site   41: C1: 0.986  C2: 0.004  C3: 0.010  C4: 0.000  
Site   42: C1: 0.513  C2: 0.092  C3: 0.325  C4: 0.070  
Site   43: C1: 0.587  C2: 0.082  C3: 0.273  C4: 0.058  
Site   44: C1: 0.801  C2: 0.158  C3: 0.023  C4: 0.018  
Site   45: C1: 0.001  C2: 0.000  C3: 0.778  C4: 0.222  
Site   46: C1: 0.927  C2: 0.025  C3: 0.043  C4: 0.005  
Site   47: C1: 0.415  C2: 0.158  C3: 0.329  C4: 0.098  
Site   48: C1: 0.910  C2: 0.073  C3: 0.012  C4: 0.005  
Site   49: C1: 0.000  C2: 0.000  C3: 0.876  C4: 0.124  
Site   50: C1: 1.000  C2: 0.000  C3: 0.000  C4: 0.000  
Site   51: C1: 0.001  C2: 0.681  C3: 0.000  C4: 0.318  
Site   52: C1: 0.742  C2: 0.149  C3: 0.074  C4: 0.035  
Site   53: C1: 0.470  C2: 0.083  C3: 0.374  C4: 0.073  
Site   54: C1: 0.723  C2: 0.212  C3: 0.037  C4: 0.028  
Site   55: C1: 0.740  C2: 0.199  C3: 0.035  C4: 0.026  
Site   56: C1: 0.742  C2: 0.149  C3: 0.074  C4: 0.035  
Site   57: C1: 0.666  C2: 0.164  C3: 0.120  C4: 0.050  
Site   58: C1: 0.967  C2: 0.015  C3: 0.016  C4: 0.002  
Site   59: C1: 0.666  C2: 0.164  C3: 0.120  C4: 0.050  
Site   60: C1: 0.856  C2: 0.033  C3: 0.099  C4: 0.013  
Site   61: C1: 0.667  C2: 0.159  C3: 0.123  C4: 0.050  
Site   62: C1: 0.874  C2: 0.053  C3: 0.060  C4: 0.012  
Site   63: C1: 0.992  C2: 0.005  C3: 0.003  C4: 0.000  
Site   64: C1: 0.563  C2: 0.097  C3: 0.275  C4: 0.064  
Site   65: C1: 0.622  C2: 0.079  C3: 0.246  C4: 0.053  
Site   66: C1: 0.644  C2: 0.115  C3: 0.187  C4: 0.055  
Site   67: C1: 0.644  C2: 0.115  C3: 0.187  C4: 0.055  
Site   68: C1: 0.415  C2: 0.158  C3: 0.329  C4: 0.098  
Site   69: C1: 0.457  C2: 0.074  C3: 0.397  C4: 0.071  
Site   70: C1: 0.622  C2: 0.142  C3: 0.177  C4: 0.059  
Site   71: C1: 0.456  C2: 0.102  C3: 0.362  C4: 0.081  
Site   72: C1: 0.884  C2: 0.061  C3: 0.044  C4: 0.011  
Site   73: C1: 0.740  C2: 0.199  C3: 0.035  C4: 0.026  
Site   74: C1: 0.587  C2: 0.082  C3: 0.273  C4: 0.058  
Site   75: C1: 0.723  C2: 0.212  C3: 0.037  C4: 0.028  
Site   76: C1: 0.415  C2: 0.158  C3: 0.329  C4: 0.098  
Site   77: C1: 0.666  C2: 0.164  C3: 0.120  C4: 0.050  
Site   78: C1: 0.740  C2: 0.199  C3: 0.035  C4: 0.026  
Site   79: C1: 0.415  C2: 0.158  C3: 0.329  C4: 0.098  
Site   80: C1: 0.814  C2: 0.041  C3: 0.128  C4: 0.017  
Site   81: C1: 0.880  C2: 0.059  C3: 0.050  C4: 0.011  
Site   82: C1: 0.814  C2: 0.041  C3: 0.128  C4: 0.017  
Site   83: C1: 0.000  C2: 0.000  C3: 0.875  C4: 0.125  
Site   84: C1: 0.666  C2: 0.164  C3: 0.120  C4: 0.050  
Site   85: C1: 0.742  C2: 0.149  C3: 0.074  C4: 0.035  
Site   86: C1: 0.801  C2: 0.158  C3: 0.023  C4: 0.018  
Site   87: C1: 0.667  C2: 0.159  C3: 0.123  C4: 0.050  
Site   88: C1: 0.000  C2: 0.000  C3: 0.993  C4: 0.007  
Site   89: C1: 0.490  C2: 0.097  C3: 0.338  C4: 0.074  
Site   90: C1: 0.492  C2: 0.081  C3: 0.357  C4: 0.070  
Site   91: C1: 0.742  C2: 0.149  C3: 0.074  C4: 0.035  
Site   92: C1: 0.647  C2: 0.140  C3: 0.158  C4: 0.055  
Site   93: C1: 0.647  C2: 0.140  C3: 0.158  C4: 0.055  
Site   94: C1: 0.001  C2: 0.823  C3: 0.000  C4: 0.176  
Site   95: C1: 0.666  C2: 0.164  C3: 0.120  C4: 0.050  
Site   96: C1: 0.587  C2: 0.082  C3: 0.273  C4: 0.058  
Site   97: C1: 0.647  C2: 0.140  C3: 0.158  C4: 0.055  
Site   98: C1: 0.469  C2: 0.090  C3: 0.365  C4: 0.075  
Site   99: C1: 0.000  C2: 0.000  C3: 0.973  C4: 0.027  
Site  100: C1: 0.001  C2: 0.000  C3: 0.924  C4: 0.075  
Site  101: C1: 0.003  C2: 0.825  C3: 0.000  C4: 0.172  
Site  102: C1: 0.587  C2: 0.082  C3: 0.273  C4: 0.058  
Site  103: C1: 0.742  C2: 0.149  C3: 0.074  C4: 0.035  
Site  104: C1: 0.000  C2: 0.000  C3: 0.986  C4: 0.014  
Site  105: C1: 0.002  C2: 0.000  C3: 0.853  C4: 0.144  
Site  106: C1: 0.502  C2: 0.092  C3: 0.334  C4: 0.072  
Site  107: C1: 0.470  C2: 0.083  C3: 0.374  C4: 0.073  
Site  108: C1: 0.991  C2: 0.004  C3: 0.004  C4: 0.000  
Site  109: C1: 0.802  C2: 0.047  C3: 0.132  C4: 0.019  
Site  110: C1: 0.609  C2: 0.085  C3: 0.250  C4: 0.056  
Site  111: C1: 0.988  C2: 0.010  C3: 0.002  C4: 0.000  
Site  112: C1: 0.000  C2: 0.000  C3: 0.001  C4: 0.999  
Site  113: C1: 0.561  C2: 0.083  C3: 0.294  C4: 0.062  
Site  114: C1: 0.492  C2: 0.081  C3: 0.357  C4: 0.070  
Site  115: C1: 0.742  C2: 0.149  C3: 0.074  C4: 0.035  
Site  116: C1: 0.901  C2: 0.055  C3: 0.035  C4: 0.009  
Site  117: C1: 0.513  C2: 0.092  C3: 0.325  C4: 0.070  
Site  118: C1: 0.647  C2: 0.140  C3: 0.158  C4: 0.055  
Site  119: C1: 0.749  C2: 0.078  C3: 0.147  C4: 0.026  
Site  120: C1: 0.807  C2: 0.036  C3: 0.141  C4: 0.017  
Site  121: C1: 0.490  C2: 0.097  C3: 0.338  C4: 0.074  
Site  122: C1: 0.554  C2: 0.091  C3: 0.290  C4: 0.064  
Site  123: C1: 0.000  C2: 0.000  C3: 0.884  C4: 0.116  
Site  124: C1: 0.513  C2: 0.092  C3: 0.325  C4: 0.070  
Site  125: C1: 0.000  C2: 0.000  C3: 0.845  C4: 0.155  
Site  126: C1: 0.707  C2: 0.104  C3: 0.145  C4: 0.044  
Site  127: C1: 0.802  C2: 0.035  C3: 0.147  C4: 0.017  
Site  128: C1: 0.580  C2: 0.256  C3: 0.104  C4: 0.060  
Site  129: C1: 0.641  C2: 0.156  C3: 0.147  C4: 0.056  
Site  130: C1: 0.667  C2: 0.159  C3: 0.123  C4: 0.050  
Site  131: C1: 0.415  C2: 0.158  C3: 0.329  C4: 0.098  
Site  132: C1: 0.513  C2: 0.092  C3: 0.325  C4: 0.070  
Site  133: C1: 0.974  C2: 0.022  C3: 0.003  C4: 0.001  
Site  134: C1: 0.561  C2: 0.083  C3: 0.294  C4: 0.062  
Site  135: C1: 0.938  C2: 0.014  C3: 0.044  C4: 0.003  
Site  136: C1: 0.587  C2: 0.082  C3: 0.273  C4: 0.058  
Site  137: C1: 0.000  C2: 0.000  C3: 0.883  C4: 0.117  
Site  138: C1: 0.641  C2: 0.156  C3: 0.147  C4: 0.056  
Site  139: C1: 0.641  C2: 0.156  C3: 0.147  C4: 0.056  
Site  140: C1: 0.577  C2: 0.100  C3: 0.260  C4: 0.063  
Site  141: C1: 0.644  C2: 0.115  C3: 0.187  C4: 0.055  
Site  142: C1: 0.790  C2: 0.038  C3: 0.154  C4: 0.018  
Site  143: C1: 0.801  C2: 0.158  C3: 0.023  C4: 0.018  
Site  144: C1: 0.690  C2: 0.115  C3: 0.148  C4: 0.047  
Site  145: C1: 0.740  C2: 0.199  C3: 0.035  C4: 0.026  
Site  146: C1: 0.742  C2: 0.149  C3: 0.074  C4: 0.035  
Site  147: C1: 0.457  C2: 0.074  C3: 0.397  C4: 0.071  
Site  148: C1: 0.742  C2: 0.149  C3: 0.074  C4: 0.035  
Site  149: C1: 0.502  C2: 0.092  C3: 0.334  C4: 0.072  
Site  150: C1: 0.561  C2: 0.083  C3: 0.294  C4: 0.062  
Site  151: C1: 0.000  C2: 0.000  C3: 0.791  C4: 0.209  
Site  152: C1: 0.855  C2: 0.038  C3: 0.094  C4: 0.013  
Site  153: C1: 0.513  C2: 0.092  C3: 0.325  C4: 0.070  
Site  154: C1: 0.723  C2: 0.212  C3: 0.037  C4: 0.028  
Site  155: C1: 0.000  C2: 0.000  C3: 0.790  C4: 0.210  
Site  156: C1: 0.492  C2: 0.081  C3: 0.357  C4: 0.070  
Site  157: C1: 0.892  C2: 0.058  C3: 0.040  C4: 0.010  
Site  158: C1: 0.004  C2: 0.813  C3: 0.000  C4: 0.183  
Site  159: C1: 0.000  C2: 0.000  C3: 0.799  C4: 0.201  
Site  160: C1: 0.992  C2: 0.004  C3: 0.004  C4: 0.000  
Site  161: C1: 0.707  C2: 0.104  C3: 0.145  C4: 0.044  
Site  162: C1: 0.001  C2: 0.000  C3: 0.695  C4: 0.304  
Site  163: C1: 0.801  C2: 0.158  C3: 0.023  C4: 0.018  
Site  164: C1: 0.807  C2: 0.048  C3: 0.127  C4: 0.018  
Site  165: C1: 0.000  C2: 0.000  C3: 0.884  C4: 0.116  
Site  166: C1: 0.814  C2: 0.041  C3: 0.128  C4: 0.017  
Site  167: C1: 0.850  C2: 0.040  C3: 0.096  C4: 0.014  
Site  168: C1: 0.513  C2: 0.092  C3: 0.325  C4: 0.070  
Site  169: C1: 0.003  C2: 0.824  C3: 0.000  C4: 0.173  
Site  170: C1: 0.790  C2: 0.038  C3: 0.154  C4: 0.018  
Site  171: C1: 0.939  C2: 0.012  C3: 0.045  C4: 0.003  
Site  172: C1: 0.666  C2: 0.164  C3: 0.120  C4: 0.050  
Site  173: C1: 0.667  C2: 0.159  C3: 0.123  C4: 0.050  
Site  174: C1: 0.492  C2: 0.081  C3: 0.357  C4: 0.070  
Site  175: C1: 0.707  C2: 0.104  C3: 0.145  C4: 0.044  
Site  176: C1: 0.470  C2: 0.072  C3: 0.389  C4: 0.069  
Site  177: C1: 0.536  C2: 0.089  C3: 0.309  C4: 0.066  
Site  178: C1: 0.587  C2: 0.082  C3: 0.273  C4: 0.058  
Site  179: C1: 0.723  C2: 0.212  C3: 0.037  C4: 0.028  
Site  180: C1: 0.939  C2: 0.015  C3: 0.043  C4: 0.003  
Site  181: C1: 0.561  C2: 0.083  C3: 0.294  C4: 0.062  
Site  182: C1: 0.491  C2: 0.106  C3: 0.327  C4: 0.076  
Site  183: C1: 0.801  C2: 0.158  C3: 0.023  C4: 0.018  
Site  184: C1: 0.563  C2: 0.097  C3: 0.275  C4: 0.064  
Site  185: C1: 0.609  C2: 0.085  C3: 0.250  C4: 0.056  
Site  186: C1: 0.867  C2: 0.059  C3: 0.061  C4: 0.013  
Site  187: C1: 0.964  C2: 0.010  C3: 0.024  C4: 0.002  
Site  188: C1: 0.502  C2: 0.092  C3: 0.334  C4: 0.072  
Site  189: C1: 0.010  C2: 0.000  C3: 0.879  C4: 0.112  
Site  190: C1: 0.705  C2: 0.124  C3: 0.126  C4: 0.044  
Site  191: C1: 0.587  C2: 0.082  C3: 0.273  C4: 0.058  
Site  192: C1: 0.961  C2: 0.010  C3: 0.027  C4: 0.002  
Site  193: C1: 0.964  C2: 0.017  C3: 0.017  C4: 0.002  
Site  194: C1: 0.000  C2: 0.887  C3: 0.000  C4: 0.113  
Site  195: C1: 0.000  C2: 0.073  C3: 0.000  C4: 0.927  
Site  196: C1: 0.996  C2: 0.001  C3: 0.003  C4: 0.000  
Site  197: C1: 0.561  C2: 0.083  C3: 0.294  C4: 0.062  
Site  198: C1: 0.000  C2: 0.000  C3: 0.799  C4: 0.201  
Site  199: C1: 0.740  C2: 0.199  C3: 0.035  C4: 0.026  
Site  200: C1: 0.906  C2: 0.068  C3: 0.020  C4: 0.007  
Site  201: C1: 0.956  C2: 0.011  C3: 0.031  C4: 0.002  
Site  202: C1: 0.470  C2: 0.072  C3: 0.389  C4: 0.069  
Site  203: C1: 0.977  C2: 0.015  C3: 0.006  C4: 0.001  
Site  204: C1: 0.667  C2: 0.159  C3: 0.123  C4: 0.050  
Site  205: C1: 0.001  C2: 0.000  C3: 0.698  C4: 0.301  
Site  206: C1: 0.587  C2: 0.082  C3: 0.273  C4: 0.058  
Site  207: C1: 0.801  C2: 0.158  C3: 0.023  C4: 0.018  
Site  208: C1: 0.922  C2: 0.050  C3: 0.023  C4: 0.006  
Site  209: C1: 0.641  C2: 0.156  C3: 0.147  C4: 0.056  
Site  210: C1: 0.892  C2: 0.057  C3: 0.040  C4: 0.010  
Site  211: C1: 0.622  C2: 0.079  C3: 0.246  C4: 0.053  
Site  212: C1: 0.742  C2: 0.149  C3: 0.074  C4: 0.035  
Site  213: C1: 0.000  C2: 0.805  C3: 0.000  C4: 0.195  
Site  214: C1: 0.723  C2: 0.212  C3: 0.037  C4: 0.028  
Site  215: C1: 0.470  C2: 0.083  C3: 0.374  C4: 0.073  
Site  216: C1: 0.000  C2: 0.000  C3: 0.900  C4: 0.100  
Site  217: C1: 0.000  C2: 0.000  C3: 0.913  C4: 0.087  
Site  218: C1: 0.723  C2: 0.212  C3: 0.037  C4: 0.028  
Site  219: C1: 0.916  C2: 0.066  C3: 0.013  C4: 0.005  
Site  220: C1: 0.001  C2: 0.000  C3: 0.776  C4: 0.224  
Site  221: C1: 0.920  C2: 0.051  C3: 0.023  C4: 0.007  
Site  222: C1: 0.609  C2: 0.085  C3: 0.250  C4: 0.056  
Site  223: C1: 0.999  C2: 0.000  C3: 0.000  C4: 0.000  
Site  224: C1: 0.502  C2: 0.092  C3: 0.334  C4: 0.072  
Site  225: C1: 0.563  C2: 0.097  C3: 0.275  C4: 0.064  
Site  226: C1: 0.750  C2: 0.078  C3: 0.146  C4: 0.026  
Site  227: C1: 0.667  C2: 0.159  C3: 0.123  C4: 0.050  
Site  228: C1: 0.920  C2: 0.051  C3: 0.023  C4: 0.007  
Site  229: C1: 0.590  C2: 0.147  C3: 0.198  C4: 0.065  
Site  230: C1: 0.667  C2: 0.159  C3: 0.123  C4: 0.050  
Site  231: C1: 0.644  C2: 0.115  C3: 0.187  C4: 0.055  
Site  232: C1: 0.561  C2: 0.083  C3: 0.294  C4: 0.062  
Site  233: C1: 0.988  C2: 0.004  C3: 0.008  C4: 0.000  
Site  234: C1: 0.497  C2: 0.107  C3: 0.320  C4: 0.076  
Site  235: C1: 0.815  C2: 0.040  C3: 0.128  C4: 0.017  
Site  236: C1: 0.837  C2: 0.043  C3: 0.105  C4: 0.015  
Site  237: C1: 0.563  C2: 0.097  C3: 0.275  C4: 0.064  
Site  238: C1: 0.843  C2: 0.040  C3: 0.102  C4: 0.014  
Site  239: C1: 0.561  C2: 0.083  C3: 0.294  C4: 0.062  
Site  240: C1: 0.868  C2: 0.060  C3: 0.058  C4: 0.013  
Site  241: C1: 0.814  C2: 0.041  C3: 0.128  C4: 0.017  
Site  242: C1: 0.647  C2: 0.140  C3: 0.158  C4: 0.055  
Site  243: C1: 0.991  C2: 0.005  C3: 0.004  C4: 0.000  
Site  244: C1: 0.563  C2: 0.097  C3: 0.275  C4: 0.064  
Site  245: C1: 0.644  C2: 0.115  C3: 0.187  C4: 0.055  
Site  246: C1: 0.816  C2: 0.040  C3: 0.127  C4: 0.017  
Site  247: C1: 0.561  C2: 0.083  C3: 0.294  C4: 0.062  
Site  248: C1: 0.644  C2: 0.115  C3: 0.187  C4: 0.055  
Site  249: C1: 0.561  C2: 0.083  C3: 0.294  C4: 0.062  
Site  250: C1: 0.667  C2: 0.159  C3: 0.123  C4: 0.050  
Site  251: C1: 0.874  C2: 0.053  C3: 0.061  C4: 0.012  
Site  252: C1: 0.457  C2: 0.074  C3: 0.397  C4: 0.071  
Site  253: C1: 0.801  C2: 0.158  C3: 0.023  C4: 0.018  
Site  254: C1: 0.667  C2: 0.159  C3: 0.123  C4: 0.050  
Site  255: C1: 0.000  C2: 0.000  C3: 0.949  C4: 0.051  
Site  256: C1: 0.723  C2: 0.212  C3: 0.037  C4: 0.028  
Site  257: C1: 0.801  C2: 0.158  C3: 0.023  C4: 0.018  
Site  258: C1: 0.667  C2: 0.159  C3: 0.123  C4: 0.050  
Site  259: C1: 0.000  C2: 0.000  C3: 0.969  C4: 0.031  
Site  260: C1: 0.806  C2: 0.047  C3: 0.129  C4: 0.018  
Site  261: C1: 0.742  C2: 0.149  C3: 0.074  C4: 0.035  
Site  262: C1: 0.415  C2: 0.158  C3: 0.329  C4: 0.098  
Site  263: C1: 0.975  C2: 0.022  C3: 0.003  C4: 0.001  
Site  264: C1: 0.609  C2: 0.085  C3: 0.250  C4: 0.056  
Site  265: C1: 0.707  C2: 0.104  C3: 0.145  C4: 0.044  
Site  266: C1: 0.000  C2: 0.000  C3: 0.925  C4: 0.075  
Site  267: C1: 0.789  C2: 0.038  C3: 0.155  C4: 0.018  
Site  268: C1: 0.957  C2: 0.012  C3: 0.028  C4: 0.002  
Site  269: C1: 0.513  C2: 0.092  C3: 0.325  C4: 0.070  
Site  270: C1: 0.004  C2: 0.881  C3: 0.000  C4: 0.115  
Site  271: C1: 0.000  C2: 0.000  C3: 0.813  C4: 0.187  
Site  272: C1: 0.948  C2: 0.014  C3: 0.035  C4: 0.003  
Site  273: C1: 0.742  C2: 0.149  C3: 0.074  C4: 0.035  
Site  274: C1: 0.587  C2: 0.082  C3: 0.273  C4: 0.058  
Site  275: C1: 0.900  C2: 0.073  C3: 0.020  C4: 0.007  
Site  276: C1: 0.742  C2: 0.149  C3: 0.074  C4: 0.035  
Site  277: C1: 0.000  C2: 0.000  C3: 0.926  C4: 0.074  
Site  278: C1: 0.622  C2: 0.079  C3: 0.246  C4: 0.053  
Site  279: C1: 0.563  C2: 0.097  C3: 0.275  C4: 0.064  
Site  280: C1: 0.492  C2: 0.081  C3: 0.357  C4: 0.070  
Site  281: C1: 0.470  C2: 0.072  C3: 0.389  C4: 0.069  
Site  282: C1: 0.000  C2: 0.000  C3: 0.926  C4: 0.074  
Site  283: C1: 0.900  C2: 0.056  C3: 0.035  C4: 0.009  
Site  284: C1: 0.492  C2: 0.081  C3: 0.357  C4: 0.070  
Site  285: C1: 0.470  C2: 0.083  C3: 0.374  C4: 0.073  
Site  286: C1: 0.723  C2: 0.212  C3: 0.037  C4: 0.028  
Site  287: C1: 0.742  C2: 0.149  C3: 0.074  C4: 0.035  
Site  288: C1: 0.801  C2: 0.158  C3: 0.023  C4: 0.018  
Site  289: C1: 0.647  C2: 0.140  C3: 0.158  C4: 0.055  
Site  290: C1: 0.000  C2: 0.000  C3: 0.921  C4: 0.079  
Site  291: C1: 0.939  C2: 0.014  C3: 0.043  C4: 0.003  
Site  292: C1: 0.000  C2: 0.993  C3: 0.000  C4: 0.007  
Site  293: C1: 0.742  C2: 0.149  C3: 0.074  C4: 0.035  
Site  294: C1: 0.690  C2: 0.155  C3: 0.109  C4: 0.046  
Site  295: C1: 0.513  C2: 0.092  C3: 0.325  C4: 0.070  
Site  296: C1: 0.644  C2: 0.115  C3: 0.187  C4: 0.055  
Site  297: C1: 0.001  C2: 0.568  C3: 0.263  C4: 0.168  
Site  298: C1: 0.938  C2: 0.011  C3: 0.048  C4: 0.003  
Site  299: C1: 0.000  C2: 0.957  C3: 0.000  C4: 0.043  
Site  300: C1: 0.001  C2: 0.000  C3: 0.695  C4: 0.304  
Site  301: C1: 0.587  C2: 0.082  C3: 0.273  C4: 0.058  
Site  302: C1: 0.740  C2: 0.199  C3: 0.035  C4: 0.026  
Site  303: C1: 0.470  C2: 0.083  C3: 0.374  C4: 0.073  
Site  304: C1: 0.667  C2: 0.159  C3: 0.123  C4: 0.050  
Site  305: C1: 0.723  C2: 0.212  C3: 0.037  C4: 0.028  
Site  306: C1: 0.587  C2: 0.082  C3: 0.273  C4: 0.058  
Site  307: C1: 0.723  C2: 0.212  C3: 0.037  C4: 0.028  
Site  308: C1: 0.801  C2: 0.158  C3: 0.023  C4: 0.018  
Site  309: C1: 0.801  C2: 0.158  C3: 0.023  C4: 0.018  
Site  310: C1: 0.740  C2: 0.199  C3: 0.035  C4: 0.026  
Site  311: C1: 0.644  C2: 0.115  C3: 0.187  C4: 0.055  
Site  312: C1: 0.563  C2: 0.097  C3: 0.275  C4: 0.064  
Site  313: C1: 0.742  C2: 0.149  C3: 0.074  C4: 0.035  
Site  314: C1: 0.444  C2: 0.095  C3: 0.381  C4: 0.080  
Site  315: C1: 0.740  C2: 0.199  C3: 0.035  C4: 0.026  
Site  316: C1: 0.609  C2: 0.085  C3: 0.250  C4: 0.056  
Site  317: C1: 0.801  C2: 0.158  C3: 0.023  C4: 0.018  
Site  318: C1: 0.666  C2: 0.164  C3: 0.120  C4: 0.050  
Site  319: C1: 0.883  C2: 0.053  C3: 0.053  C4: 0.011  
Site  320: C1: 0.885  C2: 0.052  C3: 0.053  C4: 0.011  
Site  321: C1: 0.935  C2: 0.024  C3: 0.037  C4: 0.004  
Site  322: C1: 0.609  C2: 0.085  C3: 0.250  C4: 0.056  
Site  323: C1: 0.850  C2: 0.041  C3: 0.095  C4: 0.014  
Site  324: C1: 0.492  C2: 0.081  C3: 0.357  C4: 0.070  
Site  325: C1: 0.001  C2: 0.719  C3: 0.000  C4: 0.280  
Site  326: C1: 0.001  C2: 0.000  C3: 0.727  C4: 0.273  
Site  327: C1: 0.779  C2: 0.050  C3: 0.150  C4: 0.021  
Site  328: C1: 0.415  C2: 0.158  C3: 0.329  C4: 0.098  
Site  329: C1: 0.000  C2: 0.817  C3: 0.000  C4: 0.183  
Site  330: C1: 0.907  C2: 0.044  C3: 0.040  C4: 0.009  
Site  331: C1: 0.969  C2: 0.015  C3: 0.014  C4: 0.002  
Site  332: C1: 0.561  C2: 0.083  C3: 0.294  C4: 0.062  
Site  333: C1: 0.000  C2: 0.950  C3: 0.000  C4: 0.050  
Site  334: C1: 0.470  C2: 0.072  C3: 0.389  C4: 0.069  
Site  335: C1: 0.000  C2: 0.109  C3: 0.779  C4: 0.112  
Site  336: C1: 0.864  C2: 0.057  C3: 0.065  C4: 0.013  
Site  337: C1: 0.513  C2: 0.092  C3: 0.325  C4: 0.070  
Site  338: C1: 0.470  C2: 0.072  C3: 0.389  C4: 0.069  
Site  339: C1: 0.644  C2: 0.115  C3: 0.187  C4: 0.055  
Site  340: C1: 0.590  C2: 0.147  C3: 0.198  C4: 0.065  
Site  341: C1: 0.561  C2: 0.083  C3: 0.294  C4: 0.062  
Site  342: C1: 0.647  C2: 0.140  C3: 0.158  C4: 0.055  
Site  343: C1: 0.690  C2: 0.115  C3: 0.148  C4: 0.047  
Site  344: C1: 0.563  C2: 0.097  C3: 0.275  C4: 0.064  
Site  345: C1: 0.641  C2: 0.156  C3: 0.147  C4: 0.056  
Site  346: C1: 0.514  C2: 0.102  C3: 0.312  C4: 0.072  
Site  347: C1: 0.803  C2: 0.043  C3: 0.137  C4: 0.018  
Site  348: C1: 0.513  C2: 0.092  C3: 0.325  C4: 0.070  

End time: 2025-12-15 03:16:37
