
--- MODEL SUMMARY ---
Model used: 3
Sequence file: input/RHO_seq.dat
Tree file: input/RHO.fa.tree
Log likelihood: -3132.976685
np: 105
Start time: 2025-12-14 16:48:18

--- BASE FREQUENCIES ---
T: 0.243284  C: 0.307545  A: 0.213343  G: 0.235828

--- BRANCH LENGTHS ---
Branch  0: 0.147629  (parent node 52 -> leaf Hiamp)
Branch  1: 0.000100  (parent node 52 -> internal node 53)
Branch  2: 0.003021  (parent node 53 -> internal node 54)
Branch  3: 0.008387  (parent node 54 -> internal node 55)
Branch  4: 0.004557  (parent node 55 -> internal node 56)
Branch  5: 0.012997  (parent node 56 -> internal node 57)
Branch  6: 0.006012  (parent node 57 -> internal node 58)
Branch  7: 0.006648  (parent node 58 -> internal node 59)
Branch  8: 0.000100  (parent node 59 -> internal node 60)
Branch  9: 0.002918  (parent node 60 -> leaf Ppho)
Branch 10: 0.000100  (parent node 60 -> leaf Psin)
Branch 11: 0.003011  (parent node 59 -> leaf Nsun)
Branch 12: 0.023194  (parent node 58 -> internal node 61)
Branch 13: 0.002971  (parent node 61 -> leaf Dleu)
Branch 14: 0.000100  (parent node 61 -> leaf Mmon)
Branch 15: 0.015616  (parent node 57 -> internal node 62)
Branch 16: 0.000100  (parent node 62 -> internal node 63)
Branch 17: 0.000100  (parent node 63 -> internal node 64)
Branch 18: 0.000100  (parent node 64 -> internal node 65)
Branch 19: 0.000100  (parent node 65 -> internal node 66)
Branch 20: 0.000100  (parent node 66 -> internal node 67)
Branch 21: 0.000100  (parent node 67 -> internal node 68)
Branch 22: 0.005947  (parent node 68 -> leaf Ttru)
Branch 23: 0.000100  (parent node 68 -> internal node 69)
Branch 24: 0.000100  (parent node 69 -> internal node 70)
Branch 25: 0.000100  (parent node 70 -> internal node 71)
Branch 26: 0.000100  (parent node 71 -> leaf Ddel)
Branch 27: 0.002973  (parent node 71 -> leaf Tadu)
Branch 28: 0.000100  (parent node 70 -> internal node 72)
Branch 29: 0.002970  (parent node 72 -> leaf Scoe)
Branch 30: 0.005944  (parent node 72 -> leaf Scly)
Branch 31: 0.002973  (parent node 69 -> leaf Sfro)
Branch 32: 0.005946  (parent node 67 -> leaf Schi)
Branch 33: 0.011925  (parent node 66 -> leaf Satt)
Branch 34: 0.008922  (parent node 65 -> leaf Slon)
Branch 35: 0.000100  (parent node 64 -> internal node 73)
Branch 36: 0.000100  (parent node 73 -> internal node 74)
Branch 37: 0.000100  (parent node 74 -> internal node 75)
Branch 38: 0.005950  (parent node 75 -> leaf Pcra)
Branch 39: 0.000100  (parent node 75 -> internal node 76)
Branch 40: 0.000100  (parent node 76 -> leaf Gmel)
Branch 41: 0.000100  (parent node 76 -> leaf Pele)
Branch 42: 0.000100  (parent node 74 -> leaf Ggri)
Branch 43: 0.000100  (parent node 73 -> leaf Sbre)
Branch 44: 0.000100  (parent node 63 -> internal node 77)
Branch 45: 0.000100  (parent node 77 -> internal node 78)
Branch 46: 0.002970  (parent node 78 -> leaf Lalb)
Branch 47: 0.008937  (parent node 78 -> leaf Lacu)
Branch 48: 0.002973  (parent node 77 -> internal node 79)
Branch 49: 0.002979  (parent node 79 -> leaf Ccom)
Branch 50: 0.011950  (parent node 79 -> leaf Aobl)
Branch 51: 0.008944  (parent node 62 -> leaf Oorc)
Branch 52: 0.020401  (parent node 56 -> internal node 80)
Branch 53: 0.058601  (parent node 80 -> leaf Igeo)
Branch 54: 0.023813  (parent node 80 -> leaf Lvex)
Branch 55: 0.033053  (parent node 55 -> internal node 81)
Branch 56: 0.016262  (parent node 81 -> leaf Zcav)
Branch 57: 0.005947  (parent node 81 -> internal node 82)
Branch 58: 0.004643  (parent node 82 -> internal node 83)
Branch 59: 0.008906  (parent node 83 -> leaf Mbid)
Branch 60: 0.000100  (parent node 83 -> internal node 84)
Branch 61: 0.000100  (parent node 84 -> internal node 85)
Branch 62: 0.008903  (parent node 85 -> leaf Mden)
Branch 63: 0.002961  (parent node 85 -> leaf Mste)
Branch 64: 0.002962  (parent node 84 -> internal node 86)
Branch 65: 0.002961  (parent node 86 -> leaf Mmir)
Branch 66: 0.000100  (parent node 86 -> leaf Meur)
Branch 67: 0.004261  (parent node 82 -> leaf Hyamp)
Branch 68: 0.021455  (parent node 54 -> internal node 87)
Branch 69: 0.000100  (parent node 87 -> leaf Pmin)
Branch 70: 0.000100  (parent node 87 -> leaf Pgan)
Branch 71: 0.022513  (parent node 53 -> internal node 88)
Branch 72: 0.005867  (parent node 88 -> leaf Pmac)
Branch 73: 0.051768  (parent node 88 -> internal node 89)
Branch 74: 0.002972  (parent node 89 -> leaf Kbre)
Branch 75: 0.000100  (parent node 89 -> leaf Ksim)
Branch 76: 0.020913  (parent node 52 -> internal node 90)
Branch 77: 0.002982  (parent node 90 -> internal node 91)
Branch 78: 0.015692  (parent node 91 -> internal node 92)
Branch 79: 0.000100  (parent node 92 -> internal node 93)
Branch 80: 0.000100  (parent node 93 -> internal node 94)
Branch 81: 0.011858  (parent node 94 -> leaf Bmus)
Branch 82: 0.008896  (parent node 94 -> internal node 95)
Branch 83: 0.000100  (parent node 95 -> internal node 96)
Branch 84: 0.000100  (parent node 96 -> leaf Bbor)
Branch 85: 0.000100  (parent node 96 -> leaf Bede)
Branch 86: 0.000100  (parent node 95 -> leaf Bric)
Branch 87: 0.008892  (parent node 93 -> internal node 97)
Branch 88: 0.000100  (parent node 97 -> internal node 98)
Branch 89: 0.002959  (parent node 98 -> leaf Bphy)
Branch 90: 0.011865  (parent node 98 -> leaf Mnov)
Branch 91: 0.008900  (parent node 97 -> leaf Erob)
Branch 92: 0.017831  (parent node 92 -> internal node 99)
Branch 93: 0.000100  (parent node 99 -> leaf Bacu)
Branch 94: 0.005928  (parent node 99 -> leaf Bbon)
Branch 95: 0.028996  (parent node 91 -> leaf Cmar)
Branch 96: 0.015914  (parent node 90 -> internal node 100)
Branch 97: 0.008939  (parent node 100 -> leaf Bmys)
Branch 98: 0.002907  (parent node 100 -> internal node 101)
Branch 99: 0.000100  (parent node 101 -> leaf Egla)
Branch 100: 0.000100  (parent node 101 -> leaf Eaus)

--- TREE WITH ESTIMATED BRANCH LENGTHS (NEWICK) ---
(Hiamp:0.147629,((((((((Ppho:0.00291769,Psin:0.0001):0.0001,Nsun:0.00301103):0.00664757,(Dleu:0.00297136,Mmon:0.0001):0.0231943):0.00601224,(((((((Ttru:0.00594708,(((Ddel:0.0001,Tadu:0.00297344):0.0001,(Scoe:0.00297038,Scly:0.00594439):0.0001):0.0001,Sfro:0.00297337):0.0001):0.0001,Schi:0.00594615):0.0001,Satt:0.0119253):0.0001,Slon:0.00892234):0.0001,(((Pcra:0.00595006,(Gmel:0.0001,Pele:0.0001):0.0001):0.0001,Ggri:0.0001):0.0001,Sbre:0.0001):0.0001):0.0001,((Lalb:0.00296956,Lacu:0.00893706):0.0001,(Ccom:0.00297886,Aobl:0.01195):0.00297291):0.0001):0.0001,Oorc:0.00894393):0.0156162):0.0129968,(Igeo:0.0586007,Lvex:0.0238128):0.0204012):0.00455716,(Zcav:0.0162616,((Mbid:0.00890587,((Mden:0.0089033,Mste:0.00296068):0.0001,(Mmir:0.00296109,Meur:0.0001):0.00296181):0.0001):0.00464273,Hyamp:0.00426136):0.00594728):0.0330533):0.00838715,(Pmin:0.0001,Pgan:0.0001):0.0214546):0.00302117,(Pmac:0.00586735,(Kbre:0.00297223,Ksim:0.0001):0.0517685):0.0225128):0.0001,(((((Bmus:0.0118583,((Bbor:0.0001,Bede:0.0001):0.0001,Bric:0.0001):0.008896):0.0001,((Bphy:0.00295856,Mnov:0.0118651):0.0001,Erob:0.00889964):0.0088917):0.0001,(Bacu:0.0001,Bbon:0.00592772):0.0178307):0.0156924,Cmar:0.0289955):0.00298221,(Bmys:0.00893883,(Egla:0.0001,Eaus:0.0001):0.00290664):0.0159142):0.0209131);

--- ASCII PHYLOGRAM (estimated branch lengths) ---

[DEBUG] ASCII phylogram ('-' = background, '=' = foreground)
(root)
|---------------------------------------- Hiamp
|-- (*)
|  |-- (*)
|  |  |-- (*)
|  |  |  |-- (*)
|  |  |  |  |---- (*)
|  |  |  |  |    |-- (*)
|  |  |  |  |    |  |-- (*)
|  |  |  |  |    |  |  |-- (*)
|  |  |  |  |    |  |  |  |-- Ppho
|  |  |  |  |    |  |  |  `-- Psin
|  |  |  |  |    |  |  `-- Nsun
|  |  |  |  |    |  `------ (*)
|  |  |  |  |    |         |-- Dleu
|  |  |  |  |    |         `-- Mmon
|  |  |  |  |    `---- (*)
|  |  |  |  |         |-- (*)
|  |  |  |  |         |  |-- (*)
|  |  |  |  |         |  |  |-- (*)
|  |  |  |  |         |  |  |  |-- (*)
|  |  |  |  |         |  |  |  |  |-- (*)
|  |  |  |  |         |  |  |  |  |  |-- (*)
|  |  |  |  |         |  |  |  |  |  |  |-- Ttru
|  |  |  |  |         |  |  |  |  |  |  `-- (*)
|  |  |  |  |         |  |  |  |  |  |     |-- (*)
|  |  |  |  |         |  |  |  |  |  |     |  |-- (*)
|  |  |  |  |         |  |  |  |  |  |     |  |  |-- Ddel
|  |  |  |  |         |  |  |  |  |  |     |  |  `-- Tadu
|  |  |  |  |         |  |  |  |  |  |     |  `-- (*)
|  |  |  |  |         |  |  |  |  |  |     |     |-- Scoe
|  |  |  |  |         |  |  |  |  |  |     |     `-- Scly
|  |  |  |  |         |  |  |  |  |  |     `-- Sfro
|  |  |  |  |         |  |  |  |  |  `-- Schi
|  |  |  |  |         |  |  |  |  `--- Satt
|  |  |  |  |         |  |  |  `-- Slon
|  |  |  |  |         |  |  `-- (*)
|  |  |  |  |         |  |     |-- (*)
|  |  |  |  |         |  |     |  |-- (*)
|  |  |  |  |         |  |     |  |  |-- Pcra
|  |  |  |  |         |  |     |  |  `-- (*)
|  |  |  |  |         |  |     |  |     |-- Gmel
|  |  |  |  |         |  |     |  |     `-- Pele
|  |  |  |  |         |  |     |  `-- Ggri
|  |  |  |  |         |  |     `-- Sbre
|  |  |  |  |         |  `-- (*)
|  |  |  |  |         |     |-- (*)
|  |  |  |  |         |     |  |-- Lalb
|  |  |  |  |         |     |  `-- Lacu
|  |  |  |  |         |     `-- (*)
|  |  |  |  |         |        |-- Ccom
|  |  |  |  |         |        `--- Aobl
|  |  |  |  |         `-- Oorc
|  |  |  |  `------ (*)
|  |  |  |         |---------------- Igeo
|  |  |  |         `------ Lvex
|  |  |  `========= (*) [#1]
|  |  |            |---- Zcav
|  |  |            `-- (*)
|  |  |               |-- (*)
|  |  |               |  |-- Mbid
|  |  |               |  `-- (*)
|  |  |               |     |-- (*)
|  |  |               |     |  |-- Mden
|  |  |               |     |  `-- Mste
|  |  |               |     `-- (*)
|  |  |               |        |-- Mmir
|  |  |               |        `-- Meur
|  |  |               `-- Hyamp
|  |  `------ (*)
|  |         |-- Pmin
|  |         `-- Pgan
|  `====== (*) [#1]
|         |-- Pmac
|         `-------------- (*)
|                        |-- Kbre
|                        `-- Ksim
`------ (*)
       |-- (*)
       |  |---- (*)
       |  |    |-- (*)
       |  |    |  |-- (*)
       |  |    |  |  |--- Bmus
       |  |    |  |  `-- (*)
       |  |    |  |     |-- (*)
       |  |    |  |     |  |-- Bbor
       |  |    |  |     |  `-- Bede
       |  |    |  |     `-- Bric
       |  |    |  `-- (*)
       |  |    |     |-- (*)
       |  |    |     |  |-- Bphy
       |  |    |     |  `--- Mnov
       |  |    |     `-- Erob
       |  |    `----- (*)
       |  |          |-- Bacu
       |  |          `-- Bbon
       |  `-------- Cmar
       `---- (*)
            |-- Bmys
            `-- (*)
               |-- Egla
               `-- Eaus

--- PARAMETERS ---
Kappa: 5.359448
Omega: 0.288504
Gamma (background):    0.953996
Gamma (foreground #1): 2.892026  (branches: 2)

End time: 2025-12-14 21:40:42
