
--- MODEL SUMMARY ---
Model used: 1
Sequence file: input/RHO_seq.dat
Tree file: input/RHO.fa.tree
Log likelihood: -2695.355266
np: 29
Start time: 2025-04-13 22:39:11

--- BASE FREQUENCIES ---
T: 0.234786  C: 0.321723  A: 0.204234  G: 0.239257

--- BRANCH LENGTHS ---
Branch 0: 0.000100
Branch 1: 0.000043
Branch 2: 0.163358
Branch 3: 0.099709
Branch 4: 0.428340
Branch 5: 0.245056
Branch 6: 0.098540
Branch 7: 0.573816
Branch 8: 0.763506
Branch 9: 0.158129
Branch 10: 0.152313
Branch 11: 0.141749
Branch 12: 0.000099
Branch 13: 0.806252
Branch 14: 0.029824
Branch 15: 0.019729
Branch 16: 0.098485
Branch 17: 0.060808
Branch 18: 0.094844
Branch 19: 0.016317
Branch 20: 0.052961

--- PARAMETERS ---
Kappa: 5.500044
Omega[0]: 0.079055
Omega[1]: 5.500058
Gamma[0][0]: 0.000051
Gamma[0][1]: 1.000028

--- CATEGORY PROBABILITIES ---
P(Omega 0, Gamma 0): 0.839533
P(Omega 0, Gamma 1): 0.061139
P(Omega 1, Gamma 0): 0.052363
P(Omega 1, Gamma 1): 0.046965

--- POSTERIOR PROBABILITIES PER SITE ---
Site    1: C1: 0.937  C2: 0.062  C3: 0.000  C4: 0.000  
Site    2: C1: 0.935  C2: 0.064  C3: 0.001  C4: 0.000  
Site    3: C1: 0.906  C2: 0.032  C3: 0.042  C4: 0.019  
Site    4: C1: 0.943  C2: 0.039  C3: 0.012  C4: 0.006  
Site    5: C1: 0.917  C2: 0.035  C3: 0.033  C4: 0.015  
Site    6: C1: 0.949  C2: 0.035  C3: 0.011  C4: 0.005  
Site    7: C1: 0.001  C2: 0.756  C3: 0.000  C4: 0.243  
Site    8: C1: 0.935  C2: 0.064  C3: 0.001  C4: 0.000  
Site    9: C1: 0.956  C2: 0.041  C3: 0.002  C4: 0.001  
Site   10: C1: 0.917  C2: 0.027  C3: 0.041  C4: 0.015  
Site   11: C1: 0.941  C2: 0.046  C3: 0.008  C4: 0.005  
Site   12: C1: 0.945  C2: 0.026  C3: 0.021  C4: 0.007  
Site   13: C1: 0.956  C2: 0.041  C3: 0.002  C4: 0.001  
Site   14: C1: 0.926  C2: 0.025  C3: 0.037  C4: 0.012  
Site   15: C1: 0.935  C2: 0.064  C3: 0.001  C4: 0.000  
Site   16: C1: 0.000  C2: 0.001  C3: 0.000  C4: 0.999  
Site   17: C1: 0.937  C2: 0.041  C3: 0.014  C4: 0.008  
Site   18: C1: 0.949  C2: 0.035  C3: 0.011  C4: 0.005  
Site   19: C1: 0.941  C2: 0.046  C3: 0.008  C4: 0.005  
Site   20: C1: 0.941  C2: 0.046  C3: 0.008  C4: 0.005  
Site   21: C1: 0.940  C2: 0.022  C3: 0.029  C4: 0.008  
Site   22: C1: 0.947  C2: 0.051  C3: 0.001  C4: 0.001  
Site   23: C1: 0.962  C2: 0.019  C3: 0.015  C4: 0.004  
Site   24: C1: 0.001  C2: 0.936  C3: 0.000  C4: 0.063  
Site   25: C1: 0.919  C2: 0.034  C3: 0.032  C4: 0.015  
Site   26: C1: 0.917  C2: 0.027  C3: 0.041  C4: 0.015  
Site   27: C1: 0.946  C2: 0.026  C3: 0.021  C4: 0.007  
Site   28: C1: 0.933  C2: 0.038  C3: 0.019  C4: 0.010  
Site   29: C1: 0.917  C2: 0.027  C3: 0.041  C4: 0.015  
Site   30: C1: 0.917  C2: 0.027  C3: 0.041  C4: 0.015  
Site   31: C1: 0.920  C2: 0.039  C3: 0.027  C4: 0.014  
Site   32: C1: 0.923  C2: 0.029  C3: 0.034  C4: 0.013  
Site   33: C1: 0.919  C2: 0.034  C3: 0.032  C4: 0.015  
Site   34: C1: 0.946  C2: 0.026  C3: 0.021  C4: 0.007  
Site   35: C1: 0.933  C2: 0.048  C3: 0.012  C4: 0.007  
Site   36: C1: 0.933  C2: 0.038  C3: 0.019  C4: 0.010  
Site   37: C1: 0.956  C2: 0.041  C3: 0.002  C4: 0.001  
Site   38: C1: 0.935  C2: 0.021  C3: 0.035  C4: 0.009  
Site   39: C1: 0.007  C2: 0.000  C3: 0.603  C4: 0.389  
Site   40: C1: 0.920  C2: 0.039  C3: 0.027  C4: 0.014  
Site   41: C1: 0.940  C2: 0.022  C3: 0.029  C4: 0.008  
Site   42: C1: 0.940  C2: 0.022  C3: 0.029  C4: 0.008  
Site   43: C1: 0.917  C2: 0.027  C3: 0.041  C4: 0.015  
Site   44: C1: 0.937  C2: 0.062  C3: 0.000  C4: 0.000  
Site   45: C1: 0.956  C2: 0.041  C3: 0.002  C4: 0.001  
Site   46: C1: 0.919  C2: 0.039  C3: 0.027  C4: 0.014  
Site   47: C1: 0.920  C2: 0.039  C3: 0.027  C4: 0.014  
Site   48: C1: 0.937  C2: 0.062  C3: 0.001  C4: 0.000  
Site   49: C1: 0.547  C2: 0.028  C3: 0.263  C4: 0.163  
Site   50: C1: 0.959  C2: 0.035  C3: 0.004  C4: 0.002  
Site   51: C1: 0.949  C2: 0.035  C3: 0.011  C4: 0.005  
Site   52: C1: 0.956  C2: 0.041  C3: 0.002  C4: 0.001  
Site   53: C1: 0.962  C2: 0.019  C3: 0.015  C4: 0.004  
Site   54: C1: 0.937  C2: 0.062  C3: 0.001  C4: 0.000  
Site   55: C1: 0.935  C2: 0.064  C3: 0.001  C4: 0.000  
Site   56: C1: 0.956  C2: 0.041  C3: 0.002  C4: 0.001  
Site   57: C1: 0.961  C2: 0.034  C3: 0.003  C4: 0.001  
Site   58: C1: 0.943  C2: 0.039  C3: 0.012  C4: 0.006  
Site   59: C1: 0.961  C2: 0.034  C3: 0.003  C4: 0.001  
Site   60: C1: 0.916  C2: 0.027  C3: 0.041  C4: 0.015  
Site   61: C1: 0.952  C2: 0.041  C3: 0.005  C4: 0.002  
Site   62: C1: 0.944  C2: 0.039  C3: 0.012  C4: 0.006  
Site   63: C1: 0.952  C2: 0.041  C3: 0.005  C4: 0.002  
Site   64: C1: 0.933  C2: 0.038  C3: 0.019  C4: 0.010  
Site   65: C1: 0.962  C2: 0.026  C3: 0.009  C4: 0.003  
Site   66: C1: 0.930  C2: 0.042  C3: 0.018  C4: 0.010  
Site   67: C1: 0.930  C2: 0.042  C3: 0.018  C4: 0.010  
Site   68: C1: 0.920  C2: 0.039  C3: 0.027  C4: 0.014  
Site   69: C1: 0.940  C2: 0.022  C3: 0.029  C4: 0.008  
Site   70: C1: 0.944  C2: 0.039  C3: 0.012  C4: 0.006  
Site   71: C1: 0.945  C2: 0.026  C3: 0.021  C4: 0.007  
Site   72: C1: 0.960  C2: 0.034  C3: 0.004  C4: 0.002  
Site   73: C1: 0.935  C2: 0.064  C3: 0.001  C4: 0.000  
Site   74: C1: 0.917  C2: 0.027  C3: 0.041  C4: 0.015  
Site   75: C1: 0.937  C2: 0.062  C3: 0.001  C4: 0.000  
Site   76: C1: 0.920  C2: 0.039  C3: 0.027  C4: 0.014  
Site   77: C1: 0.961  C2: 0.034  C3: 0.003  C4: 0.001  
Site   78: C1: 0.935  C2: 0.064  C3: 0.001  C4: 0.000  
Site   79: C1: 0.920  C2: 0.039  C3: 0.027  C4: 0.014  
Site   80: C1: 0.937  C2: 0.023  C3: 0.030  C4: 0.009  
Site   81: C1: 0.941  C2: 0.046  C3: 0.008  C4: 0.005  
Site   82: C1: 0.937  C2: 0.023  C3: 0.030  C4: 0.009  
Site   83: C1: 0.000  C2: 0.000  C3: 0.574  C4: 0.426  
Site   84: C1: 0.961  C2: 0.034  C3: 0.003  C4: 0.001  
Site   85: C1: 0.956  C2: 0.041  C3: 0.002  C4: 0.001  
Site   86: C1: 0.937  C2: 0.062  C3: 0.000  C4: 0.000  
Site   87: C1: 0.952  C2: 0.041  C3: 0.005  C4: 0.002  
Site   88: C1: 0.000  C2: 0.000  C3: 0.622  C4: 0.378  
Site   89: C1: 0.933  C2: 0.041  C3: 0.016  C4: 0.009  
Site   90: C1: 0.949  C2: 0.035  C3: 0.011  C4: 0.005  
Site   91: C1: 0.956  C2: 0.041  C3: 0.002  C4: 0.001  
Site   92: C1: 0.957  C2: 0.032  C3: 0.007  C4: 0.003  
Site   93: C1: 0.957  C2: 0.032  C3: 0.007  C4: 0.003  
Site   94: C1: 0.957  C2: 0.032  C3: 0.007  C4: 0.003  
Site   95: C1: 0.961  C2: 0.034  C3: 0.003  C4: 0.001  
Site   96: C1: 0.917  C2: 0.027  C3: 0.041  C4: 0.015  
Site   97: C1: 0.957  C2: 0.032  C3: 0.007  C4: 0.003  
Site   98: C1: 0.918  C2: 0.028  C3: 0.039  C4: 0.015  
Site   99: C1: 0.000  C2: 0.000  C3: 0.617  C4: 0.383  
Site  100: C1: 0.956  C2: 0.027  C3: 0.013  C4: 0.004  
Site  101: C1: 0.000  C2: 0.675  C3: 0.000  C4: 0.324  
Site  102: C1: 0.917  C2: 0.027  C3: 0.041  C4: 0.015  
Site  103: C1: 0.956  C2: 0.041  C3: 0.002  C4: 0.001  
Site  104: C1: 0.000  C2: 0.000  C3: 0.610  C4: 0.390  
Site  105: C1: 0.726  C2: 0.033  C3: 0.155  C4: 0.086  
Site  106: C1: 0.906  C2: 0.032  C3: 0.042  C4: 0.019  
Site  107: C1: 0.962  C2: 0.019  C3: 0.015  C4: 0.004  
Site  108: C1: 0.944  C2: 0.038  C3: 0.012  C4: 0.006  
Site  109: C1: 0.884  C2: 0.035  C3: 0.055  C4: 0.027  
Site  110: C1: 0.953  C2: 0.031  C3: 0.011  C4: 0.005  
Site  111: C1: 0.933  C2: 0.064  C3: 0.001  C4: 0.001  
Site  112: C1: 0.000  C2: 0.046  C3: 0.000  C4: 0.954  
Site  113: C1: 0.919  C2: 0.034  C3: 0.032  C4: 0.015  
Site  114: C1: 0.949  C2: 0.035  C3: 0.011  C4: 0.005  
Site  115: C1: 0.956  C2: 0.041  C3: 0.002  C4: 0.001  
Site  116: C1: 0.946  C2: 0.046  C3: 0.005  C4: 0.003  
Site  117: C1: 0.940  C2: 0.022  C3: 0.029  C4: 0.008  
Site  118: C1: 0.957  C2: 0.032  C3: 0.007  C4: 0.003  
Site  119: C1: 0.920  C2: 0.039  C3: 0.027  C4: 0.014  
Site  120: C1: 0.949  C2: 0.035  C3: 0.011  C4: 0.005  
Site  121: C1: 0.933  C2: 0.041  C3: 0.016  C4: 0.009  
Site  122: C1: 0.914  C2: 0.038  C3: 0.032  C4: 0.016  
Site  123: C1: 0.771  C2: 0.052  C3: 0.098  C4: 0.080  
Site  124: C1: 0.940  C2: 0.022  C3: 0.029  C4: 0.008  
Site  125: C1: 0.269  C2: 0.012  C3: 0.468  C4: 0.252  
Site  126: C1: 0.933  C2: 0.048  C3: 0.012  C4: 0.007  
Site  127: C1: 0.942  C2: 0.025  C3: 0.025  C4: 0.008  
Site  128: C1: 0.927  C2: 0.067  C3: 0.003  C4: 0.003  
Site  129: C1: 0.941  C2: 0.046  C3: 0.008  C4: 0.005  
Site  130: C1: 0.952  C2: 0.041  C3: 0.005  C4: 0.002  
Site  131: C1: 0.920  C2: 0.039  C3: 0.027  C4: 0.014  
Site  132: C1: 0.940  C2: 0.022  C3: 0.029  C4: 0.008  
Site  133: C1: 0.936  C2: 0.062  C3: 0.001  C4: 0.001  
Site  134: C1: 0.919  C2: 0.034  C3: 0.032  C4: 0.015  
Site  135: C1: 0.918  C2: 0.031  C3: 0.036  C4: 0.015  
Site  136: C1: 0.917  C2: 0.027  C3: 0.041  C4: 0.015  
Site  137: C1: 0.017  C2: 0.001  C3: 0.607  C4: 0.376  
Site  138: C1: 0.941  C2: 0.046  C3: 0.008  C4: 0.005  
Site  139: C1: 0.941  C2: 0.046  C3: 0.008  C4: 0.005  
Site  140: C1: 0.936  C2: 0.038  C3: 0.017  C4: 0.009  
Site  141: C1: 0.930  C2: 0.042  C3: 0.018  C4: 0.010  
Site  142: C1: 0.962  C2: 0.019  C3: 0.015  C4: 0.004  
Site  143: C1: 0.937  C2: 0.062  C3: 0.000  C4: 0.000  
Site  144: C1: 0.947  C2: 0.051  C3: 0.001  C4: 0.001  
Site  145: C1: 0.935  C2: 0.064  C3: 0.001  C4: 0.000  
Site  146: C1: 0.956  C2: 0.041  C3: 0.002  C4: 0.001  
Site  147: C1: 0.940  C2: 0.022  C3: 0.029  C4: 0.008  
Site  148: C1: 0.956  C2: 0.041  C3: 0.002  C4: 0.001  
Site  149: C1: 0.906  C2: 0.032  C3: 0.042  C4: 0.019  
Site  150: C1: 0.919  C2: 0.034  C3: 0.032  C4: 0.015  
Site  151: C1: 0.873  C2: 0.060  C3: 0.037  C4: 0.031  
Site  152: C1: 0.946  C2: 0.032  C3: 0.016  C4: 0.007  
Site  153: C1: 0.940  C2: 0.022  C3: 0.029  C4: 0.008  
Site  154: C1: 0.937  C2: 0.062  C3: 0.001  C4: 0.000  
Site  155: C1: 0.139  C2: 0.009  C3: 0.476  C4: 0.376  
Site  156: C1: 0.949  C2: 0.035  C3: 0.011  C4: 0.005  
Site  157: C1: 0.960  C2: 0.035  C3: 0.004  C4: 0.002  
Site  158: C1: 0.002  C2: 0.732  C3: 0.000  C4: 0.266  
Site  159: C1: 0.707  C2: 0.026  C3: 0.183  C4: 0.084  
Site  160: C1: 0.957  C2: 0.032  C3: 0.007  C4: 0.003  
Site  161: C1: 0.933  C2: 0.048  C3: 0.012  C4: 0.007  
Site  162: C1: 0.020  C2: 0.001  C3: 0.565  C4: 0.413  
Site  163: C1: 0.937  C2: 0.062  C3: 0.000  C4: 0.000  
Site  164: C1: 0.922  C2: 0.029  C3: 0.035  C4: 0.014  
Site  165: C1: 0.007  C2: 0.000  C3: 0.638  C4: 0.354  
Site  166: C1: 0.937  C2: 0.023  C3: 0.030  C4: 0.009  
Site  167: C1: 0.938  C2: 0.036  C3: 0.017  C4: 0.008  
Site  168: C1: 0.940  C2: 0.022  C3: 0.029  C4: 0.008  
Site  169: C1: 0.922  C2: 0.029  C3: 0.035  C4: 0.014  
Site  170: C1: 0.962  C2: 0.019  C3: 0.015  C4: 0.004  
Site  171: C1: 0.962  C2: 0.019  C3: 0.015  C4: 0.004  
Site  172: C1: 0.961  C2: 0.034  C3: 0.003  C4: 0.001  
Site  173: C1: 0.952  C2: 0.041  C3: 0.005  C4: 0.002  
Site  174: C1: 0.949  C2: 0.035  C3: 0.011  C4: 0.005  
Site  175: C1: 0.933  C2: 0.048  C3: 0.012  C4: 0.007  
Site  176: C1: 0.935  C2: 0.021  C3: 0.035  C4: 0.009  
Site  177: C1: 0.890  C2: 0.031  C3: 0.056  C4: 0.024  
Site  178: C1: 0.917  C2: 0.027  C3: 0.041  C4: 0.015  
Site  179: C1: 0.937  C2: 0.062  C3: 0.001  C4: 0.000  
Site  180: C1: 0.946  C2: 0.026  C3: 0.021  C4: 0.007  
Site  181: C1: 0.919  C2: 0.034  C3: 0.032  C4: 0.015  
Site  182: C1: 0.883  C2: 0.035  C3: 0.055  C4: 0.027  
Site  183: C1: 0.937  C2: 0.062  C3: 0.000  C4: 0.000  
Site  184: C1: 0.933  C2: 0.038  C3: 0.019  C4: 0.010  
Site  185: C1: 0.953  C2: 0.031  C3: 0.011  C4: 0.005  
Site  186: C1: 0.945  C2: 0.040  C3: 0.010  C4: 0.005  
Site  187: C1: 0.952  C2: 0.032  C3: 0.012  C4: 0.005  
Site  188: C1: 0.906  C2: 0.032  C3: 0.042  C4: 0.019  
Site  189: C1: 0.760  C2: 0.051  C3: 0.104  C4: 0.085  
Site  190: C1: 0.954  C2: 0.041  C3: 0.003  C4: 0.002  
Site  191: C1: 0.917  C2: 0.027  C3: 0.041  C4: 0.015  
Site  192: C1: 0.917  C2: 0.027  C3: 0.041  C4: 0.015  
Site  193: C1: 0.943  C2: 0.039  C3: 0.012  C4: 0.006  
Site  194: C1: 0.000  C2: 0.943  C3: 0.000  C4: 0.057  
Site  195: C1: 0.000  C2: 0.004  C3: 0.000  C4: 0.996  
Site  196: C1: 0.941  C2: 0.028  C3: 0.023  C4: 0.008  
Site  197: C1: 0.919  C2: 0.034  C3: 0.032  C4: 0.015  
Site  198: C1: 0.664  C2: 0.029  C3: 0.199  C4: 0.108  
Site  199: C1: 0.935  C2: 0.064  C3: 0.001  C4: 0.000  
Site  200: C1: 0.932  C2: 0.065  C3: 0.002  C4: 0.001  
Site  201: C1: 0.917  C2: 0.035  C3: 0.033  C4: 0.015  
Site  202: C1: 0.935  C2: 0.021  C3: 0.035  C4: 0.009  
Site  203: C1: 0.953  C2: 0.042  C3: 0.003  C4: 0.002  
Site  204: C1: 0.952  C2: 0.041  C3: 0.005  C4: 0.002  
Site  205: C1: 0.867  C2: 0.057  C3: 0.043  C4: 0.034  
Site  206: C1: 0.917  C2: 0.027  C3: 0.041  C4: 0.015  
Site  207: C1: 0.937  C2: 0.062  C3: 0.000  C4: 0.000  
Site  208: C1: 0.956  C2: 0.041  C3: 0.002  C4: 0.001  
Site  209: C1: 0.941  C2: 0.046  C3: 0.008  C4: 0.005  
Site  210: C1: 0.951  C2: 0.041  C3: 0.005  C4: 0.003  
Site  211: C1: 0.962  C2: 0.026  C3: 0.009  C4: 0.003  
Site  212: C1: 0.956  C2: 0.041  C3: 0.002  C4: 0.001  
Site  213: C1: 0.000  C2: 0.711  C3: 0.000  C4: 0.289  
Site  214: C1: 0.937  C2: 0.062  C3: 0.001  C4: 0.000  
Site  215: C1: 0.962  C2: 0.019  C3: 0.015  C4: 0.004  
Site  216: C1: 0.053  C2: 0.003  C3: 0.544  C4: 0.400  
Site  217: C1: 0.645  C2: 0.028  C3: 0.213  C4: 0.114  
Site  218: C1: 0.937  C2: 0.062  C3: 0.001  C4: 0.000  
Site  219: C1: 0.937  C2: 0.061  C3: 0.001  C4: 0.001  
Site  220: C1: 0.782  C2: 0.034  C3: 0.119  C4: 0.065  
Site  221: C1: 0.956  C2: 0.041  C3: 0.002  C4: 0.001  
Site  222: C1: 0.953  C2: 0.031  C3: 0.011  C4: 0.005  
Site  223: C1: 0.916  C2: 0.028  C3: 0.041  C4: 0.015  
Site  224: C1: 0.906  C2: 0.032  C3: 0.042  C4: 0.019  
Site  225: C1: 0.933  C2: 0.038  C3: 0.019  C4: 0.010  
Site  226: C1: 0.920  C2: 0.039  C3: 0.027  C4: 0.014  
Site  227: C1: 0.952  C2: 0.041  C3: 0.005  C4: 0.002  
Site  228: C1: 0.955  C2: 0.041  C3: 0.002  C4: 0.001  
Site  229: C1: 0.936  C2: 0.042  C3: 0.015  C4: 0.008  
Site  230: C1: 0.952  C2: 0.041  C3: 0.005  C4: 0.002  
Site  231: C1: 0.930  C2: 0.042  C3: 0.018  C4: 0.010  
Site  232: C1: 0.919  C2: 0.034  C3: 0.032  C4: 0.015  
Site  233: C1: 0.920  C2: 0.030  C3: 0.035  C4: 0.014  
Site  234: C1: 0.923  C2: 0.029  C3: 0.034  C4: 0.013  
Site  235: C1: 0.940  C2: 0.022  C3: 0.029  C4: 0.008  
Site  236: C1: 0.922  C2: 0.040  C3: 0.024  C4: 0.013  
Site  237: C1: 0.933  C2: 0.038  C3: 0.019  C4: 0.010  
Site  238: C1: 0.931  C2: 0.038  C3: 0.020  C4: 0.010  
Site  239: C1: 0.919  C2: 0.034  C3: 0.032  C4: 0.015  
Site  240: C1: 0.945  C2: 0.040  C3: 0.010  C4: 0.005  
Site  241: C1: 0.937  C2: 0.023  C3: 0.030  C4: 0.009  
Site  242: C1: 0.957  C2: 0.032  C3: 0.007  C4: 0.003  
Site  243: C1: 0.944  C2: 0.039  C3: 0.012  C4: 0.006  
Site  244: C1: 0.933  C2: 0.038  C3: 0.019  C4: 0.010  
Site  245: C1: 0.930  C2: 0.042  C3: 0.018  C4: 0.010  
Site  246: C1: 0.940  C2: 0.022  C3: 0.030  C4: 0.009  
Site  247: C1: 0.919  C2: 0.034  C3: 0.032  C4: 0.015  
Site  248: C1: 0.930  C2: 0.042  C3: 0.018  C4: 0.010  
Site  249: C1: 0.919  C2: 0.034  C3: 0.032  C4: 0.015  
Site  250: C1: 0.952  C2: 0.041  C3: 0.005  C4: 0.002  
Site  251: C1: 0.942  C2: 0.039  C3: 0.013  C4: 0.006  
Site  252: C1: 0.940  C2: 0.022  C3: 0.029  C4: 0.008  
Site  253: C1: 0.937  C2: 0.062  C3: 0.000  C4: 0.000  
Site  254: C1: 0.952  C2: 0.041  C3: 0.005  C4: 0.002  
Site  255: C1: 0.001  C2: 0.000  C3: 0.577  C4: 0.422  
Site  256: C1: 0.937  C2: 0.062  C3: 0.001  C4: 0.000  
Site  257: C1: 0.937  C2: 0.062  C3: 0.000  C4: 0.000  
Site  258: C1: 0.952  C2: 0.041  C3: 0.005  C4: 0.002  
Site  259: C1: 0.000  C2: 0.000  C3: 0.591  C4: 0.409  
Site  260: C1: 0.927  C2: 0.027  C3: 0.033  C4: 0.012  
Site  261: C1: 0.956  C2: 0.041  C3: 0.002  C4: 0.001  
Site  262: C1: 0.920  C2: 0.039  C3: 0.027  C4: 0.014  
Site  263: C1: 0.937  C2: 0.062  C3: 0.001  C4: 0.000  
Site  264: C1: 0.953  C2: 0.031  C3: 0.011  C4: 0.005  
Site  265: C1: 0.933  C2: 0.048  C3: 0.012  C4: 0.007  
Site  266: C1: 0.000  C2: 0.000  C3: 0.623  C4: 0.377  
Site  267: C1: 0.962  C2: 0.019  C3: 0.015  C4: 0.004  
Site  268: C1: 0.907  C2: 0.031  C3: 0.043  C4: 0.018  
Site  269: C1: 0.940  C2: 0.022  C3: 0.029  C4: 0.008  
Site  270: C1: 0.007  C2: 0.000  C3: 0.614  C4: 0.378  
Site  271: C1: 0.941  C2: 0.046  C3: 0.008  C4: 0.005  
Site  272: C1: 0.924  C2: 0.029  C3: 0.034  C4: 0.013  
Site  273: C1: 0.956  C2: 0.041  C3: 0.002  C4: 0.001  
Site  274: C1: 0.917  C2: 0.027  C3: 0.041  C4: 0.015  
Site  275: C1: 0.934  C2: 0.063  C3: 0.002  C4: 0.001  
Site  276: C1: 0.956  C2: 0.041  C3: 0.002  C4: 0.001  
Site  277: C1: 0.004  C2: 0.000  C3: 0.683  C4: 0.313  
Site  278: C1: 0.962  C2: 0.026  C3: 0.009  C4: 0.003  
Site  279: C1: 0.933  C2: 0.038  C3: 0.019  C4: 0.010  
Site  280: C1: 0.949  C2: 0.035  C3: 0.011  C4: 0.005  
Site  281: C1: 0.935  C2: 0.021  C3: 0.035  C4: 0.009  
Site  282: C1: 0.000  C2: 0.000  C3: 0.584  C4: 0.416  
Site  283: C1: 0.945  C2: 0.047  C3: 0.005  C4: 0.003  
Site  284: C1: 0.949  C2: 0.035  C3: 0.011  C4: 0.005  
Site  285: C1: 0.962  C2: 0.019  C3: 0.015  C4: 0.004  
Site  286: C1: 0.937  C2: 0.062  C3: 0.001  C4: 0.000  
Site  287: C1: 0.956  C2: 0.041  C3: 0.002  C4: 0.001  
Site  288: C1: 0.937  C2: 0.062  C3: 0.000  C4: 0.000  
Site  289: C1: 0.957  C2: 0.032  C3: 0.007  C4: 0.003  
Site  290: C1: 0.000  C2: 0.000  C3: 0.582  C4: 0.418  
Site  291: C1: 0.944  C2: 0.027  C3: 0.021  C4: 0.007  
Site  292: C1: 0.000  C2: 0.736  C3: 0.000  C4: 0.264  
Site  293: C1: 0.956  C2: 0.041  C3: 0.002  C4: 0.001  
Site  294: C1: 0.945  C2: 0.047  C3: 0.005  C4: 0.003  
Site  295: C1: 0.940  C2: 0.022  C3: 0.029  C4: 0.008  
Site  296: C1: 0.930  C2: 0.042  C3: 0.018  C4: 0.010  
Site  297: C1: 0.000  C2: 0.816  C3: 0.026  C4: 0.158  
Site  298: C1: 0.932  C2: 0.022  C3: 0.036  C4: 0.010  
Site  299: C1: 0.000  C2: 0.625  C3: 0.000  C4: 0.375  
Site  300: C1: 0.020  C2: 0.001  C3: 0.565  C4: 0.413  
Site  301: C1: 0.917  C2: 0.027  C3: 0.041  C4: 0.015  
Site  302: C1: 0.935  C2: 0.064  C3: 0.001  C4: 0.000  
Site  303: C1: 0.962  C2: 0.019  C3: 0.015  C4: 0.004  
Site  304: C1: 0.952  C2: 0.041  C3: 0.005  C4: 0.002  
Site  305: C1: 0.937  C2: 0.062  C3: 0.001  C4: 0.000  
Site  306: C1: 0.917  C2: 0.027  C3: 0.041  C4: 0.015  
Site  307: C1: 0.937  C2: 0.062  C3: 0.001  C4: 0.000  
Site  308: C1: 0.937  C2: 0.062  C3: 0.000  C4: 0.000  
Site  309: C1: 0.937  C2: 0.062  C3: 0.000  C4: 0.000  
Site  310: C1: 0.935  C2: 0.064  C3: 0.001  C4: 0.000  
Site  311: C1: 0.930  C2: 0.042  C3: 0.018  C4: 0.010  
Site  312: C1: 0.933  C2: 0.038  C3: 0.019  C4: 0.010  
Site  313: C1: 0.956  C2: 0.041  C3: 0.002  C4: 0.001  
Site  314: C1: 0.921  C2: 0.031  C3: 0.034  C4: 0.014  
Site  315: C1: 0.935  C2: 0.064  C3: 0.001  C4: 0.000  
Site  316: C1: 0.953  C2: 0.031  C3: 0.011  C4: 0.005  
Site  317: C1: 0.937  C2: 0.062  C3: 0.000  C4: 0.000  
Site  318: C1: 0.961  C2: 0.034  C3: 0.003  C4: 0.001  
Site  319: C1: 0.957  C2: 0.032  C3: 0.007  C4: 0.003  
Site  320: C1: 0.956  C2: 0.033  C3: 0.008  C4: 0.003  
Site  321: C1: 0.930  C2: 0.039  C3: 0.021  C4: 0.011  
Site  322: C1: 0.953  C2: 0.031  C3: 0.011  C4: 0.005  
Site  323: C1: 0.936  C2: 0.038  C3: 0.017  C4: 0.009  
Site  324: C1: 0.949  C2: 0.035  C3: 0.011  C4: 0.005  
Site  325: C1: 0.000  C2: 0.614  C3: 0.000  C4: 0.386  
Site  326: C1: 0.869  C2: 0.058  C3: 0.041  C4: 0.033  
Site  327: C1: 0.939  C2: 0.029  C3: 0.023  C4: 0.009  
Site  328: C1: 0.920  C2: 0.039  C3: 0.027  C4: 0.014  
Site  329: C1: 0.001  C2: 0.812  C3: 0.000  C4: 0.187  
Site  330: C1: 0.954  C2: 0.041  C3: 0.003  C4: 0.002  
Site  331: C1: 0.942  C2: 0.047  C3: 0.007  C4: 0.004  
Site  332: C1: 0.919  C2: 0.034  C3: 0.032  C4: 0.015  
Site  333: C1: 0.000  C2: 0.734  C3: 0.000  C4: 0.266  
Site  334: C1: 0.935  C2: 0.021  C3: 0.035  C4: 0.009  
Site  335: C1: 0.014  C2: 0.129  C3: 0.592  C4: 0.265  
Site  336: C1: 0.946  C2: 0.038  C3: 0.011  C4: 0.005  
Site  337: C1: 0.940  C2: 0.022  C3: 0.029  C4: 0.008  
Site  338: C1: 0.935  C2: 0.021  C3: 0.035  C4: 0.009  
Site  339: C1: 0.930  C2: 0.042  C3: 0.018  C4: 0.010  
Site  340: C1: 0.936  C2: 0.042  C3: 0.015  C4: 0.008  
Site  341: C1: 0.919  C2: 0.034  C3: 0.032  C4: 0.015  
Site  342: C1: 0.957  C2: 0.032  C3: 0.007  C4: 0.003  
Site  343: C1: 0.947  C2: 0.051  C3: 0.001  C4: 0.001  
Site  344: C1: 0.933  C2: 0.038  C3: 0.019  C4: 0.010  
Site  345: C1: 0.941  C2: 0.046  C3: 0.008  C4: 0.005  
Site  346: C1: 0.924  C2: 0.029  C3: 0.034  C4: 0.013  
Site  347: C1: 0.945  C2: 0.026  C3: 0.021  C4: 0.007  
Site  348: C1: 0.940  C2: 0.022  C3: 0.029  C4: 0.008  

End time: 2025-04-13 22:47:24
