
--- MODEL SUMMARY ---
Model used: 3
Sequence file: input/RHO_seq.dat
Tree file: input/RHO.fa.tree
Log likelihood: -3104.646085
np: 105
Start time: 2025-12-13 10:17:39

--- BASE FREQUENCIES ---
T: 0.240611  C: 0.318838  A: 0.198881  G: 0.241670

--- BRANCH LENGTHS ---
Branch  0: 0.140588  (parent node 52 -> leaf Hiamp)
Branch  1: 0.000100  (parent node 52 -> internal node 53)
Branch  2: 0.002883  (parent node 53 -> internal node 54)
Branch  3: 0.008230  (parent node 54 -> internal node 55)
Branch  4: 0.004317  (parent node 55 -> internal node 56)
Branch  5: 0.012343  (parent node 56 -> internal node 57)
Branch  6: 0.005660  (parent node 57 -> internal node 58)
Branch  7: 0.006347  (parent node 58 -> internal node 59)
Branch  8: 0.000100  (parent node 59 -> internal node 60)
Branch  9: 0.002773  (parent node 60 -> leaf Ppho)
Branch 10: 0.000100  (parent node 60 -> leaf Psin)
Branch 11: 0.002866  (parent node 59 -> leaf Nsun)
Branch 12: 0.022070  (parent node 58 -> internal node 61)
Branch 13: 0.002828  (parent node 61 -> leaf Dleu)
Branch 14: 0.000100  (parent node 61 -> leaf Mmon)
Branch 15: 0.014880  (parent node 57 -> internal node 62)
Branch 16: 0.000100  (parent node 62 -> internal node 63)
Branch 17: 0.000100  (parent node 63 -> internal node 64)
Branch 18: 0.000100  (parent node 64 -> internal node 65)
Branch 19: 0.000100  (parent node 65 -> internal node 66)
Branch 20: 0.000100  (parent node 66 -> internal node 67)
Branch 21: 0.000100  (parent node 67 -> internal node 68)
Branch 22: 0.005647  (parent node 68 -> leaf Ttru)
Branch 23: 0.000100  (parent node 68 -> internal node 69)
Branch 24: 0.000100  (parent node 69 -> internal node 70)
Branch 25: 0.000100  (parent node 70 -> internal node 71)
Branch 26: 0.000100  (parent node 71 -> leaf Ddel)
Branch 27: 0.002825  (parent node 71 -> leaf Tadu)
Branch 28: 0.000100  (parent node 70 -> internal node 72)
Branch 29: 0.002820  (parent node 72 -> leaf Scoe)
Branch 30: 0.005647  (parent node 72 -> leaf Scly)
Branch 31: 0.002825  (parent node 69 -> leaf Sfro)
Branch 32: 0.005649  (parent node 67 -> leaf Schi)
Branch 33: 0.011330  (parent node 66 -> leaf Satt)
Branch 34: 0.008480  (parent node 65 -> leaf Slon)
Branch 35: 0.000100  (parent node 64 -> internal node 73)
Branch 36: 0.000100  (parent node 73 -> internal node 74)
Branch 37: 0.000100  (parent node 74 -> internal node 75)
Branch 38: 0.005654  (parent node 75 -> leaf Pcra)
Branch 39: 0.000100  (parent node 75 -> internal node 76)
Branch 40: 0.000100  (parent node 76 -> leaf Gmel)
Branch 41: 0.000100  (parent node 76 -> leaf Pele)
Branch 42: 0.000100  (parent node 74 -> leaf Ggri)
Branch 43: 0.000100  (parent node 73 -> leaf Sbre)
Branch 44: 0.000100  (parent node 63 -> internal node 77)
Branch 45: 0.000100  (parent node 77 -> internal node 78)
Branch 46: 0.002821  (parent node 78 -> leaf Lalb)
Branch 47: 0.008491  (parent node 78 -> leaf Lacu)
Branch 48: 0.002824  (parent node 77 -> internal node 79)
Branch 49: 0.002828  (parent node 79 -> leaf Ccom)
Branch 50: 0.011356  (parent node 79 -> leaf Aobl)
Branch 51: 0.008497  (parent node 62 -> leaf Oorc)
Branch 52: 0.019433  (parent node 56 -> internal node 80)
Branch 53: 0.055706  (parent node 80 -> leaf Igeo)
Branch 54: 0.022586  (parent node 80 -> leaf Lvex)
Branch 55: 0.033445  (parent node 55 -> internal node 81)
Branch 56: 0.014946  (parent node 81 -> leaf Zcav)
Branch 57: 0.005638  (parent node 81 -> internal node 82)
Branch 58: 0.004846  (parent node 82 -> internal node 83)
Branch 59: 0.008425  (parent node 83 -> leaf Mbid)
Branch 60: 0.000100  (parent node 83 -> internal node 84)
Branch 61: 0.000100  (parent node 84 -> internal node 85)
Branch 62: 0.008435  (parent node 85 -> leaf Mden)
Branch 63: 0.002805  (parent node 85 -> leaf Mste)
Branch 64: 0.002804  (parent node 84 -> internal node 86)
Branch 65: 0.002804  (parent node 86 -> leaf Mmir)
Branch 66: 0.000100  (parent node 86 -> leaf Meur)
Branch 67: 0.003593  (parent node 82 -> leaf Hyamp)
Branch 68: 0.020074  (parent node 54 -> internal node 87)
Branch 69: 0.000100  (parent node 87 -> leaf Pmin)
Branch 70: 0.000100  (parent node 87 -> leaf Pgan)
Branch 71: 0.022863  (parent node 53 -> internal node 88)
Branch 72: 0.005379  (parent node 88 -> leaf Pmac)
Branch 73: 0.049342  (parent node 88 -> internal node 89)
Branch 74: 0.002819  (parent node 89 -> leaf Kbre)
Branch 75: 0.000100  (parent node 89 -> leaf Ksim)
Branch 76: 0.019545  (parent node 52 -> internal node 90)
Branch 77: 0.002848  (parent node 90 -> internal node 91)
Branch 78: 0.014925  (parent node 91 -> internal node 92)
Branch 79: 0.000100  (parent node 92 -> internal node 93)
Branch 80: 0.000100  (parent node 93 -> internal node 94)
Branch 81: 0.011256  (parent node 94 -> leaf Bmus)
Branch 82: 0.008426  (parent node 94 -> internal node 95)
Branch 83: 0.000100  (parent node 95 -> internal node 96)
Branch 84: 0.000100  (parent node 96 -> leaf Bbor)
Branch 85: 0.000100  (parent node 96 -> leaf Bede)
Branch 86: 0.000100  (parent node 95 -> leaf Bric)
Branch 87: 0.008437  (parent node 93 -> internal node 97)
Branch 88: 0.000100  (parent node 97 -> internal node 98)
Branch 89: 0.002808  (parent node 98 -> leaf Bphy)
Branch 90: 0.011279  (parent node 98 -> leaf Mnov)
Branch 91: 0.008443  (parent node 97 -> leaf Erob)
Branch 92: 0.016958  (parent node 92 -> internal node 99)
Branch 93: 0.000100  (parent node 99 -> leaf Bacu)
Branch 94: 0.005624  (parent node 99 -> leaf Bbon)
Branch 95: 0.027559  (parent node 91 -> leaf Cmar)
Branch 96: 0.015086  (parent node 90 -> internal node 100)
Branch 97: 0.008464  (parent node 100 -> leaf Bmys)
Branch 98: 0.002792  (parent node 100 -> internal node 101)
Branch 99: 0.000100  (parent node 101 -> leaf Egla)
Branch 100: 0.000100  (parent node 101 -> leaf Eaus)

--- TREE WITH ESTIMATED BRANCH LENGTHS (NEWICK) ---
(Hiamp:0.140588,((((((((Ppho:0.0027726,Psin:0.0001):0.0001,Nsun:0.00286649):0.00634654,(Dleu:0.00282768,Mmon:0.0001):0.0220698):0.00566003,(((((((Ttru:0.00564704,(((Ddel:0.0001,Tadu:0.00282501):0.0001,(Scoe:0.00281972,Scly:0.00564725):0.0001):0.0001,Sfro:0.00282467):0.0001):0.0001,Schi:0.00564878):0.0001,Satt:0.0113303):0.0001,Slon:0.00847985):0.0001,(((Pcra:0.00565369,(Gmel:0.0001,Pele:0.0001):0.0001):0.0001,Ggri:0.0001):0.0001,Sbre:0.0001):0.0001):0.0001,((Lalb:0.00282106,Lacu:0.00849071):0.0001,(Ccom:0.00282774,Aobl:0.0113559):0.00282382):0.0001):0.0001,Oorc:0.00849666):0.01488):0.0123425,(Igeo:0.0557061,Lvex:0.0225856):0.0194328):0.00431727,(Zcav:0.0149457,((Mbid:0.00842526,((Mden:0.00843507,Mste:0.00280476):0.0001,(Mmir:0.00280425,Meur:0.0001):0.00280356):0.0001):0.00484613,Hyamp:0.0035931):0.00563828):0.0334451):0.00822992,(Pmin:0.0001,Pgan:0.0001):0.0200745):0.00288301,(Pmac:0.00537914,(Kbre:0.00281866,Ksim:0.0001):0.0493416):0.022863):0.0001,(((((Bmus:0.0112564,((Bbor:0.0001,Bede:0.0001):0.0001,Bric:0.0001):0.00842645):0.0001,((Bphy:0.00280782,Mnov:0.0112789):0.0001,Erob:0.00844329):0.00843651):0.0001,(Bacu:0.0001,Bbon:0.00562441):0.0169578):0.0149249,Cmar:0.0275588):0.00284834,(Bmys:0.00846434,(Egla:0.0001,Eaus:0.0001):0.00279222):0.0150857):0.0195452);

--- ASCII PHYLOGRAM (estimated branch lengths) ---

[DEBUG] ASCII phylogram ('-' = background, '=' = foreground)
(root)
|---------------------------------------- Hiamp
|-- (*)
|  |-- (*)
|  |  |-- (*)
|  |  |  |-- (*)
|  |  |  |  |---- (*)
|  |  |  |  |    |-- (*)
|  |  |  |  |    |  |-- (*)
|  |  |  |  |    |  |  |-- (*)
|  |  |  |  |    |  |  |  |-- Ppho
|  |  |  |  |    |  |  |  `-- Psin
|  |  |  |  |    |  |  `-- Nsun
|  |  |  |  |    |  `------ (*)
|  |  |  |  |    |         |-- Dleu
|  |  |  |  |    |         `-- Mmon
|  |  |  |  |    `---- (*)
|  |  |  |  |         |-- (*)
|  |  |  |  |         |  |-- (*)
|  |  |  |  |         |  |  |-- (*)
|  |  |  |  |         |  |  |  |-- (*)
|  |  |  |  |         |  |  |  |  |-- (*)
|  |  |  |  |         |  |  |  |  |  |-- (*)
|  |  |  |  |         |  |  |  |  |  |  |-- Ttru
|  |  |  |  |         |  |  |  |  |  |  `-- (*)
|  |  |  |  |         |  |  |  |  |  |     |-- (*)
|  |  |  |  |         |  |  |  |  |  |     |  |-- (*)
|  |  |  |  |         |  |  |  |  |  |     |  |  |-- Ddel
|  |  |  |  |         |  |  |  |  |  |     |  |  `-- Tadu
|  |  |  |  |         |  |  |  |  |  |     |  `-- (*)
|  |  |  |  |         |  |  |  |  |  |     |     |-- Scoe
|  |  |  |  |         |  |  |  |  |  |     |     `-- Scly
|  |  |  |  |         |  |  |  |  |  |     `-- Sfro
|  |  |  |  |         |  |  |  |  |  `-- Schi
|  |  |  |  |         |  |  |  |  `--- Satt
|  |  |  |  |         |  |  |  `-- Slon
|  |  |  |  |         |  |  `-- (*)
|  |  |  |  |         |  |     |-- (*)
|  |  |  |  |         |  |     |  |-- (*)
|  |  |  |  |         |  |     |  |  |-- Pcra
|  |  |  |  |         |  |     |  |  `-- (*)
|  |  |  |  |         |  |     |  |     |-- Gmel
|  |  |  |  |         |  |     |  |     `-- Pele
|  |  |  |  |         |  |     |  `-- Ggri
|  |  |  |  |         |  |     `-- Sbre
|  |  |  |  |         |  `-- (*)
|  |  |  |  |         |     |-- (*)
|  |  |  |  |         |     |  |-- Lalb
|  |  |  |  |         |     |  `-- Lacu
|  |  |  |  |         |     `-- (*)
|  |  |  |  |         |        |-- Ccom
|  |  |  |  |         |        `--- Aobl
|  |  |  |  |         `-- Oorc
|  |  |  |  `------ (*)
|  |  |  |         |---------------- Igeo
|  |  |  |         `------ Lvex
|  |  |  `========== (*) [#1]
|  |  |             |---- Zcav
|  |  |             `-- (*)
|  |  |                |-- (*)
|  |  |                |  |-- Mbid
|  |  |                |  `-- (*)
|  |  |                |     |-- (*)
|  |  |                |     |  |-- Mden
|  |  |                |     |  `-- Mste
|  |  |                |     `-- (*)
|  |  |                |        |-- Mmir
|  |  |                |        `-- Meur
|  |  |                `-- Hyamp
|  |  `------ (*)
|  |         |-- Pmin
|  |         `-- Pgan
|  `======= (*) [#1]
|          |-- Pmac
|          `-------------- (*)
|                         |-- Kbre
|                         `-- Ksim
`------ (*)
       |-- (*)
       |  |---- (*)
       |  |    |-- (*)
       |  |    |  |-- (*)
       |  |    |  |  |--- Bmus
       |  |    |  |  `-- (*)
       |  |    |  |     |-- (*)
       |  |    |  |     |  |-- Bbor
       |  |    |  |     |  `-- Bede
       |  |    |  |     `-- Bric
       |  |    |  `-- (*)
       |  |    |     |-- (*)
       |  |    |     |  |-- Bphy
       |  |    |     |  `--- Mnov
       |  |    |     `-- Erob
       |  |    `----- (*)
       |  |          |-- Bacu
       |  |          `-- Bbon
       |  `-------- Cmar
       `---- (*)
            |-- Bmys
            `-- (*)
               |-- Egla
               `-- Eaus

--- PARAMETERS ---
Kappa: 6.044475
Omega: 0.768980
Gamma (background):    0.200899
Gamma (foreground #1): 0.414970  (branches: 2)

End time: 2025-12-13 14:44:07
