
--- MODEL SUMMARY ---
Model used: 1
Sequence file: input/RHO_seq.dat
Tree file: input/RHO.fa.tree
Log likelihood: -3069.229829
np: 109
Start time: 2025-12-15 05:39:51

--- BASE FREQUENCIES ---
T: 0.242124  C: 0.311552  A: 0.203909  G: 0.242415

--- BRANCH LENGTHS ---
Branch  0: 0.159682  (parent node 52 -> leaf Hiamp)
Branch  1: 0.000100  (parent node 52 -> internal node 53)
Branch  2: 0.000100  (parent node 53 -> internal node 54)
Branch  3: 0.010336  (parent node 54 -> internal node 55)
Branch  4: 0.000100  (parent node 55 -> internal node 56)
Branch  5: 0.016353  (parent node 56 -> internal node 57)
Branch  6: 0.008855  (parent node 57 -> internal node 58)
Branch  7: 0.000100  (parent node 58 -> internal node 59)
Branch  8: 0.000100  (parent node 59 -> internal node 60)
Branch  9: 0.002943  (parent node 60 -> leaf Ppho)
Branch 10: 0.000100  (parent node 60 -> leaf Psin)
Branch 11: 0.000100  (parent node 59 -> leaf Nsun)
Branch 12: 0.027357  (parent node 58 -> internal node 61)
Branch 13: 0.000100  (parent node 61 -> leaf Dleu)
Branch 14: 0.000100  (parent node 61 -> leaf Mmon)
Branch 15: 0.015108  (parent node 57 -> internal node 62)
Branch 16: 0.000100  (parent node 62 -> internal node 63)
Branch 17: 0.000100  (parent node 63 -> internal node 64)
Branch 18: 0.000100  (parent node 64 -> internal node 65)
Branch 19: 0.000100  (parent node 65 -> internal node 66)
Branch 20: 0.000100  (parent node 66 -> internal node 67)
Branch 21: 0.000100  (parent node 67 -> internal node 68)
Branch 22: 0.005953  (parent node 68 -> leaf Ttru)
Branch 23: 0.000100  (parent node 68 -> internal node 69)
Branch 24: 0.000100  (parent node 69 -> internal node 70)
Branch 25: 0.000100  (parent node 70 -> internal node 71)
Branch 26: 0.000100  (parent node 71 -> leaf Ddel)
Branch 27: 0.002973  (parent node 71 -> leaf Tadu)
Branch 28: 0.000100  (parent node 70 -> internal node 72)
Branch 29: 0.000100  (parent node 72 -> leaf Scoe)
Branch 30: 0.005962  (parent node 72 -> leaf Scly)
Branch 31: 0.002976  (parent node 69 -> leaf Sfro)
Branch 32: 0.005952  (parent node 67 -> leaf Schi)
Branch 33: 0.011971  (parent node 66 -> leaf Satt)
Branch 34: 0.008943  (parent node 65 -> leaf Slon)
Branch 35: 0.000100  (parent node 64 -> internal node 73)
Branch 36: 0.000100  (parent node 73 -> internal node 74)
Branch 37: 0.000100  (parent node 74 -> internal node 75)
Branch 38: 0.005961  (parent node 75 -> leaf Pcra)
Branch 39: 0.000100  (parent node 75 -> internal node 76)
Branch 40: 0.000100  (parent node 76 -> leaf Gmel)
Branch 41: 0.000100  (parent node 76 -> leaf Pele)
Branch 42: 0.000100  (parent node 74 -> leaf Ggri)
Branch 43: 0.000100  (parent node 73 -> leaf Sbre)
Branch 44: 0.000100  (parent node 63 -> internal node 77)
Branch 45: 0.000100  (parent node 77 -> internal node 78)
Branch 46: 0.002971  (parent node 78 -> leaf Lalb)
Branch 47: 0.008932  (parent node 78 -> leaf Lacu)
Branch 48: 0.002973  (parent node 77 -> internal node 79)
Branch 49: 0.002978  (parent node 79 -> leaf Ccom)
Branch 50: 0.012006  (parent node 79 -> leaf Aobl)
Branch 51: 0.008937  (parent node 62 -> leaf Oorc)
Branch 52: 0.021407  (parent node 56 -> internal node 80)
Branch 53: 0.059415  (parent node 80 -> leaf Igeo)
Branch 54: 0.026005  (parent node 80 -> leaf Lvex)
Branch 55: 0.036955  (parent node 55 -> internal node 81)
Branch 56: 0.015860  (parent node 81 -> leaf Zcav)
Branch 57: 0.005722  (parent node 81 -> internal node 82)
Branch 58: 0.005271  (parent node 82 -> internal node 83)
Branch 59: 0.008861  (parent node 83 -> leaf Mbid)
Branch 60: 0.000100  (parent node 83 -> internal node 84)
Branch 61: 0.000100  (parent node 84 -> internal node 85)
Branch 62: 0.008864  (parent node 85 -> leaf Mden)
Branch 63: 0.002944  (parent node 85 -> leaf Mste)
Branch 64: 0.002943  (parent node 84 -> internal node 86)
Branch 65: 0.002943  (parent node 86 -> leaf Mmir)
Branch 66: 0.000100  (parent node 86 -> leaf Meur)
Branch 67: 0.003611  (parent node 82 -> leaf Hyamp)
Branch 68: 0.022244  (parent node 54 -> internal node 87)
Branch 69: 0.000100  (parent node 87 -> leaf Pmin)
Branch 70: 0.000100  (parent node 87 -> leaf Pgan)
Branch 71: 0.024927  (parent node 53 -> internal node 88)
Branch 72: 0.006423  (parent node 88 -> leaf Pmac)
Branch 73: 0.052679  (parent node 88 -> internal node 89)
Branch 74: 0.002973  (parent node 89 -> leaf Kbre)
Branch 75: 0.000100  (parent node 89 -> leaf Ksim)
Branch 76: 0.024640  (parent node 52 -> internal node 90)
Branch 77: 0.000100  (parent node 90 -> internal node 91)
Branch 78: 0.014340  (parent node 91 -> internal node 92)
Branch 79: 0.000100  (parent node 92 -> internal node 93)
Branch 80: 0.000100  (parent node 93 -> internal node 94)
Branch 81: 0.011850  (parent node 94 -> leaf Bmus)
Branch 82: 0.008850  (parent node 94 -> internal node 95)
Branch 83: 0.000100  (parent node 95 -> internal node 96)
Branch 84: 0.000100  (parent node 96 -> leaf Bbor)
Branch 85: 0.000100  (parent node 96 -> leaf Bede)
Branch 86: 0.000100  (parent node 95 -> leaf Bric)
Branch 87: 0.008860  (parent node 93 -> internal node 97)
Branch 88: 0.000100  (parent node 97 -> internal node 98)
Branch 89: 0.000100  (parent node 98 -> leaf Bphy)
Branch 90: 0.011901  (parent node 98 -> leaf Mnov)
Branch 91: 0.008873  (parent node 97 -> leaf Erob)
Branch 92: 0.017912  (parent node 92 -> internal node 99)
Branch 93: 0.000100  (parent node 99 -> leaf Bacu)
Branch 94: 0.005897  (parent node 99 -> leaf Bbon)
Branch 95: 0.031881  (parent node 91 -> leaf Cmar)
Branch 96: 0.016768  (parent node 90 -> internal node 100)
Branch 97: 0.011172  (parent node 100 -> leaf Bmys)
Branch 98: 0.000100  (parent node 100 -> internal node 101)
Branch 99: 0.000100  (parent node 101 -> leaf Egla)
Branch 100: 0.000100  (parent node 101 -> leaf Eaus)

--- TREE WITH ESTIMATED BRANCH LENGTHS (NEWICK) ---
(Hiamp:0.159682,((((((((Ppho:0.00294337,Psin:0.0001):0.0001,Nsun:0.0001):0.0001,(Dleu:0.0001,Mmon:0.0001):0.0273565):0.00885472,(((((((Ttru:0.00595268,(((Ddel:0.0001,Tadu:0.00297335):0.0001,(Scoe:0.0001,Scly:0.00596235):0.0001):0.0001,Sfro:0.00297604):0.0001):0.0001,Schi:0.00595201):0.0001,Satt:0.0119709):0.0001,Slon:0.00894327):0.0001,(((Pcra:0.00596066,(Gmel:0.0001,Pele:0.0001):0.0001):0.0001,Ggri:0.0001):0.0001,Sbre:0.0001):0.0001):0.0001,((Lalb:0.0029708,Lacu:0.00893179):0.0001,(Ccom:0.00297837,Aobl:0.012006):0.00297276):0.0001):0.0001,Oorc:0.00893729):0.0151078):0.0163535,(Igeo:0.0594149,Lvex:0.0260048):0.021407):0.0001,(Zcav:0.0158602,((Mbid:0.00886136,((Mden:0.00886429,Mste:0.00294442):0.0001,(Mmir:0.002943,Meur:0.0001):0.00294295):0.0001):0.00527146,Hyamp:0.00361141):0.00572189):0.0369545):0.0103357,(Pmin:0.0001,Pgan:0.0001):0.0222443):0.0001,(Pmac:0.00642343,(Kbre:0.00297297,Ksim:0.0001):0.0526793):0.024927):0.0001,(((((Bmus:0.0118497,((Bbor:0.0001,Bede:0.0001):0.0001,Bric:0.0001):0.00884963):0.0001,((Bphy:0.0001,Mnov:0.0119013):0.0001,Erob:0.00887266):0.00885959):0.0001,(Bacu:0.0001,Bbon:0.00589727):0.0179124):0.0143405,Cmar:0.0318812):0.0001,(Bmys:0.0111718,(Egla:0.0001,Eaus:0.0001):0.0001):0.0167683):0.0246398);

--- ASCII PHYLOGRAM (estimated branch lengths) ---

[DEBUG] ASCII phylogram ('-' = background, '=' = foreground)
(root)
|---------------------------------------- Hiamp
|-- (*)
|  |-- (*)
|  |  |--- (*)
|  |  |   |-- (*)
|  |  |   |  |---- (*)
|  |  |   |  |    |-- (*)
|  |  |   |  |    |  |-- (*)
|  |  |   |  |    |  |  |-- (*)
|  |  |   |  |    |  |  |  |-- Ppho
|  |  |   |  |    |  |  |  `-- Psin
|  |  |   |  |    |  |  `-- Nsun
|  |  |   |  |    |  `------- (*)
|  |  |   |  |    |          |-- Dleu
|  |  |   |  |    |          `-- Mmon
|  |  |   |  |    `---- (*)
|  |  |   |  |         |-- (*)
|  |  |   |  |         |  |-- (*)
|  |  |   |  |         |  |  |-- (*)
|  |  |   |  |         |  |  |  |-- (*)
|  |  |   |  |         |  |  |  |  |-- (*)
|  |  |   |  |         |  |  |  |  |  |-- (*)
|  |  |   |  |         |  |  |  |  |  |  |-- Ttru
|  |  |   |  |         |  |  |  |  |  |  `-- (*)
|  |  |   |  |         |  |  |  |  |  |     |-- (*)
|  |  |   |  |         |  |  |  |  |  |     |  |-- (*)
|  |  |   |  |         |  |  |  |  |  |     |  |  |-- Ddel
|  |  |   |  |         |  |  |  |  |  |     |  |  `-- Tadu
|  |  |   |  |         |  |  |  |  |  |     |  `-- (*)
|  |  |   |  |         |  |  |  |  |  |     |     |-- Scoe
|  |  |   |  |         |  |  |  |  |  |     |     `-- Scly
|  |  |   |  |         |  |  |  |  |  |     `-- Sfro
|  |  |   |  |         |  |  |  |  |  `-- Schi
|  |  |   |  |         |  |  |  |  `--- Satt
|  |  |   |  |         |  |  |  `-- Slon
|  |  |   |  |         |  |  `-- (*)
|  |  |   |  |         |  |     |-- (*)
|  |  |   |  |         |  |     |  |-- (*)
|  |  |   |  |         |  |     |  |  |-- Pcra
|  |  |   |  |         |  |     |  |  `-- (*)
|  |  |   |  |         |  |     |  |     |-- Gmel
|  |  |   |  |         |  |     |  |     `-- Pele
|  |  |   |  |         |  |     |  `-- Ggri
|  |  |   |  |         |  |     `-- Sbre
|  |  |   |  |         |  `-- (*)
|  |  |   |  |         |     |-- (*)
|  |  |   |  |         |     |  |-- Lalb
|  |  |   |  |         |     |  `-- Lacu
|  |  |   |  |         |     `-- (*)
|  |  |   |  |         |        |-- Ccom
|  |  |   |  |         |        `--- Aobl
|  |  |   |  |         `-- Oorc
|  |  |   |  `----- (*)
|  |  |   |        |--------------- Igeo
|  |  |   |        `------- Lvex
|  |  |   `========= (*) [#1]
|  |  |             |---- Zcav
|  |  |             `-- (*)
|  |  |                |-- (*)
|  |  |                |  |-- Mbid
|  |  |                |  `-- (*)
|  |  |                |     |-- (*)
|  |  |                |     |  |-- Mden
|  |  |                |     |  `-- Mste
|  |  |                |     `-- (*)
|  |  |                |        |-- Mmir
|  |  |                |        `-- Meur
|  |  |                `-- Hyamp
|  |  `------ (*)
|  |         |-- Pmin
|  |         `-- Pgan
|  `====== (*) [#1]
|         |-- Pmac
|         `------------- (*)
|                       |-- Kbre
|                       `-- Ksim
`------ (*)
       |-- (*)
       |  |---- (*)
       |  |    |-- (*)
       |  |    |  |-- (*)
       |  |    |  |  |--- Bmus
       |  |    |  |  `-- (*)
       |  |    |  |     |-- (*)
       |  |    |  |     |  |-- Bbor
       |  |    |  |     |  `-- Bede
       |  |    |  |     `-- Bric
       |  |    |  `-- (*)
       |  |    |     |-- (*)
       |  |    |     |  |-- Bphy
       |  |    |     |  `--- Mnov
       |  |    |     `-- Erob
       |  |    `---- (*)
       |  |         |-- Bacu
       |  |         `-- Bbon
       |  `-------- Cmar
       `---- (*)
            |--- Bmys
            `-- (*)
               |-- Egla
               `-- Eaus

--- PARAMETERS ---
Kappa: 5.532592
Omega[0]: 0.045250
Omega[1]: 9.749070
Gamma[0][0]: 0.000100
Gamma[0][1]: 1.938282

--- CATEGORY PROBABILITIES ---
P(Omega 0, Gamma 0): 0.584450
P(Omega 0, Gamma 1): 0.154879
P(Omega 1, Gamma 0): 0.160601
P(Omega 1, Gamma 1): 0.100070

--- POSTERIOR PROBABILITIES PER SITE ---
Site    1: C1: 0.808  C2: 0.153  C3: 0.013  C4: 0.026  
Site    2: C1: 0.930  C2: 0.054  C3: 0.008  C4: 0.008  
Site    3: C1: 0.520  C2: 0.132  C3: 0.237  C4: 0.111  
Site    4: C1: 0.847  C2: 0.047  C3: 0.083  C4: 0.022  
Site    5: C1: 0.855  C2: 0.037  C3: 0.089  C4: 0.020  
Site    6: C1: 0.516  C2: 0.120  C3: 0.255  C4: 0.109  
Site    7: C1: 0.000  C2: 0.759  C3: 0.000  C4: 0.241  
Site    8: C1: 0.738  C2: 0.196  C3: 0.023  C4: 0.043  
Site    9: C1: 0.582  C2: 0.093  C3: 0.238  C4: 0.087  
Site   10: C1: 0.853  C2: 0.034  C3: 0.094  C4: 0.019  
Site   11: C1: 0.663  C2: 0.226  C3: 0.045  C4: 0.066  
Site   12: C1: 0.447  C2: 0.128  C3: 0.299  C4: 0.125  
Site   13: C1: 0.582  C2: 0.093  C3: 0.238  C4: 0.087  
Site   14: C1: 0.999  C2: 0.000  C3: 0.001  C4: 0.000  
Site   15: C1: 0.738  C2: 0.196  C3: 0.023  C4: 0.043  
Site   16: C1: 0.000  C2: 0.001  C3: 0.000  C4: 0.999  
Site   17: C1: 0.970  C2: 0.015  C3: 0.013  C4: 0.003  
Site   18: C1: 0.516  C2: 0.120  C3: 0.255  C4: 0.109  
Site   19: C1: 0.663  C2: 0.226  C3: 0.045  C4: 0.066  
Site   20: C1: 0.663  C2: 0.226  C3: 0.045  C4: 0.066  
Site   21: C1: 0.488  C2: 0.115  C3: 0.285  C4: 0.112  
Site   22: C1: 0.712  C2: 0.155  C3: 0.070  C4: 0.064  
Site   23: C1: 0.451  C2: 0.108  C3: 0.324  C4: 0.116  
Site   24: C1: 0.001  C2: 0.623  C3: 0.000  C4: 0.376  
Site   25: C1: 0.579  C2: 0.115  C3: 0.211  C4: 0.095  
Site   26: C1: 0.853  C2: 0.034  C3: 0.094  C4: 0.019  
Site   27: C1: 0.464  C2: 0.124  C3: 0.292  C4: 0.120  
Site   28: C1: 0.557  C2: 0.122  C3: 0.220  C4: 0.101  
Site   29: C1: 0.579  C2: 0.106  C3: 0.223  C4: 0.092  
Site   30: C1: 0.579  C2: 0.106  C3: 0.223  C4: 0.092  
Site   31: C1: 0.410  C2: 0.214  C3: 0.223  C4: 0.153  
Site   32: C1: 0.816  C2: 0.043  C3: 0.116  C4: 0.025  
Site   33: C1: 0.579  C2: 0.115  C3: 0.211  C4: 0.095  
Site   34: C1: 0.786  C2: 0.045  C3: 0.140  C4: 0.028  
Site   35: C1: 0.683  C2: 0.114  C3: 0.131  C4: 0.072  
Site   36: C1: 0.557  C2: 0.122  C3: 0.220  C4: 0.101  
Site   37: C1: 0.582  C2: 0.093  C3: 0.238  C4: 0.087  
Site   38: C1: 0.492  C2: 0.111  C3: 0.287  C4: 0.110  
Site   39: C1: 0.136  C2: 0.010  C3: 0.484  C4: 0.370  
Site   40: C1: 0.410  C2: 0.214  C3: 0.223  C4: 0.153  
Site   41: C1: 0.984  C2: 0.002  C3: 0.013  C4: 0.001  
Site   42: C1: 0.488  C2: 0.115  C3: 0.285  C4: 0.112  
Site   43: C1: 0.579  C2: 0.106  C3: 0.223  C4: 0.092  
Site   44: C1: 0.808  C2: 0.153  C3: 0.013  C4: 0.026  
Site   45: C1: 0.001  C2: 0.621  C3: 0.000  C4: 0.378  
Site   46: C1: 0.932  C2: 0.022  C3: 0.040  C4: 0.007  
Site   47: C1: 0.410  C2: 0.214  C3: 0.223  C4: 0.153  
Site   48: C1: 0.919  C2: 0.074  C3: 0.003  C4: 0.005  
Site   49: C1: 0.003  C2: 0.000  C3: 0.743  C4: 0.254  
Site   50: C1: 1.000  C2: 0.000  C3: 0.000  C4: 0.000  
Site   51: C1: 0.001  C2: 0.632  C3: 0.000  C4: 0.368  
Site   52: C1: 0.582  C2: 0.093  C3: 0.238  C4: 0.087  
Site   53: C1: 0.451  C2: 0.108  C3: 0.324  C4: 0.116  
Site   54: C1: 0.706  C2: 0.261  C3: 0.007  C4: 0.027  
Site   55: C1: 0.738  C2: 0.196  C3: 0.023  C4: 0.043  
Site   56: C1: 0.582  C2: 0.093  C3: 0.238  C4: 0.087  
Site   57: C1: 0.606  C2: 0.160  C3: 0.140  C4: 0.095  
Site   58: C1: 0.964  C2: 0.011  C3: 0.022  C4: 0.003  
Site   59: C1: 0.606  C2: 0.160  C3: 0.140  C4: 0.095  
Site   60: C1: 0.853  C2: 0.034  C3: 0.094  C4: 0.019  
Site   61: C1: 0.677  C2: 0.219  C3: 0.042  C4: 0.062  
Site   62: C1: 0.850  C2: 0.046  C3: 0.082  C4: 0.022  
Site   63: C1: 0.995  C2: 0.003  C3: 0.001  C4: 0.000  
Site   64: C1: 0.557  C2: 0.122  C3: 0.220  C4: 0.101  
Site   65: C1: 0.680  C2: 0.123  C3: 0.123  C4: 0.074  
Site   66: C1: 0.620  C2: 0.131  C3: 0.160  C4: 0.089  
Site   67: C1: 0.620  C2: 0.131  C3: 0.160  C4: 0.089  
Site   68: C1: 0.410  C2: 0.214  C3: 0.223  C4: 0.153  
Site   69: C1: 0.488  C2: 0.115  C3: 0.285  C4: 0.112  
Site   70: C1: 0.557  C2: 0.143  C3: 0.195  C4: 0.105  
Site   71: C1: 0.447  C2: 0.128  C3: 0.299  C4: 0.125  
Site   72: C1: 0.867  C2: 0.052  C3: 0.061  C4: 0.020  
Site   73: C1: 0.738  C2: 0.196  C3: 0.023  C4: 0.043  
Site   74: C1: 0.579  C2: 0.106  C3: 0.223  C4: 0.092  
Site   75: C1: 0.706  C2: 0.261  C3: 0.007  C4: 0.027  
Site   76: C1: 0.410  C2: 0.214  C3: 0.223  C4: 0.153  
Site   77: C1: 0.606  C2: 0.160  C3: 0.140  C4: 0.095  
Site   78: C1: 0.738  C2: 0.196  C3: 0.023  C4: 0.043  
Site   79: C1: 0.410  C2: 0.214  C3: 0.223  C4: 0.153  
Site   80: C1: 0.800  C2: 0.041  C3: 0.133  C4: 0.026  
Site   81: C1: 0.903  C2: 0.067  C3: 0.017  C4: 0.013  
Site   82: C1: 0.800  C2: 0.041  C3: 0.133  C4: 0.026  
Site   83: C1: 0.000  C2: 0.932  C3: 0.000  C4: 0.068  
Site   84: C1: 0.606  C2: 0.160  C3: 0.140  C4: 0.095  
Site   85: C1: 0.582  C2: 0.093  C3: 0.238  C4: 0.087  
Site   86: C1: 0.808  C2: 0.153  C3: 0.013  C4: 0.026  
Site   87: C1: 0.677  C2: 0.219  C3: 0.042  C4: 0.062  
Site   88: C1: 0.000  C2: 0.978  C3: 0.000  C4: 0.022  
Site   89: C1: 0.509  C2: 0.135  C3: 0.242  C4: 0.114  
Site   90: C1: 0.516  C2: 0.120  C3: 0.255  C4: 0.109  
Site   91: C1: 0.582  C2: 0.093  C3: 0.238  C4: 0.087  
Site   92: C1: 0.676  C2: 0.212  C3: 0.047  C4: 0.065  
Site   93: C1: 0.676  C2: 0.212  C3: 0.047  C4: 0.065  
Site   94: C1: 0.001  C2: 0.834  C3: 0.000  C4: 0.165  
Site   95: C1: 0.606  C2: 0.160  C3: 0.140  C4: 0.095  
Site   96: C1: 0.579  C2: 0.106  C3: 0.223  C4: 0.092  
Site   97: C1: 0.676  C2: 0.212  C3: 0.047  C4: 0.065  
Site   98: C1: 0.486  C2: 0.129  C3: 0.268  C4: 0.117  
Site   99: C1: 0.000  C2: 0.044  C3: 0.051  C4: 0.905  
Site  100: C1: 0.212  C2: 0.002  C3: 0.684  C4: 0.101  
Site  101: C1: 0.003  C2: 0.728  C3: 0.000  C4: 0.269  
Site  102: C1: 0.579  C2: 0.106  C3: 0.223  C4: 0.092  
Site  103: C1: 0.582  C2: 0.093  C3: 0.238  C4: 0.087  
Site  104: C1: 0.000  C2: 0.000  C3: 0.986  C4: 0.014  
Site  105: C1: 0.005  C2: 0.716  C3: 0.000  C4: 0.279  
Site  106: C1: 0.520  C2: 0.132  C3: 0.237  C4: 0.111  
Site  107: C1: 0.451  C2: 0.108  C3: 0.324  C4: 0.116  
Site  108: C1: 0.991  C2: 0.002  C3: 0.006  C4: 0.000  
Site  109: C1: 0.816  C2: 0.051  C3: 0.106  C4: 0.027  
Site  110: C1: 0.574  C2: 0.100  C3: 0.235  C4: 0.091  
Site  111: C1: 0.993  C2: 0.005  C3: 0.002  C4: 0.000  
Site  112: C1: 0.000  C2: 0.007  C3: 0.001  C4: 0.992  
Site  113: C1: 0.579  C2: 0.115  C3: 0.211  C4: 0.095  
Site  114: C1: 0.516  C2: 0.120  C3: 0.255  C4: 0.109  
Site  115: C1: 0.582  C2: 0.093  C3: 0.238  C4: 0.087  
Site  116: C1: 0.845  C2: 0.036  C3: 0.099  C4: 0.020  
Site  117: C1: 0.488  C2: 0.115  C3: 0.285  C4: 0.112  
Site  118: C1: 0.676  C2: 0.212  C3: 0.047  C4: 0.065  
Site  119: C1: 0.757  C2: 0.086  C3: 0.118  C4: 0.040  
Site  120: C1: 0.822  C2: 0.041  C3: 0.113  C4: 0.024  
Site  121: C1: 0.509  C2: 0.135  C3: 0.242  C4: 0.114  
Site  122: C1: 0.570  C2: 0.123  C3: 0.208  C4: 0.098  
Site  123: C1: 0.031  C2: 0.000  C3: 0.730  C4: 0.238  
Site  124: C1: 0.488  C2: 0.115  C3: 0.285  C4: 0.112  
Site  125: C1: 0.000  C2: 0.556  C3: 0.170  C4: 0.273  
Site  126: C1: 0.683  C2: 0.114  C3: 0.131  C4: 0.072  
Site  127: C1: 0.808  C2: 0.040  C3: 0.127  C4: 0.025  
Site  128: C1: 0.477  C2: 0.186  C3: 0.206  C4: 0.131  
Site  129: C1: 0.663  C2: 0.226  C3: 0.045  C4: 0.066  
Site  130: C1: 0.677  C2: 0.219  C3: 0.042  C4: 0.062  
Site  131: C1: 0.410  C2: 0.214  C3: 0.223  C4: 0.153  
Site  132: C1: 0.488  C2: 0.115  C3: 0.285  C4: 0.112  
Site  133: C1: 0.981  C2: 0.017  C3: 0.001  C4: 0.001  
Site  134: C1: 0.579  C2: 0.115  C3: 0.211  C4: 0.095  
Site  135: C1: 0.942  C2: 0.013  C3: 0.041  C4: 0.005  
Site  136: C1: 0.579  C2: 0.106  C3: 0.223  C4: 0.092  
Site  137: C1: 0.002  C2: 0.000  C3: 0.761  C4: 0.237  
Site  138: C1: 0.663  C2: 0.226  C3: 0.045  C4: 0.066  
Site  139: C1: 0.663  C2: 0.226  C3: 0.045  C4: 0.066  
Site  140: C1: 0.556  C2: 0.117  C3: 0.228  C4: 0.100  
Site  141: C1: 0.620  C2: 0.131  C3: 0.160  C4: 0.089  
Site  142: C1: 0.775  C2: 0.040  C3: 0.157  C4: 0.028  
Site  143: C1: 0.808  C2: 0.153  C3: 0.013  C4: 0.026  
Site  144: C1: 0.712  C2: 0.155  C3: 0.070  C4: 0.064  
Site  145: C1: 0.738  C2: 0.196  C3: 0.023  C4: 0.043  
Site  146: C1: 0.582  C2: 0.093  C3: 0.238  C4: 0.087  
Site  147: C1: 0.488  C2: 0.115  C3: 0.285  C4: 0.112  
Site  148: C1: 0.582  C2: 0.093  C3: 0.238  C4: 0.087  
Site  149: C1: 0.520  C2: 0.132  C3: 0.237  C4: 0.111  
Site  150: C1: 0.579  C2: 0.115  C3: 0.211  C4: 0.095  
Site  151: C1: 0.005  C2: 0.000  C3: 0.696  C4: 0.299  
Site  152: C1: 0.887  C2: 0.042  C3: 0.055  C4: 0.017  
Site  153: C1: 0.488  C2: 0.115  C3: 0.285  C4: 0.112  
Site  154: C1: 0.706  C2: 0.261  C3: 0.007  C4: 0.027  
Site  155: C1: 0.000  C2: 0.058  C3: 0.000  C4: 0.942  
Site  156: C1: 0.516  C2: 0.120  C3: 0.255  C4: 0.109  
Site  157: C1: 0.877  C2: 0.048  C3: 0.056  C4: 0.019  
Site  158: C1: 0.003  C2: 0.709  C3: 0.000  C4: 0.288  
Site  159: C1: 0.062  C2: 0.004  C3: 0.671  C4: 0.263  
Site  160: C1: 0.995  C2: 0.003  C3: 0.002  C4: 0.000  
Site  161: C1: 0.683  C2: 0.114  C3: 0.131  C4: 0.072  
Site  162: C1: 0.337  C2: 0.028  C3: 0.216  C4: 0.418  
Site  163: C1: 0.808  C2: 0.153  C3: 0.013  C4: 0.026  
Site  164: C1: 0.801  C2: 0.047  C3: 0.124  C4: 0.027  
Site  165: C1: 0.000  C2: 0.803  C3: 0.004  C4: 0.193  
Site  166: C1: 0.800  C2: 0.041  C3: 0.133  C4: 0.026  
Site  167: C1: 0.842  C2: 0.038  C3: 0.099  C4: 0.021  
Site  168: C1: 0.488  C2: 0.115  C3: 0.285  C4: 0.112  
Site  169: C1: 0.003  C2: 0.726  C3: 0.000  C4: 0.271  
Site  170: C1: 0.775  C2: 0.040  C3: 0.157  C4: 0.028  
Site  171: C1: 0.931  C2: 0.010  C3: 0.054  C4: 0.005  
Site  172: C1: 0.606  C2: 0.160  C3: 0.140  C4: 0.095  
Site  173: C1: 0.677  C2: 0.219  C3: 0.042  C4: 0.062  
Site  174: C1: 0.516  C2: 0.120  C3: 0.255  C4: 0.109  
Site  175: C1: 0.683  C2: 0.114  C3: 0.131  C4: 0.072  
Site  176: C1: 0.492  C2: 0.111  C3: 0.287  C4: 0.110  
Site  177: C1: 0.552  C2: 0.124  C3: 0.222  C4: 0.102  
Site  178: C1: 0.579  C2: 0.106  C3: 0.223  C4: 0.092  
Site  179: C1: 0.706  C2: 0.261  C3: 0.007  C4: 0.027  
Site  180: C1: 0.936  C2: 0.012  C3: 0.047  C4: 0.005  
Site  181: C1: 0.579  C2: 0.115  C3: 0.211  C4: 0.095  
Site  182: C1: 0.506  C2: 0.146  C3: 0.230  C4: 0.117  
Site  183: C1: 0.808  C2: 0.153  C3: 0.013  C4: 0.026  
Site  184: C1: 0.557  C2: 0.122  C3: 0.220  C4: 0.101  
Site  185: C1: 0.574  C2: 0.100  C3: 0.235  C4: 0.091  
Site  186: C1: 0.837  C2: 0.050  C3: 0.089  C4: 0.024  
Site  187: C1: 0.959  C2: 0.008  C3: 0.031  C4: 0.003  
Site  188: C1: 0.520  C2: 0.132  C3: 0.237  C4: 0.111  
Site  189: C1: 0.864  C2: 0.003  C3: 0.101  C4: 0.032  
Site  190: C1: 0.585  C2: 0.100  C3: 0.225  C4: 0.089  
Site  191: C1: 0.579  C2: 0.106  C3: 0.223  C4: 0.092  
Site  192: C1: 0.976  C2: 0.005  C3: 0.018  C4: 0.002  
Site  193: C1: 0.959  C2: 0.012  C3: 0.025  C4: 0.003  
Site  194: C1: 0.000  C2: 0.769  C3: 0.000  C4: 0.231  
Site  195: C1: 0.000  C2: 0.054  C3: 0.000  C4: 0.946  
Site  196: C1: 0.996  C2: 0.001  C3: 0.004  C4: 0.000  
Site  197: C1: 0.579  C2: 0.115  C3: 0.211  C4: 0.095  
Site  198: C1: 0.135  C2: 0.010  C3: 0.488  C4: 0.367  
Site  199: C1: 0.738  C2: 0.196  C3: 0.023  C4: 0.043  
Site  200: C1: 0.920  C2: 0.057  C3: 0.014  C4: 0.010  
Site  201: C1: 0.959  C2: 0.009  C3: 0.029  C4: 0.003  
Site  202: C1: 0.492  C2: 0.111  C3: 0.287  C4: 0.110  
Site  203: C1: 0.958  C2: 0.007  C3: 0.032  C4: 0.003  
Site  204: C1: 0.677  C2: 0.219  C3: 0.042  C4: 0.062  
Site  205: C1: 0.330  C2: 0.027  C3: 0.228  C4: 0.416  
Site  206: C1: 0.579  C2: 0.106  C3: 0.223  C4: 0.092  
Site  207: C1: 0.808  C2: 0.153  C3: 0.013  C4: 0.026  
Site  208: C1: 0.856  C2: 0.029  C3: 0.098  C4: 0.018  
Site  209: C1: 0.663  C2: 0.226  C3: 0.045  C4: 0.066  
Site  210: C1: 0.910  C2: 0.063  C3: 0.016  C4: 0.012  
Site  211: C1: 0.680  C2: 0.123  C3: 0.123  C4: 0.074  
Site  212: C1: 0.582  C2: 0.093  C3: 0.238  C4: 0.087  
Site  213: C1: 0.000  C2: 0.749  C3: 0.000  C4: 0.251  
Site  214: C1: 0.706  C2: 0.261  C3: 0.007  C4: 0.027  
Site  215: C1: 0.451  C2: 0.108  C3: 0.324  C4: 0.116  
Site  216: C1: 0.000  C2: 0.906  C3: 0.001  C4: 0.094  
Site  217: C1: 0.015  C2: 0.000  C3: 0.826  C4: 0.160  
Site  218: C1: 0.706  C2: 0.261  C3: 0.007  C4: 0.027  
Site  219: C1: 0.953  C2: 0.043  C3: 0.002  C4: 0.003  
Site  220: C1: 0.001  C2: 0.626  C3: 0.000  C4: 0.373  
Site  221: C1: 0.853  C2: 0.030  C3: 0.100  C4: 0.018  
Site  222: C1: 0.574  C2: 0.100  C3: 0.235  C4: 0.091  
Site  223: C1: 0.999  C2: 0.000  C3: 0.001  C4: 0.000  
Site  224: C1: 0.520  C2: 0.132  C3: 0.237  C4: 0.111  
Site  225: C1: 0.557  C2: 0.122  C3: 0.220  C4: 0.101  
Site  226: C1: 0.757  C2: 0.085  C3: 0.118  C4: 0.040  
Site  227: C1: 0.677  C2: 0.219  C3: 0.042  C4: 0.062  
Site  228: C1: 0.853  C2: 0.030  C3: 0.100  C4: 0.018  
Site  229: C1: 0.624  C2: 0.213  C3: 0.078  C4: 0.085  
Site  230: C1: 0.677  C2: 0.219  C3: 0.042  C4: 0.062  
Site  231: C1: 0.620  C2: 0.131  C3: 0.160  C4: 0.089  
Site  232: C1: 0.579  C2: 0.115  C3: 0.211  C4: 0.095  
Site  233: C1: 0.987  C2: 0.002  C3: 0.010  C4: 0.001  
Site  234: C1: 0.483  C2: 0.132  C3: 0.267  C4: 0.119  
Site  235: C1: 0.800  C2: 0.041  C3: 0.133  C4: 0.026  
Site  236: C1: 0.839  C2: 0.043  C3: 0.095  C4: 0.023  
Site  237: C1: 0.557  C2: 0.122  C3: 0.220  C4: 0.101  
Site  238: C1: 0.843  C2: 0.040  C3: 0.095  C4: 0.022  
Site  239: C1: 0.579  C2: 0.115  C3: 0.211  C4: 0.095  
Site  240: C1: 0.838  C2: 0.051  C3: 0.087  C4: 0.024  
Site  241: C1: 0.800  C2: 0.041  C3: 0.133  C4: 0.026  
Site  242: C1: 0.676  C2: 0.212  C3: 0.047  C4: 0.065  
Site  243: C1: 0.989  C2: 0.003  C3: 0.008  C4: 0.001  
Site  244: C1: 0.557  C2: 0.122  C3: 0.220  C4: 0.101  
Site  245: C1: 0.620  C2: 0.131  C3: 0.160  C4: 0.089  
Site  246: C1: 0.801  C2: 0.041  C3: 0.132  C4: 0.026  
Site  247: C1: 0.579  C2: 0.115  C3: 0.211  C4: 0.095  
Site  248: C1: 0.620  C2: 0.131  C3: 0.160  C4: 0.089  
Site  249: C1: 0.579  C2: 0.115  C3: 0.211  C4: 0.095  
Site  250: C1: 0.677  C2: 0.219  C3: 0.042  C4: 0.062  
Site  251: C1: 0.900  C2: 0.058  C3: 0.027  C4: 0.015  
Site  252: C1: 0.488  C2: 0.115  C3: 0.285  C4: 0.112  
Site  253: C1: 0.808  C2: 0.153  C3: 0.013  C4: 0.026  
Site  254: C1: 0.677  C2: 0.219  C3: 0.042  C4: 0.062  
Site  255: C1: 0.000  C2: 0.000  C3: 0.912  C4: 0.088  
Site  256: C1: 0.706  C2: 0.261  C3: 0.007  C4: 0.027  
Site  257: C1: 0.808  C2: 0.153  C3: 0.013  C4: 0.026  
Site  258: C1: 0.677  C2: 0.219  C3: 0.042  C4: 0.062  
Site  259: C1: 0.001  C2: 0.000  C3: 0.960  C4: 0.040  
Site  260: C1: 0.799  C2: 0.047  C3: 0.127  C4: 0.028  
Site  261: C1: 0.582  C2: 0.093  C3: 0.238  C4: 0.087  
Site  262: C1: 0.410  C2: 0.214  C3: 0.223  C4: 0.153  
Site  263: C1: 0.981  C2: 0.017  C3: 0.001  C4: 0.001  
Site  264: C1: 0.574  C2: 0.100  C3: 0.235  C4: 0.091  
Site  265: C1: 0.683  C2: 0.114  C3: 0.131  C4: 0.072  
Site  266: C1: 0.000  C2: 0.000  C3: 0.864  C4: 0.136  
Site  267: C1: 0.773  C2: 0.040  C3: 0.159  C4: 0.028  
Site  268: C1: 0.957  C2: 0.010  C3: 0.030  C4: 0.003  
Site  269: C1: 0.488  C2: 0.115  C3: 0.285  C4: 0.112  
Site  270: C1: 0.004  C2: 0.839  C3: 0.000  C4: 0.156  
Site  271: C1: 0.122  C2: 0.009  C3: 0.503  C4: 0.366  
Site  272: C1: 0.944  C2: 0.011  C3: 0.040  C4: 0.004  
Site  273: C1: 0.582  C2: 0.093  C3: 0.238  C4: 0.087  
Site  274: C1: 0.579  C2: 0.106  C3: 0.223  C4: 0.092  
Site  275: C1: 0.913  C2: 0.074  C3: 0.005  C4: 0.007  
Site  276: C1: 0.582  C2: 0.093  C3: 0.238  C4: 0.087  
Site  277: C1: 0.000  C2: 0.000  C3: 0.851  C4: 0.149  
Site  278: C1: 0.680  C2: 0.123  C3: 0.123  C4: 0.074  
Site  279: C1: 0.557  C2: 0.122  C3: 0.220  C4: 0.101  
Site  280: C1: 0.516  C2: 0.120  C3: 0.255  C4: 0.109  
Site  281: C1: 0.492  C2: 0.111  C3: 0.287  C4: 0.110  
Site  282: C1: 0.000  C2: 0.946  C3: 0.000  C4: 0.054  
Site  283: C1: 0.845  C2: 0.036  C3: 0.099  C4: 0.020  
Site  284: C1: 0.516  C2: 0.120  C3: 0.255  C4: 0.109  
Site  285: C1: 0.451  C2: 0.108  C3: 0.324  C4: 0.116  
Site  286: C1: 0.706  C2: 0.261  C3: 0.007  C4: 0.027  
Site  287: C1: 0.582  C2: 0.093  C3: 0.238  C4: 0.087  
Site  288: C1: 0.808  C2: 0.153  C3: 0.013  C4: 0.026  
Site  289: C1: 0.676  C2: 0.212  C3: 0.047  C4: 0.065  
Site  290: C1: 0.000  C2: 0.000  C3: 0.842  C4: 0.158  
Site  291: C1: 0.936  C2: 0.012  C3: 0.048  C4: 0.005  
Site  292: C1: 0.000  C2: 0.965  C3: 0.000  C4: 0.035  
Site  293: C1: 0.582  C2: 0.093  C3: 0.238  C4: 0.087  
Site  294: C1: 0.563  C2: 0.111  C3: 0.230  C4: 0.097  
Site  295: C1: 0.488  C2: 0.115  C3: 0.285  C4: 0.112  
Site  296: C1: 0.620  C2: 0.131  C3: 0.160  C4: 0.089  
Site  297: C1: 0.001  C2: 0.568  C3: 0.213  C4: 0.218  
Site  298: C1: 0.941  C2: 0.010  C3: 0.045  C4: 0.004  
Site  299: C1: 0.000  C2: 0.906  C3: 0.000  C4: 0.094  
Site  300: C1: 0.337  C2: 0.028  C3: 0.216  C4: 0.418  
Site  301: C1: 0.579  C2: 0.106  C3: 0.223  C4: 0.092  
Site  302: C1: 0.738  C2: 0.196  C3: 0.023  C4: 0.043  
Site  303: C1: 0.451  C2: 0.108  C3: 0.324  C4: 0.116  
Site  304: C1: 0.677  C2: 0.219  C3: 0.042  C4: 0.062  
Site  305: C1: 0.706  C2: 0.261  C3: 0.007  C4: 0.027  
Site  306: C1: 0.579  C2: 0.106  C3: 0.223  C4: 0.092  
Site  307: C1: 0.706  C2: 0.261  C3: 0.007  C4: 0.027  
Site  308: C1: 0.808  C2: 0.153  C3: 0.013  C4: 0.026  
Site  309: C1: 0.808  C2: 0.153  C3: 0.013  C4: 0.026  
Site  310: C1: 0.738  C2: 0.196  C3: 0.023  C4: 0.043  
Site  311: C1: 0.620  C2: 0.131  C3: 0.160  C4: 0.089  
Site  312: C1: 0.557  C2: 0.122  C3: 0.220  C4: 0.101  
Site  313: C1: 0.582  C2: 0.093  C3: 0.238  C4: 0.087  
Site  314: C1: 0.466  C2: 0.141  C3: 0.268  C4: 0.125  
Site  315: C1: 0.738  C2: 0.196  C3: 0.023  C4: 0.043  
Site  316: C1: 0.574  C2: 0.100  C3: 0.235  C4: 0.091  
Site  317: C1: 0.808  C2: 0.153  C3: 0.013  C4: 0.026  
Site  318: C1: 0.606  C2: 0.160  C3: 0.140  C4: 0.095  
Site  319: C1: 0.908  C2: 0.062  C3: 0.018  C4: 0.012  
Site  320: C1: 0.909  C2: 0.060  C3: 0.019  C4: 0.012  
Site  321: C1: 0.939  C2: 0.020  C3: 0.036  C4: 0.006  
Site  322: C1: 0.574  C2: 0.100  C3: 0.235  C4: 0.091  
Site  323: C1: 0.842  C2: 0.038  C3: 0.099  C4: 0.021  
Site  324: C1: 0.516  C2: 0.120  C3: 0.255  C4: 0.109  
Site  325: C1: 0.001  C2: 0.654  C3: 0.000  C4: 0.345  
Site  326: C1: 0.184  C2: 0.010  C3: 0.453  C4: 0.353  
Site  327: C1: 0.778  C2: 0.051  C3: 0.140  C4: 0.031  
Site  328: C1: 0.410  C2: 0.214  C3: 0.223  C4: 0.153  
Site  329: C1: 0.000  C2: 0.763  C3: 0.000  C4: 0.237  
Site  330: C1: 0.856  C2: 0.032  C3: 0.094  C4: 0.018  
Site  331: C1: 0.957  C2: 0.009  C3: 0.030  C4: 0.003  
Site  332: C1: 0.579  C2: 0.115  C3: 0.211  C4: 0.095  
Site  333: C1: 0.000  C2: 0.917  C3: 0.000  C4: 0.083  
Site  334: C1: 0.492  C2: 0.111  C3: 0.287  C4: 0.110  
Site  335: C1: 0.003  C2: 0.104  C3: 0.660  C4: 0.234  
Site  336: C1: 0.895  C2: 0.065  C3: 0.026  C4: 0.015  
Site  337: C1: 0.488  C2: 0.115  C3: 0.285  C4: 0.112  
Site  338: C1: 0.492  C2: 0.111  C3: 0.287  C4: 0.110  
Site  339: C1: 0.620  C2: 0.131  C3: 0.160  C4: 0.089  
Site  340: C1: 0.624  C2: 0.213  C3: 0.078  C4: 0.085  
Site  341: C1: 0.579  C2: 0.115  C3: 0.211  C4: 0.095  
Site  342: C1: 0.676  C2: 0.212  C3: 0.047  C4: 0.065  
Site  343: C1: 0.712  C2: 0.155  C3: 0.070  C4: 0.064  
Site  344: C1: 0.557  C2: 0.122  C3: 0.220  C4: 0.101  
Site  345: C1: 0.663  C2: 0.226  C3: 0.045  C4: 0.066  
Site  346: C1: 0.497  C2: 0.128  C3: 0.260  C4: 0.115  
Site  347: C1: 0.796  C2: 0.043  C3: 0.134  C4: 0.027  
Site  348: C1: 0.488  C2: 0.115  C3: 0.285  C4: 0.112  

End time: 2025-12-15 06:55:21
