
--- MODEL SUMMARY ---
Model used: 1
Sequence file: input/RHO_seq.dat
Tree file: input/RHO.fa.tree
Log likelihood: -3054.982310
np: 109
Start time: 2025-12-14 22:10:05

--- BASE FREQUENCIES ---
T: 0.236728  C: 0.321482  A: 0.201254  G: 0.240536

--- BRANCH LENGTHS ---
Branch  0: 0.157056  (parent node 52 -> leaf Hiamp)
Branch  1: 0.000100  (parent node 52 -> internal node 53)
Branch  2: 0.000100  (parent node 53 -> internal node 54)
Branch  3: 0.009412  (parent node 54 -> internal node 55)
Branch  4: 0.004514  (parent node 55 -> internal node 56)
Branch  5: 0.013441  (parent node 56 -> internal node 57)
Branch  6: 0.005919  (parent node 57 -> internal node 58)
Branch  7: 0.006750  (parent node 58 -> internal node 59)
Branch  8: 0.000100  (parent node 59 -> internal node 60)
Branch  9: 0.002950  (parent node 60 -> leaf Ppho)
Branch 10: 0.000100  (parent node 60 -> leaf Psin)
Branch 11: 0.003041  (parent node 59 -> leaf Nsun)
Branch 12: 0.023673  (parent node 58 -> internal node 61)
Branch 13: 0.002993  (parent node 61 -> leaf Dleu)
Branch 14: 0.000100  (parent node 61 -> leaf Mmon)
Branch 15: 0.015868  (parent node 57 -> internal node 62)
Branch 16: 0.000100  (parent node 62 -> internal node 63)
Branch 17: 0.000100  (parent node 63 -> internal node 64)
Branch 18: 0.000100  (parent node 64 -> internal node 65)
Branch 19: 0.000100  (parent node 65 -> internal node 66)
Branch 20: 0.000100  (parent node 66 -> internal node 67)
Branch 21: 0.000100  (parent node 67 -> internal node 68)
Branch 22: 0.005996  (parent node 68 -> leaf Ttru)
Branch 23: 0.000100  (parent node 68 -> internal node 69)
Branch 24: 0.000100  (parent node 69 -> internal node 70)
Branch 25: 0.000100  (parent node 70 -> internal node 71)
Branch 26: 0.000100  (parent node 71 -> leaf Ddel)
Branch 27: 0.002998  (parent node 71 -> leaf Tadu)
Branch 28: 0.000100  (parent node 70 -> internal node 72)
Branch 29: 0.002993  (parent node 72 -> leaf Scoe)
Branch 30: 0.005994  (parent node 72 -> leaf Scly)
Branch 31: 0.002998  (parent node 69 -> leaf Sfro)
Branch 32: 0.005995  (parent node 67 -> leaf Schi)
Branch 33: 0.012049  (parent node 66 -> leaf Satt)
Branch 34: 0.009005  (parent node 65 -> leaf Slon)
Branch 35: 0.000100  (parent node 64 -> internal node 73)
Branch 36: 0.000100  (parent node 73 -> internal node 74)
Branch 37: 0.000100  (parent node 74 -> internal node 75)
Branch 38: 0.006005  (parent node 75 -> leaf Pcra)
Branch 39: 0.000100  (parent node 75 -> internal node 76)
Branch 40: 0.000100  (parent node 76 -> leaf Gmel)
Branch 41: 0.000100  (parent node 76 -> leaf Pele)
Branch 42: 0.000100  (parent node 74 -> leaf Ggri)
Branch 43: 0.000100  (parent node 73 -> leaf Sbre)
Branch 44: 0.000100  (parent node 63 -> internal node 77)
Branch 45: 0.000100  (parent node 77 -> internal node 78)
Branch 46: 0.002992  (parent node 78 -> leaf Lalb)
Branch 47: 0.009018  (parent node 78 -> leaf Lacu)
Branch 48: 0.002995  (parent node 77 -> internal node 79)
Branch 49: 0.003002  (parent node 79 -> leaf Ccom)
Branch 50: 0.012083  (parent node 79 -> leaf Aobl)
Branch 51: 0.009025  (parent node 62 -> leaf Oorc)
Branch 52: 0.020608  (parent node 56 -> internal node 80)
Branch 53: 0.059880  (parent node 80 -> leaf Igeo)
Branch 54: 0.024093  (parent node 80 -> leaf Lvex)
Branch 55: 0.035588  (parent node 55 -> internal node 81)
Branch 56: 0.015707  (parent node 81 -> leaf Zcav)
Branch 57: 0.005939  (parent node 81 -> internal node 82)
Branch 58: 0.005271  (parent node 82 -> internal node 83)
Branch 59: 0.008896  (parent node 83 -> leaf Mbid)
Branch 60: 0.000100  (parent node 83 -> internal node 84)
Branch 61: 0.000100  (parent node 84 -> internal node 85)
Branch 62: 0.008898  (parent node 85 -> leaf Mden)
Branch 63: 0.002961  (parent node 85 -> leaf Mste)
Branch 64: 0.002956  (parent node 84 -> internal node 86)
Branch 65: 0.002956  (parent node 86 -> leaf Mmir)
Branch 66: 0.000100  (parent node 86 -> leaf Meur)
Branch 67: 0.003637  (parent node 82 -> leaf Hyamp)
Branch 68: 0.022299  (parent node 54 -> internal node 87)
Branch 69: 0.000100  (parent node 87 -> leaf Pmin)
Branch 70: 0.000100  (parent node 87 -> leaf Pgan)
Branch 71: 0.024505  (parent node 53 -> internal node 88)
Branch 72: 0.006712  (parent node 88 -> leaf Pmac)
Branch 73: 0.051594  (parent node 88 -> internal node 89)
Branch 74: 0.002959  (parent node 89 -> leaf Kbre)
Branch 75: 0.000100  (parent node 89 -> leaf Ksim)
Branch 76: 0.022445  (parent node 52 -> internal node 90)
Branch 77: 0.003040  (parent node 90 -> internal node 91)
Branch 78: 0.015738  (parent node 91 -> internal node 92)
Branch 79: 0.000100  (parent node 92 -> internal node 93)
Branch 80: 0.000100  (parent node 93 -> internal node 94)
Branch 81: 0.012000  (parent node 94 -> leaf Bmus)
Branch 82: 0.008965  (parent node 94 -> internal node 95)
Branch 83: 0.000100  (parent node 95 -> internal node 96)
Branch 84: 0.000100  (parent node 96 -> leaf Bbor)
Branch 85: 0.000100  (parent node 96 -> leaf Bede)
Branch 86: 0.000100  (parent node 95 -> leaf Bric)
Branch 87: 0.008992  (parent node 93 -> internal node 97)
Branch 88: 0.000100  (parent node 97 -> internal node 98)
Branch 89: 0.002989  (parent node 98 -> leaf Bphy)
Branch 90: 0.012045  (parent node 98 -> leaf Mnov)
Branch 91: 0.008994  (parent node 97 -> leaf Erob)
Branch 92: 0.018148  (parent node 92 -> internal node 99)
Branch 93: 0.000100  (parent node 99 -> leaf Bacu)
Branch 94: 0.005989  (parent node 99 -> leaf Bbon)
Branch 95: 0.029645  (parent node 91 -> leaf Cmar)
Branch 96: 0.016026  (parent node 90 -> internal node 100)
Branch 97: 0.009171  (parent node 100 -> leaf Bmys)
Branch 98: 0.002814  (parent node 100 -> internal node 101)
Branch 99: 0.000100  (parent node 101 -> leaf Egla)
Branch 100: 0.000100  (parent node 101 -> leaf Eaus)

--- TREE WITH ESTIMATED BRANCH LENGTHS (NEWICK) ---
(Hiamp:0.157056,((((((((Ppho:0.00294983,Psin:0.0001):0.0001,Nsun:0.00304125):0.00675047,(Dleu:0.00299288,Mmon:0.0001):0.0236734):0.0059193,(((((((Ttru:0.00599597,(((Ddel:0.0001,Tadu:0.00299783):0.0001,(Scoe:0.00299285,Scly:0.00599436):0.0001):0.0001,Sfro:0.0029976):0.0001):0.0001,Schi:0.00599546):0.0001,Satt:0.0120487):0.0001,Slon:0.00900534):0.0001,(((Pcra:0.00600499,(Gmel:0.0001,Pele:0.0001):0.0001):0.0001,Ggri:0.0001):0.0001,Sbre:0.0001):0.0001):0.0001,((Lalb:0.00299218,Lacu:0.00901779):0.0001,(Ccom:0.00300238,Aobl:0.0120829):0.00299457):0.0001):0.0001,Oorc:0.00902537):0.015868):0.0134406,(Igeo:0.05988,Lvex:0.0240934):0.0206082):0.00451449,(Zcav:0.0157075,((Mbid:0.0088959,((Mden:0.0088983,Mste:0.00296123):0.0001,(Mmir:0.00295617,Meur:0.0001):0.00295634):0.0001):0.00527085,Hyamp:0.00363736):0.0059392):0.0355882):0.00941224,(Pmin:0.0001,Pgan:0.0001):0.0222988):0.0001,(Pmac:0.00671188,(Kbre:0.0029586,Ksim:0.0001):0.0515938):0.0245048):0.0001,(((((Bmus:0.0119999,((Bbor:0.0001,Bede:0.0001):0.0001,Bric:0.0001):0.00896493):0.0001,((Bphy:0.00298887,Mnov:0.0120454):0.0001,Erob:0.00899447):0.00899213):0.0001,(Bacu:0.0001,Bbon:0.00598867):0.0181479):0.0157376,Cmar:0.0296448):0.00303996,(Bmys:0.00917081,(Egla:0.0001,Eaus:0.0001):0.00281443):0.0160265):0.0224452);

--- ASCII PHYLOGRAM (estimated branch lengths) ---

[DEBUG] ASCII phylogram ('-' = background, '=' = foreground)
(root)
|---------------------------------------- Hiamp
|-- (*)
|  |-- (*)
|  |  |-- (*)
|  |  |  |-- (*)
|  |  |  |  |--- (*)
|  |  |  |  |   |-- (*)
|  |  |  |  |   |  |-- (*)
|  |  |  |  |   |  |  |-- (*)
|  |  |  |  |   |  |  |  |-- Ppho
|  |  |  |  |   |  |  |  `-- Psin
|  |  |  |  |   |  |  `-- Nsun
|  |  |  |  |   |  `------ (*)
|  |  |  |  |   |         |-- Dleu
|  |  |  |  |   |         `-- Mmon
|  |  |  |  |   `---- (*)
|  |  |  |  |        |-- (*)
|  |  |  |  |        |  |-- (*)
|  |  |  |  |        |  |  |-- (*)
|  |  |  |  |        |  |  |  |-- (*)
|  |  |  |  |        |  |  |  |  |-- (*)
|  |  |  |  |        |  |  |  |  |  |-- (*)
|  |  |  |  |        |  |  |  |  |  |  |-- Ttru
|  |  |  |  |        |  |  |  |  |  |  `-- (*)
|  |  |  |  |        |  |  |  |  |  |     |-- (*)
|  |  |  |  |        |  |  |  |  |  |     |  |-- (*)
|  |  |  |  |        |  |  |  |  |  |     |  |  |-- Ddel
|  |  |  |  |        |  |  |  |  |  |     |  |  `-- Tadu
|  |  |  |  |        |  |  |  |  |  |     |  `-- (*)
|  |  |  |  |        |  |  |  |  |  |     |     |-- Scoe
|  |  |  |  |        |  |  |  |  |  |     |     `-- Scly
|  |  |  |  |        |  |  |  |  |  |     `-- Sfro
|  |  |  |  |        |  |  |  |  |  `-- Schi
|  |  |  |  |        |  |  |  |  `--- Satt
|  |  |  |  |        |  |  |  `-- Slon
|  |  |  |  |        |  |  `-- (*)
|  |  |  |  |        |  |     |-- (*)
|  |  |  |  |        |  |     |  |-- (*)
|  |  |  |  |        |  |     |  |  |-- Pcra
|  |  |  |  |        |  |     |  |  `-- (*)
|  |  |  |  |        |  |     |  |     |-- Gmel
|  |  |  |  |        |  |     |  |     `-- Pele
|  |  |  |  |        |  |     |  `-- Ggri
|  |  |  |  |        |  |     `-- Sbre
|  |  |  |  |        |  `-- (*)
|  |  |  |  |        |     |-- (*)
|  |  |  |  |        |     |  |-- Lalb
|  |  |  |  |        |     |  `-- Lacu
|  |  |  |  |        |     `-- (*)
|  |  |  |  |        |        |-- Ccom
|  |  |  |  |        |        `--- Aobl
|  |  |  |  |        `-- Oorc
|  |  |  |  `----- (*)
|  |  |  |        |--------------- Igeo
|  |  |  |        `------ Lvex
|  |  |  `========= (*) [#1]
|  |  |            |---- Zcav
|  |  |            `-- (*)
|  |  |               |-- (*)
|  |  |               |  |-- Mbid
|  |  |               |  `-- (*)
|  |  |               |     |-- (*)
|  |  |               |     |  |-- Mden
|  |  |               |     |  `-- Mste
|  |  |               |     `-- (*)
|  |  |               |        |-- Mmir
|  |  |               |        `-- Meur
|  |  |               `-- Hyamp
|  |  `------ (*)
|  |         |-- Pmin
|  |         `-- Pgan
|  `====== (*) [#1]
|         |-- Pmac
|         `------------- (*)
|                       |-- Kbre
|                       `-- Ksim
`------ (*)
       |-- (*)
       |  |---- (*)
       |  |    |-- (*)
       |  |    |  |-- (*)
       |  |    |  |  |--- Bmus
       |  |    |  |  `-- (*)
       |  |    |  |     |-- (*)
       |  |    |  |     |  |-- Bbor
       |  |    |  |     |  `-- Bede
       |  |    |  |     `-- Bric
       |  |    |  `-- (*)
       |  |    |     |-- (*)
       |  |    |     |  |-- Bphy
       |  |    |     |  `--- Mnov
       |  |    |     `-- Erob
       |  |    `----- (*)
       |  |          |-- Bacu
       |  |          `-- Bbon
       |  `-------- Cmar
       `---- (*)
            |-- Bmys
            `-- (*)
               |-- Egla
               `-- Eaus

--- PARAMETERS ---
Kappa: 6.691323
Omega[0]: 0.000100
Omega[1]: 3.902031
Gamma[0][0]: 0.000100
Gamma[0][1]: 1.000100

--- CATEGORY PROBABILITIES ---
P(Omega 0, Gamma 0): 0.578632
P(Omega 0, Gamma 1): 0.143800
P(Omega 1, Gamma 0): 0.204975
P(Omega 1, Gamma 1): 0.072594

--- POSTERIOR PROBABILITIES PER SITE ---
Site    1: C1: 0.750  C2: 0.186  C3: 0.040  C4: 0.023  
Site    2: C1: 0.859  C2: 0.114  C3: 0.019  C4: 0.008  
Site    3: C1: 0.535  C2: 0.118  C3: 0.266  C4: 0.082  
Site    4: C1: 0.819  C2: 0.087  C3: 0.074  C4: 0.020  
Site    5: C1: 0.849  C2: 0.084  C3: 0.053  C4: 0.015  
Site    6: C1: 0.603  C2: 0.151  C3: 0.180  C4: 0.067  
Site    7: C1: 0.000  C2: 0.875  C3: 0.000  C4: 0.125  
Site    8: C1: 0.691  C2: 0.217  C3: 0.059  C4: 0.033  
Site    9: C1: 0.695  C2: 0.164  C3: 0.098  C4: 0.043  
Site   10: C1: 0.833  C2: 0.059  C3: 0.089  C4: 0.019  
Site   11: C1: 0.604  C2: 0.168  C3: 0.163  C4: 0.065  
Site   12: C1: 0.469  C2: 0.114  C3: 0.322  C4: 0.095  
Site   13: C1: 0.695  C2: 0.164  C3: 0.098  C4: 0.043  
Site   14: C1: 0.996  C2: 0.003  C3: 0.001  C4: 0.000  
Site   15: C1: 0.691  C2: 0.217  C3: 0.059  C4: 0.033  
Site   16: C1: 0.000  C2: 0.000  C3: 0.002  C4: 0.998  
Site   17: C1: 0.929  C2: 0.044  C3: 0.023  C4: 0.005  
Site   18: C1: 0.603  C2: 0.151  C3: 0.180  C4: 0.067  
Site   19: C1: 0.604  C2: 0.168  C3: 0.163  C4: 0.065  
Site   20: C1: 0.604  C2: 0.168  C3: 0.163  C4: 0.065  
Site   21: C1: 0.502  C2: 0.094  C3: 0.318  C4: 0.085  
Site   22: C1: 0.691  C2: 0.184  C3: 0.085  C4: 0.041  
Site   23: C1: 0.489  C2: 0.097  C3: 0.326  C4: 0.088  
Site   24: C1: 0.001  C2: 0.884  C3: 0.000  C4: 0.115  
Site   25: C1: 0.638  C2: 0.149  C3: 0.154  C4: 0.059  
Site   26: C1: 0.833  C2: 0.059  C3: 0.089  C4: 0.019  
Site   27: C1: 0.487  C2: 0.111  C3: 0.311  C4: 0.091  
Site   28: C1: 0.603  C2: 0.145  C3: 0.185  C4: 0.067  
Site   29: C1: 0.588  C2: 0.099  C3: 0.243  C4: 0.069  
Site   30: C1: 0.588  C2: 0.099  C3: 0.243  C4: 0.069  
Site   31: C1: 0.416  C2: 0.165  C3: 0.308  C4: 0.111  
Site   32: C1: 0.791  C2: 0.069  C3: 0.115  C4: 0.025  
Site   33: C1: 0.638  C2: 0.149  C3: 0.154  C4: 0.059  
Site   34: C1: 0.772  C2: 0.074  C3: 0.126  C4: 0.027  
Site   35: C1: 0.708  C2: 0.176  C3: 0.079  C4: 0.038  
Site   36: C1: 0.603  C2: 0.145  C3: 0.185  C4: 0.067  
Site   37: C1: 0.695  C2: 0.164  C3: 0.098  C4: 0.043  
Site   38: C1: 0.498  C2: 0.088  C3: 0.330  C4: 0.085  
Site   39: C1: 0.000  C2: 0.000  C3: 0.766  C4: 0.234  
Site   40: C1: 0.416  C2: 0.165  C3: 0.308  C4: 0.111  
Site   41: C1: 0.974  C2: 0.014  C3: 0.011  C4: 0.001  
Site   42: C1: 0.502  C2: 0.094  C3: 0.318  C4: 0.085  
Site   43: C1: 0.588  C2: 0.099  C3: 0.243  C4: 0.069  
Site   44: C1: 0.750  C2: 0.186  C3: 0.040  C4: 0.023  
Site   45: C1: 0.001  C2: 0.000  C3: 0.755  C4: 0.244  
Site   46: C1: 0.889  C2: 0.061  C3: 0.042  C4: 0.008  
Site   47: C1: 0.416  C2: 0.165  C3: 0.308  C4: 0.111  
Site   48: C1: 0.853  C2: 0.116  C3: 0.022  C4: 0.009  
Site   49: C1: 0.000  C2: 0.000  C3: 0.819  C4: 0.181  
Site   50: C1: 0.998  C2: 0.001  C3: 0.000  C4: 0.000  
Site   51: C1: 0.000  C2: 0.000  C3: 0.784  C4: 0.215  
Site   52: C1: 0.695  C2: 0.164  C3: 0.098  C4: 0.043  
Site   53: C1: 0.489  C2: 0.097  C3: 0.326  C4: 0.088  
Site   54: C1: 0.677  C2: 0.219  C3: 0.067  C4: 0.037  
Site   55: C1: 0.691  C2: 0.217  C3: 0.059  C4: 0.033  
Site   56: C1: 0.695  C2: 0.164  C3: 0.098  C4: 0.043  
Site   57: C1: 0.614  C2: 0.159  C3: 0.164  C4: 0.063  
Site   58: C1: 0.937  C2: 0.039  C3: 0.020  C4: 0.004  
Site   59: C1: 0.614  C2: 0.159  C3: 0.164  C4: 0.063  
Site   60: C1: 0.833  C2: 0.059  C3: 0.089  C4: 0.019  
Site   61: C1: 0.636  C2: 0.180  C3: 0.129  C4: 0.056  
Site   62: C1: 0.823  C2: 0.086  C3: 0.073  C4: 0.019  
Site   63: C1: 0.975  C2: 0.021  C3: 0.003  C4: 0.001  
Site   64: C1: 0.603  C2: 0.145  C3: 0.185  C4: 0.067  
Site   65: C1: 0.630  C2: 0.103  C3: 0.206  C4: 0.061  
Site   66: C1: 0.651  C2: 0.166  C3: 0.130  C4: 0.054  
Site   67: C1: 0.651  C2: 0.166  C3: 0.130  C4: 0.054  
Site   68: C1: 0.416  C2: 0.165  C3: 0.308  C4: 0.111  
Site   69: C1: 0.502  C2: 0.094  C3: 0.318  C4: 0.085  
Site   70: C1: 0.579  C2: 0.145  C3: 0.203  C4: 0.072  
Site   71: C1: 0.469  C2: 0.114  C3: 0.322  C4: 0.095  
Site   72: C1: 0.828  C2: 0.093  C3: 0.061  C4: 0.017  
Site   73: C1: 0.691  C2: 0.217  C3: 0.059  C4: 0.033  
Site   74: C1: 0.588  C2: 0.099  C3: 0.243  C4: 0.069  
Site   75: C1: 0.677  C2: 0.219  C3: 0.067  C4: 0.037  
Site   76: C1: 0.416  C2: 0.165  C3: 0.308  C4: 0.111  
Site   77: C1: 0.614  C2: 0.159  C3: 0.164  C4: 0.063  
Site   78: C1: 0.691  C2: 0.217  C3: 0.059  C4: 0.033  
Site   79: C1: 0.416  C2: 0.165  C3: 0.308  C4: 0.111  
Site   80: C1: 0.782  C2: 0.063  C3: 0.129  C4: 0.026  
Site   81: C1: 0.828  C2: 0.097  C3: 0.058  C4: 0.017  
Site   82: C1: 0.782  C2: 0.063  C3: 0.129  C4: 0.026  
Site   83: C1: 0.000  C2: 0.000  C3: 0.823  C4: 0.177  
Site   84: C1: 0.614  C2: 0.159  C3: 0.164  C4: 0.063  
Site   85: C1: 0.695  C2: 0.164  C3: 0.098  C4: 0.043  
Site   86: C1: 0.750  C2: 0.186  C3: 0.040  C4: 0.023  
Site   87: C1: 0.636  C2: 0.180  C3: 0.129  C4: 0.056  
Site   88: C1: 0.000  C2: 0.000  C3: 0.964  C4: 0.036  
Site   89: C1: 0.572  C2: 0.155  C3: 0.199  C4: 0.074  
Site   90: C1: 0.603  C2: 0.151  C3: 0.180  C4: 0.067  
Site   91: C1: 0.695  C2: 0.164  C3: 0.098  C4: 0.043  
Site   92: C1: 0.601  C2: 0.140  C3: 0.191  C4: 0.067  
Site   93: C1: 0.601  C2: 0.140  C3: 0.191  C4: 0.067  
Site   94: C1: 0.001  C2: 0.821  C3: 0.000  C4: 0.179  
Site   95: C1: 0.614  C2: 0.159  C3: 0.164  C4: 0.063  
Site   96: C1: 0.588  C2: 0.099  C3: 0.243  C4: 0.069  
Site   97: C1: 0.601  C2: 0.140  C3: 0.191  C4: 0.067  
Site   98: C1: 0.488  C2: 0.105  C3: 0.317  C4: 0.090  
Site   99: C1: 0.000  C2: 0.000  C3: 0.920  C4: 0.080  
Site  100: C1: 0.001  C2: 0.000  C3: 0.857  C4: 0.142  
Site  101: C1: 0.002  C2: 0.857  C3: 0.000  C4: 0.141  
Site  102: C1: 0.588  C2: 0.099  C3: 0.243  C4: 0.069  
Site  103: C1: 0.695  C2: 0.164  C3: 0.098  C4: 0.043  
Site  104: C1: 0.000  C2: 0.000  C3: 0.947  C4: 0.053  
Site  105: C1: 0.002  C2: 0.000  C3: 0.806  C4: 0.192  
Site  106: C1: 0.535  C2: 0.118  C3: 0.266  C4: 0.082  
Site  107: C1: 0.489  C2: 0.097  C3: 0.326  C4: 0.088  
Site  108: C1: 0.976  C2: 0.017  C3: 0.005  C4: 0.001  
Site  109: C1: 0.784  C2: 0.080  C3: 0.111  C4: 0.026  
Site  110: C1: 0.623  C2: 0.112  C3: 0.202  C4: 0.063  
Site  111: C1: 0.965  C2: 0.031  C3: 0.003  C4: 0.001  
Site  112: C1: 0.000  C2: 0.000  C3: 0.001  C4: 0.999  
Site  113: C1: 0.638  C2: 0.149  C3: 0.154  C4: 0.059  
Site  114: C1: 0.603  C2: 0.151  C3: 0.180  C4: 0.067  
Site  115: C1: 0.695  C2: 0.164  C3: 0.098  C4: 0.043  
Site  116: C1: 0.850  C2: 0.093  C3: 0.043  C4: 0.013  
Site  117: C1: 0.502  C2: 0.094  C3: 0.318  C4: 0.085  
Site  118: C1: 0.601  C2: 0.140  C3: 0.191  C4: 0.067  
Site  119: C1: 0.709  C2: 0.119  C3: 0.136  C4: 0.036  
Site  120: C1: 0.834  C2: 0.086  C3: 0.063  C4: 0.017  
Site  121: C1: 0.572  C2: 0.155  C3: 0.199  C4: 0.074  
Site  122: C1: 0.622  C2: 0.153  C3: 0.163  C4: 0.062  
Site  123: C1: 0.000  C2: 0.000  C3: 0.832  C4: 0.168  
Site  124: C1: 0.502  C2: 0.094  C3: 0.318  C4: 0.085  
Site  125: C1: 0.000  C2: 0.000  C3: 0.787  C4: 0.213  
Site  126: C1: 0.708  C2: 0.176  C3: 0.079  C4: 0.038  
Site  127: C1: 0.789  C2: 0.060  C3: 0.126  C4: 0.025  
Site  128: C1: 0.538  C2: 0.242  C3: 0.147  C4: 0.073  
Site  129: C1: 0.604  C2: 0.168  C3: 0.163  C4: 0.065  
Site  130: C1: 0.636  C2: 0.180  C3: 0.129  C4: 0.056  
Site  131: C1: 0.416  C2: 0.165  C3: 0.308  C4: 0.111  
Site  132: C1: 0.502  C2: 0.094  C3: 0.318  C4: 0.085  
Site  133: C1: 0.937  C2: 0.054  C3: 0.007  C4: 0.002  
Site  134: C1: 0.638  C2: 0.149  C3: 0.154  C4: 0.059  
Site  135: C1: 0.924  C2: 0.046  C3: 0.025  C4: 0.005  
Site  136: C1: 0.588  C2: 0.099  C3: 0.243  C4: 0.069  
Site  137: C1: 0.000  C2: 0.000  C3: 0.824  C4: 0.176  
Site  138: C1: 0.604  C2: 0.168  C3: 0.163  C4: 0.065  
Site  139: C1: 0.604  C2: 0.168  C3: 0.163  C4: 0.065  
Site  140: C1: 0.587  C2: 0.125  C3: 0.217  C4: 0.071  
Site  141: C1: 0.651  C2: 0.166  C3: 0.130  C4: 0.054  
Site  142: C1: 0.777  C2: 0.064  C3: 0.132  C4: 0.026  
Site  143: C1: 0.750  C2: 0.186  C3: 0.040  C4: 0.023  
Site  144: C1: 0.691  C2: 0.184  C3: 0.085  C4: 0.041  
Site  145: C1: 0.691  C2: 0.217  C3: 0.059  C4: 0.033  
Site  146: C1: 0.695  C2: 0.164  C3: 0.098  C4: 0.043  
Site  147: C1: 0.502  C2: 0.094  C3: 0.318  C4: 0.085  
Site  148: C1: 0.695  C2: 0.164  C3: 0.098  C4: 0.043  
Site  149: C1: 0.535  C2: 0.118  C3: 0.266  C4: 0.082  
Site  150: C1: 0.638  C2: 0.149  C3: 0.154  C4: 0.059  
Site  151: C1: 0.000  C2: 0.000  C3: 0.765  C4: 0.235  
Site  152: C1: 0.831  C2: 0.070  C3: 0.081  C4: 0.019  
Site  153: C1: 0.502  C2: 0.094  C3: 0.318  C4: 0.085  
Site  154: C1: 0.677  C2: 0.219  C3: 0.067  C4: 0.037  
Site  155: C1: 0.000  C2: 0.000  C3: 0.764  C4: 0.236  
Site  156: C1: 0.603  C2: 0.151  C3: 0.180  C4: 0.067  
Site  157: C1: 0.838  C2: 0.089  C3: 0.056  C4: 0.016  
Site  158: C1: 0.002  C2: 0.845  C3: 0.000  C4: 0.153  
Site  159: C1: 0.000  C2: 0.000  C3: 0.773  C4: 0.226  
Site  160: C1: 0.977  C2: 0.017  C3: 0.005  C4: 0.001  
Site  161: C1: 0.708  C2: 0.176  C3: 0.079  C4: 0.038  
Site  162: C1: 0.001  C2: 0.000  C3: 0.713  C4: 0.286  
Site  163: C1: 0.750  C2: 0.186  C3: 0.040  C4: 0.023  
Site  164: C1: 0.775  C2: 0.074  C3: 0.124  C4: 0.027  
Site  165: C1: 0.000  C2: 0.000  C3: 0.822  C4: 0.178  
Site  166: C1: 0.782  C2: 0.063  C3: 0.129  C4: 0.026  
Site  167: C1: 0.828  C2: 0.074  C3: 0.079  C4: 0.019  
Site  168: C1: 0.502  C2: 0.094  C3: 0.318  C4: 0.085  
Site  169: C1: 0.002  C2: 0.859  C3: 0.000  C4: 0.139  
Site  170: C1: 0.777  C2: 0.065  C3: 0.132  C4: 0.026  
Site  171: C1: 0.921  C2: 0.032  C3: 0.041  C4: 0.006  
Site  172: C1: 0.614  C2: 0.159  C3: 0.164  C4: 0.063  
Site  173: C1: 0.636  C2: 0.180  C3: 0.129  C4: 0.056  
Site  174: C1: 0.603  C2: 0.151  C3: 0.180  C4: 0.067  
Site  175: C1: 0.708  C2: 0.176  C3: 0.079  C4: 0.038  
Site  176: C1: 0.498  C2: 0.088  C3: 0.330  C4: 0.085  
Site  177: C1: 0.560  C2: 0.115  C3: 0.249  C4: 0.076  
Site  178: C1: 0.588  C2: 0.099  C3: 0.243  C4: 0.069  
Site  179: C1: 0.677  C2: 0.219  C3: 0.067  C4: 0.037  
Site  180: C1: 0.917  C2: 0.038  C3: 0.039  C4: 0.006  
Site  181: C1: 0.638  C2: 0.149  C3: 0.154  C4: 0.059  
Site  182: C1: 0.510  C2: 0.123  C3: 0.280  C4: 0.087  
Site  183: C1: 0.750  C2: 0.186  C3: 0.040  C4: 0.023  
Site  184: C1: 0.603  C2: 0.145  C3: 0.185  C4: 0.067  
Site  185: C1: 0.623  C2: 0.112  C3: 0.202  C4: 0.063  
Site  186: C1: 0.813  C2: 0.092  C3: 0.075  C4: 0.020  
Site  187: C1: 0.947  C2: 0.030  C3: 0.020  C4: 0.003  
Site  188: C1: 0.535  C2: 0.118  C3: 0.266  C4: 0.082  
Site  189: C1: 0.008  C2: 0.000  C3: 0.827  C4: 0.164  
Site  190: C1: 0.672  C2: 0.148  C3: 0.130  C4: 0.051  
Site  191: C1: 0.588  C2: 0.099  C3: 0.243  C4: 0.069  
Site  192: C1: 0.942  C2: 0.028  C3: 0.026  C4: 0.004  
Site  193: C1: 0.932  C2: 0.042  C3: 0.022  C4: 0.004  
Site  194: C1: 0.000  C2: 0.905  C3: 0.000  C4: 0.095  
Site  195: C1: 0.000  C2: 0.090  C3: 0.000  C4: 0.910  
Site  196: C1: 0.990  C2: 0.007  C3: 0.003  C4: 0.000  
Site  197: C1: 0.638  C2: 0.149  C3: 0.154  C4: 0.059  
Site  198: C1: 0.000  C2: 0.000  C3: 0.755  C4: 0.244  
Site  199: C1: 0.691  C2: 0.217  C3: 0.059  C4: 0.033  
Site  200: C1: 0.848  C2: 0.112  C3: 0.028  C4: 0.011  
Site  201: C1: 0.942  C2: 0.039  C3: 0.015  C4: 0.003  
Site  202: C1: 0.498  C2: 0.088  C3: 0.330  C4: 0.085  
Site  203: C1: 0.948  C2: 0.040  C3: 0.009  C4: 0.002  
Site  204: C1: 0.636  C2: 0.180  C3: 0.129  C4: 0.056  
Site  205: C1: 0.001  C2: 0.000  C3: 0.714  C4: 0.285  
Site  206: C1: 0.588  C2: 0.099  C3: 0.243  C4: 0.069  
Site  207: C1: 0.750  C2: 0.186  C3: 0.040  C4: 0.023  
Site  208: C1: 0.873  C2: 0.086  C3: 0.031  C4: 0.010  
Site  209: C1: 0.604  C2: 0.168  C3: 0.163  C4: 0.065  
Site  210: C1: 0.843  C2: 0.099  C3: 0.044  C4: 0.014  
Site  211: C1: 0.630  C2: 0.103  C3: 0.206  C4: 0.061  
Site  212: C1: 0.695  C2: 0.164  C3: 0.098  C4: 0.043  
Site  213: C1: 0.000  C2: 0.852  C3: 0.000  C4: 0.148  
Site  214: C1: 0.677  C2: 0.219  C3: 0.067  C4: 0.037  
Site  215: C1: 0.489  C2: 0.097  C3: 0.326  C4: 0.088  
Site  216: C1: 0.000  C2: 0.000  C3: 0.840  C4: 0.160  
Site  217: C1: 0.000  C2: 0.000  C3: 0.848  C4: 0.152  
Site  218: C1: 0.677  C2: 0.219  C3: 0.067  C4: 0.037  
Site  219: C1: 0.862  C2: 0.107  C3: 0.023  C4: 0.009  
Site  220: C1: 0.001  C2: 0.000  C3: 0.754  C4: 0.245  
Site  221: C1: 0.871  C2: 0.087  C3: 0.032  C4: 0.010  
Site  222: C1: 0.623  C2: 0.112  C3: 0.202  C4: 0.063  
Site  223: C1: 0.997  C2: 0.002  C3: 0.000  C4: 0.000  
Site  224: C1: 0.535  C2: 0.118  C3: 0.266  C4: 0.082  
Site  225: C1: 0.603  C2: 0.145  C3: 0.185  C4: 0.067  
Site  226: C1: 0.710  C2: 0.119  C3: 0.135  C4: 0.036  
Site  227: C1: 0.636  C2: 0.180  C3: 0.129  C4: 0.056  
Site  228: C1: 0.871  C2: 0.087  C3: 0.032  C4: 0.010  
Site  229: C1: 0.558  C2: 0.150  C3: 0.215  C4: 0.077  
Site  230: C1: 0.636  C2: 0.180  C3: 0.129  C4: 0.056  
Site  231: C1: 0.651  C2: 0.166  C3: 0.130  C4: 0.054  
Site  232: C1: 0.638  C2: 0.149  C3: 0.154  C4: 0.059  
Site  233: C1: 0.976  C2: 0.015  C3: 0.009  C4: 0.001  
Site  234: C1: 0.490  C2: 0.111  C3: 0.309  C4: 0.090  
Site  235: C1: 0.784  C2: 0.062  C3: 0.128  C4: 0.025  
Site  236: C1: 0.823  C2: 0.088  C3: 0.070  C4: 0.019  
Site  237: C1: 0.603  C2: 0.145  C3: 0.185  C4: 0.067  
Site  238: C1: 0.832  C2: 0.085  C3: 0.066  C4: 0.018  
Site  239: C1: 0.638  C2: 0.149  C3: 0.154  C4: 0.059  
Site  240: C1: 0.813  C2: 0.094  C3: 0.073  C4: 0.020  
Site  241: C1: 0.782  C2: 0.063  C3: 0.129  C4: 0.026  
Site  242: C1: 0.601  C2: 0.140  C3: 0.191  C4: 0.067  
Site  243: C1: 0.975  C2: 0.018  C3: 0.006  C4: 0.001  
Site  244: C1: 0.603  C2: 0.145  C3: 0.185  C4: 0.067  
Site  245: C1: 0.651  C2: 0.166  C3: 0.130  C4: 0.054  
Site  246: C1: 0.784  C2: 0.063  C3: 0.128  C4: 0.025  
Site  247: C1: 0.638  C2: 0.149  C3: 0.154  C4: 0.059  
Site  248: C1: 0.651  C2: 0.166  C3: 0.130  C4: 0.054  
Site  249: C1: 0.638  C2: 0.149  C3: 0.154  C4: 0.059  
Site  250: C1: 0.636  C2: 0.180  C3: 0.129  C4: 0.056  
Site  251: C1: 0.825  C2: 0.085  C3: 0.072  C4: 0.019  
Site  252: C1: 0.502  C2: 0.094  C3: 0.318  C4: 0.085  
Site  253: C1: 0.750  C2: 0.186  C3: 0.040  C4: 0.023  
Site  254: C1: 0.636  C2: 0.180  C3: 0.129  C4: 0.056  
Site  255: C1: 0.000  C2: 0.000  C3: 0.896  C4: 0.104  
Site  256: C1: 0.677  C2: 0.219  C3: 0.067  C4: 0.037  
Site  257: C1: 0.750  C2: 0.186  C3: 0.040  C4: 0.023  
Site  258: C1: 0.636  C2: 0.180  C3: 0.129  C4: 0.056  
Site  259: C1: 0.000  C2: 0.000  C3: 0.915  C4: 0.085  
Site  260: C1: 0.773  C2: 0.073  C3: 0.126  C4: 0.027  
Site  261: C1: 0.695  C2: 0.164  C3: 0.098  C4: 0.043  
Site  262: C1: 0.416  C2: 0.165  C3: 0.308  C4: 0.111  
Site  263: C1: 0.938  C2: 0.054  C3: 0.006  C4: 0.002  
Site  264: C1: 0.623  C2: 0.112  C3: 0.202  C4: 0.063  
Site  265: C1: 0.708  C2: 0.176  C3: 0.079  C4: 0.038  
Site  266: C1: 0.000  C2: 0.000  C3: 0.863  C4: 0.137  
Site  267: C1: 0.776  C2: 0.065  C3: 0.133  C4: 0.027  
Site  268: C1: 0.936  C2: 0.033  C3: 0.027  C4: 0.004  
Site  269: C1: 0.502  C2: 0.094  C3: 0.318  C4: 0.085  
Site  270: C1: 0.002  C2: 0.002  C3: 0.793  C4: 0.203  
Site  271: C1: 0.000  C2: 0.000  C3: 0.772  C4: 0.228  
Site  272: C1: 0.922  C2: 0.036  C3: 0.037  C4: 0.006  
Site  273: C1: 0.695  C2: 0.164  C3: 0.098  C4: 0.043  
Site  274: C1: 0.588  C2: 0.099  C3: 0.243  C4: 0.069  
Site  275: C1: 0.841  C2: 0.115  C3: 0.032  C4: 0.012  
Site  276: C1: 0.695  C2: 0.164  C3: 0.098  C4: 0.043  
Site  277: C1: 0.000  C2: 0.000  C3: 0.872  C4: 0.128  
Site  278: C1: 0.630  C2: 0.103  C3: 0.206  C4: 0.061  
Site  279: C1: 0.603  C2: 0.145  C3: 0.185  C4: 0.067  
Site  280: C1: 0.603  C2: 0.151  C3: 0.180  C4: 0.067  
Site  281: C1: 0.498  C2: 0.088  C3: 0.330  C4: 0.085  
Site  282: C1: 0.000  C2: 0.000  C3: 0.867  C4: 0.133  
Site  283: C1: 0.849  C2: 0.093  C3: 0.044  C4: 0.014  
Site  284: C1: 0.603  C2: 0.151  C3: 0.180  C4: 0.067  
Site  285: C1: 0.489  C2: 0.097  C3: 0.326  C4: 0.088  
Site  286: C1: 0.677  C2: 0.219  C3: 0.067  C4: 0.037  
Site  287: C1: 0.695  C2: 0.164  C3: 0.098  C4: 0.043  
Site  288: C1: 0.750  C2: 0.186  C3: 0.040  C4: 0.023  
Site  289: C1: 0.601  C2: 0.140  C3: 0.191  C4: 0.067  
Site  290: C1: 0.000  C2: 0.000  C3: 0.866  C4: 0.134  
Site  291: C1: 0.917  C2: 0.038  C3: 0.039  C4: 0.006  
Site  292: C1: 0.000  C2: 0.998  C3: 0.000  C4: 0.002  
Site  293: C1: 0.695  C2: 0.164  C3: 0.098  C4: 0.043  
Site  294: C1: 0.648  C2: 0.169  C3: 0.129  C4: 0.054  
Site  295: C1: 0.502  C2: 0.094  C3: 0.318  C4: 0.085  
Site  296: C1: 0.651  C2: 0.166  C3: 0.130  C4: 0.054  
Site  297: C1: 0.001  C2: 0.781  C3: 0.091  C4: 0.127  
Site  298: C1: 0.924  C2: 0.030  C3: 0.041  C4: 0.006  
Site  299: C1: 0.000  C2: 0.982  C3: 0.000  C4: 0.018  
Site  300: C1: 0.001  C2: 0.000  C3: 0.713  C4: 0.286  
Site  301: C1: 0.588  C2: 0.099  C3: 0.243  C4: 0.069  
Site  302: C1: 0.691  C2: 0.217  C3: 0.059  C4: 0.033  
Site  303: C1: 0.489  C2: 0.097  C3: 0.326  C4: 0.088  
Site  304: C1: 0.636  C2: 0.180  C3: 0.129  C4: 0.056  
Site  305: C1: 0.677  C2: 0.219  C3: 0.067  C4: 0.037  
Site  306: C1: 0.588  C2: 0.099  C3: 0.243  C4: 0.069  
Site  307: C1: 0.677  C2: 0.219  C3: 0.067  C4: 0.037  
Site  308: C1: 0.750  C2: 0.186  C3: 0.040  C4: 0.023  
Site  309: C1: 0.750  C2: 0.186  C3: 0.040  C4: 0.023  
Site  310: C1: 0.691  C2: 0.217  C3: 0.059  C4: 0.033  
Site  311: C1: 0.651  C2: 0.166  C3: 0.130  C4: 0.054  
Site  312: C1: 0.603  C2: 0.145  C3: 0.185  C4: 0.067  
Site  313: C1: 0.695  C2: 0.164  C3: 0.098  C4: 0.043  
Site  314: C1: 0.550  C2: 0.170  C3: 0.202  C4: 0.078  
Site  315: C1: 0.691  C2: 0.217  C3: 0.059  C4: 0.033  
Site  316: C1: 0.623  C2: 0.112  C3: 0.202  C4: 0.063  
Site  317: C1: 0.750  C2: 0.186  C3: 0.040  C4: 0.023  
Site  318: C1: 0.614  C2: 0.159  C3: 0.164  C4: 0.063  
Site  319: C1: 0.832  C2: 0.082  C3: 0.068  C4: 0.018  
Site  320: C1: 0.834  C2: 0.081  C3: 0.067  C4: 0.017  
Site  321: C1: 0.898  C2: 0.058  C3: 0.037  C4: 0.007  
Site  322: C1: 0.623  C2: 0.112  C3: 0.202  C4: 0.063  
Site  323: C1: 0.827  C2: 0.074  C3: 0.079  C4: 0.019  
Site  324: C1: 0.603  C2: 0.151  C3: 0.180  C4: 0.067  
Site  325: C1: 0.001  C2: 0.776  C3: 0.004  C4: 0.219  
Site  326: C1: 0.001  C2: 0.000  C3: 0.711  C4: 0.288  
Site  327: C1: 0.757  C2: 0.082  C3: 0.131  C4: 0.030  
Site  328: C1: 0.416  C2: 0.165  C3: 0.308  C4: 0.111  
Site  329: C1: 0.000  C2: 0.907  C3: 0.000  C4: 0.093  
Site  330: C1: 0.864  C2: 0.080  C3: 0.043  C4: 0.012  
Site  331: C1: 0.940  C2: 0.041  C3: 0.015  C4: 0.003  
Site  332: C1: 0.638  C2: 0.149  C3: 0.154  C4: 0.059  
Site  333: C1: 0.000  C2: 0.972  C3: 0.000  C4: 0.028  
Site  334: C1: 0.498  C2: 0.088  C3: 0.330  C4: 0.085  
Site  335: C1: 0.000  C2: 0.149  C3: 0.701  C4: 0.151  
Site  336: C1: 0.814  C2: 0.089  C3: 0.077  C4: 0.020  
Site  337: C1: 0.502  C2: 0.094  C3: 0.318  C4: 0.085  
Site  338: C1: 0.498  C2: 0.088  C3: 0.330  C4: 0.085  
Site  339: C1: 0.651  C2: 0.166  C3: 0.130  C4: 0.054  
Site  340: C1: 0.558  C2: 0.150  C3: 0.215  C4: 0.077  
Site  341: C1: 0.638  C2: 0.149  C3: 0.154  C4: 0.059  
Site  342: C1: 0.601  C2: 0.140  C3: 0.191  C4: 0.067  
Site  343: C1: 0.691  C2: 0.184  C3: 0.085  C4: 0.041  
Site  344: C1: 0.603  C2: 0.145  C3: 0.185  C4: 0.067  
Site  345: C1: 0.604  C2: 0.168  C3: 0.163  C4: 0.065  
Site  346: C1: 0.503  C2: 0.109  C3: 0.301  C4: 0.087  
Site  347: C1: 0.783  C2: 0.072  C3: 0.120  C4: 0.026  
Site  348: C1: 0.502  C2: 0.094  C3: 0.318  C4: 0.085  

End time: 2025-12-14 23:31:09
