
--- MODEL SUMMARY ---
Model used: 2
Sequence file: input/RHO_seq.dat
Tree file: input/RHO.fa.tree
Log likelihood: -3228.517368
np: 26
Start time: 2025-04-14 01:05:39

--- BASE FREQUENCIES ---
T: 0.284275  C: 0.302503  A: 0.187003  G: 0.226219

--- BRANCH LENGTHS ---
Branch 0: 0.000100
Branch 1: 1.151888
Branch 2: 0.117881
Branch 3: 0.057577
Branch 4: 0.214769
Branch 5: 0.120792
Branch 6: 0.050855
Branch 7: 0.057380
Branch 8: 0.144365
Branch 9: 0.080049
Branch 10: 0.078153
Branch 11: 0.072220
Branch 12: 0.000099
Branch 13: 0.341209
Branch 14: 0.013997
Branch 15: 0.012621
Branch 16: 0.039954
Branch 17: 0.058906
Branch 18: 0.047864
Branch 19: 0.007806
Branch 20: 0.031904

--- PARAMETERS ---
Kappa: 5.500033
Omega[0]: 0.000086
Omega[1]: 3.535640
Gamma[0][0]: 0.800000

--- CATEGORY PROBABILITIES ---
P(Omega 0, Gamma 0): 0.719018
P(Omega 1, Gamma 0): 0.280982

--- POSTERIOR PROBABILITIES PER SITE ---
Site    1: C1: 0.000  C2: 1.000  
Site    2: C1: 0.000  C2: 1.000  
Site    3: C1: 0.000  C2: 1.000  
Site    4: C1: 0.941  C2: 0.059  
Site    5: C1: 0.000  C2: 1.000  
Site    6: C1: 0.000  C2: 1.000  
Site    7: C1: 0.000  C2: 1.000  
Site    8: C1: 0.000  C2: 1.000  
Site    9: C1: 0.989  C2: 0.011  
Site   10: C1: 0.963  C2: 0.037  
Site   11: C1: 0.946  C2: 0.054  
Site   12: C1: 0.984  C2: 0.016  
Site   13: C1: 0.989  C2: 0.011  
Site   14: C1: 0.983  C2: 0.017  
Site   15: C1: 0.000  C2: 1.000  
Site   16: C1: 0.000  C2: 1.000  
Site   17: C1: 0.925  C2: 0.075  
Site   18: C1: 0.000  C2: 1.000  
Site   19: C1: 0.946  C2: 0.054  
Site   20: C1: 0.946  C2: 0.054  
Site   21: C1: 0.972  C2: 0.028  
Site   22: C1: 0.954  C2: 0.046  
Site   23: C1: 0.987  C2: 0.013  
Site   24: C1: 0.002  C2: 0.998  
Site   25: C1: 0.921  C2: 0.079  
Site   26: C1: 0.963  C2: 0.037  
Site   27: C1: 0.972  C2: 0.028  
Site   28: C1: 0.924  C2: 0.076  
Site   29: C1: 0.963  C2: 0.037  
Site   30: C1: 0.963  C2: 0.037  
Site   31: C1: 0.930  C2: 0.070  
Site   32: C1: 0.968  C2: 0.032  
Site   33: C1: 0.921  C2: 0.079  
Site   34: C1: 0.972  C2: 0.028  
Site   35: C1: 0.933  C2: 0.067  
Site   36: C1: 0.924  C2: 0.076  
Site   37: C1: 0.989  C2: 0.011  
Site   38: C1: 0.985  C2: 0.015  
Site   39: C1: 0.000  C2: 1.000  
Site   40: C1: 0.930  C2: 0.070  
Site   41: C1: 0.972  C2: 0.028  
Site   42: C1: 0.972  C2: 0.028  
Site   43: C1: 0.963  C2: 0.037  
Site   44: C1: 0.000  C2: 1.000  
Site   45: C1: 0.989  C2: 0.011  
Site   46: C1: 0.930  C2: 0.070  
Site   47: C1: 0.930  C2: 0.070  
Site   48: C1: 0.968  C2: 0.032  
Site   49: C1: 0.000  C2: 1.000  
Site   50: C1: 0.985  C2: 0.015  
Site   51: C1: 0.000  C2: 1.000  
Site   52: C1: 0.989  C2: 0.011  
Site   53: C1: 0.987  C2: 0.013  
Site   54: C1: 0.968  C2: 0.032  
Site   55: C1: 0.000  C2: 1.000  
Site   56: C1: 0.989  C2: 0.011  
Site   57: C1: 0.985  C2: 0.015  
Site   58: C1: 0.942  C2: 0.058  
Site   59: C1: 0.985  C2: 0.015  
Site   60: C1: 0.963  C2: 0.037  
Site   61: C1: 0.970  C2: 0.030  
Site   62: C1: 0.942  C2: 0.058  
Site   63: C1: 0.970  C2: 0.030  
Site   64: C1: 0.924  C2: 0.076  
Site   65: C1: 0.975  C2: 0.025  
Site   66: C1: 0.908  C2: 0.092  
Site   67: C1: 0.908  C2: 0.092  
Site   68: C1: 0.930  C2: 0.070  
Site   69: C1: 0.972  C2: 0.028  
Site   70: C1: 0.942  C2: 0.058  
Site   71: C1: 0.984  C2: 0.016  
Site   72: C1: 0.985  C2: 0.015  
Site   73: C1: 0.000  C2: 1.000  
Site   74: C1: 0.963  C2: 0.037  
Site   75: C1: 0.968  C2: 0.032  
Site   76: C1: 0.930  C2: 0.070  
Site   77: C1: 0.985  C2: 0.015  
Site   78: C1: 0.000  C2: 1.000  
Site   79: C1: 0.930  C2: 0.070  
Site   80: C1: 0.972  C2: 0.028  
Site   81: C1: 0.946  C2: 0.054  
Site   82: C1: 0.972  C2: 0.028  
Site   83: C1: 0.000  C2: 1.000  
Site   84: C1: 0.985  C2: 0.015  
Site   85: C1: 0.989  C2: 0.011  
Site   86: C1: 0.000  C2: 1.000  
Site   87: C1: 0.970  C2: 0.030  
Site   88: C1: 0.000  C2: 1.000  
Site   89: C1: 0.944  C2: 0.056  
Site   90: C1: 0.000  C2: 1.000  
Site   91: C1: 0.989  C2: 0.011  
Site   92: C1: 0.966  C2: 0.034  
Site   93: C1: 0.966  C2: 0.034  
Site   94: C1: 0.966  C2: 0.034  
Site   95: C1: 0.985  C2: 0.015  
Site   96: C1: 0.963  C2: 0.037  
Site   97: C1: 0.966  C2: 0.034  
Site   98: C1: 0.983  C2: 0.017  
Site   99: C1: 0.000  C2: 1.000  
Site  100: C1: 0.975  C2: 0.025  
Site  101: C1: 0.000  C2: 1.000  
Site  102: C1: 0.963  C2: 0.037  
Site  103: C1: 0.989  C2: 0.011  
Site  104: C1: 0.000  C2: 1.000  
Site  105: C1: 0.002  C2: 0.998  
Site  106: C1: 0.000  C2: 1.000  
Site  107: C1: 0.987  C2: 0.013  
Site  108: C1: 0.942  C2: 0.058  
Site  109: C1: 0.891  C2: 0.109  
Site  110: C1: 0.974  C2: 0.026  
Site  111: C1: 0.938  C2: 0.062  
Site  112: C1: 0.000  C2: 1.000  
Site  113: C1: 0.921  C2: 0.079  
Site  114: C1: 0.000  C2: 1.000  
Site  115: C1: 0.989  C2: 0.011  
Site  116: C1: 0.987  C2: 0.013  
Site  117: C1: 0.972  C2: 0.028  
Site  118: C1: 0.966  C2: 0.034  
Site  119: C1: 0.930  C2: 0.070  
Site  120: C1: 0.000  C2: 1.000  
Site  121: C1: 0.944  C2: 0.056  
Site  122: C1: 0.904  C2: 0.096  
Site  123: C1: 0.001  C2: 0.999  
Site  124: C1: 0.972  C2: 0.028  
Site  125: C1: 0.000  C2: 1.000  
Site  126: C1: 0.933  C2: 0.067  
Site  127: C1: 0.984  C2: 0.016  
Site  128: C1: 0.941  C2: 0.059  
Site  129: C1: 0.946  C2: 0.054  
Site  130: C1: 0.970  C2: 0.030  
Site  131: C1: 0.930  C2: 0.070  
Site  132: C1: 0.972  C2: 0.028  
Site  133: C1: 0.968  C2: 0.032  
Site  134: C1: 0.921  C2: 0.079  
Site  135: C1: 0.930  C2: 0.070  
Site  136: C1: 0.963  C2: 0.037  
Site  137: C1: 0.000  C2: 1.000  
Site  138: C1: 0.946  C2: 0.054  
Site  139: C1: 0.946  C2: 0.054  
Site  140: C1: 0.970  C2: 0.030  
Site  141: C1: 0.908  C2: 0.092  
Site  142: C1: 0.987  C2: 0.013  
Site  143: C1: 0.000  C2: 1.000  
Site  144: C1: 0.954  C2: 0.046  
Site  145: C1: 0.000  C2: 1.000  
Site  146: C1: 0.989  C2: 0.011  
Site  147: C1: 0.972  C2: 0.028  
Site  148: C1: 0.989  C2: 0.011  
Site  149: C1: 0.000  C2: 1.000  
Site  150: C1: 0.921  C2: 0.079  
Site  151: C1: 0.000  C2: 1.000  
Site  152: C1: 0.971  C2: 0.029  
Site  153: C1: 0.972  C2: 0.028  
Site  154: C1: 0.968  C2: 0.032  
Site  155: C1: 0.000  C2: 1.000  
Site  156: C1: 0.000  C2: 1.000  
Site  157: C1: 0.985  C2: 0.015  
Site  158: C1: 0.001  C2: 0.999  
Site  159: C1: 0.001  C2: 0.999  
Site  160: C1: 0.966  C2: 0.034  
Site  161: C1: 0.933  C2: 0.067  
Site  162: C1: 0.000  C2: 1.000  
Site  163: C1: 0.000  C2: 1.000  
Site  164: C1: 0.954  C2: 0.046  
Site  165: C1: 0.000  C2: 1.000  
Site  166: C1: 0.972  C2: 0.028  
Site  167: C1: 0.971  C2: 0.029  
Site  168: C1: 0.972  C2: 0.028  
Site  169: C1: 0.948  C2: 0.052  
Site  170: C1: 0.987  C2: 0.013  
Site  171: C1: 0.987  C2: 0.013  
Site  172: C1: 0.985  C2: 0.015  
Site  173: C1: 0.970  C2: 0.030  
Site  174: C1: 0.000  C2: 1.000  
Site  175: C1: 0.933  C2: 0.067  
Site  176: C1: 0.985  C2: 0.015  
Site  177: C1: 0.919  C2: 0.081  
Site  178: C1: 0.963  C2: 0.037  
Site  179: C1: 0.968  C2: 0.032  
Site  180: C1: 0.971  C2: 0.029  
Site  181: C1: 0.921  C2: 0.079  
Site  182: C1: 0.890  C2: 0.110  
Site  183: C1: 0.000  C2: 1.000  
Site  184: C1: 0.924  C2: 0.076  
Site  185: C1: 0.974  C2: 0.026  
Site  186: C1: 0.963  C2: 0.037  
Site  187: C1: 0.974  C2: 0.026  
Site  188: C1: 0.000  C2: 1.000  
Site  189: C1: 0.001  C2: 0.999  
Site  190: C1: 0.954  C2: 0.046  
Site  191: C1: 0.963  C2: 0.037  
Site  192: C1: 0.963  C2: 0.037  
Site  193: C1: 0.941  C2: 0.059  
Site  194: C1: 0.000  C2: 1.000  
Site  195: C1: 0.000  C2: 1.000  
Site  196: C1: 0.961  C2: 0.039  
Site  197: C1: 0.921  C2: 0.079  
Site  198: C1: 0.001  C2: 0.999  
Site  199: C1: 0.000  C2: 1.000  
Site  200: C1: 0.938  C2: 0.062  
Site  201: C1: 0.920  C2: 0.080  
Site  202: C1: 0.985  C2: 0.015  
Site  203: C1: 0.989  C2: 0.011  
Site  204: C1: 0.970  C2: 0.030  
Site  205: C1: 0.001  C2: 0.999  
Site  206: C1: 0.963  C2: 0.037  
Site  207: C1: 0.000  C2: 1.000  
Site  208: C1: 0.989  C2: 0.011  
Site  209: C1: 0.946  C2: 0.054  
Site  210: C1: 0.969  C2: 0.031  
Site  211: C1: 0.975  C2: 0.025  
Site  212: C1: 0.989  C2: 0.011  
Site  213: C1: 0.000  C2: 1.000  
Site  214: C1: 0.968  C2: 0.032  
Site  215: C1: 0.987  C2: 0.013  
Site  216: C1: 0.000  C2: 1.000  
Site  217: C1: 0.001  C2: 0.999  
Site  218: C1: 0.968  C2: 0.032  
Site  219: C1: 0.956  C2: 0.044  
Site  220: C1: 0.002  C2: 0.998  
Site  221: C1: 0.989  C2: 0.011  
Site  222: C1: 0.974  C2: 0.026  
Site  223: C1: 0.963  C2: 0.037  
Site  224: C1: 0.000  C2: 1.000  
Site  225: C1: 0.924  C2: 0.076  
Site  226: C1: 0.930  C2: 0.070  
Site  227: C1: 0.970  C2: 0.030  
Site  228: C1: 0.989  C2: 0.011  
Site  229: C1: 0.922  C2: 0.078  
Site  230: C1: 0.970  C2: 0.030  
Site  231: C1: 0.908  C2: 0.092  
Site  232: C1: 0.921  C2: 0.079  
Site  233: C1: 0.937  C2: 0.063  
Site  234: C1: 0.968  C2: 0.032  
Site  235: C1: 0.972  C2: 0.028  
Site  236: C1: 0.908  C2: 0.092  
Site  237: C1: 0.924  C2: 0.076  
Site  238: C1: 0.923  C2: 0.077  
Site  239: C1: 0.921  C2: 0.079  
Site  240: C1: 0.963  C2: 0.037  
Site  241: C1: 0.972  C2: 0.028  
Site  242: C1: 0.966  C2: 0.034  
Site  243: C1: 0.942  C2: 0.058  
Site  244: C1: 0.924  C2: 0.076  
Site  245: C1: 0.908  C2: 0.092  
Site  246: C1: 0.972  C2: 0.028  
Site  247: C1: 0.921  C2: 0.079  
Site  248: C1: 0.908  C2: 0.092  
Site  249: C1: 0.921  C2: 0.079  
Site  250: C1: 0.970  C2: 0.030  
Site  251: C1: 0.961  C2: 0.039  
Site  252: C1: 0.972  C2: 0.028  
Site  253: C1: 0.000  C2: 1.000  
Site  254: C1: 0.970  C2: 0.030  
Site  255: C1: 0.000  C2: 1.000  
Site  256: C1: 0.968  C2: 0.032  
Site  257: C1: 0.000  C2: 1.000  
Site  258: C1: 0.970  C2: 0.030  
Site  259: C1: 0.000  C2: 1.000  
Site  260: C1: 0.968  C2: 0.032  
Site  261: C1: 0.989  C2: 0.011  
Site  262: C1: 0.930  C2: 0.070  
Site  263: C1: 0.968  C2: 0.032  
Site  264: C1: 0.974  C2: 0.026  
Site  265: C1: 0.933  C2: 0.067  
Site  266: C1: 0.000  C2: 1.000  
Site  267: C1: 0.987  C2: 0.013  
Site  268: C1: 0.959  C2: 0.041  
Site  269: C1: 0.972  C2: 0.028  
Site  270: C1: 0.000  C2: 1.000  
Site  271: C1: 0.946  C2: 0.054  
Site  272: C1: 0.949  C2: 0.051  
Site  273: C1: 0.989  C2: 0.011  
Site  274: C1: 0.963  C2: 0.037  
Site  275: C1: 0.964  C2: 0.036  
Site  276: C1: 0.989  C2: 0.011  
Site  277: C1: 0.000  C2: 1.000  
Site  278: C1: 0.975  C2: 0.025  
Site  279: C1: 0.924  C2: 0.076  
Site  280: C1: 0.000  C2: 1.000  
Site  281: C1: 0.985  C2: 0.015  
Site  282: C1: 0.000  C2: 1.000  
Site  283: C1: 0.987  C2: 0.013  
Site  284: C1: 0.000  C2: 1.000  
Site  285: C1: 0.987  C2: 0.013  
Site  286: C1: 0.968  C2: 0.032  
Site  287: C1: 0.989  C2: 0.011  
Site  288: C1: 0.000  C2: 1.000  
Site  289: C1: 0.966  C2: 0.034  
Site  290: C1: 0.000  C2: 1.000  
Site  291: C1: 0.971  C2: 0.029  
Site  292: C1: 0.000  C2: 1.000  
Site  293: C1: 0.989  C2: 0.011  
Site  294: C1: 0.987  C2: 0.013  
Site  295: C1: 0.972  C2: 0.028  
Site  296: C1: 0.908  C2: 0.092  
Site  297: C1: 0.000  C2: 1.000  
Site  298: C1: 0.985  C2: 0.015  
Site  299: C1: 0.000  C2: 1.000  
Site  300: C1: 0.000  C2: 1.000  
Site  301: C1: 0.963  C2: 0.037  
Site  302: C1: 0.000  C2: 1.000  
Site  303: C1: 0.987  C2: 0.013  
Site  304: C1: 0.970  C2: 0.030  
Site  305: C1: 0.968  C2: 0.032  
Site  306: C1: 0.963  C2: 0.037  
Site  307: C1: 0.968  C2: 0.032  
Site  308: C1: 0.000  C2: 1.000  
Site  309: C1: 0.000  C2: 1.000  
Site  310: C1: 0.000  C2: 1.000  
Site  311: C1: 0.908  C2: 0.092  
Site  312: C1: 0.924  C2: 0.076  
Site  313: C1: 0.989  C2: 0.011  
Site  314: C1: 0.942  C2: 0.058  
Site  315: C1: 0.000  C2: 1.000  
Site  316: C1: 0.974  C2: 0.026  
Site  317: C1: 0.000  C2: 1.000  
Site  318: C1: 0.985  C2: 0.015  
Site  319: C1: 0.966  C2: 0.034  
Site  320: C1: 0.966  C2: 0.034  
Site  321: C1: 0.935  C2: 0.065  
Site  322: C1: 0.974  C2: 0.026  
Site  323: C1: 0.970  C2: 0.030  
Site  324: C1: 0.000  C2: 1.000  
Site  325: C1: 0.000  C2: 1.000  
Site  326: C1: 0.000  C2: 1.000  
Site  327: C1: 0.959  C2: 0.041  
Site  328: C1: 0.930  C2: 0.070  
Site  329: C1: 0.000  C2: 1.000  
Site  330: C1: 0.954  C2: 0.046  
Site  331: C1: 0.948  C2: 0.052  
Site  332: C1: 0.921  C2: 0.079  
Site  333: C1: 0.000  C2: 1.000  
Site  334: C1: 0.985  C2: 0.015  
Site  335: C1: 0.000  C2: 1.000  
Site  336: C1: 0.962  C2: 0.038  
Site  337: C1: 0.972  C2: 0.028  
Site  338: C1: 0.985  C2: 0.015  
Site  339: C1: 0.908  C2: 0.092  
Site  340: C1: 0.922  C2: 0.078  
Site  341: C1: 0.921  C2: 0.079  
Site  342: C1: 0.966  C2: 0.034  
Site  343: C1: 0.954  C2: 0.046  
Site  344: C1: 0.924  C2: 0.076  
Site  345: C1: 0.946  C2: 0.054  
Site  346: C1: 0.950  C2: 0.050  
Site  347: C1: 0.984  C2: 0.016  
Site  348: C1: 0.972  C2: 0.028  

End time: 2025-04-14 01:10:51
