
--- MODEL SUMMARY ---
Model used: 2
Sequence file: input/RHO_seq.dat
Tree file: input/RHO.fa.tree
Log likelihood: -3133.413651
np: 106
Start time: 2025-12-16 03:41:06

--- BASE FREQUENCIES ---
T: 0.243653  C: 0.307361  A: 0.213958  G: 0.235028

--- BRANCH LENGTHS ---
Branch  0: 0.148072  (parent node 52 -> leaf Hiamp)
Branch  1: 0.002372  (parent node 52 -> internal node 53)
Branch  2: 0.000100  (parent node 53 -> internal node 54)
Branch  3: 0.008576  (parent node 54 -> internal node 55)
Branch  4: 0.004500  (parent node 55 -> internal node 56)
Branch  5: 0.013207  (parent node 56 -> internal node 57)
Branch  6: 0.006003  (parent node 57 -> internal node 58)
Branch  7: 0.006647  (parent node 58 -> internal node 59)
Branch  8: 0.000100  (parent node 59 -> internal node 60)
Branch  9: 0.002921  (parent node 60 -> leaf Ppho)
Branch 10: 0.000100  (parent node 60 -> leaf Psin)
Branch 11: 0.003016  (parent node 59 -> leaf Nsun)
Branch 12: 0.023235  (parent node 58 -> internal node 61)
Branch 13: 0.002975  (parent node 61 -> leaf Dleu)
Branch 14: 0.000100  (parent node 61 -> leaf Mmon)
Branch 15: 0.015645  (parent node 57 -> internal node 62)
Branch 16: 0.000100  (parent node 62 -> internal node 63)
Branch 17: 0.000100  (parent node 63 -> internal node 64)
Branch 18: 0.000100  (parent node 64 -> internal node 65)
Branch 19: 0.000100  (parent node 65 -> internal node 66)
Branch 20: 0.000100  (parent node 66 -> internal node 67)
Branch 21: 0.000100  (parent node 67 -> internal node 68)
Branch 22: 0.005955  (parent node 68 -> leaf Ttru)
Branch 23: 0.000100  (parent node 68 -> internal node 69)
Branch 24: 0.000100  (parent node 69 -> internal node 70)
Branch 25: 0.000100  (parent node 70 -> internal node 71)
Branch 26: 0.000100  (parent node 71 -> leaf Ddel)
Branch 27: 0.002977  (parent node 71 -> leaf Tadu)
Branch 28: 0.000100  (parent node 70 -> internal node 72)
Branch 29: 0.002974  (parent node 72 -> leaf Scoe)
Branch 30: 0.005952  (parent node 72 -> leaf Scly)
Branch 31: 0.002977  (parent node 69 -> leaf Sfro)
Branch 32: 0.005954  (parent node 67 -> leaf Schi)
Branch 33: 0.011941  (parent node 66 -> leaf Satt)
Branch 34: 0.008936  (parent node 65 -> leaf Slon)
Branch 35: 0.000100  (parent node 64 -> internal node 73)
Branch 36: 0.000100  (parent node 73 -> internal node 74)
Branch 37: 0.000100  (parent node 74 -> internal node 75)
Branch 38: 0.005958  (parent node 75 -> leaf Pcra)
Branch 39: 0.000100  (parent node 75 -> internal node 76)
Branch 40: 0.000100  (parent node 76 -> leaf Gmel)
Branch 41: 0.000100  (parent node 76 -> leaf Pele)
Branch 42: 0.000100  (parent node 74 -> leaf Ggri)
Branch 43: 0.000100  (parent node 73 -> leaf Sbre)
Branch 44: 0.000100  (parent node 63 -> internal node 77)
Branch 45: 0.000100  (parent node 77 -> internal node 78)
Branch 46: 0.002973  (parent node 78 -> leaf Lalb)
Branch 47: 0.008948  (parent node 78 -> leaf Lacu)
Branch 48: 0.002975  (parent node 77 -> internal node 79)
Branch 49: 0.002981  (parent node 79 -> leaf Ccom)
Branch 50: 0.011965  (parent node 79 -> leaf Aobl)
Branch 51: 0.008957  (parent node 62 -> leaf Oorc)
Branch 52: 0.020286  (parent node 56 -> internal node 80)
Branch 53: 0.058748  (parent node 80 -> leaf Igeo)
Branch 54: 0.023774  (parent node 80 -> leaf Lvex)
Branch 55: 0.035057  (parent node 55 -> internal node 81)
Branch 56: 0.015675  (parent node 81 -> leaf Zcav)
Branch 57: 0.005909  (parent node 81 -> internal node 82)
Branch 58: 0.005242  (parent node 82 -> internal node 83)
Branch 59: 0.008887  (parent node 83 -> leaf Mbid)
Branch 60: 0.000100  (parent node 83 -> internal node 84)
Branch 61: 0.000100  (parent node 84 -> internal node 85)
Branch 62: 0.008888  (parent node 85 -> leaf Mden)
Branch 63: 0.002956  (parent node 85 -> leaf Mste)
Branch 64: 0.002956  (parent node 84 -> internal node 86)
Branch 65: 0.002957  (parent node 86 -> leaf Mmir)
Branch 66: 0.000100  (parent node 86 -> leaf Meur)
Branch 67: 0.003652  (parent node 82 -> leaf Hyamp)
Branch 68: 0.021976  (parent node 54 -> internal node 87)
Branch 69: 0.000100  (parent node 87 -> leaf Pmin)
Branch 70: 0.000100  (parent node 87 -> leaf Pgan)
Branch 71: 0.023632  (parent node 53 -> internal node 88)
Branch 72: 0.007839  (parent node 88 -> leaf Pmac)
Branch 73: 0.049693  (parent node 88 -> internal node 89)
Branch 74: 0.002963  (parent node 89 -> leaf Kbre)
Branch 75: 0.000100  (parent node 89 -> leaf Ksim)
Branch 76: 0.020970  (parent node 52 -> internal node 90)
Branch 77: 0.003006  (parent node 90 -> internal node 91)
Branch 78: 0.015708  (parent node 91 -> internal node 92)
Branch 79: 0.000100  (parent node 92 -> internal node 93)
Branch 80: 0.000100  (parent node 93 -> internal node 94)
Branch 81: 0.011875  (parent node 94 -> leaf Bmus)
Branch 82: 0.008902  (parent node 94 -> internal node 95)
Branch 83: 0.000100  (parent node 95 -> internal node 96)
Branch 84: 0.000100  (parent node 96 -> leaf Bbor)
Branch 85: 0.000100  (parent node 96 -> leaf Bede)
Branch 86: 0.000100  (parent node 95 -> leaf Bric)
Branch 87: 0.008905  (parent node 93 -> internal node 97)
Branch 88: 0.000100  (parent node 97 -> internal node 98)
Branch 89: 0.002961  (parent node 98 -> leaf Bphy)
Branch 90: 0.011880  (parent node 98 -> leaf Mnov)
Branch 91: 0.008911  (parent node 97 -> leaf Erob)
Branch 92: 0.017858  (parent node 92 -> internal node 99)
Branch 93: 0.000100  (parent node 99 -> leaf Bacu)
Branch 94: 0.005935  (parent node 99 -> leaf Bbon)
Branch 95: 0.029042  (parent node 91 -> leaf Cmar)
Branch 96: 0.015903  (parent node 90 -> internal node 100)
Branch 97: 0.008954  (parent node 100 -> leaf Bmys)
Branch 98: 0.002906  (parent node 100 -> internal node 101)
Branch 99: 0.000100  (parent node 101 -> leaf Egla)
Branch 100: 0.000100  (parent node 101 -> leaf Eaus)

--- TREE WITH ESTIMATED BRANCH LENGTHS (NEWICK) ---
(Hiamp:0.148072,((((((((Ppho:0.00292136,Psin:0.0001):0.0001,Nsun:0.00301615):0.00664688,(Dleu:0.00297505,Mmon:0.0001):0.0232352):0.00600284,(((((((Ttru:0.00595482,(((Ddel:0.0001,Tadu:0.00297738):0.0001,(Scoe:0.00297398,Scly:0.00595193):0.0001):0.0001,Sfro:0.00297732):0.0001):0.0001,Schi:0.00595389):0.0001,Satt:0.0119411):0.0001,Slon:0.00893575):0.0001,(((Pcra:0.00595772,(Gmel:0.0001,Pele:0.0001):0.0001):0.0001,Ggri:0.0001):0.0001,Sbre:0.0001):0.0001):0.0001,((Lalb:0.00297281,Lacu:0.00894839):0.0001,(Ccom:0.00298093,Aobl:0.0119653):0.00297538):0.0001):0.0001,Oorc:0.00895694):0.0156446):0.0132072,(Igeo:0.0587483,Lvex:0.0237738):0.0202857):0.00449952,(Zcav:0.015675,((Mbid:0.00888709,((Mden:0.00888801,Mste:0.00295603):0.0001,(Mmir:0.00295668,Meur:0.0001):0.00295635):0.0001):0.00524157,Hyamp:0.00365247):0.00590937):0.0350571):0.00857618,(Pmin:0.0001,Pgan:0.0001):0.021976):0.0001,(Pmac:0.00783948,(Kbre:0.00296344,Ksim:0.0001):0.0496926):0.0236316):0.00237219,(((((Bmus:0.0118752,((Bbor:0.0001,Bede:0.0001):0.0001,Bric:0.0001):0.00890206):0.0001,((Bphy:0.00296121,Mnov:0.0118798):0.0001,Erob:0.00891064):0.00890455):0.0001,(Bacu:0.0001,Bbon:0.00593502):0.017858):0.0157081,Cmar:0.0290422):0.00300627,(Bmys:0.00895402,(Egla:0.0001,Eaus:0.0001):0.00290624):0.0159029):0.0209699);

--- ASCII PHYLOGRAM (estimated branch lengths) ---

[DEBUG] ASCII phylogram ('-' = background, '=' = foreground)
(root)
|---------------------------------------- Hiamp
|-- (*)
|  |-- (*)
|  |  |-- (*)
|  |  |  |-- (*)
|  |  |  |  |---- (*)
|  |  |  |  |    |-- (*)
|  |  |  |  |    |  |-- (*)
|  |  |  |  |    |  |  |-- (*)
|  |  |  |  |    |  |  |  |-- Ppho
|  |  |  |  |    |  |  |  `-- Psin
|  |  |  |  |    |  |  `-- Nsun
|  |  |  |  |    |  `------ (*)
|  |  |  |  |    |         |-- Dleu
|  |  |  |  |    |         `-- Mmon
|  |  |  |  |    `---- (*)
|  |  |  |  |         |-- (*)
|  |  |  |  |         |  |-- (*)
|  |  |  |  |         |  |  |-- (*)
|  |  |  |  |         |  |  |  |-- (*)
|  |  |  |  |         |  |  |  |  |-- (*)
|  |  |  |  |         |  |  |  |  |  |-- (*)
|  |  |  |  |         |  |  |  |  |  |  |-- Ttru
|  |  |  |  |         |  |  |  |  |  |  `-- (*)
|  |  |  |  |         |  |  |  |  |  |     |-- (*)
|  |  |  |  |         |  |  |  |  |  |     |  |-- (*)
|  |  |  |  |         |  |  |  |  |  |     |  |  |-- Ddel
|  |  |  |  |         |  |  |  |  |  |     |  |  `-- Tadu
|  |  |  |  |         |  |  |  |  |  |     |  `-- (*)
|  |  |  |  |         |  |  |  |  |  |     |     |-- Scoe
|  |  |  |  |         |  |  |  |  |  |     |     `-- Scly
|  |  |  |  |         |  |  |  |  |  |     `-- Sfro
|  |  |  |  |         |  |  |  |  |  `-- Schi
|  |  |  |  |         |  |  |  |  `--- Satt
|  |  |  |  |         |  |  |  `-- Slon
|  |  |  |  |         |  |  `-- (*)
|  |  |  |  |         |  |     |-- (*)
|  |  |  |  |         |  |     |  |-- (*)
|  |  |  |  |         |  |     |  |  |-- Pcra
|  |  |  |  |         |  |     |  |  `-- (*)
|  |  |  |  |         |  |     |  |     |-- Gmel
|  |  |  |  |         |  |     |  |     `-- Pele
|  |  |  |  |         |  |     |  `-- Ggri
|  |  |  |  |         |  |     `-- Sbre
|  |  |  |  |         |  `-- (*)
|  |  |  |  |         |     |-- (*)
|  |  |  |  |         |     |  |-- Lalb
|  |  |  |  |         |     |  `-- Lacu
|  |  |  |  |         |     `-- (*)
|  |  |  |  |         |        |-- Ccom
|  |  |  |  |         |        `--- Aobl
|  |  |  |  |         `-- Oorc
|  |  |  |  `----- (*)
|  |  |  |        |---------------- Igeo
|  |  |  |        `------ Lvex
|  |  |  `========= (*) [#1]
|  |  |            |---- Zcav
|  |  |            `-- (*)
|  |  |               |-- (*)
|  |  |               |  |-- Mbid
|  |  |               |  `-- (*)
|  |  |               |     |-- (*)
|  |  |               |     |  |-- Mden
|  |  |               |     |  `-- Mste
|  |  |               |     `-- (*)
|  |  |               |        |-- Mmir
|  |  |               |        `-- Meur
|  |  |               `-- Hyamp
|  |  `------ (*)
|  |         |-- Pmin
|  |         `-- Pgan
|  `====== (*) [#1]
|         |-- Pmac
|         `------------- (*)
|                       |-- Kbre
|                       `-- Ksim
`------ (*)
       |-- (*)
       |  |---- (*)
       |  |    |-- (*)
       |  |    |  |-- (*)
       |  |    |  |  |--- Bmus
       |  |    |  |  `-- (*)
       |  |    |  |     |-- (*)
       |  |    |  |     |  |-- Bbor
       |  |    |  |     |  `-- Bede
       |  |    |  |     `-- Bric
       |  |    |  `-- (*)
       |  |    |     |-- (*)
       |  |    |     |  |-- Bphy
       |  |    |     |  `--- Mnov
       |  |    |     `-- Erob
       |  |    `----- (*)
       |  |          |-- Bacu
       |  |          `-- Bbon
       |  `-------- Cmar
       `---- (*)
            |-- Bmys
            `-- (*)
               |-- Egla
               `-- Eaus

--- PARAMETERS ---
Kappa: 5.334874
Omega[0]: 0.000100
Omega[1]: 1.000100
Gamma[0][0]: 0.290156

--- CATEGORY PROBABILITIES ---
P(Omega 0, Gamma 0): 0.686856
P(Omega 1, Gamma 0): 0.313144

--- POSTERIOR PROBABILITIES PER SITE ---
Site    1: C1: 0.809  C2: 0.191  
Site    2: C1: 0.712  C2: 0.288  
Site    3: C1: 0.677  C2: 0.323  
Site    4: C1: 0.691  C2: 0.309  
Site    5: C1: 0.694  C2: 0.306  
Site    6: C1: 0.675  C2: 0.325  
Site    7: C1: 0.701  C2: 0.299  
Site    8: C1: 0.697  C2: 0.303  
Site    9: C1: 0.675  C2: 0.325  
Site   10: C1: 0.693  C2: 0.307  
Site   11: C1: 0.736  C2: 0.264  
Site   12: C1: 0.669  C2: 0.331  
Site   13: C1: 0.675  C2: 0.325  
Site   14: C1: 0.746  C2: 0.254  
Site   15: C1: 0.697  C2: 0.303  
Site   16: C1: 0.765  C2: 0.235  
Site   17: C1: 0.746  C2: 0.254  
Site   18: C1: 0.675  C2: 0.325  
Site   19: C1: 0.736  C2: 0.264  
Site   20: C1: 0.736  C2: 0.264  
Site   21: C1: 0.671  C2: 0.329  
Site   22: C1: 0.677  C2: 0.323  
Site   23: C1: 0.667  C2: 0.333  
Site   24: C1: 0.691  C2: 0.309  
Site   25: C1: 0.679  C2: 0.321  
Site   26: C1: 0.693  C2: 0.307  
Site   27: C1: 0.670  C2: 0.330  
Site   28: C1: 0.678  C2: 0.322  
Site   29: C1: 0.677  C2: 0.323  
Site   30: C1: 0.677  C2: 0.323  
Site   31: C1: 0.670  C2: 0.330  
Site   32: C1: 0.690  C2: 0.310  
Site   33: C1: 0.679  C2: 0.321  
Site   34: C1: 0.686  C2: 0.314  
Site   35: C1: 0.700  C2: 0.300  
Site   36: C1: 0.678  C2: 0.322  
Site   37: C1: 0.675  C2: 0.325  
Site   38: C1: 0.671  C2: 0.329  
Site   39: C1: 0.001  C2: 0.999  
Site   40: C1: 0.670  C2: 0.330  
Site   41: C1: 0.717  C2: 0.283  
Site   42: C1: 0.671  C2: 0.329  
Site   43: C1: 0.677  C2: 0.323  
Site   44: C1: 0.809  C2: 0.191  
Site   45: C1: 0.691  C2: 0.309  
Site   46: C1: 0.701  C2: 0.299  
Site   47: C1: 0.670  C2: 0.330  
Site   48: C1: 0.778  C2: 0.222  
Site   49: C1: 0.000  C2: 1.000  
Site   50: C1: 0.758  C2: 0.242  
Site   51: C1: 0.690  C2: 0.310  
Site   52: C1: 0.675  C2: 0.325  
Site   53: C1: 0.667  C2: 0.333  
Site   54: C1: 0.766  C2: 0.234  
Site   55: C1: 0.697  C2: 0.303  
Site   56: C1: 0.675  C2: 0.325  
Site   57: C1: 0.671  C2: 0.329  
Site   58: C1: 0.714  C2: 0.286  
Site   59: C1: 0.671  C2: 0.329  
Site   60: C1: 0.693  C2: 0.307  
Site   61: C1: 0.674  C2: 0.326  
Site   62: C1: 0.691  C2: 0.309  
Site   63: C1: 0.720  C2: 0.280  
Site   64: C1: 0.678  C2: 0.322  
Site   65: C1: 0.674  C2: 0.326  
Site   66: C1: 0.680  C2: 0.320  
Site   67: C1: 0.680  C2: 0.320  
Site   68: C1: 0.670  C2: 0.330  
Site   69: C1: 0.671  C2: 0.329  
Site   70: C1: 0.675  C2: 0.325  
Site   71: C1: 0.669  C2: 0.331  
Site   72: C1: 0.686  C2: 0.314  
Site   73: C1: 0.697  C2: 0.303  
Site   74: C1: 0.677  C2: 0.323  
Site   75: C1: 0.766  C2: 0.234  
Site   76: C1: 0.670  C2: 0.330  
Site   77: C1: 0.671  C2: 0.329  
Site   78: C1: 0.697  C2: 0.303  
Site   79: C1: 0.670  C2: 0.330  
Site   80: C1: 0.687  C2: 0.313  
Site   81: C1: 0.749  C2: 0.251  
Site   82: C1: 0.687  C2: 0.313  
Site   83: C1: 0.738  C2: 0.262  
Site   84: C1: 0.671  C2: 0.329  
Site   85: C1: 0.675  C2: 0.325  
Site   86: C1: 0.809  C2: 0.191  
Site   87: C1: 0.674  C2: 0.326  
Site   88: C1: 0.787  C2: 0.213  
Site   89: C1: 0.676  C2: 0.324  
Site   90: C1: 0.675  C2: 0.325  
Site   91: C1: 0.675  C2: 0.325  
Site   92: C1: 0.766  C2: 0.234  
Site   93: C1: 0.766  C2: 0.234  
Site   94: C1: 0.778  C2: 0.222  
Site   95: C1: 0.671  C2: 0.329  
Site   96: C1: 0.677  C2: 0.323  
Site   97: C1: 0.766  C2: 0.234  
Site   98: C1: 0.673  C2: 0.327  
Site   99: C1: 0.000  C2: 1.000  
Site  100: C1: 0.705  C2: 0.295  
Site  101: C1: 0.705  C2: 0.295  
Site  102: C1: 0.677  C2: 0.323  
Site  103: C1: 0.675  C2: 0.325  
Site  104: C1: 0.793  C2: 0.207  
Site  105: C1: 0.706  C2: 0.294  
Site  106: C1: 0.677  C2: 0.323  
Site  107: C1: 0.667  C2: 0.333  
Site  108: C1: 0.731  C2: 0.269  
Site  109: C1: 0.693  C2: 0.307  
Site  110: C1: 0.676  C2: 0.324  
Site  111: C1: 0.729  C2: 0.271  
Site  112: C1: 0.731  C2: 0.269  
Site  113: C1: 0.679  C2: 0.321  
Site  114: C1: 0.675  C2: 0.325  
Site  115: C1: 0.675  C2: 0.325  
Site  116: C1: 0.692  C2: 0.308  
Site  117: C1: 0.671  C2: 0.329  
Site  118: C1: 0.766  C2: 0.234  
Site  119: C1: 0.685  C2: 0.315  
Site  120: C1: 0.690  C2: 0.310  
Site  121: C1: 0.676  C2: 0.324  
Site  122: C1: 0.679  C2: 0.321  
Site  123: C1: 0.787  C2: 0.213  
Site  124: C1: 0.671  C2: 0.329  
Site  125: C1: 0.689  C2: 0.311  
Site  126: C1: 0.700  C2: 0.300  
Site  127: C1: 0.688  C2: 0.312  
Site  128: C1: 0.674  C2: 0.326  
Site  129: C1: 0.736  C2: 0.264  
Site  130: C1: 0.674  C2: 0.326  
Site  131: C1: 0.670  C2: 0.330  
Site  132: C1: 0.671  C2: 0.329  
Site  133: C1: 0.788  C2: 0.212  
Site  134: C1: 0.679  C2: 0.321  
Site  135: C1: 0.705  C2: 0.295  
Site  136: C1: 0.677  C2: 0.323  
Site  137: C1: 0.000  C2: 1.000  
Site  138: C1: 0.736  C2: 0.264  
Site  139: C1: 0.736  C2: 0.264  
Site  140: C1: 0.677  C2: 0.323  
Site  141: C1: 0.680  C2: 0.320  
Site  142: C1: 0.683  C2: 0.317  
Site  143: C1: 0.809  C2: 0.191  
Site  144: C1: 0.677  C2: 0.323  
Site  145: C1: 0.697  C2: 0.303  
Site  146: C1: 0.675  C2: 0.325  
Site  147: C1: 0.671  C2: 0.329  
Site  148: C1: 0.675  C2: 0.325  
Site  149: C1: 0.677  C2: 0.323  
Site  150: C1: 0.679  C2: 0.321  
Site  151: C1: 0.001  C2: 0.999  
Site  152: C1: 0.691  C2: 0.309  
Site  153: C1: 0.671  C2: 0.329  
Site  154: C1: 0.766  C2: 0.234  
Site  155: C1: 0.001  C2: 0.999  
Site  156: C1: 0.675  C2: 0.325  
Site  157: C1: 0.687  C2: 0.313  
Site  158: C1: 0.702  C2: 0.298  
Site  159: C1: 0.687  C2: 0.313  
Site  160: C1: 0.802  C2: 0.198  
Site  161: C1: 0.700  C2: 0.300  
Site  162: C1: 0.771  C2: 0.229  
Site  163: C1: 0.809  C2: 0.191  
Site  164: C1: 0.689  C2: 0.311  
Site  165: C1: 0.731  C2: 0.269  
Site  166: C1: 0.687  C2: 0.313  
Site  167: C1: 0.693  C2: 0.307  
Site  168: C1: 0.671  C2: 0.329  
Site  169: C1: 0.705  C2: 0.295  
Site  170: C1: 0.683  C2: 0.317  
Site  171: C1: 0.698  C2: 0.302  
Site  172: C1: 0.671  C2: 0.329  
Site  173: C1: 0.674  C2: 0.326  
Site  174: C1: 0.675  C2: 0.325  
Site  175: C1: 0.700  C2: 0.300  
Site  176: C1: 0.671  C2: 0.329  
Site  177: C1: 0.678  C2: 0.322  
Site  178: C1: 0.677  C2: 0.323  
Site  179: C1: 0.766  C2: 0.234  
Site  180: C1: 0.701  C2: 0.299  
Site  181: C1: 0.679  C2: 0.321  
Site  182: C1: 0.677  C2: 0.323  
Site  183: C1: 0.809  C2: 0.191  
Site  184: C1: 0.678  C2: 0.322  
Site  185: C1: 0.676  C2: 0.324  
Site  186: C1: 0.705  C2: 0.295  
Site  187: C1: 0.707  C2: 0.293  
Site  188: C1: 0.677  C2: 0.323  
Site  189: C1: 0.783  C2: 0.217  
Site  190: C1: 0.677  C2: 0.323  
Site  191: C1: 0.677  C2: 0.323  
Site  192: C1: 0.708  C2: 0.292  
Site  193: C1: 0.709  C2: 0.291  
Site  194: C1: 0.700  C2: 0.300  
Site  195: C1: 0.730  C2: 0.270  
Site  196: C1: 0.732  C2: 0.268  
Site  197: C1: 0.679  C2: 0.321  
Site  198: C1: 0.693  C2: 0.307  
Site  199: C1: 0.697  C2: 0.303  
Site  200: C1: 0.709  C2: 0.291  
Site  201: C1: 0.709  C2: 0.291  
Site  202: C1: 0.671  C2: 0.329  
Site  203: C1: 0.706  C2: 0.294  
Site  204: C1: 0.674  C2: 0.326  
Site  205: C1: 0.771  C2: 0.229  
Site  206: C1: 0.677  C2: 0.323  
Site  207: C1: 0.809  C2: 0.191  
Site  208: C1: 0.691  C2: 0.309  
Site  209: C1: 0.736  C2: 0.264  
Site  210: C1: 0.692  C2: 0.308  
Site  211: C1: 0.674  C2: 0.326  
Site  212: C1: 0.675  C2: 0.325  
Site  213: C1: 0.718  C2: 0.282  
Site  214: C1: 0.766  C2: 0.234  
Site  215: C1: 0.667  C2: 0.333  
Site  216: C1: 0.789  C2: 0.211  
Site  217: C1: 0.730  C2: 0.270  
Site  218: C1: 0.766  C2: 0.234  
Site  219: C1: 0.787  C2: 0.213  
Site  220: C1: 0.692  C2: 0.308  
Site  221: C1: 0.691  C2: 0.309  
Site  222: C1: 0.676  C2: 0.324  
Site  223: C1: 0.750  C2: 0.250  
Site  224: C1: 0.677  C2: 0.323  
Site  225: C1: 0.678  C2: 0.322  
Site  226: C1: 0.685  C2: 0.315  
Site  227: C1: 0.674  C2: 0.326  
Site  228: C1: 0.691  C2: 0.309  
Site  229: C1: 0.730  C2: 0.270  
Site  230: C1: 0.674  C2: 0.326  
Site  231: C1: 0.680  C2: 0.320  
Site  232: C1: 0.679  C2: 0.321  
Site  233: C1: 0.721  C2: 0.279  
Site  234: C1: 0.673  C2: 0.327  
Site  235: C1: 0.687  C2: 0.313  
Site  236: C1: 0.693  C2: 0.307  
Site  237: C1: 0.678  C2: 0.322  
Site  238: C1: 0.693  C2: 0.307  
Site  239: C1: 0.679  C2: 0.321  
Site  240: C1: 0.706  C2: 0.294  
Site  241: C1: 0.687  C2: 0.313  
Site  242: C1: 0.766  C2: 0.234  
Site  243: C1: 0.722  C2: 0.278  
Site  244: C1: 0.678  C2: 0.322  
Site  245: C1: 0.680  C2: 0.320  
Site  246: C1: 0.687  C2: 0.313  
Site  247: C1: 0.679  C2: 0.321  
Site  248: C1: 0.680  C2: 0.320  
Site  249: C1: 0.679  C2: 0.321  
Site  250: C1: 0.674  C2: 0.326  
Site  251: C1: 0.758  C2: 0.242  
Site  252: C1: 0.671  C2: 0.329  
Site  253: C1: 0.809  C2: 0.191  
Site  254: C1: 0.674  C2: 0.326  
Site  255: C1: 0.812  C2: 0.188  
Site  256: C1: 0.766  C2: 0.234  
Site  257: C1: 0.809  C2: 0.191  
Site  258: C1: 0.674  C2: 0.326  
Site  259: C1: 0.767  C2: 0.233  
Site  260: C1: 0.688  C2: 0.312  
Site  261: C1: 0.675  C2: 0.325  
Site  262: C1: 0.670  C2: 0.330  
Site  263: C1: 0.790  C2: 0.210  
Site  264: C1: 0.676  C2: 0.324  
Site  265: C1: 0.700  C2: 0.300  
Site  266: C1: 0.761  C2: 0.239  
Site  267: C1: 0.683  C2: 0.317  
Site  268: C1: 0.708  C2: 0.292  
Site  269: C1: 0.671  C2: 0.329  
Site  270: C1: 0.707  C2: 0.293  
Site  271: C1: 0.000  C2: 1.000  
Site  272: C1: 0.704  C2: 0.296  
Site  273: C1: 0.675  C2: 0.325  
Site  274: C1: 0.677  C2: 0.323  
Site  275: C1: 0.764  C2: 0.236  
Site  276: C1: 0.675  C2: 0.325  
Site  277: C1: 0.000  C2: 1.000  
Site  278: C1: 0.674  C2: 0.326  
Site  279: C1: 0.678  C2: 0.322  
Site  280: C1: 0.675  C2: 0.325  
Site  281: C1: 0.671  C2: 0.329  
Site  282: C1: 0.749  C2: 0.251  
Site  283: C1: 0.692  C2: 0.308  
Site  284: C1: 0.675  C2: 0.325  
Site  285: C1: 0.667  C2: 0.333  
Site  286: C1: 0.766  C2: 0.234  
Site  287: C1: 0.675  C2: 0.325  
Site  288: C1: 0.809  C2: 0.191  
Site  289: C1: 0.766  C2: 0.234  
Site  290: C1: 0.799  C2: 0.201  
Site  291: C1: 0.701  C2: 0.299  
Site  292: C1: 0.782  C2: 0.218  
Site  293: C1: 0.675  C2: 0.325  
Site  294: C1: 0.677  C2: 0.323  
Site  295: C1: 0.671  C2: 0.329  
Site  296: C1: 0.680  C2: 0.320  
Site  297: C1: 0.691  C2: 0.309  
Site  298: C1: 0.702  C2: 0.298  
Site  299: C1: 0.749  C2: 0.251  
Site  300: C1: 0.771  C2: 0.229  
Site  301: C1: 0.677  C2: 0.323  
Site  302: C1: 0.697  C2: 0.303  
Site  303: C1: 0.667  C2: 0.333  
Site  304: C1: 0.674  C2: 0.326  
Site  305: C1: 0.766  C2: 0.234  
Site  306: C1: 0.677  C2: 0.323  
Site  307: C1: 0.766  C2: 0.234  
Site  308: C1: 0.809  C2: 0.191  
Site  309: C1: 0.809  C2: 0.191  
Site  310: C1: 0.697  C2: 0.303  
Site  311: C1: 0.680  C2: 0.320  
Site  312: C1: 0.678  C2: 0.322  
Site  313: C1: 0.675  C2: 0.325  
Site  314: C1: 0.673  C2: 0.327  
Site  315: C1: 0.697  C2: 0.303  
Site  316: C1: 0.676  C2: 0.324  
Site  317: C1: 0.809  C2: 0.191  
Site  318: C1: 0.671  C2: 0.329  
Site  319: C1: 0.779  C2: 0.221  
Site  320: C1: 0.776  C2: 0.224  
Site  321: C1: 0.701  C2: 0.299  
Site  322: C1: 0.676  C2: 0.324  
Site  323: C1: 0.693  C2: 0.307  
Site  324: C1: 0.675  C2: 0.325  
Site  325: C1: 0.693  C2: 0.307  
Site  326: C1: 0.708  C2: 0.292  
Site  327: C1: 0.686  C2: 0.314  
Site  328: C1: 0.670  C2: 0.330  
Site  329: C1: 0.706  C2: 0.294  
Site  330: C1: 0.692  C2: 0.308  
Site  331: C1: 0.708  C2: 0.292  
Site  332: C1: 0.679  C2: 0.321  
Site  333: C1: 0.735  C2: 0.265  
Site  334: C1: 0.671  C2: 0.329  
Site  335: C1: 0.518  C2: 0.482  
Site  336: C1: 0.765  C2: 0.235  
Site  337: C1: 0.671  C2: 0.329  
Site  338: C1: 0.671  C2: 0.329  
Site  339: C1: 0.680  C2: 0.320  
Site  340: C1: 0.730  C2: 0.270  
Site  341: C1: 0.679  C2: 0.321  
Site  342: C1: 0.766  C2: 0.234  
Site  343: C1: 0.677  C2: 0.323  
Site  344: C1: 0.678  C2: 0.322  
Site  345: C1: 0.736  C2: 0.264  
Site  346: C1: 0.674  C2: 0.326  
Site  347: C1: 0.687  C2: 0.313  
Site  348: C1: 0.671  C2: 0.329  

End time: 2025-12-16 04:16:30
