
--- MODEL SUMMARY ---
Model used: 1
Sequence file: input/RHO_seq.dat
Tree file: input/RHO.fa.tree
Log likelihood: -3047.220724
np: 109
Start time: 2025-12-15 00:04:06

--- BASE FREQUENCIES ---
T: 0.235959  C: 0.318430  A: 0.200989  G: 0.244621

--- BRANCH LENGTHS ---
Branch  0: 0.157727  (parent node 52 -> leaf Hiamp)
Branch  1: 0.000100  (parent node 52 -> internal node 53)
Branch  2: 0.000100  (parent node 53 -> internal node 54)
Branch  3: 0.009354  (parent node 54 -> internal node 55)
Branch  4: 0.004506  (parent node 55 -> internal node 56)
Branch  5: 0.013475  (parent node 56 -> internal node 57)
Branch  6: 0.005882  (parent node 57 -> internal node 58)
Branch  7: 0.006774  (parent node 58 -> internal node 59)
Branch  8: 0.000100  (parent node 59 -> internal node 60)
Branch  9: 0.002954  (parent node 60 -> leaf Ppho)
Branch 10: 0.000100  (parent node 60 -> leaf Psin)
Branch 11: 0.003043  (parent node 59 -> leaf Nsun)
Branch 12: 0.023741  (parent node 58 -> internal node 61)
Branch 13: 0.002995  (parent node 61 -> leaf Dleu)
Branch 14: 0.000100  (parent node 61 -> leaf Mmon)
Branch 15: 0.015913  (parent node 57 -> internal node 62)
Branch 16: 0.000100  (parent node 62 -> internal node 63)
Branch 17: 0.000100  (parent node 63 -> internal node 64)
Branch 18: 0.000100  (parent node 64 -> internal node 65)
Branch 19: 0.000100  (parent node 65 -> internal node 66)
Branch 20: 0.000100  (parent node 66 -> internal node 67)
Branch 21: 0.000100  (parent node 67 -> internal node 68)
Branch 22: 0.006000  (parent node 68 -> leaf Ttru)
Branch 23: 0.000100  (parent node 68 -> internal node 69)
Branch 24: 0.000100  (parent node 69 -> internal node 70)
Branch 25: 0.000100  (parent node 70 -> internal node 71)
Branch 26: 0.000100  (parent node 71 -> leaf Ddel)
Branch 27: 0.002999  (parent node 71 -> leaf Tadu)
Branch 28: 0.000100  (parent node 70 -> internal node 72)
Branch 29: 0.002994  (parent node 72 -> leaf Scoe)
Branch 30: 0.005996  (parent node 72 -> leaf Scly)
Branch 31: 0.002999  (parent node 69 -> leaf Sfro)
Branch 32: 0.005999  (parent node 67 -> leaf Schi)
Branch 33: 0.012053  (parent node 66 -> leaf Satt)
Branch 34: 0.009008  (parent node 65 -> leaf Slon)
Branch 35: 0.000100  (parent node 64 -> internal node 73)
Branch 36: 0.000100  (parent node 73 -> internal node 74)
Branch 37: 0.000100  (parent node 74 -> internal node 75)
Branch 38: 0.006003  (parent node 75 -> leaf Pcra)
Branch 39: 0.000100  (parent node 75 -> internal node 76)
Branch 40: 0.000100  (parent node 76 -> leaf Gmel)
Branch 41: 0.000100  (parent node 76 -> leaf Pele)
Branch 42: 0.000100  (parent node 74 -> leaf Ggri)
Branch 43: 0.000100  (parent node 73 -> leaf Sbre)
Branch 44: 0.000100  (parent node 63 -> internal node 77)
Branch 45: 0.000100  (parent node 77 -> internal node 78)
Branch 46: 0.002993  (parent node 78 -> leaf Lalb)
Branch 47: 0.009014  (parent node 78 -> leaf Lacu)
Branch 48: 0.002996  (parent node 77 -> internal node 79)
Branch 49: 0.003003  (parent node 79 -> leaf Ccom)
Branch 50: 0.012087  (parent node 79 -> leaf Aobl)
Branch 51: 0.009020  (parent node 62 -> leaf Oorc)
Branch 52: 0.020624  (parent node 56 -> internal node 80)
Branch 53: 0.059944  (parent node 80 -> leaf Igeo)
Branch 54: 0.024134  (parent node 80 -> leaf Lvex)
Branch 55: 0.035603  (parent node 55 -> internal node 81)
Branch 56: 0.015675  (parent node 81 -> leaf Zcav)
Branch 57: 0.005891  (parent node 81 -> internal node 82)
Branch 58: 0.005257  (parent node 82 -> internal node 83)
Branch 59: 0.008871  (parent node 83 -> leaf Mbid)
Branch 60: 0.000100  (parent node 83 -> internal node 84)
Branch 61: 0.000100  (parent node 84 -> internal node 85)
Branch 62: 0.008873  (parent node 85 -> leaf Mden)
Branch 63: 0.002954  (parent node 85 -> leaf Mste)
Branch 64: 0.002948  (parent node 84 -> internal node 86)
Branch 65: 0.002948  (parent node 86 -> leaf Mmir)
Branch 66: 0.000100  (parent node 86 -> leaf Meur)
Branch 67: 0.003624  (parent node 82 -> leaf Hyamp)
Branch 68: 0.022257  (parent node 54 -> internal node 87)
Branch 69: 0.000100  (parent node 87 -> leaf Pmin)
Branch 70: 0.000100  (parent node 87 -> leaf Pgan)
Branch 71: 0.024545  (parent node 53 -> internal node 88)
Branch 72: 0.006766  (parent node 88 -> leaf Pmac)
Branch 73: 0.051684  (parent node 88 -> internal node 89)
Branch 74: 0.002963  (parent node 89 -> leaf Kbre)
Branch 75: 0.000100  (parent node 89 -> leaf Ksim)
Branch 76: 0.024368  (parent node 52 -> internal node 90)
Branch 77: 0.003055  (parent node 90 -> internal node 91)
Branch 78: 0.013971  (parent node 91 -> internal node 92)
Branch 79: 0.000100  (parent node 92 -> internal node 93)
Branch 80: 0.000100  (parent node 93 -> internal node 94)
Branch 81: 0.011997  (parent node 94 -> leaf Bmus)
Branch 82: 0.008957  (parent node 94 -> internal node 95)
Branch 83: 0.000100  (parent node 95 -> internal node 96)
Branch 84: 0.000100  (parent node 96 -> leaf Bbor)
Branch 85: 0.000100  (parent node 96 -> leaf Bede)
Branch 86: 0.000100  (parent node 95 -> leaf Bric)
Branch 87: 0.008992  (parent node 93 -> internal node 97)
Branch 88: 0.000100  (parent node 97 -> internal node 98)
Branch 89: 0.002984  (parent node 98 -> leaf Bphy)
Branch 90: 0.012054  (parent node 98 -> leaf Mnov)
Branch 91: 0.008991  (parent node 97 -> leaf Erob)
Branch 92: 0.018146  (parent node 92 -> internal node 99)
Branch 93: 0.000100  (parent node 99 -> leaf Bacu)
Branch 94: 0.005985  (parent node 99 -> leaf Bbon)
Branch 95: 0.031516  (parent node 91 -> leaf Cmar)
Branch 96: 0.016337  (parent node 90 -> internal node 100)
Branch 97: 0.011270  (parent node 100 -> leaf Bmys)
Branch 98: 0.000100  (parent node 100 -> internal node 101)
Branch 99: 0.000100  (parent node 101 -> leaf Egla)
Branch 100: 0.000100  (parent node 101 -> leaf Eaus)

--- TREE WITH ESTIMATED BRANCH LENGTHS (NEWICK) ---
(Hiamp:0.157727,((((((((Ppho:0.00295437,Psin:0.0001):0.0001,Nsun:0.00304329):0.00677371,(Dleu:0.00299549,Mmon:0.0001):0.023741):0.00588219,(((((((Ttru:0.0060002,(((Ddel:0.0001,Tadu:0.00299936):0.0001,(Scoe:0.00299362,Scly:0.00599554):0.0001):0.0001,Sfro:0.00299898):0.0001):0.0001,Schi:0.00599881):0.0001,Satt:0.0120533):0.0001,Slon:0.00900792):0.0001,(((Pcra:0.00600326,(Gmel:0.0001,Pele:0.0001):0.0001):0.0001,Ggri:0.0001):0.0001,Sbre:0.0001):0.0001):0.0001,((Lalb:0.00299326,Lacu:0.00901386):0.0001,(Ccom:0.00300287,Aobl:0.0120865):0.00299598):0.0001):0.0001,Oorc:0.00902047):0.0159135):0.0134754,(Igeo:0.0599443,Lvex:0.0241344):0.0206238):0.00450626,(Zcav:0.0156746,((Mbid:0.00887101,((Mden:0.00887311,Mste:0.0029536):0.0001,(Mmir:0.00294777,Meur:0.0001):0.0029476):0.0001):0.00525652,Hyamp:0.00362385):0.00589101):0.0356032):0.00935362,(Pmin:0.0001,Pgan:0.0001):0.022257):0.0001,(Pmac:0.00676562,(Kbre:0.00296325,Ksim:0.0001):0.0516839):0.0245447):0.0001,(((((Bmus:0.0119971,((Bbor:0.0001,Bede:0.0001):0.0001,Bric:0.0001):0.00895701):0.0001,((Bphy:0.00298428,Mnov:0.0120542):0.0001,Erob:0.00899141):0.0089921):0.0001,(Bacu:0.0001,Bbon:0.00598479):0.0181457):0.0139707,Cmar:0.0315156):0.00305514,(Bmys:0.0112705,(Egla:0.0001,Eaus:0.0001):0.0001):0.0163371):0.0243679);

--- ASCII PHYLOGRAM (estimated branch lengths) ---

[DEBUG] ASCII phylogram ('-' = background, '=' = foreground)
(root)
|---------------------------------------- Hiamp
|-- (*)
|  |-- (*)
|  |  |-- (*)
|  |  |  |-- (*)
|  |  |  |  |--- (*)
|  |  |  |  |   |-- (*)
|  |  |  |  |   |  |-- (*)
|  |  |  |  |   |  |  |-- (*)
|  |  |  |  |   |  |  |  |-- Ppho
|  |  |  |  |   |  |  |  `-- Psin
|  |  |  |  |   |  |  `-- Nsun
|  |  |  |  |   |  `------ (*)
|  |  |  |  |   |         |-- Dleu
|  |  |  |  |   |         `-- Mmon
|  |  |  |  |   `---- (*)
|  |  |  |  |        |-- (*)
|  |  |  |  |        |  |-- (*)
|  |  |  |  |        |  |  |-- (*)
|  |  |  |  |        |  |  |  |-- (*)
|  |  |  |  |        |  |  |  |  |-- (*)
|  |  |  |  |        |  |  |  |  |  |-- (*)
|  |  |  |  |        |  |  |  |  |  |  |-- Ttru
|  |  |  |  |        |  |  |  |  |  |  `-- (*)
|  |  |  |  |        |  |  |  |  |  |     |-- (*)
|  |  |  |  |        |  |  |  |  |  |     |  |-- (*)
|  |  |  |  |        |  |  |  |  |  |     |  |  |-- Ddel
|  |  |  |  |        |  |  |  |  |  |     |  |  `-- Tadu
|  |  |  |  |        |  |  |  |  |  |     |  `-- (*)
|  |  |  |  |        |  |  |  |  |  |     |     |-- Scoe
|  |  |  |  |        |  |  |  |  |  |     |     `-- Scly
|  |  |  |  |        |  |  |  |  |  |     `-- Sfro
|  |  |  |  |        |  |  |  |  |  `-- Schi
|  |  |  |  |        |  |  |  |  `--- Satt
|  |  |  |  |        |  |  |  `-- Slon
|  |  |  |  |        |  |  `-- (*)
|  |  |  |  |        |  |     |-- (*)
|  |  |  |  |        |  |     |  |-- (*)
|  |  |  |  |        |  |     |  |  |-- Pcra
|  |  |  |  |        |  |     |  |  `-- (*)
|  |  |  |  |        |  |     |  |     |-- Gmel
|  |  |  |  |        |  |     |  |     `-- Pele
|  |  |  |  |        |  |     |  `-- Ggri
|  |  |  |  |        |  |     `-- Sbre
|  |  |  |  |        |  `-- (*)
|  |  |  |  |        |     |-- (*)
|  |  |  |  |        |     |  |-- Lalb
|  |  |  |  |        |     |  `-- Lacu
|  |  |  |  |        |     `-- (*)
|  |  |  |  |        |        |-- Ccom
|  |  |  |  |        |        `--- Aobl
|  |  |  |  |        `-- Oorc
|  |  |  |  `----- (*)
|  |  |  |        |--------------- Igeo
|  |  |  |        `------ Lvex
|  |  |  `========= (*) [#1]
|  |  |            |---- Zcav
|  |  |            `-- (*)
|  |  |               |-- (*)
|  |  |               |  |-- Mbid
|  |  |               |  `-- (*)
|  |  |               |     |-- (*)
|  |  |               |     |  |-- Mden
|  |  |               |     |  `-- Mste
|  |  |               |     `-- (*)
|  |  |               |        |-- Mmir
|  |  |               |        `-- Meur
|  |  |               `-- Hyamp
|  |  `------ (*)
|  |         |-- Pmin
|  |         `-- Pgan
|  `====== (*) [#1]
|         |-- Pmac
|         `------------- (*)
|                       |-- Kbre
|                       `-- Ksim
`------ (*)
       |-- (*)
       |  |---- (*)
       |  |    |-- (*)
       |  |    |  |-- (*)
       |  |    |  |  |--- Bmus
       |  |    |  |  `-- (*)
       |  |    |  |     |-- (*)
       |  |    |  |     |  |-- Bbor
       |  |    |  |     |  `-- Bede
       |  |    |  |     `-- Bric
       |  |    |  `-- (*)
       |  |    |     |-- (*)
       |  |    |     |  |-- Bphy
       |  |    |     |  `--- Mnov
       |  |    |     `-- Erob
       |  |    `----- (*)
       |  |          |-- Bacu
       |  |          `-- Bbon
       |  `-------- Cmar
       `---- (*)
            |--- Bmys
            `-- (*)
               |-- Egla
               `-- Eaus

--- PARAMETERS ---
Kappa: 6.532889
Omega[0]: 0.015786
Omega[1]: 5.224855
Gamma[0][0]: 0.000100
Gamma[0][1]: 1.000100

--- CATEGORY PROBABILITIES ---
P(Omega 0, Gamma 0): 0.597185
P(Omega 0, Gamma 1): 0.131392
P(Omega 1, Gamma 0): 0.201248
P(Omega 1, Gamma 1): 0.070175

--- POSTERIOR PROBABILITIES PER SITE ---
Site    1: C1: 0.783  C2: 0.165  C3: 0.033  C4: 0.019  
Site    2: C1: 0.882  C2: 0.098  C3: 0.014  C4: 0.006  
Site    3: C1: 0.534  C2: 0.103  C3: 0.280  C4: 0.083  
Site    4: C1: 0.846  C2: 0.079  C3: 0.059  C4: 0.016  
Site    5: C1: 0.851  C2: 0.059  C3: 0.073  C4: 0.017  
Site    6: C1: 0.617  C2: 0.135  C3: 0.183  C4: 0.066  
Site    7: C1: 0.000  C2: 0.877  C3: 0.000  C4: 0.123  
Site    8: C1: 0.725  C2: 0.197  C3: 0.050  C4: 0.028  
Site    9: C1: 0.722  C2: 0.149  C3: 0.090  C4: 0.039  
Site   10: C1: 0.847  C2: 0.051  C3: 0.084  C4: 0.017  
Site   11: C1: 0.628  C2: 0.152  C3: 0.159  C4: 0.062  
Site   12: C1: 0.489  C2: 0.110  C3: 0.308  C4: 0.093  
Site   13: C1: 0.722  C2: 0.149  C3: 0.090  C4: 0.039  
Site   14: C1: 0.997  C2: 0.002  C3: 0.000  C4: 0.000  
Site   15: C1: 0.725  C2: 0.197  C3: 0.050  C4: 0.028  
Site   16: C1: 0.000  C2: 0.000  C3: 0.001  C4: 0.999  
Site   17: C1: 0.942  C2: 0.038  C3: 0.017  C4: 0.003  
Site   18: C1: 0.617  C2: 0.135  C3: 0.183  C4: 0.066  
Site   19: C1: 0.628  C2: 0.152  C3: 0.159  C4: 0.062  
Site   20: C1: 0.628  C2: 0.152  C3: 0.159  C4: 0.062  
Site   21: C1: 0.514  C2: 0.090  C3: 0.310  C4: 0.085  
Site   22: C1: 0.724  C2: 0.175  C3: 0.067  C4: 0.033  
Site   23: C1: 0.511  C2: 0.095  C3: 0.307  C4: 0.086  
Site   24: C1: 0.001  C2: 0.889  C3: 0.000  C4: 0.109  
Site   25: C1: 0.603  C2: 0.102  C3: 0.226  C4: 0.069  
Site   26: C1: 0.847  C2: 0.051  C3: 0.084  C4: 0.017  
Site   27: C1: 0.510  C2: 0.106  C3: 0.296  C4: 0.088  
Site   28: C1: 0.604  C2: 0.119  C3: 0.208  C4: 0.069  
Site   29: C1: 0.589  C2: 0.087  C3: 0.253  C4: 0.070  
Site   30: C1: 0.589  C2: 0.087  C3: 0.253  C4: 0.070  
Site   31: C1: 0.418  C2: 0.144  C3: 0.327  C4: 0.112  
Site   32: C1: 0.814  C2: 0.064  C3: 0.100  C4: 0.022  
Site   33: C1: 0.603  C2: 0.102  C3: 0.226  C4: 0.069  
Site   34: C1: 0.802  C2: 0.068  C3: 0.106  C4: 0.024  
Site   35: C1: 0.705  C2: 0.118  C3: 0.130  C4: 0.047  
Site   36: C1: 0.604  C2: 0.119  C3: 0.208  C4: 0.069  
Site   37: C1: 0.722  C2: 0.149  C3: 0.090  C4: 0.039  
Site   38: C1: 0.512  C2: 0.084  C3: 0.320  C4: 0.084  
Site   39: C1: 0.045  C2: 0.004  C3: 0.730  C4: 0.221  
Site   40: C1: 0.418  C2: 0.144  C3: 0.327  C4: 0.112  
Site   41: C1: 0.980  C2: 0.012  C3: 0.007  C4: 0.001  
Site   42: C1: 0.514  C2: 0.090  C3: 0.310  C4: 0.085  
Site   43: C1: 0.589  C2: 0.087  C3: 0.253  C4: 0.070  
Site   44: C1: 0.783  C2: 0.165  C3: 0.033  C4: 0.019  
Site   45: C1: 0.073  C2: 0.006  C3: 0.695  C4: 0.226  
Site   46: C1: 0.907  C2: 0.051  C3: 0.036  C4: 0.007  
Site   47: C1: 0.418  C2: 0.144  C3: 0.327  C4: 0.112  
Site   48: C1: 0.874  C2: 0.105  C3: 0.015  C4: 0.006  
Site   49: C1: 0.001  C2: 0.000  C3: 0.817  C4: 0.182  
Site   50: C1: 0.999  C2: 0.001  C3: 0.000  C4: 0.000  
Site   51: C1: 0.034  C2: 0.003  C3: 0.758  C4: 0.205  
Site   52: C1: 0.722  C2: 0.149  C3: 0.090  C4: 0.039  
Site   53: C1: 0.511  C2: 0.095  C3: 0.307  C4: 0.086  
Site   54: C1: 0.711  C2: 0.208  C3: 0.052  C4: 0.030  
Site   55: C1: 0.725  C2: 0.197  C3: 0.050  C4: 0.028  
Site   56: C1: 0.722  C2: 0.149  C3: 0.090  C4: 0.039  
Site   57: C1: 0.647  C2: 0.155  C3: 0.141  C4: 0.057  
Site   58: C1: 0.949  C2: 0.034  C3: 0.014  C4: 0.003  
Site   59: C1: 0.647  C2: 0.155  C3: 0.141  C4: 0.057  
Site   60: C1: 0.847  C2: 0.052  C3: 0.084  C4: 0.017  
Site   61: C1: 0.651  C2: 0.153  C3: 0.140  C4: 0.056  
Site   62: C1: 0.849  C2: 0.077  C3: 0.058  C4: 0.016  
Site   63: C1: 0.981  C2: 0.016  C3: 0.003  C4: 0.000  
Site   64: C1: 0.604  C2: 0.119  C3: 0.208  C4: 0.069  
Site   65: C1: 0.656  C2: 0.099  C3: 0.187  C4: 0.058  
Site   66: C1: 0.635  C2: 0.118  C3: 0.184  C4: 0.062  
Site   67: C1: 0.635  C2: 0.118  C3: 0.184  C4: 0.062  
Site   68: C1: 0.418  C2: 0.144  C3: 0.327  C4: 0.112  
Site   69: C1: 0.514  C2: 0.090  C3: 0.310  C4: 0.085  
Site   70: C1: 0.610  C2: 0.138  C3: 0.185  C4: 0.067  
Site   71: C1: 0.489  C2: 0.110  C3: 0.308  C4: 0.093  
Site   72: C1: 0.853  C2: 0.085  C3: 0.047  C4: 0.014  
Site   73: C1: 0.725  C2: 0.197  C3: 0.050  C4: 0.028  
Site   74: C1: 0.589  C2: 0.087  C3: 0.253  C4: 0.070  
Site   75: C1: 0.711  C2: 0.208  C3: 0.052  C4: 0.030  
Site   76: C1: 0.418  C2: 0.144  C3: 0.327  C4: 0.112  
Site   77: C1: 0.647  C2: 0.155  C3: 0.141  C4: 0.057  
Site   78: C1: 0.725  C2: 0.197  C3: 0.050  C4: 0.028  
Site   79: C1: 0.418  C2: 0.144  C3: 0.327  C4: 0.112  
Site   80: C1: 0.805  C2: 0.059  C3: 0.112  C4: 0.023  
Site   81: C1: 0.852  C2: 0.084  C3: 0.050  C4: 0.014  
Site   82: C1: 0.805  C2: 0.059  C3: 0.112  C4: 0.023  
Site   83: C1: 0.000  C2: 0.000  C3: 0.817  C4: 0.183  
Site   84: C1: 0.647  C2: 0.155  C3: 0.141  C4: 0.057  
Site   85: C1: 0.722  C2: 0.149  C3: 0.090  C4: 0.039  
Site   86: C1: 0.783  C2: 0.165  C3: 0.033  C4: 0.019  
Site   87: C1: 0.651  C2: 0.153  C3: 0.140  C4: 0.056  
Site   88: C1: 0.000  C2: 0.000  C3: 0.960  C4: 0.040  
Site   89: C1: 0.586  C2: 0.141  C3: 0.201  C4: 0.072  
Site   90: C1: 0.617  C2: 0.135  C3: 0.183  C4: 0.066  
Site   91: C1: 0.722  C2: 0.149  C3: 0.090  C4: 0.039  
Site   92: C1: 0.631  C2: 0.136  C3: 0.171  C4: 0.062  
Site   93: C1: 0.631  C2: 0.136  C3: 0.171  C4: 0.062  
Site   94: C1: 0.001  C2: 0.836  C3: 0.000  C4: 0.163  
Site   95: C1: 0.647  C2: 0.155  C3: 0.141  C4: 0.057  
Site   96: C1: 0.589  C2: 0.087  C3: 0.253  C4: 0.070  
Site   97: C1: 0.631  C2: 0.136  C3: 0.171  C4: 0.062  
Site   98: C1: 0.502  C2: 0.099  C3: 0.309  C4: 0.089  
Site   99: C1: 0.000  C2: 0.000  C3: 0.918  C4: 0.082  
Site  100: C1: 0.141  C2: 0.004  C3: 0.727  C4: 0.128  
Site  101: C1: 0.003  C2: 0.869  C3: 0.000  C4: 0.128  
Site  102: C1: 0.589  C2: 0.087  C3: 0.253  C4: 0.070  
Site  103: C1: 0.722  C2: 0.149  C3: 0.090  C4: 0.039  
Site  104: C1: 0.000  C2: 0.000  C3: 0.944  C4: 0.056  
Site  105: C1: 0.254  C2: 0.009  C3: 0.594  C4: 0.144  
Site  106: C1: 0.534  C2: 0.103  C3: 0.280  C4: 0.083  
Site  107: C1: 0.511  C2: 0.095  C3: 0.307  C4: 0.086  
Site  108: C1: 0.982  C2: 0.014  C3: 0.003  C4: 0.001  
Site  109: C1: 0.799  C2: 0.070  C3: 0.107  C4: 0.024  
Site  110: C1: 0.648  C2: 0.107  C3: 0.185  C4: 0.060  
Site  111: C1: 0.973  C2: 0.025  C3: 0.002  C4: 0.001  
Site  112: C1: 0.000  C2: 0.000  C3: 0.001  C4: 0.999  
Site  113: C1: 0.603  C2: 0.102  C3: 0.226  C4: 0.069  
Site  114: C1: 0.617  C2: 0.135  C3: 0.183  C4: 0.066  
Site  115: C1: 0.722  C2: 0.149  C3: 0.090  C4: 0.039  
Site  116: C1: 0.872  C2: 0.081  C3: 0.036  C4: 0.011  
Site  117: C1: 0.514  C2: 0.090  C3: 0.310  C4: 0.085  
Site  118: C1: 0.631  C2: 0.136  C3: 0.171  C4: 0.062  
Site  119: C1: 0.731  C2: 0.103  C3: 0.132  C4: 0.034  
Site  120: C1: 0.853  C2: 0.075  C3: 0.057  C4: 0.015  
Site  121: C1: 0.586  C2: 0.141  C3: 0.201  C4: 0.072  
Site  122: C1: 0.595  C2: 0.110  C3: 0.224  C4: 0.071  
Site  123: C1: 0.005  C2: 0.000  C3: 0.819  C4: 0.176  
Site  124: C1: 0.514  C2: 0.090  C3: 0.310  C4: 0.085  
Site  125: C1: 0.014  C2: 0.002  C3: 0.781  C4: 0.203  
Site  126: C1: 0.705  C2: 0.118  C3: 0.130  C4: 0.047  
Site  127: C1: 0.814  C2: 0.056  C3: 0.108  C4: 0.022  
Site  128: C1: 0.575  C2: 0.235  C3: 0.127  C4: 0.064  
Site  129: C1: 0.628  C2: 0.152  C3: 0.159  C4: 0.062  
Site  130: C1: 0.651  C2: 0.153  C3: 0.140  C4: 0.056  
Site  131: C1: 0.418  C2: 0.144  C3: 0.327  C4: 0.112  
Site  132: C1: 0.514  C2: 0.090  C3: 0.310  C4: 0.085  
Site  133: C1: 0.948  C2: 0.047  C3: 0.004  C4: 0.001  
Site  134: C1: 0.603  C2: 0.102  C3: 0.226  C4: 0.069  
Site  135: C1: 0.933  C2: 0.033  C3: 0.029  C4: 0.005  
Site  136: C1: 0.589  C2: 0.087  C3: 0.253  C4: 0.070  
Site  137: C1: 0.001  C2: 0.000  C3: 0.823  C4: 0.177  
Site  138: C1: 0.628  C2: 0.152  C3: 0.159  C4: 0.062  
Site  139: C1: 0.628  C2: 0.152  C3: 0.159  C4: 0.062  
Site  140: C1: 0.611  C2: 0.118  C3: 0.204  C4: 0.067  
Site  141: C1: 0.635  C2: 0.118  C3: 0.184  C4: 0.062  
Site  142: C1: 0.806  C2: 0.061  C3: 0.110  C4: 0.023  
Site  143: C1: 0.783  C2: 0.165  C3: 0.033  C4: 0.019  
Site  144: C1: 0.724  C2: 0.175  C3: 0.067  C4: 0.033  
Site  145: C1: 0.725  C2: 0.197  C3: 0.050  C4: 0.028  
Site  146: C1: 0.722  C2: 0.149  C3: 0.090  C4: 0.039  
Site  147: C1: 0.514  C2: 0.090  C3: 0.310  C4: 0.085  
Site  148: C1: 0.722  C2: 0.149  C3: 0.090  C4: 0.039  
Site  149: C1: 0.534  C2: 0.103  C3: 0.280  C4: 0.083  
Site  150: C1: 0.603  C2: 0.102  C3: 0.226  C4: 0.069  
Site  151: C1: 0.002  C2: 0.000  C3: 0.760  C4: 0.238  
Site  152: C1: 0.854  C2: 0.063  C3: 0.066  C4: 0.016  
Site  153: C1: 0.514  C2: 0.090  C3: 0.310  C4: 0.085  
Site  154: C1: 0.711  C2: 0.208  C3: 0.052  C4: 0.030  
Site  155: C1: 0.003  C2: 0.000  C3: 0.759  C4: 0.238  
Site  156: C1: 0.617  C2: 0.135  C3: 0.183  C4: 0.066  
Site  157: C1: 0.863  C2: 0.082  C3: 0.042  C4: 0.013  
Site  158: C1: 0.003  C2: 0.858  C3: 0.000  C4: 0.139  
Site  159: C1: 0.044  C2: 0.004  C3: 0.731  C4: 0.221  
Site  160: C1: 0.982  C2: 0.014  C3: 0.003  C4: 0.000  
Site  161: C1: 0.705  C2: 0.118  C3: 0.130  C4: 0.047  
Site  162: C1: 0.103  C2: 0.012  C3: 0.624  C4: 0.261  
Site  163: C1: 0.783  C2: 0.165  C3: 0.033  C4: 0.019  
Site  164: C1: 0.799  C2: 0.068  C3: 0.109  C4: 0.024  
Site  165: C1: 0.000  C2: 0.000  C3: 0.824  C4: 0.176  
Site  166: C1: 0.805  C2: 0.059  C3: 0.112  C4: 0.023  
Site  167: C1: 0.852  C2: 0.067  C3: 0.065  C4: 0.016  
Site  168: C1: 0.514  C2: 0.090  C3: 0.310  C4: 0.085  
Site  169: C1: 0.003  C2: 0.868  C3: 0.000  C4: 0.129  
Site  170: C1: 0.806  C2: 0.061  C3: 0.110  C4: 0.023  
Site  171: C1: 0.937  C2: 0.029  C3: 0.030  C4: 0.005  
Site  172: C1: 0.647  C2: 0.155  C3: 0.141  C4: 0.057  
Site  173: C1: 0.651  C2: 0.153  C3: 0.140  C4: 0.056  
Site  174: C1: 0.617  C2: 0.135  C3: 0.183  C4: 0.066  
Site  175: C1: 0.705  C2: 0.118  C3: 0.130  C4: 0.047  
Site  176: C1: 0.512  C2: 0.084  C3: 0.320  C4: 0.084  
Site  177: C1: 0.548  C2: 0.094  C3: 0.279  C4: 0.079  
Site  178: C1: 0.589  C2: 0.087  C3: 0.253  C4: 0.070  
Site  179: C1: 0.711  C2: 0.208  C3: 0.052  C4: 0.030  
Site  180: C1: 0.933  C2: 0.033  C3: 0.029  C4: 0.005  
Site  181: C1: 0.603  C2: 0.102  C3: 0.226  C4: 0.069  
Site  182: C1: 0.507  C2: 0.108  C3: 0.296  C4: 0.089  
Site  183: C1: 0.783  C2: 0.165  C3: 0.033  C4: 0.019  
Site  184: C1: 0.604  C2: 0.119  C3: 0.208  C4: 0.069  
Site  185: C1: 0.648  C2: 0.107  C3: 0.185  C4: 0.060  
Site  186: C1: 0.841  C2: 0.084  C3: 0.059  C4: 0.016  
Site  187: C1: 0.957  C2: 0.026  C3: 0.014  C4: 0.003  
Site  188: C1: 0.534  C2: 0.103  C3: 0.280  C4: 0.083  
Site  189: C1: 0.616  C2: 0.012  C3: 0.307  C4: 0.065  
Site  190: C1: 0.704  C2: 0.141  C3: 0.111  C4: 0.045  
Site  191: C1: 0.589  C2: 0.087  C3: 0.253  C4: 0.070  
Site  192: C1: 0.952  C2: 0.024  C3: 0.021  C4: 0.003  
Site  193: C1: 0.946  C2: 0.036  C3: 0.015  C4: 0.003  
Site  194: C1: 0.000  C2: 0.920  C3: 0.000  C4: 0.080  
Site  195: C1: 0.000  C2: 0.152  C3: 0.000  C4: 0.848  
Site  196: C1: 0.993  C2: 0.006  C3: 0.001  C4: 0.000  
Site  197: C1: 0.603  C2: 0.102  C3: 0.226  C4: 0.069  
Site  198: C1: 0.046  C2: 0.004  C3: 0.728  C4: 0.222  
Site  199: C1: 0.725  C2: 0.197  C3: 0.050  C4: 0.028  
Site  200: C1: 0.872  C2: 0.098  C3: 0.022  C4: 0.008  
Site  201: C1: 0.951  C2: 0.027  C3: 0.019  C4: 0.003  
Site  202: C1: 0.512  C2: 0.084  C3: 0.320  C4: 0.084  
Site  203: C1: 0.958  C2: 0.033  C3: 0.007  C4: 0.002  
Site  204: C1: 0.651  C2: 0.153  C3: 0.140  C4: 0.056  
Site  205: C1: 0.102  C2: 0.012  C3: 0.626  C4: 0.260  
Site  206: C1: 0.589  C2: 0.087  C3: 0.253  C4: 0.070  
Site  207: C1: 0.783  C2: 0.165  C3: 0.033  C4: 0.019  
Site  208: C1: 0.893  C2: 0.074  C3: 0.025  C4: 0.008  
Site  209: C1: 0.628  C2: 0.152  C3: 0.159  C4: 0.062  
Site  210: C1: 0.863  C2: 0.082  C3: 0.042  C4: 0.013  
Site  211: C1: 0.656  C2: 0.099  C3: 0.187  C4: 0.058  
Site  212: C1: 0.722  C2: 0.149  C3: 0.090  C4: 0.039  
Site  213: C1: 0.000  C2: 0.866  C3: 0.000  C4: 0.134  
Site  214: C1: 0.711  C2: 0.208  C3: 0.052  C4: 0.030  
Site  215: C1: 0.511  C2: 0.095  C3: 0.307  C4: 0.086  
Site  216: C1: 0.000  C2: 0.000  C3: 0.838  C4: 0.162  
Site  217: C1: 0.003  C2: 0.000  C3: 0.848  C4: 0.148  
Site  218: C1: 0.711  C2: 0.208  C3: 0.052  C4: 0.030  
Site  219: C1: 0.883  C2: 0.096  C3: 0.016  C4: 0.006  
Site  220: C1: 0.073  C2: 0.006  C3: 0.694  C4: 0.227  
Site  221: C1: 0.891  C2: 0.075  C3: 0.026  C4: 0.008  
Site  222: C1: 0.648  C2: 0.107  C3: 0.185  C4: 0.060  
Site  223: C1: 0.998  C2: 0.002  C3: 0.000  C4: 0.000  
Site  224: C1: 0.534  C2: 0.103  C3: 0.280  C4: 0.083  
Site  225: C1: 0.604  C2: 0.119  C3: 0.208  C4: 0.069  
Site  226: C1: 0.732  C2: 0.103  C3: 0.131  C4: 0.034  
Site  227: C1: 0.651  C2: 0.153  C3: 0.140  C4: 0.056  
Site  228: C1: 0.891  C2: 0.075  C3: 0.026  C4: 0.008  
Site  229: C1: 0.584  C2: 0.143  C3: 0.200  C4: 0.073  
Site  230: C1: 0.651  C2: 0.153  C3: 0.140  C4: 0.056  
Site  231: C1: 0.635  C2: 0.118  C3: 0.184  C4: 0.062  
Site  232: C1: 0.603  C2: 0.102  C3: 0.226  C4: 0.069  
Site  233: C1: 0.981  C2: 0.012  C3: 0.006  C4: 0.001  
Site  234: C1: 0.502  C2: 0.105  C3: 0.303  C4: 0.089  
Site  235: C1: 0.807  C2: 0.058  C3: 0.112  C4: 0.023  
Site  236: C1: 0.839  C2: 0.073  C3: 0.070  C4: 0.018  
Site  237: C1: 0.604  C2: 0.119  C3: 0.208  C4: 0.069  
Site  238: C1: 0.847  C2: 0.069  C3: 0.068  C4: 0.017  
Site  239: C1: 0.603  C2: 0.102  C3: 0.226  C4: 0.069  
Site  240: C1: 0.841  C2: 0.085  C3: 0.058  C4: 0.016  
Site  241: C1: 0.805  C2: 0.059  C3: 0.112  C4: 0.023  
Site  242: C1: 0.631  C2: 0.136  C3: 0.171  C4: 0.062  
Site  243: C1: 0.981  C2: 0.015  C3: 0.004  C4: 0.001  
Site  244: C1: 0.604  C2: 0.119  C3: 0.208  C4: 0.069  
Site  245: C1: 0.635  C2: 0.118  C3: 0.184  C4: 0.062  
Site  246: C1: 0.807  C2: 0.058  C3: 0.111  C4: 0.023  
Site  247: C1: 0.603  C2: 0.102  C3: 0.226  C4: 0.069  
Site  248: C1: 0.635  C2: 0.118  C3: 0.184  C4: 0.062  
Site  249: C1: 0.603  C2: 0.102  C3: 0.226  C4: 0.069  
Site  250: C1: 0.651  C2: 0.153  C3: 0.140  C4: 0.056  
Site  251: C1: 0.850  C2: 0.077  C3: 0.058  C4: 0.016  
Site  252: C1: 0.514  C2: 0.090  C3: 0.310  C4: 0.085  
Site  253: C1: 0.783  C2: 0.165  C3: 0.033  C4: 0.019  
Site  254: C1: 0.651  C2: 0.153  C3: 0.140  C4: 0.056  
Site  255: C1: 0.000  C2: 0.000  C3: 0.887  C4: 0.113  
Site  256: C1: 0.711  C2: 0.208  C3: 0.052  C4: 0.030  
Site  257: C1: 0.783  C2: 0.165  C3: 0.033  C4: 0.019  
Site  258: C1: 0.651  C2: 0.153  C3: 0.140  C4: 0.056  
Site  259: C1: 0.000  C2: 0.000  C3: 0.912  C4: 0.088  
Site  260: C1: 0.797  C2: 0.067  C3: 0.111  C4: 0.024  
Site  261: C1: 0.722  C2: 0.149  C3: 0.090  C4: 0.039  
Site  262: C1: 0.418  C2: 0.144  C3: 0.327  C4: 0.112  
Site  263: C1: 0.949  C2: 0.046  C3: 0.004  C4: 0.001  
Site  264: C1: 0.648  C2: 0.107  C3: 0.185  C4: 0.060  
Site  265: C1: 0.705  C2: 0.118  C3: 0.130  C4: 0.047  
Site  266: C1: 0.000  C2: 0.000  C3: 0.861  C4: 0.139  
Site  267: C1: 0.804  C2: 0.061  C3: 0.111  C4: 0.023  
Site  268: C1: 0.947  C2: 0.027  C3: 0.022  C4: 0.004  
Site  269: C1: 0.514  C2: 0.090  C3: 0.310  C4: 0.085  
Site  270: C1: 0.294  C2: 0.013  C3: 0.545  C4: 0.148  
Site  271: C1: 0.039  C2: 0.004  C3: 0.740  C4: 0.217  
Site  272: C1: 0.937  C2: 0.031  C3: 0.028  C4: 0.005  
Site  273: C1: 0.722  C2: 0.149  C3: 0.090  C4: 0.039  
Site  274: C1: 0.589  C2: 0.087  C3: 0.253  C4: 0.070  
Site  275: C1: 0.865  C2: 0.103  C3: 0.023  C4: 0.009  
Site  276: C1: 0.722  C2: 0.149  C3: 0.090  C4: 0.039  
Site  277: C1: 0.000  C2: 0.000  C3: 0.863  C4: 0.136  
Site  278: C1: 0.656  C2: 0.099  C3: 0.187  C4: 0.058  
Site  279: C1: 0.604  C2: 0.119  C3: 0.208  C4: 0.069  
Site  280: C1: 0.617  C2: 0.135  C3: 0.183  C4: 0.066  
Site  281: C1: 0.512  C2: 0.084  C3: 0.320  C4: 0.084  
Site  282: C1: 0.000  C2: 0.000  C3: 0.860  C4: 0.140  
Site  283: C1: 0.872  C2: 0.081  C3: 0.036  C4: 0.011  
Site  284: C1: 0.617  C2: 0.135  C3: 0.183  C4: 0.066  
Site  285: C1: 0.511  C2: 0.095  C3: 0.307  C4: 0.086  
Site  286: C1: 0.711  C2: 0.208  C3: 0.052  C4: 0.030  
Site  287: C1: 0.722  C2: 0.149  C3: 0.090  C4: 0.039  
Site  288: C1: 0.783  C2: 0.165  C3: 0.033  C4: 0.019  
Site  289: C1: 0.631  C2: 0.136  C3: 0.171  C4: 0.062  
Site  290: C1: 0.000  C2: 0.000  C3: 0.858  C4: 0.142  
Site  291: C1: 0.934  C2: 0.033  C3: 0.029  C4: 0.005  
Site  292: C1: 0.000  C2: 0.999  C3: 0.000  C4: 0.001  
Site  293: C1: 0.722  C2: 0.149  C3: 0.090  C4: 0.039  
Site  294: C1: 0.675  C2: 0.154  C3: 0.121  C4: 0.050  
Site  295: C1: 0.514  C2: 0.090  C3: 0.310  C4: 0.085  
Site  296: C1: 0.635  C2: 0.118  C3: 0.184  C4: 0.062  
Site  297: C1: 0.001  C2: 0.766  C3: 0.116  C4: 0.118  
Site  298: C1: 0.938  C2: 0.026  C3: 0.031  C4: 0.005  
Site  299: C1: 0.000  C2: 0.987  C3: 0.000  C4: 0.013  
Site  300: C1: 0.103  C2: 0.012  C3: 0.624  C4: 0.261  
Site  301: C1: 0.589  C2: 0.087  C3: 0.253  C4: 0.070  
Site  302: C1: 0.725  C2: 0.197  C3: 0.050  C4: 0.028  
Site  303: C1: 0.511  C2: 0.095  C3: 0.307  C4: 0.086  
Site  304: C1: 0.651  C2: 0.153  C3: 0.140  C4: 0.056  
Site  305: C1: 0.711  C2: 0.208  C3: 0.052  C4: 0.030  
Site  306: C1: 0.589  C2: 0.087  C3: 0.253  C4: 0.070  
Site  307: C1: 0.711  C2: 0.208  C3: 0.052  C4: 0.030  
Site  308: C1: 0.783  C2: 0.165  C3: 0.033  C4: 0.019  
Site  309: C1: 0.783  C2: 0.165  C3: 0.033  C4: 0.019  
Site  310: C1: 0.725  C2: 0.197  C3: 0.050  C4: 0.028  
Site  311: C1: 0.635  C2: 0.118  C3: 0.184  C4: 0.062  
Site  312: C1: 0.604  C2: 0.119  C3: 0.208  C4: 0.069  
Site  313: C1: 0.722  C2: 0.149  C3: 0.090  C4: 0.039  
Site  314: C1: 0.492  C2: 0.109  C3: 0.307  C4: 0.092  
Site  315: C1: 0.725  C2: 0.197  C3: 0.050  C4: 0.028  
Site  316: C1: 0.648  C2: 0.107  C3: 0.185  C4: 0.060  
Site  317: C1: 0.783  C2: 0.165  C3: 0.033  C4: 0.019  
Site  318: C1: 0.647  C2: 0.155  C3: 0.141  C4: 0.057  
Site  319: C1: 0.856  C2: 0.075  C3: 0.054  C4: 0.015  
Site  320: C1: 0.859  C2: 0.074  C3: 0.053  C4: 0.014  
Site  321: C1: 0.915  C2: 0.048  C3: 0.031  C4: 0.006  
Site  322: C1: 0.648  C2: 0.107  C3: 0.185  C4: 0.060  
Site  323: C1: 0.851  C2: 0.067  C3: 0.065  C4: 0.016  
Site  324: C1: 0.617  C2: 0.135  C3: 0.183  C4: 0.066  
Site  325: C1: 0.001  C2: 0.746  C3: 0.000  C4: 0.253  
Site  326: C1: 0.111  C2: 0.012  C3: 0.621  C4: 0.256  
Site  327: C1: 0.786  C2: 0.076  C3: 0.112  C4: 0.026  
Site  328: C1: 0.418  C2: 0.144  C3: 0.327  C4: 0.112  
Site  329: C1: 0.000  C2: 0.912  C3: 0.000  C4: 0.088  
Site  330: C1: 0.886  C2: 0.073  C3: 0.032  C4: 0.010  
Site  331: C1: 0.952  C2: 0.035  C3: 0.011  C4: 0.002  
Site  332: C1: 0.603  C2: 0.102  C3: 0.226  C4: 0.069  
Site  333: C1: 0.000  C2: 0.987  C3: 0.000  C4: 0.013  
Site  334: C1: 0.512  C2: 0.084  C3: 0.320  C4: 0.084  
Site  335: C1: 0.000  C2: 0.111  C3: 0.729  C4: 0.159  
Site  336: C1: 0.840  C2: 0.081  C3: 0.062  C4: 0.017  
Site  337: C1: 0.514  C2: 0.090  C3: 0.310  C4: 0.085  
Site  338: C1: 0.512  C2: 0.084  C3: 0.320  C4: 0.084  
Site  339: C1: 0.635  C2: 0.118  C3: 0.184  C4: 0.062  
Site  340: C1: 0.584  C2: 0.143  C3: 0.200  C4: 0.073  
Site  341: C1: 0.603  C2: 0.102  C3: 0.226  C4: 0.069  
Site  342: C1: 0.631  C2: 0.136  C3: 0.171  C4: 0.062  
Site  343: C1: 0.724  C2: 0.175  C3: 0.067  C4: 0.033  
Site  344: C1: 0.604  C2: 0.119  C3: 0.208  C4: 0.069  
Site  345: C1: 0.628  C2: 0.152  C3: 0.159  C4: 0.062  
Site  346: C1: 0.518  C2: 0.102  C3: 0.295  C4: 0.086  
Site  347: C1: 0.810  C2: 0.067  C3: 0.101  C4: 0.023  
Site  348: C1: 0.514  C2: 0.090  C3: 0.310  C4: 0.085  

End time: 2025-12-15 01:16:12
