
--- MODEL SUMMARY ---
Model used: 1
Sequence file: input/RHO_seq.dat
Tree file: input/RHO.fa.tree
Log likelihood: -3036.981618
np: 109
Start time: 2025-12-15 03:49:21

--- BASE FREQUENCIES ---
T: 0.237958  C: 0.318350  A: 0.200624  G: 0.243068

--- BRANCH LENGTHS ---
Branch  0: 0.154120  (parent node 52 -> leaf Hiamp)
Branch  1: 0.000100  (parent node 52 -> internal node 53)
Branch  2: 0.000100  (parent node 53 -> internal node 54)
Branch  3: 0.009170  (parent node 54 -> internal node 55)
Branch  4: 0.004410  (parent node 55 -> internal node 56)
Branch  5: 0.013117  (parent node 56 -> internal node 57)
Branch  6: 0.005613  (parent node 57 -> internal node 58)
Branch  7: 0.006630  (parent node 58 -> internal node 59)
Branch  8: 0.000100  (parent node 59 -> internal node 60)
Branch  9: 0.002865  (parent node 60 -> leaf Ppho)
Branch 10: 0.000100  (parent node 60 -> leaf Psin)
Branch 11: 0.002955  (parent node 59 -> leaf Nsun)
Branch 12: 0.023073  (parent node 58 -> internal node 61)
Branch 13: 0.002911  (parent node 61 -> leaf Dleu)
Branch 14: 0.000100  (parent node 61 -> leaf Mmon)
Branch 15: 0.015517  (parent node 57 -> internal node 62)
Branch 16: 0.000100  (parent node 62 -> internal node 63)
Branch 17: 0.000100  (parent node 63 -> internal node 64)
Branch 18: 0.000100  (parent node 64 -> internal node 65)
Branch 19: 0.000100  (parent node 65 -> internal node 66)
Branch 20: 0.000100  (parent node 66 -> internal node 67)
Branch 21: 0.000100  (parent node 67 -> internal node 68)
Branch 22: 0.005805  (parent node 68 -> leaf Ttru)
Branch 23: 0.000100  (parent node 68 -> internal node 69)
Branch 24: 0.000100  (parent node 69 -> internal node 70)
Branch 25: 0.000100  (parent node 70 -> internal node 71)
Branch 26: 0.000100  (parent node 71 -> leaf Ddel)
Branch 27: 0.002902  (parent node 71 -> leaf Tadu)
Branch 28: 0.000100  (parent node 70 -> internal node 72)
Branch 29: 0.002897  (parent node 72 -> leaf Scoe)
Branch 30: 0.005804  (parent node 72 -> leaf Scly)
Branch 31: 0.002902  (parent node 69 -> leaf Sfro)
Branch 32: 0.005805  (parent node 67 -> leaf Schi)
Branch 33: 0.011671  (parent node 66 -> leaf Satt)
Branch 34: 0.008720  (parent node 65 -> leaf Slon)
Branch 35: 0.000100  (parent node 64 -> internal node 73)
Branch 36: 0.000100  (parent node 73 -> internal node 74)
Branch 37: 0.000100  (parent node 74 -> internal node 75)
Branch 38: 0.005813  (parent node 75 -> leaf Pcra)
Branch 39: 0.000100  (parent node 75 -> internal node 76)
Branch 40: 0.000100  (parent node 76 -> leaf Gmel)
Branch 41: 0.000100  (parent node 76 -> leaf Pele)
Branch 42: 0.000100  (parent node 74 -> leaf Ggri)
Branch 43: 0.000100  (parent node 73 -> leaf Sbre)
Branch 44: 0.000100  (parent node 63 -> internal node 77)
Branch 45: 0.000100  (parent node 77 -> internal node 78)
Branch 46: 0.002897  (parent node 78 -> leaf Lalb)
Branch 47: 0.008711  (parent node 78 -> leaf Lacu)
Branch 48: 0.002898  (parent node 77 -> internal node 79)
Branch 49: 0.002905  (parent node 79 -> leaf Ccom)
Branch 50: 0.011706  (parent node 79 -> leaf Aobl)
Branch 51: 0.008717  (parent node 62 -> leaf Oorc)
Branch 52: 0.020297  (parent node 56 -> internal node 80)
Branch 53: 0.058787  (parent node 80 -> leaf Igeo)
Branch 54: 0.023505  (parent node 80 -> leaf Lvex)
Branch 55: 0.034844  (parent node 55 -> internal node 81)
Branch 56: 0.015326  (parent node 81 -> leaf Zcav)
Branch 57: 0.005632  (parent node 81 -> internal node 82)
Branch 58: 0.005100  (parent node 82 -> internal node 83)
Branch 59: 0.008600  (parent node 83 -> leaf Mbid)
Branch 60: 0.000100  (parent node 83 -> internal node 84)
Branch 61: 0.000100  (parent node 84 -> internal node 85)
Branch 62: 0.008604  (parent node 85 -> leaf Mden)
Branch 63: 0.002867  (parent node 85 -> leaf Mste)
Branch 64: 0.002857  (parent node 84 -> internal node 86)
Branch 65: 0.002857  (parent node 86 -> leaf Mmir)
Branch 66: 0.000100  (parent node 86 -> leaf Meur)
Branch 67: 0.003519  (parent node 82 -> leaf Hyamp)
Branch 68: 0.021548  (parent node 54 -> internal node 87)
Branch 69: 0.000100  (parent node 87 -> leaf Pmin)
Branch 70: 0.000100  (parent node 87 -> leaf Pgan)
Branch 71: 0.024131  (parent node 53 -> internal node 88)
Branch 72: 0.006303  (parent node 88 -> leaf Pmac)
Branch 73: 0.050716  (parent node 88 -> internal node 89)
Branch 74: 0.002863  (parent node 89 -> leaf Kbre)
Branch 75: 0.000100  (parent node 89 -> leaf Ksim)
Branch 76: 0.023605  (parent node 52 -> internal node 90)
Branch 77: 0.003016  (parent node 90 -> internal node 91)
Branch 78: 0.013685  (parent node 91 -> internal node 92)
Branch 79: 0.000100  (parent node 92 -> internal node 93)
Branch 80: 0.000100  (parent node 93 -> internal node 94)
Branch 81: 0.011703  (parent node 94 -> leaf Bmus)
Branch 82: 0.008719  (parent node 94 -> internal node 95)
Branch 83: 0.000100  (parent node 95 -> internal node 96)
Branch 84: 0.000100  (parent node 96 -> leaf Bbor)
Branch 85: 0.000100  (parent node 96 -> leaf Bede)
Branch 86: 0.000100  (parent node 95 -> leaf Bric)
Branch 87: 0.008754  (parent node 93 -> internal node 97)
Branch 88: 0.000100  (parent node 97 -> internal node 98)
Branch 89: 0.002906  (parent node 98 -> leaf Bphy)
Branch 90: 0.011740  (parent node 98 -> leaf Mnov)
Branch 91: 0.008760  (parent node 97 -> leaf Erob)
Branch 92: 0.017680  (parent node 92 -> internal node 99)
Branch 93: 0.000100  (parent node 99 -> leaf Bacu)
Branch 94: 0.005826  (parent node 99 -> leaf Bbon)
Branch 95: 0.030824  (parent node 91 -> leaf Cmar)
Branch 96: 0.016043  (parent node 90 -> internal node 100)
Branch 97: 0.010897  (parent node 100 -> leaf Bmys)
Branch 98: 0.000100  (parent node 100 -> internal node 101)
Branch 99: 0.000100  (parent node 101 -> leaf Egla)
Branch 100: 0.000100  (parent node 101 -> leaf Eaus)

--- TREE WITH ESTIMATED BRANCH LENGTHS (NEWICK) ---
(Hiamp:0.15412,((((((((Ppho:0.00286468,Psin:0.0001):0.0001,Nsun:0.00295481):0.00663046,(Dleu:0.0029113,Mmon:0.0001):0.0230727):0.00561318,(((((((Ttru:0.00580463,(((Ddel:0.0001,Tadu:0.0029016):0.0001,(Scoe:0.0028965,Scly:0.00580362):0.0001):0.0001,Sfro:0.00290226):0.0001):0.0001,Schi:0.0058046):0.0001,Satt:0.0116715):0.0001,Slon:0.00872027):0.0001,(((Pcra:0.00581302,(Gmel:0.0001,Pele:0.0001):0.0001):0.0001,Ggri:0.0001):0.0001,Sbre:0.0001):0.0001):0.0001,((Lalb:0.00289684,Lacu:0.00871136):0.0001,(Ccom:0.00290509,Aobl:0.011706):0.00289765):0.0001):0.0001,Oorc:0.00871745):0.0155173):0.0131166,(Igeo:0.058787,Lvex:0.0235045):0.0202967):0.00440988,(Zcav:0.015326,((Mbid:0.00860048,((Mden:0.0086041,Mste:0.00286735):0.0001,(Mmir:0.00285742,Meur:0.0001):0.0028566):0.0001):0.00510049,Hyamp:0.00351924):0.00563228):0.0348442):0.00917024,(Pmin:0.0001,Pgan:0.0001):0.0215479):0.0001,(Pmac:0.00630307,(Kbre:0.00286332,Ksim:0.0001):0.050716):0.0241312):0.0001,(((((Bmus:0.0117028,((Bbor:0.0001,Bede:0.0001):0.0001,Bric:0.0001):0.00871933):0.0001,((Bphy:0.00290619,Mnov:0.0117401):0.0001,Erob:0.00876016):0.008754):0.0001,(Bacu:0.0001,Bbon:0.00582551):0.0176802):0.0136846,Cmar:0.0308236):0.00301647,(Bmys:0.0108971,(Egla:0.0001,Eaus:0.0001):0.0001):0.0160428):0.0236053);

--- ASCII PHYLOGRAM (estimated branch lengths) ---

[DEBUG] ASCII phylogram ('-' = background, '=' = foreground)
(root)
|---------------------------------------- Hiamp
|-- (*)
|  |-- (*)
|  |  |-- (*)
|  |  |  |-- (*)
|  |  |  |  |--- (*)
|  |  |  |  |   |-- (*)
|  |  |  |  |   |  |-- (*)
|  |  |  |  |   |  |  |-- (*)
|  |  |  |  |   |  |  |  |-- Ppho
|  |  |  |  |   |  |  |  `-- Psin
|  |  |  |  |   |  |  `-- Nsun
|  |  |  |  |   |  `------ (*)
|  |  |  |  |   |         |-- Dleu
|  |  |  |  |   |         `-- Mmon
|  |  |  |  |   `---- (*)
|  |  |  |  |        |-- (*)
|  |  |  |  |        |  |-- (*)
|  |  |  |  |        |  |  |-- (*)
|  |  |  |  |        |  |  |  |-- (*)
|  |  |  |  |        |  |  |  |  |-- (*)
|  |  |  |  |        |  |  |  |  |  |-- (*)
|  |  |  |  |        |  |  |  |  |  |  |-- Ttru
|  |  |  |  |        |  |  |  |  |  |  `-- (*)
|  |  |  |  |        |  |  |  |  |  |     |-- (*)
|  |  |  |  |        |  |  |  |  |  |     |  |-- (*)
|  |  |  |  |        |  |  |  |  |  |     |  |  |-- Ddel
|  |  |  |  |        |  |  |  |  |  |     |  |  `-- Tadu
|  |  |  |  |        |  |  |  |  |  |     |  `-- (*)
|  |  |  |  |        |  |  |  |  |  |     |     |-- Scoe
|  |  |  |  |        |  |  |  |  |  |     |     `-- Scly
|  |  |  |  |        |  |  |  |  |  |     `-- Sfro
|  |  |  |  |        |  |  |  |  |  `-- Schi
|  |  |  |  |        |  |  |  |  `--- Satt
|  |  |  |  |        |  |  |  `-- Slon
|  |  |  |  |        |  |  `-- (*)
|  |  |  |  |        |  |     |-- (*)
|  |  |  |  |        |  |     |  |-- (*)
|  |  |  |  |        |  |     |  |  |-- Pcra
|  |  |  |  |        |  |     |  |  `-- (*)
|  |  |  |  |        |  |     |  |     |-- Gmel
|  |  |  |  |        |  |     |  |     `-- Pele
|  |  |  |  |        |  |     |  `-- Ggri
|  |  |  |  |        |  |     `-- Sbre
|  |  |  |  |        |  `-- (*)
|  |  |  |  |        |     |-- (*)
|  |  |  |  |        |     |  |-- Lalb
|  |  |  |  |        |     |  `-- Lacu
|  |  |  |  |        |     `-- (*)
|  |  |  |  |        |        |-- Ccom
|  |  |  |  |        |        `--- Aobl
|  |  |  |  |        `-- Oorc
|  |  |  |  `----- (*)
|  |  |  |        |--------------- Igeo
|  |  |  |        `------ Lvex
|  |  |  `========= (*) [#1]
|  |  |            |---- Zcav
|  |  |            `-- (*)
|  |  |               |-- (*)
|  |  |               |  |-- Mbid
|  |  |               |  `-- (*)
|  |  |               |     |-- (*)
|  |  |               |     |  |-- Mden
|  |  |               |     |  `-- Mste
|  |  |               |     `-- (*)
|  |  |               |        |-- Mmir
|  |  |               |        `-- Meur
|  |  |               `-- Hyamp
|  |  `------ (*)
|  |         |-- Pmin
|  |         `-- Pgan
|  `====== (*) [#1]
|         |-- Pmac
|         `------------- (*)
|                       |-- Kbre
|                       `-- Ksim
`------ (*)
       |-- (*)
       |  |---- (*)
       |  |    |-- (*)
       |  |    |  |-- (*)
       |  |    |  |  |--- Bmus
       |  |    |  |  `-- (*)
       |  |    |  |     |-- (*)
       |  |    |  |     |  |-- Bbor
       |  |    |  |     |  `-- Bede
       |  |    |  |     `-- Bric
       |  |    |  `-- (*)
       |  |    |     |-- (*)
       |  |    |     |  |-- Bphy
       |  |    |     |  `--- Mnov
       |  |    |     `-- Erob
       |  |    `----- (*)
       |  |          |-- Bacu
       |  |          `-- Bbon
       |  `-------- Cmar
       `---- (*)
            |--- Bmys
            `-- (*)
               |-- Egla
               `-- Eaus

--- PARAMETERS ---
Kappa: 6.203062
Omega[0]: 0.000100
Omega[1]: 9.099445
Gamma[0][0]: 0.000100
Gamma[0][1]: 1.000100

--- CATEGORY PROBABILITIES ---
P(Omega 0, Gamma 0): 0.554326
P(Omega 0, Gamma 1): 0.177145
P(Omega 1, Gamma 0): 0.176279
P(Omega 1, Gamma 1): 0.092250

--- POSTERIOR PROBABILITIES PER SITE ---
Site    1: C1: 0.758  C2: 0.229  C3: 0.004  C4: 0.008  
Site    2: C1: 0.883  C2: 0.103  C3: 0.008  C4: 0.006  
Site    3: C1: 0.485  C2: 0.147  C3: 0.257  C4: 0.111  
Site    4: C1: 0.844  C2: 0.108  C3: 0.032  C4: 0.015  
Site    5: C1: 0.811  C2: 0.073  C3: 0.090  C4: 0.026  
Site    6: C1: 0.478  C2: 0.134  C3: 0.277  C4: 0.112  
Site    7: C1: 0.000  C2: 0.870  C3: 0.000  C4: 0.130  
Site    8: C1: 0.714  C2: 0.234  C3: 0.025  C4: 0.027  
Site    9: C1: 0.580  C2: 0.126  C3: 0.208  C4: 0.086  
Site   10: C1: 0.829  C2: 0.071  C3: 0.076  C4: 0.023  
Site   11: C1: 0.638  C2: 0.241  C3: 0.067  C4: 0.054  
Site   12: C1: 0.403  C2: 0.138  C3: 0.328  C4: 0.131  
Site   13: C1: 0.580  C2: 0.126  C3: 0.208  C4: 0.086  
Site   14: C1: 0.997  C2: 0.002  C3: 0.001  C4: 0.000  
Site   15: C1: 0.714  C2: 0.234  C3: 0.025  C4: 0.027  
Site   16: C1: 0.000  C2: 0.000  C3: 0.002  C4: 0.998  
Site   17: C1: 0.940  C2: 0.045  C3: 0.011  C4: 0.004  
Site   18: C1: 0.478  C2: 0.134  C3: 0.277  C4: 0.112  
Site   19: C1: 0.638  C2: 0.241  C3: 0.067  C4: 0.054  
Site   20: C1: 0.638  C2: 0.241  C3: 0.067  C4: 0.054  
Site   21: C1: 0.446  C2: 0.125  C3: 0.310  C4: 0.118  
Site   22: C1: 0.688  C2: 0.190  C3: 0.072  C4: 0.050  
Site   23: C1: 0.404  C2: 0.115  C3: 0.355  C4: 0.126  
Site   24: C1: 0.001  C2: 0.743  C3: 0.000  C4: 0.256  
Site   25: C1: 0.538  C2: 0.136  C3: 0.229  C4: 0.097  
Site   26: C1: 0.829  C2: 0.071  C3: 0.076  C4: 0.023  
Site   27: C1: 0.421  C2: 0.133  C3: 0.320  C4: 0.126  
Site   28: C1: 0.549  C2: 0.156  C3: 0.200  C4: 0.095  
Site   29: C1: 0.572  C2: 0.138  C3: 0.201  C4: 0.088  
Site   30: C1: 0.572  C2: 0.138  C3: 0.201  C4: 0.088  
Site   31: C1: 0.418  C2: 0.237  C3: 0.216  C4: 0.129  
Site   32: C1: 0.768  C2: 0.081  C3: 0.118  C4: 0.033  
Site   33: C1: 0.538  C2: 0.136  C3: 0.229  C4: 0.097  
Site   34: C1: 0.734  C2: 0.082  C3: 0.145  C4: 0.039  
Site   35: C1: 0.659  C2: 0.149  C3: 0.127  C4: 0.065  
Site   36: C1: 0.549  C2: 0.156  C3: 0.200  C4: 0.095  
Site   37: C1: 0.580  C2: 0.126  C3: 0.208  C4: 0.086  
Site   38: C1: 0.453  C2: 0.122  C3: 0.309  C4: 0.116  
Site   39: C1: 0.000  C2: 0.000  C3: 0.630  C4: 0.370  
Site   40: C1: 0.418  C2: 0.237  C3: 0.216  C4: 0.129  
Site   41: C1: 0.974  C2: 0.012  C3: 0.012  C4: 0.001  
Site   42: C1: 0.446  C2: 0.125  C3: 0.310  C4: 0.118  
Site   43: C1: 0.572  C2: 0.138  C3: 0.201  C4: 0.088  
Site   44: C1: 0.758  C2: 0.229  C3: 0.004  C4: 0.008  
Site   45: C1: 0.001  C2: 0.745  C3: 0.000  C4: 0.254  
Site   46: C1: 0.898  C2: 0.062  C3: 0.032  C4: 0.009  
Site   47: C1: 0.418  C2: 0.237  C3: 0.216  C4: 0.129  
Site   48: C1: 0.866  C2: 0.128  C3: 0.003  C4: 0.003  
Site   49: C1: 0.000  C2: 0.000  C3: 0.723  C4: 0.277  
Site   50: C1: 0.999  C2: 0.001  C3: 0.000  C4: 0.000  
Site   51: C1: 0.001  C2: 0.706  C3: 0.000  C4: 0.293  
Site   52: C1: 0.580  C2: 0.126  C3: 0.208  C4: 0.086  
Site   53: C1: 0.404  C2: 0.115  C3: 0.355  C4: 0.126  
Site   54: C1: 0.690  C2: 0.286  C3: 0.009  C4: 0.015  
Site   55: C1: 0.714  C2: 0.234  C3: 0.025  C4: 0.027  
Site   56: C1: 0.580  C2: 0.126  C3: 0.208  C4: 0.086  
Site   57: C1: 0.560  C2: 0.169  C3: 0.180  C4: 0.091  
Site   58: C1: 0.948  C2: 0.040  C3: 0.009  C4: 0.003  
Site   59: C1: 0.560  C2: 0.169  C3: 0.180  C4: 0.091  
Site   60: C1: 0.829  C2: 0.071  C3: 0.077  C4: 0.023  
Site   61: C1: 0.654  C2: 0.235  C3: 0.061  C4: 0.050  
Site   62: C1: 0.847  C2: 0.106  C3: 0.031  C4: 0.015  
Site   63: C1: 0.982  C2: 0.016  C3: 0.002  C4: 0.000  
Site   64: C1: 0.549  C2: 0.156  C3: 0.200  C4: 0.095  
Site   65: C1: 0.627  C2: 0.142  C3: 0.156  C4: 0.074  
Site   66: C1: 0.637  C2: 0.184  C3: 0.111  C4: 0.067  
Site   67: C1: 0.637  C2: 0.184  C3: 0.111  C4: 0.067  
Site   68: C1: 0.418  C2: 0.237  C3: 0.216  C4: 0.129  
Site   69: C1: 0.446  C2: 0.125  C3: 0.310  C4: 0.118  
Site   70: C1: 0.623  C2: 0.224  C3: 0.090  C4: 0.064  
Site   71: C1: 0.403  C2: 0.138  C3: 0.328  C4: 0.131  
Site   72: C1: 0.814  C2: 0.091  C3: 0.070  C4: 0.024  
Site   73: C1: 0.714  C2: 0.234  C3: 0.025  C4: 0.027  
Site   74: C1: 0.572  C2: 0.138  C3: 0.201  C4: 0.088  
Site   75: C1: 0.690  C2: 0.286  C3: 0.009  C4: 0.015  
Site   76: C1: 0.418  C2: 0.237  C3: 0.216  C4: 0.129  
Site   77: C1: 0.560  C2: 0.169  C3: 0.180  C4: 0.091  
Site   78: C1: 0.714  C2: 0.234  C3: 0.025  C4: 0.027  
Site   79: C1: 0.418  C2: 0.237  C3: 0.216  C4: 0.129  
Site   80: C1: 0.751  C2: 0.076  C3: 0.137  C4: 0.036  
Site   81: C1: 0.849  C2: 0.114  C3: 0.023  C4: 0.013  
Site   82: C1: 0.751  C2: 0.076  C3: 0.137  C4: 0.036  
Site   83: C1: 0.000  C2: 0.982  C3: 0.000  C4: 0.018  
Site   84: C1: 0.560  C2: 0.169  C3: 0.180  C4: 0.091  
Site   85: C1: 0.580  C2: 0.126  C3: 0.208  C4: 0.086  
Site   86: C1: 0.758  C2: 0.229  C3: 0.004  C4: 0.008  
Site   87: C1: 0.654  C2: 0.235  C3: 0.061  C4: 0.050  
Site   88: C1: 0.000  C2: 0.998  C3: 0.000  C4: 0.002  
Site   89: C1: 0.473  C2: 0.150  C3: 0.262  C4: 0.114  
Site   90: C1: 0.478  C2: 0.134  C3: 0.277  C4: 0.112  
Site   91: C1: 0.580  C2: 0.126  C3: 0.208  C4: 0.086  
Site   92: C1: 0.651  C2: 0.227  C3: 0.069  C4: 0.053  
Site   93: C1: 0.651  C2: 0.227  C3: 0.069  C4: 0.053  
Site   94: C1: 0.001  C2: 0.895  C3: 0.000  C4: 0.105  
Site   95: C1: 0.560  C2: 0.169  C3: 0.180  C4: 0.091  
Site   96: C1: 0.572  C2: 0.138  C3: 0.201  C4: 0.088  
Site   97: C1: 0.651  C2: 0.227  C3: 0.069  C4: 0.053  
Site   98: C1: 0.449  C2: 0.142  C3: 0.289  C4: 0.120  
Site   99: C1: 0.000  C2: 0.000  C3: 0.907  C4: 0.093  
Site  100: C1: 0.001  C2: 0.001  C3: 0.817  C4: 0.181  
Site  101: C1: 0.002  C2: 0.830  C3: 0.000  C4: 0.168  
Site  102: C1: 0.572  C2: 0.138  C3: 0.201  C4: 0.088  
Site  103: C1: 0.580  C2: 0.126  C3: 0.208  C4: 0.086  
Site  104: C1: 0.000  C2: 0.000  C3: 0.940  C4: 0.060  
Site  105: C1: 0.003  C2: 0.853  C3: 0.000  C4: 0.143  
Site  106: C1: 0.485  C2: 0.147  C3: 0.257  C4: 0.111  
Site  107: C1: 0.404  C2: 0.115  C3: 0.355  C4: 0.126  
Site  108: C1: 0.982  C2: 0.015  C3: 0.002  C4: 0.001  
Site  109: C1: 0.767  C2: 0.093  C3: 0.107  C4: 0.033  
Site  110: C1: 0.572  C2: 0.133  C3: 0.206  C4: 0.088  
Site  111: C1: 0.975  C2: 0.022  C3: 0.002  C4: 0.001  
Site  112: C1: 0.000  C2: 0.000  C3: 0.001  C4: 0.999  
Site  113: C1: 0.538  C2: 0.136  C3: 0.229  C4: 0.097  
Site  114: C1: 0.478  C2: 0.134  C3: 0.277  C4: 0.112  
Site  115: C1: 0.580  C2: 0.126  C3: 0.208  C4: 0.086  
Site  116: C1: 0.818  C2: 0.076  C3: 0.082  C4: 0.025  
Site  117: C1: 0.446  C2: 0.125  C3: 0.310  C4: 0.118  
Site  118: C1: 0.651  C2: 0.227  C3: 0.069  C4: 0.053  
Site  119: C1: 0.718  C2: 0.145  C3: 0.097  C4: 0.039  
Site  120: C1: 0.778  C2: 0.076  C3: 0.115  C4: 0.031  
Site  121: C1: 0.473  C2: 0.150  C3: 0.262  C4: 0.114  
Site  122: C1: 0.531  C2: 0.144  C3: 0.226  C4: 0.099  
Site  123: C1: 0.000  C2: 0.000  C3: 0.725  C4: 0.275  
Site  124: C1: 0.446  C2: 0.125  C3: 0.310  C4: 0.118  
Site  125: C1: 0.000  C2: 0.000  C3: 0.707  C4: 0.293  
Site  126: C1: 0.659  C2: 0.149  C3: 0.127  C4: 0.065  
Site  127: C1: 0.763  C2: 0.073  C3: 0.130  C4: 0.034  
Site  128: C1: 0.492  C2: 0.229  C3: 0.173  C4: 0.106  
Site  129: C1: 0.638  C2: 0.241  C3: 0.067  C4: 0.054  
Site  130: C1: 0.654  C2: 0.235  C3: 0.061  C4: 0.050  
Site  131: C1: 0.418  C2: 0.237  C3: 0.216  C4: 0.129  
Site  132: C1: 0.446  C2: 0.125  C3: 0.310  C4: 0.118  
Site  133: C1: 0.948  C2: 0.050  C3: 0.001  C4: 0.001  
Site  134: C1: 0.538  C2: 0.136  C3: 0.229  C4: 0.097  
Site  135: C1: 0.915  C2: 0.038  C3: 0.039  C4: 0.008  
Site  136: C1: 0.572  C2: 0.138  C3: 0.201  C4: 0.088  
Site  137: C1: 0.000  C2: 0.000  C3: 0.739  C4: 0.261  
Site  138: C1: 0.638  C2: 0.241  C3: 0.067  C4: 0.054  
Site  139: C1: 0.638  C2: 0.241  C3: 0.067  C4: 0.054  
Site  140: C1: 0.544  C2: 0.150  C3: 0.211  C4: 0.096  
Site  141: C1: 0.637  C2: 0.184  C3: 0.111  C4: 0.067  
Site  142: C1: 0.723  C2: 0.073  C3: 0.165  C4: 0.040  
Site  143: C1: 0.758  C2: 0.229  C3: 0.004  C4: 0.008  
Site  144: C1: 0.688  C2: 0.190  C3: 0.072  C4: 0.050  
Site  145: C1: 0.714  C2: 0.234  C3: 0.025  C4: 0.027  
Site  146: C1: 0.580  C2: 0.126  C3: 0.208  C4: 0.086  
Site  147: C1: 0.446  C2: 0.125  C3: 0.310  C4: 0.118  
Site  148: C1: 0.580  C2: 0.126  C3: 0.208  C4: 0.086  
Site  149: C1: 0.485  C2: 0.147  C3: 0.257  C4: 0.111  
Site  150: C1: 0.538  C2: 0.136  C3: 0.229  C4: 0.097  
Site  151: C1: 0.000  C2: 0.000  C3: 0.676  C4: 0.324  
Site  152: C1: 0.834  C2: 0.080  C3: 0.064  C4: 0.022  
Site  153: C1: 0.446  C2: 0.125  C3: 0.310  C4: 0.118  
Site  154: C1: 0.690  C2: 0.286  C3: 0.009  C4: 0.015  
Site  155: C1: 0.000  C2: 0.000  C3: 0.558  C4: 0.442  
Site  156: C1: 0.478  C2: 0.134  C3: 0.277  C4: 0.112  
Site  157: C1: 0.823  C2: 0.086  C3: 0.067  C4: 0.023  
Site  158: C1: 0.002  C2: 0.810  C3: 0.000  C4: 0.188  
Site  159: C1: 0.000  C2: 0.000  C3: 0.725  C4: 0.275  
Site  160: C1: 0.982  C2: 0.015  C3: 0.002  C4: 0.000  
Site  161: C1: 0.659  C2: 0.149  C3: 0.127  C4: 0.065  
Site  162: C1: 0.001  C2: 0.002  C3: 0.489  C4: 0.508  
Site  163: C1: 0.758  C2: 0.229  C3: 0.004  C4: 0.008  
Site  164: C1: 0.751  C2: 0.087  C3: 0.126  C4: 0.036  
Site  165: C1: 0.000  C2: 0.000  C3: 0.744  C4: 0.256  
Site  166: C1: 0.751  C2: 0.076  C3: 0.137  C4: 0.036  
Site  167: C1: 0.813  C2: 0.079  C3: 0.082  C4: 0.025  
Site  168: C1: 0.446  C2: 0.125  C3: 0.310  C4: 0.118  
Site  169: C1: 0.002  C2: 0.828  C3: 0.000  C4: 0.170  
Site  170: C1: 0.723  C2: 0.073  C3: 0.164  C4: 0.040  
Site  171: C1: 0.904  C2: 0.033  C3: 0.054  C4: 0.009  
Site  172: C1: 0.560  C2: 0.169  C3: 0.180  C4: 0.091  
Site  173: C1: 0.654  C2: 0.235  C3: 0.061  C4: 0.050  
Site  174: C1: 0.478  C2: 0.134  C3: 0.277  C4: 0.112  
Site  175: C1: 0.659  C2: 0.149  C3: 0.127  C4: 0.065  
Site  176: C1: 0.453  C2: 0.122  C3: 0.309  C4: 0.116  
Site  177: C1: 0.514  C2: 0.143  C3: 0.240  C4: 0.103  
Site  178: C1: 0.572  C2: 0.138  C3: 0.201  C4: 0.088  
Site  179: C1: 0.690  C2: 0.286  C3: 0.009  C4: 0.015  
Site  180: C1: 0.907  C2: 0.037  C3: 0.047  C4: 0.009  
Site  181: C1: 0.538  C2: 0.136  C3: 0.229  C4: 0.097  
Site  182: C1: 0.473  C2: 0.161  C3: 0.251  C4: 0.115  
Site  183: C1: 0.758  C2: 0.229  C3: 0.004  C4: 0.008  
Site  184: C1: 0.549  C2: 0.156  C3: 0.200  C4: 0.095  
Site  185: C1: 0.572  C2: 0.133  C3: 0.206  C4: 0.088  
Site  186: C1: 0.785  C2: 0.090  C3: 0.095  C4: 0.030  
Site  187: C1: 0.945  C2: 0.027  C3: 0.023  C4: 0.004  
Site  188: C1: 0.485  C2: 0.147  C3: 0.257  C4: 0.111  
Site  189: C1: 0.012  C2: 0.001  C3: 0.721  C4: 0.266  
Site  190: C1: 0.577  C2: 0.132  C3: 0.204  C4: 0.087  
Site  191: C1: 0.572  C2: 0.138  C3: 0.201  C4: 0.088  
Site  192: C1: 0.944  C2: 0.029  C3: 0.023  C4: 0.005  
Site  193: C1: 0.944  C2: 0.043  C3: 0.010  C4: 0.003  
Site  194: C1: 0.000  C2: 0.856  C3: 0.000  C4: 0.144  
Site  195: C1: 0.000  C2: 0.024  C3: 0.000  C4: 0.976  
Site  196: C1: 0.992  C2: 0.005  C3: 0.003  C4: 0.000  
Site  197: C1: 0.538  C2: 0.136  C3: 0.229  C4: 0.097  
Site  198: C1: 0.000  C2: 0.000  C3: 0.640  C4: 0.360  
Site  199: C1: 0.714  C2: 0.234  C3: 0.025  C4: 0.027  
Site  200: C1: 0.869  C2: 0.107  C3: 0.015  C4: 0.009  
Site  201: C1: 0.937  C2: 0.030  C3: 0.027  C4: 0.005  
Site  202: C1: 0.453  C2: 0.122  C3: 0.309  C4: 0.116  
Site  203: C1: 0.945  C2: 0.027  C3: 0.024  C4: 0.005  
Site  204: C1: 0.654  C2: 0.235  C3: 0.061  C4: 0.050  
Site  205: C1: 0.001  C2: 0.001  C3: 0.497  C4: 0.501  
Site  206: C1: 0.572  C2: 0.138  C3: 0.201  C4: 0.088  
Site  207: C1: 0.758  C2: 0.229  C3: 0.004  C4: 0.008  
Site  208: C1: 0.838  C2: 0.064  C3: 0.077  C4: 0.022  
Site  209: C1: 0.638  C2: 0.241  C3: 0.067  C4: 0.054  
Site  210: C1: 0.860  C2: 0.108  C3: 0.021  C4: 0.011  
Site  211: C1: 0.627  C2: 0.142  C3: 0.156  C4: 0.074  
Site  212: C1: 0.580  C2: 0.126  C3: 0.208  C4: 0.086  
Site  213: C1: 0.000  C2: 0.843  C3: 0.000  C4: 0.157  
Site  214: C1: 0.690  C2: 0.286  C3: 0.009  C4: 0.015  
Site  215: C1: 0.404  C2: 0.115  C3: 0.355  C4: 0.126  
Site  216: C1: 0.000  C2: 0.000  C3: 0.750  C4: 0.250  
Site  217: C1: 0.000  C2: 0.000  C3: 0.788  C4: 0.212  
Site  218: C1: 0.690  C2: 0.286  C3: 0.009  C4: 0.015  
Site  219: C1: 0.875  C2: 0.118  C3: 0.004  C4: 0.004  
Site  220: C1: 0.001  C2: 0.749  C3: 0.000  C4: 0.250  
Site  221: C1: 0.835  C2: 0.065  C3: 0.078  C4: 0.022  
Site  222: C1: 0.572  C2: 0.133  C3: 0.206  C4: 0.088  
Site  223: C1: 0.998  C2: 0.001  C3: 0.000  C4: 0.000  
Site  224: C1: 0.485  C2: 0.147  C3: 0.257  C4: 0.111  
Site  225: C1: 0.549  C2: 0.156  C3: 0.200  C4: 0.095  
Site  226: C1: 0.718  C2: 0.145  C3: 0.098  C4: 0.039  
Site  227: C1: 0.654  C2: 0.235  C3: 0.061  C4: 0.050  
Site  228: C1: 0.835  C2: 0.065  C3: 0.078  C4: 0.022  
Site  229: C1: 0.592  C2: 0.227  C3: 0.107  C4: 0.073  
Site  230: C1: 0.654  C2: 0.235  C3: 0.061  C4: 0.050  
Site  231: C1: 0.637  C2: 0.184  C3: 0.111  C4: 0.067  
Site  232: C1: 0.538  C2: 0.136  C3: 0.229  C4: 0.097  
Site  233: C1: 0.977  C2: 0.013  C3: 0.009  C4: 0.001  
Site  234: C1: 0.443  C2: 0.145  C3: 0.290  C4: 0.122  
Site  235: C1: 0.752  C2: 0.075  C3: 0.137  C4: 0.035  
Site  236: C1: 0.806  C2: 0.087  C3: 0.080  C4: 0.026  
Site  237: C1: 0.549  C2: 0.156  C3: 0.200  C4: 0.095  
Site  238: C1: 0.815  C2: 0.083  C3: 0.078  C4: 0.025  
Site  239: C1: 0.538  C2: 0.136  C3: 0.229  C4: 0.097  
Site  240: C1: 0.785  C2: 0.091  C3: 0.094  C4: 0.030  
Site  241: C1: 0.751  C2: 0.076  C3: 0.137  C4: 0.036  
Site  242: C1: 0.651  C2: 0.227  C3: 0.069  C4: 0.053  
Site  243: C1: 0.981  C2: 0.016  C3: 0.003  C4: 0.001  
Site  244: C1: 0.549  C2: 0.156  C3: 0.200  C4: 0.095  
Site  245: C1: 0.637  C2: 0.184  C3: 0.111  C4: 0.067  
Site  246: C1: 0.753  C2: 0.075  C3: 0.136  C4: 0.035  
Site  247: C1: 0.538  C2: 0.136  C3: 0.229  C4: 0.097  
Site  248: C1: 0.637  C2: 0.184  C3: 0.111  C4: 0.067  
Site  249: C1: 0.538  C2: 0.136  C3: 0.229  C4: 0.097  
Site  250: C1: 0.654  C2: 0.235  C3: 0.061  C4: 0.050  
Site  251: C1: 0.847  C2: 0.105  C3: 0.032  C4: 0.015  
Site  252: C1: 0.446  C2: 0.125  C3: 0.310  C4: 0.118  
Site  253: C1: 0.758  C2: 0.229  C3: 0.004  C4: 0.008  
Site  254: C1: 0.654  C2: 0.235  C3: 0.061  C4: 0.050  
Site  255: C1: 0.000  C2: 0.000  C3: 0.834  C4: 0.166  
Site  256: C1: 0.690  C2: 0.286  C3: 0.009  C4: 0.015  
Site  257: C1: 0.758  C2: 0.229  C3: 0.004  C4: 0.008  
Site  258: C1: 0.654  C2: 0.235  C3: 0.061  C4: 0.050  
Site  259: C1: 0.000  C2: 0.000  C3: 0.897  C4: 0.103  
Site  260: C1: 0.748  C2: 0.086  C3: 0.129  C4: 0.037  
Site  261: C1: 0.580  C2: 0.126  C3: 0.208  C4: 0.086  
Site  262: C1: 0.418  C2: 0.237  C3: 0.216  C4: 0.129  
Site  263: C1: 0.949  C2: 0.050  C3: 0.001  C4: 0.001  
Site  264: C1: 0.572  C2: 0.133  C3: 0.206  C4: 0.088  
Site  265: C1: 0.659  C2: 0.149  C3: 0.127  C4: 0.065  
Site  266: C1: 0.000  C2: 0.000  C3: 0.813  C4: 0.187  
Site  267: C1: 0.721  C2: 0.073  C3: 0.166  C4: 0.040  
Site  268: C1: 0.938  C2: 0.033  C3: 0.024  C4: 0.005  
Site  269: C1: 0.446  C2: 0.125  C3: 0.310  C4: 0.118  
Site  270: C1: 0.003  C2: 0.929  C3: 0.000  C4: 0.068  
Site  271: C1: 0.000  C2: 0.000  C3: 0.645  C4: 0.354  
Site  272: C1: 0.918  C2: 0.036  C3: 0.039  C4: 0.007  
Site  273: C1: 0.580  C2: 0.126  C3: 0.208  C4: 0.086  
Site  274: C1: 0.572  C2: 0.138  C3: 0.201  C4: 0.088  
Site  275: C1: 0.859  C2: 0.128  C3: 0.007  C4: 0.006  
Site  276: C1: 0.580  C2: 0.126  C3: 0.208  C4: 0.086  
Site  277: C1: 0.000  C2: 0.000  C3: 0.799  C4: 0.201  
Site  278: C1: 0.627  C2: 0.142  C3: 0.156  C4: 0.074  
Site  279: C1: 0.549  C2: 0.156  C3: 0.200  C4: 0.095  
Site  280: C1: 0.478  C2: 0.134  C3: 0.277  C4: 0.112  
Site  281: C1: 0.453  C2: 0.122  C3: 0.309  C4: 0.116  
Site  282: C1: 0.000  C2: 0.988  C3: 0.000  C4: 0.012  
Site  283: C1: 0.817  C2: 0.076  C3: 0.082  C4: 0.025  
Site  284: C1: 0.478  C2: 0.134  C3: 0.277  C4: 0.112  
Site  285: C1: 0.404  C2: 0.115  C3: 0.355  C4: 0.126  
Site  286: C1: 0.690  C2: 0.286  C3: 0.009  C4: 0.015  
Site  287: C1: 0.580  C2: 0.126  C3: 0.208  C4: 0.086  
Site  288: C1: 0.758  C2: 0.229  C3: 0.004  C4: 0.008  
Site  289: C1: 0.651  C2: 0.227  C3: 0.069  C4: 0.053  
Site  290: C1: 0.000  C2: 0.000  C3: 0.782  C4: 0.218  
Site  291: C1: 0.907  C2: 0.037  C3: 0.047  C4: 0.009  
Site  292: C1: 0.000  C2: 0.995  C3: 0.000  C4: 0.005  
Site  293: C1: 0.580  C2: 0.126  C3: 0.208  C4: 0.086  
Site  294: C1: 0.551  C2: 0.144  C3: 0.211  C4: 0.094  
Site  295: C1: 0.446  C2: 0.125  C3: 0.310  C4: 0.118  
Site  296: C1: 0.637  C2: 0.184  C3: 0.111  C4: 0.067  
Site  297: C1: 0.000  C2: 0.544  C3: 0.283  C4: 0.173  
Site  298: C1: 0.918  C2: 0.032  C3: 0.043  C4: 0.008  
Site  299: C1: 0.000  C2: 0.974  C3: 0.000  C4: 0.026  
Site  300: C1: 0.001  C2: 0.002  C3: 0.489  C4: 0.508  
Site  301: C1: 0.572  C2: 0.138  C3: 0.201  C4: 0.088  
Site  302: C1: 0.714  C2: 0.234  C3: 0.025  C4: 0.027  
Site  303: C1: 0.404  C2: 0.115  C3: 0.355  C4: 0.126  
Site  304: C1: 0.654  C2: 0.235  C3: 0.061  C4: 0.050  
Site  305: C1: 0.690  C2: 0.286  C3: 0.009  C4: 0.015  
Site  306: C1: 0.572  C2: 0.138  C3: 0.201  C4: 0.088  
Site  307: C1: 0.690  C2: 0.286  C3: 0.009  C4: 0.015  
Site  308: C1: 0.758  C2: 0.229  C3: 0.004  C4: 0.008  
Site  309: C1: 0.758  C2: 0.229  C3: 0.004  C4: 0.008  
Site  310: C1: 0.714  C2: 0.234  C3: 0.025  C4: 0.027  
Site  311: C1: 0.637  C2: 0.184  C3: 0.111  C4: 0.067  
Site  312: C1: 0.549  C2: 0.156  C3: 0.200  C4: 0.095  
Site  313: C1: 0.580  C2: 0.126  C3: 0.208  C4: 0.086  
Site  314: C1: 0.431  C2: 0.150  C3: 0.293  C4: 0.126  
Site  315: C1: 0.714  C2: 0.234  C3: 0.025  C4: 0.027  
Site  316: C1: 0.572  C2: 0.133  C3: 0.206  C4: 0.088  
Site  317: C1: 0.758  C2: 0.229  C3: 0.004  C4: 0.008  
Site  318: C1: 0.560  C2: 0.169  C3: 0.180  C4: 0.091  
Site  319: C1: 0.857  C2: 0.107  C3: 0.024  C4: 0.012  
Site  320: C1: 0.859  C2: 0.105  C3: 0.024  C4: 0.012  
Site  321: C1: 0.906  C2: 0.057  C3: 0.029  C4: 0.008  
Site  322: C1: 0.572  C2: 0.133  C3: 0.206  C4: 0.088  
Site  323: C1: 0.812  C2: 0.080  C3: 0.082  C4: 0.026  
Site  324: C1: 0.478  C2: 0.134  C3: 0.277  C4: 0.112  
Site  325: C1: 0.001  C2: 0.745  C3: 0.000  C4: 0.254  
Site  326: C1: 0.001  C2: 0.000  C3: 0.603  C4: 0.396  
Site  327: C1: 0.723  C2: 0.092  C3: 0.144  C4: 0.041  
Site  328: C1: 0.418  C2: 0.237  C3: 0.216  C4: 0.129  
Site  329: C1: 0.000  C2: 0.840  C3: 0.000  C4: 0.160  
Site  330: C1: 0.832  C2: 0.068  C3: 0.077  C4: 0.022  
Site  331: C1: 0.939  C2: 0.032  C3: 0.024  C4: 0.005  
Site  332: C1: 0.538  C2: 0.136  C3: 0.229  C4: 0.097  
Site  333: C1: 0.000  C2: 0.975  C3: 0.000  C4: 0.025  
Site  334: C1: 0.453  C2: 0.122  C3: 0.309  C4: 0.116  
Site  335: C1: 0.000  C2: 0.081  C3: 0.673  C4: 0.245  
Site  336: C1: 0.839  C2: 0.112  C3: 0.033  C4: 0.016  
Site  337: C1: 0.446  C2: 0.125  C3: 0.310  C4: 0.118  
Site  338: C1: 0.453  C2: 0.122  C3: 0.309  C4: 0.116  
Site  339: C1: 0.637  C2: 0.184  C3: 0.111  C4: 0.067  
Site  340: C1: 0.592  C2: 0.227  C3: 0.107  C4: 0.073  
Site  341: C1: 0.538  C2: 0.136  C3: 0.229  C4: 0.097  
Site  342: C1: 0.651  C2: 0.227  C3: 0.069  C4: 0.053  
Site  343: C1: 0.688  C2: 0.190  C3: 0.072  C4: 0.050  
Site  344: C1: 0.549  C2: 0.156  C3: 0.200  C4: 0.095  
Site  345: C1: 0.638  C2: 0.241  C3: 0.067  C4: 0.054  
Site  346: C1: 0.458  C2: 0.141  C3: 0.284  C4: 0.118  
Site  347: C1: 0.745  C2: 0.080  C3: 0.138  C4: 0.037  
Site  348: C1: 0.446  C2: 0.125  C3: 0.310  C4: 0.118  

End time: 2025-12-15 05:07:00
