
--- MODEL SUMMARY ---
Model used: 2
Sequence file: input/RHO_seq.dat
Tree file: input/RHO.fa.tree
Log likelihood: -3083.274380
np: 106
Start time: 2025-12-15 23:40:05

--- BASE FREQUENCIES ---
T: 0.237697  C: 0.320251  A: 0.202041  G: 0.240011

--- BRANCH LENGTHS ---
Branch  0: 0.153324  (parent node 52 -> leaf Hiamp)
Branch  1: 0.000100  (parent node 52 -> internal node 53)
Branch  2: 0.000100  (parent node 53 -> internal node 54)
Branch  3: 0.010274  (parent node 54 -> internal node 55)
Branch  4: 0.000100  (parent node 55 -> internal node 56)
Branch  5: 0.015490  (parent node 56 -> internal node 57)
Branch  6: 0.005855  (parent node 57 -> internal node 58)
Branch  7: 0.005163  (parent node 58 -> internal node 59)
Branch  8: 0.000100  (parent node 59 -> internal node 60)
Branch  9: 0.000100  (parent node 60 -> leaf Ppho)
Branch 10: 0.000100  (parent node 60 -> leaf Psin)
Branch 11: 0.004332  (parent node 59 -> leaf Nsun)
Branch 12: 0.023686  (parent node 58 -> internal node 61)
Branch 13: 0.002980  (parent node 61 -> leaf Dleu)
Branch 14: 0.000100  (parent node 61 -> leaf Mmon)
Branch 15: 0.015590  (parent node 57 -> internal node 62)
Branch 16: 0.000100  (parent node 62 -> internal node 63)
Branch 17: 0.000100  (parent node 63 -> internal node 64)
Branch 18: 0.000100  (parent node 64 -> internal node 65)
Branch 19: 0.000100  (parent node 65 -> internal node 66)
Branch 20: 0.000100  (parent node 66 -> internal node 67)
Branch 21: 0.000100  (parent node 67 -> internal node 68)
Branch 22: 0.005959  (parent node 68 -> leaf Ttru)
Branch 23: 0.000100  (parent node 68 -> internal node 69)
Branch 24: 0.000100  (parent node 69 -> internal node 70)
Branch 25: 0.000100  (parent node 70 -> internal node 71)
Branch 26: 0.000100  (parent node 71 -> leaf Ddel)
Branch 27: 0.002981  (parent node 71 -> leaf Tadu)
Branch 28: 0.000100  (parent node 70 -> internal node 72)
Branch 29: 0.002974  (parent node 72 -> leaf Scoe)
Branch 30: 0.005956  (parent node 72 -> leaf Scly)
Branch 31: 0.002980  (parent node 69 -> leaf Sfro)
Branch 32: 0.005959  (parent node 67 -> leaf Schi)
Branch 33: 0.011964  (parent node 66 -> leaf Satt)
Branch 34: 0.008946  (parent node 65 -> leaf Slon)
Branch 35: 0.000100  (parent node 64 -> internal node 73)
Branch 36: 0.000100  (parent node 73 -> internal node 74)
Branch 37: 0.000100  (parent node 74 -> internal node 75)
Branch 38: 0.005964  (parent node 75 -> leaf Pcra)
Branch 39: 0.000100  (parent node 75 -> internal node 76)
Branch 40: 0.000100  (parent node 76 -> leaf Gmel)
Branch 41: 0.000100  (parent node 76 -> leaf Pele)
Branch 42: 0.000100  (parent node 74 -> leaf Ggri)
Branch 43: 0.000100  (parent node 73 -> leaf Sbre)
Branch 44: 0.000100  (parent node 63 -> internal node 77)
Branch 45: 0.000100  (parent node 77 -> internal node 78)
Branch 46: 0.002973  (parent node 78 -> leaf Lalb)
Branch 47: 0.008956  (parent node 78 -> leaf Lacu)
Branch 48: 0.002976  (parent node 77 -> internal node 79)
Branch 49: 0.002982  (parent node 79 -> leaf Ccom)
Branch 50: 0.011996  (parent node 79 -> leaf Aobl)
Branch 51: 0.008963  (parent node 62 -> leaf Oorc)
Branch 52: 0.020992  (parent node 56 -> internal node 80)
Branch 53: 0.057780  (parent node 80 -> leaf Igeo)
Branch 54: 0.025277  (parent node 80 -> leaf Lvex)
Branch 55: 0.035873  (parent node 55 -> internal node 81)
Branch 56: 0.015585  (parent node 81 -> leaf Zcav)
Branch 57: 0.005874  (parent node 81 -> internal node 82)
Branch 58: 0.005248  (parent node 82 -> internal node 83)
Branch 59: 0.008847  (parent node 83 -> leaf Mbid)
Branch 60: 0.000100  (parent node 83 -> internal node 84)
Branch 61: 0.000100  (parent node 84 -> internal node 85)
Branch 62: 0.008850  (parent node 85 -> leaf Mden)
Branch 63: 0.002946  (parent node 85 -> leaf Mste)
Branch 64: 0.002941  (parent node 84 -> internal node 86)
Branch 65: 0.002940  (parent node 86 -> leaf Mmir)
Branch 66: 0.000100  (parent node 86 -> leaf Meur)
Branch 67: 0.003611  (parent node 82 -> leaf Hyamp)
Branch 68: 0.022101  (parent node 54 -> internal node 87)
Branch 69: 0.000100  (parent node 87 -> leaf Pmin)
Branch 70: 0.000100  (parent node 87 -> leaf Pgan)
Branch 71: 0.024277  (parent node 53 -> internal node 88)
Branch 72: 0.006661  (parent node 88 -> leaf Pmac)
Branch 73: 0.051195  (parent node 88 -> internal node 89)
Branch 74: 0.002951  (parent node 89 -> leaf Kbre)
Branch 75: 0.000100  (parent node 89 -> leaf Ksim)
Branch 76: 0.021842  (parent node 52 -> internal node 90)
Branch 77: 0.003048  (parent node 90 -> internal node 91)
Branch 78: 0.015733  (parent node 91 -> internal node 92)
Branch 79: 0.000100  (parent node 92 -> internal node 93)
Branch 80: 0.000100  (parent node 93 -> internal node 94)
Branch 81: 0.011931  (parent node 94 -> leaf Bmus)
Branch 82: 0.008913  (parent node 94 -> internal node 95)
Branch 83: 0.000100  (parent node 95 -> internal node 96)
Branch 84: 0.000100  (parent node 96 -> leaf Bbor)
Branch 85: 0.000100  (parent node 96 -> leaf Bede)
Branch 86: 0.000100  (parent node 95 -> leaf Bric)
Branch 87: 0.008938  (parent node 93 -> internal node 97)
Branch 88: 0.000100  (parent node 97 -> internal node 98)
Branch 89: 0.002972  (parent node 98 -> leaf Bphy)
Branch 90: 0.011973  (parent node 98 -> leaf Mnov)
Branch 91: 0.008942  (parent node 97 -> leaf Erob)
Branch 92: 0.018029  (parent node 92 -> internal node 99)
Branch 93: 0.000100  (parent node 99 -> leaf Bacu)
Branch 94: 0.005961  (parent node 99 -> leaf Bbon)
Branch 95: 0.029265  (parent node 91 -> leaf Cmar)
Branch 96: 0.015848  (parent node 90 -> internal node 100)
Branch 97: 0.008960  (parent node 100 -> leaf Bmys)
Branch 98: 0.002950  (parent node 100 -> internal node 101)
Branch 99: 0.000100  (parent node 101 -> leaf Egla)
Branch 100: 0.000100  (parent node 101 -> leaf Eaus)

--- TREE WITH ESTIMATED BRANCH LENGTHS (NEWICK) ---
(Hiamp:0.153324,((((((((Ppho:0.0001,Psin:0.0001):0.0001,Nsun:0.00433195):0.00516329,(Dleu:0.00298042,Mmon:0.0001):0.0236856):0.005855,(((((((Ttru:0.00595851,(((Ddel:0.0001,Tadu:0.00298077):0.0001,(Scoe:0.00297407,Scly:0.00595624):0.0001):0.0001,Sfro:0.00298038):0.0001):0.0001,Schi:0.00595944):0.0001,Satt:0.0119636):0.0001,Slon:0.00894593):0.0001,(((Pcra:0.00596388,(Gmel:0.0001,Pele:0.0001):0.0001):0.0001,Ggri:0.0001):0.0001,Sbre:0.0001):0.0001):0.0001,((Lalb:0.00297286,Lacu:0.00895612):0.0001,(Ccom:0.00298188,Aobl:0.0119958):0.00297649):0.0001):0.0001,Oorc:0.00896297):0.0155895):0.0154899,(Igeo:0.0577798,Lvex:0.0252772):0.0209916):0.0001,(Zcav:0.0155853,((Mbid:0.00884706,((Mden:0.0088498,Mste:0.00294623):0.0001,(Mmir:0.00294029,Meur:0.0001):0.00294117):0.0001):0.00524814,Hyamp:0.00361127):0.00587368):0.0358732):0.0102741,(Pmin:0.0001,Pgan:0.0001):0.0221007):0.0001,(Pmac:0.00666143,(Kbre:0.00295122,Ksim:0.0001):0.0511945):0.0242767):0.0001,(((((Bmus:0.0119306,((Bbor:0.0001,Bede:0.0001):0.0001,Bric:0.0001):0.00891264):0.0001,((Bphy:0.00297155,Mnov:0.0119727):0.0001,Erob:0.00894234):0.00893847):0.0001,(Bacu:0.0001,Bbon:0.00596128):0.018029):0.0157334,Cmar:0.0292646):0.00304805,(Bmys:0.00896015,(Egla:0.0001,Eaus:0.0001):0.00294969):0.0158483):0.0218419);

--- ASCII PHYLOGRAM (estimated branch lengths) ---

[DEBUG] ASCII phylogram ('-' = background, '=' = foreground)
(root)
|---------------------------------------- Hiamp
|-- (*)
|  |-- (*)
|  |  |--- (*)
|  |  |   |-- (*)
|  |  |   |  |---- (*)
|  |  |   |  |    |-- (*)
|  |  |   |  |    |  |-- (*)
|  |  |   |  |    |  |  |-- (*)
|  |  |   |  |    |  |  |  |-- Ppho
|  |  |   |  |    |  |  |  `-- Psin
|  |  |   |  |    |  |  `-- Nsun
|  |  |   |  |    |  `------ (*)
|  |  |   |  |    |         |-- Dleu
|  |  |   |  |    |         `-- Mmon
|  |  |   |  |    `---- (*)
|  |  |   |  |         |-- (*)
|  |  |   |  |         |  |-- (*)
|  |  |   |  |         |  |  |-- (*)
|  |  |   |  |         |  |  |  |-- (*)
|  |  |   |  |         |  |  |  |  |-- (*)
|  |  |   |  |         |  |  |  |  |  |-- (*)
|  |  |   |  |         |  |  |  |  |  |  |-- Ttru
|  |  |   |  |         |  |  |  |  |  |  `-- (*)
|  |  |   |  |         |  |  |  |  |  |     |-- (*)
|  |  |   |  |         |  |  |  |  |  |     |  |-- (*)
|  |  |   |  |         |  |  |  |  |  |     |  |  |-- Ddel
|  |  |   |  |         |  |  |  |  |  |     |  |  `-- Tadu
|  |  |   |  |         |  |  |  |  |  |     |  `-- (*)
|  |  |   |  |         |  |  |  |  |  |     |     |-- Scoe
|  |  |   |  |         |  |  |  |  |  |     |     `-- Scly
|  |  |   |  |         |  |  |  |  |  |     `-- Sfro
|  |  |   |  |         |  |  |  |  |  `-- Schi
|  |  |   |  |         |  |  |  |  `--- Satt
|  |  |   |  |         |  |  |  `-- Slon
|  |  |   |  |         |  |  `-- (*)
|  |  |   |  |         |  |     |-- (*)
|  |  |   |  |         |  |     |  |-- (*)
|  |  |   |  |         |  |     |  |  |-- Pcra
|  |  |   |  |         |  |     |  |  `-- (*)
|  |  |   |  |         |  |     |  |     |-- Gmel
|  |  |   |  |         |  |     |  |     `-- Pele
|  |  |   |  |         |  |     |  `-- Ggri
|  |  |   |  |         |  |     `-- Sbre
|  |  |   |  |         |  `-- (*)
|  |  |   |  |         |     |-- (*)
|  |  |   |  |         |     |  |-- Lalb
|  |  |   |  |         |     |  `-- Lacu
|  |  |   |  |         |     `-- (*)
|  |  |   |  |         |        |-- Ccom
|  |  |   |  |         |        `--- Aobl
|  |  |   |  |         `-- Oorc
|  |  |   |  `----- (*)
|  |  |   |        |--------------- Igeo
|  |  |   |        `------- Lvex
|  |  |   `========= (*) [#1]
|  |  |             |---- Zcav
|  |  |             `-- (*)
|  |  |                |-- (*)
|  |  |                |  |-- Mbid
|  |  |                |  `-- (*)
|  |  |                |     |-- (*)
|  |  |                |     |  |-- Mden
|  |  |                |     |  `-- Mste
|  |  |                |     `-- (*)
|  |  |                |        |-- Mmir
|  |  |                |        `-- Meur
|  |  |                `-- Hyamp
|  |  `------ (*)
|  |         |-- Pmin
|  |         `-- Pgan
|  `====== (*) [#1]
|         |-- Pmac
|         `------------- (*)
|                       |-- Kbre
|                       `-- Ksim
`------ (*)
       |-- (*)
       |  |---- (*)
       |  |    |-- (*)
       |  |    |  |-- (*)
       |  |    |  |  |--- Bmus
       |  |    |  |  `-- (*)
       |  |    |  |     |-- (*)
       |  |    |  |     |  |-- Bbor
       |  |    |  |     |  `-- Bede
       |  |    |  |     `-- Bric
       |  |    |  `-- (*)
       |  |    |     |-- (*)
       |  |    |     |  |-- Bphy
       |  |    |     |  `--- Mnov
       |  |    |     `-- Erob
       |  |    `----- (*)
       |  |          |-- Bacu
       |  |          `-- Bbon
       |  `-------- Cmar
       `---- (*)
            |-- Bmys
            `-- (*)
               |-- Egla
               `-- Eaus

--- PARAMETERS ---
Kappa: 6.634626
Omega[0]: 0.010934
Omega[1]: 4.034706
Gamma[0][0]: 0.150449

--- CATEGORY PROBABILITIES ---
P(Omega 0, Gamma 0): 0.734171
P(Omega 1, Gamma 0): 0.265829

--- POSTERIOR PROBABILITIES PER SITE ---
Site    1: C1: 0.942  C2: 0.058  
Site    2: C1: 0.974  C2: 0.026  
Site    3: C1: 0.662  C2: 0.338  
Site    4: C1: 0.906  C2: 0.094  
Site    5: C1: 0.931  C2: 0.069  
Site    6: C1: 0.764  C2: 0.236  
Site    7: C1: 0.948  C2: 0.052  
Site    8: C1: 0.916  C2: 0.084  
Site    9: C1: 0.866  C2: 0.134  
Site   10: C1: 0.884  C2: 0.116  
Site   11: C1: 0.784  C2: 0.216  
Site   12: C1: 0.596  C2: 0.404  
Site   13: C1: 0.866  C2: 0.134  
Site   14: C1: 0.999  C2: 0.001  
Site   15: C1: 0.916  C2: 0.084  
Site   16: C1: 0.000  C2: 1.000  
Site   17: C1: 0.969  C2: 0.031  
Site   18: C1: 0.764  C2: 0.236  
Site   19: C1: 0.784  C2: 0.216  
Site   20: C1: 0.784  C2: 0.216  
Site   21: C1: 0.601  C2: 0.399  
Site   22: C1: 0.882  C2: 0.118  
Site   23: C1: 0.592  C2: 0.408  
Site   24: C1: 0.953  C2: 0.047  
Site   25: C1: 0.796  C2: 0.204  
Site   26: C1: 0.884  C2: 0.116  
Site   27: C1: 0.609  C2: 0.391  
Site   28: C1: 0.758  C2: 0.242  
Site   29: C1: 0.687  C2: 0.313  
Site   30: C1: 0.687  C2: 0.313  
Site   31: C1: 0.602  C2: 0.398  
Site   32: C1: 0.856  C2: 0.144  
Site   33: C1: 0.796  C2: 0.204  
Site   34: C1: 0.844  C2: 0.156  
Site   35: C1: 0.891  C2: 0.109  
Site   36: C1: 0.758  C2: 0.242  
Site   37: C1: 0.866  C2: 0.134  
Site   38: C1: 0.587  C2: 0.413  
Site   39: C1: 0.038  C2: 0.962  
Site   40: C1: 0.602  C2: 0.398  
Site   41: C1: 0.984  C2: 0.016  
Site   42: C1: 0.601  C2: 0.399  
Site   43: C1: 0.687  C2: 0.313  
Site   44: C1: 0.942  C2: 0.058  
Site   45: C1: 0.057  C2: 0.943  
Site   46: C1: 0.950  C2: 0.050  
Site   47: C1: 0.602  C2: 0.398  
Site   48: C1: 0.970  C2: 0.030  
Site   49: C1: 0.000  C2: 1.000  
Site   50: C1: 1.000  C2: 0.000  
Site   51: C1: 0.030  C2: 0.970  
Site   52: C1: 0.866  C2: 0.134  
Site   53: C1: 0.592  C2: 0.408  
Site   54: C1: 0.905  C2: 0.095  
Site   55: C1: 0.916  C2: 0.084  
Site   56: C1: 0.866  C2: 0.134  
Site   57: C1: 0.783  C2: 0.217  
Site   58: C1: 0.973  C2: 0.027  
Site   59: C1: 0.783  C2: 0.217  
Site   60: C1: 0.884  C2: 0.116  
Site   61: C1: 0.827  C2: 0.173  
Site   62: C1: 0.908  C2: 0.092  
Site   63: C1: 0.995  C2: 0.005  
Site   64: C1: 0.758  C2: 0.242  
Site   65: C1: 0.731  C2: 0.269  
Site   66: C1: 0.826  C2: 0.174  
Site   67: C1: 0.826  C2: 0.174  
Site   68: C1: 0.602  C2: 0.398  
Site   69: C1: 0.601  C2: 0.399  
Site   70: C1: 0.736  C2: 0.264  
Site   71: C1: 0.596  C2: 0.404  
Site   72: C1: 0.921  C2: 0.079  
Site   73: C1: 0.916  C2: 0.084  
Site   74: C1: 0.687  C2: 0.313  
Site   75: C1: 0.905  C2: 0.095  
Site   76: C1: 0.602  C2: 0.398  
Site   77: C1: 0.783  C2: 0.217  
Site   78: C1: 0.916  C2: 0.084  
Site   79: C1: 0.602  C2: 0.398  
Site   80: C1: 0.839  C2: 0.161  
Site   81: C1: 0.926  C2: 0.074  
Site   82: C1: 0.839  C2: 0.161  
Site   83: C1: 0.000  C2: 1.000  
Site   84: C1: 0.783  C2: 0.217  
Site   85: C1: 0.866  C2: 0.134  
Site   86: C1: 0.942  C2: 0.058  
Site   87: C1: 0.827  C2: 0.173  
Site   88: C1: 0.000  C2: 1.000  
Site   89: C1: 0.741  C2: 0.259  
Site   90: C1: 0.764  C2: 0.236  
Site   91: C1: 0.866  C2: 0.134  
Site   92: C1: 0.750  C2: 0.250  
Site   93: C1: 0.750  C2: 0.250  
Site   94: C1: 0.912  C2: 0.088  
Site   95: C1: 0.783  C2: 0.217  
Site   96: C1: 0.687  C2: 0.313  
Site   97: C1: 0.750  C2: 0.250  
Site   98: C1: 0.601  C2: 0.399  
Site   99: C1: 0.000  C2: 1.000  
Site  100: C1: 0.080  C2: 0.920  
Site  101: C1: 0.951  C2: 0.049  
Site  102: C1: 0.687  C2: 0.313  
Site  103: C1: 0.866  C2: 0.134  
Site  104: C1: 0.000  C2: 1.000  
Site  105: C1: 0.166  C2: 0.834  
Site  106: C1: 0.662  C2: 0.338  
Site  107: C1: 0.592  C2: 0.408  
Site  108: C1: 0.992  C2: 0.008  
Site  109: C1: 0.863  C2: 0.137  
Site  110: C1: 0.737  C2: 0.263  
Site  111: C1: 0.995  C2: 0.005  
Site  112: C1: 0.002  C2: 0.998  
Site  113: C1: 0.796  C2: 0.204  
Site  114: C1: 0.764  C2: 0.236  
Site  115: C1: 0.866  C2: 0.134  
Site  116: C1: 0.943  C2: 0.057  
Site  117: C1: 0.601  C2: 0.399  
Site  118: C1: 0.750  C2: 0.250  
Site  119: C1: 0.840  C2: 0.160  
Site  120: C1: 0.919  C2: 0.081  
Site  121: C1: 0.741  C2: 0.259  
Site  122: C1: 0.785  C2: 0.215  
Site  123: C1: 0.002  C2: 0.998  
Site  124: C1: 0.601  C2: 0.399  
Site  125: C1: 0.015  C2: 0.985  
Site  126: C1: 0.891  C2: 0.109  
Site  127: C1: 0.841  C2: 0.159  
Site  128: C1: 0.798  C2: 0.202  
Site  129: C1: 0.784  C2: 0.216  
Site  130: C1: 0.827  C2: 0.173  
Site  131: C1: 0.602  C2: 0.398  
Site  132: C1: 0.601  C2: 0.399  
Site  133: C1: 0.991  C2: 0.009  
Site  134: C1: 0.796  C2: 0.204  
Site  135: C1: 0.968  C2: 0.032  
Site  136: C1: 0.687  C2: 0.313  
Site  137: C1: 0.000  C2: 1.000  
Site  138: C1: 0.784  C2: 0.216  
Site  139: C1: 0.784  C2: 0.216  
Site  140: C1: 0.719  C2: 0.281  
Site  141: C1: 0.826  C2: 0.174  
Site  142: C1: 0.835  C2: 0.165  
Site  143: C1: 0.942  C2: 0.058  
Site  144: C1: 0.882  C2: 0.118  
Site  145: C1: 0.916  C2: 0.084  
Site  146: C1: 0.866  C2: 0.134  
Site  147: C1: 0.601  C2: 0.399  
Site  148: C1: 0.866  C2: 0.134  
Site  149: C1: 0.662  C2: 0.338  
Site  150: C1: 0.796  C2: 0.204  
Site  151: C1: 0.001  C2: 0.999  
Site  152: C1: 0.896  C2: 0.104  
Site  153: C1: 0.601  C2: 0.399  
Site  154: C1: 0.905  C2: 0.095  
Site  155: C1: 0.001  C2: 0.999  
Site  156: C1: 0.764  C2: 0.236  
Site  157: C1: 0.927  C2: 0.073  
Site  158: C1: 0.948  C2: 0.052  
Site  159: C1: 0.034  C2: 0.966  
Site  160: C1: 0.992  C2: 0.008  
Site  161: C1: 0.891  C2: 0.109  
Site  162: C1: 0.078  C2: 0.922  
Site  163: C1: 0.942  C2: 0.058  
Site  164: C1: 0.847  C2: 0.153  
Site  165: C1: 0.000  C2: 1.000  
Site  166: C1: 0.839  C2: 0.161  
Site  167: C1: 0.899  C2: 0.101  
Site  168: C1: 0.601  C2: 0.399  
Site  169: C1: 0.952  C2: 0.048  
Site  170: C1: 0.836  C2: 0.164  
Site  171: C1: 0.946  C2: 0.054  
Site  172: C1: 0.783  C2: 0.217  
Site  173: C1: 0.827  C2: 0.173  
Site  174: C1: 0.764  C2: 0.236  
Site  175: C1: 0.891  C2: 0.109  
Site  176: C1: 0.587  C2: 0.413  
Site  177: C1: 0.681  C2: 0.319  
Site  178: C1: 0.687  C2: 0.313  
Site  179: C1: 0.905  C2: 0.095  
Site  180: C1: 0.949  C2: 0.051  
Site  181: C1: 0.796  C2: 0.204  
Site  182: C1: 0.645  C2: 0.355  
Site  183: C1: 0.942  C2: 0.058  
Site  184: C1: 0.758  C2: 0.242  
Site  185: C1: 0.737  C2: 0.263  
Site  186: C1: 0.906  C2: 0.094  
Site  187: C1: 0.972  C2: 0.028  
Site  188: C1: 0.662  C2: 0.338  
Site  189: C1: 0.416  C2: 0.584  
Site  190: C1: 0.826  C2: 0.174  
Site  191: C1: 0.687  C2: 0.313  
Site  192: C1: 0.964  C2: 0.036  
Site  193: C1: 0.971  C2: 0.029  
Site  194: C1: 0.970  C2: 0.030  
Site  195: C1: 0.257  C2: 0.743  
Site  196: C1: 0.996  C2: 0.004  
Site  197: C1: 0.796  C2: 0.204  
Site  198: C1: 0.044  C2: 0.956  
Site  199: C1: 0.916  C2: 0.084  
Site  200: C1: 0.963  C2: 0.037  
Site  201: C1: 0.979  C2: 0.021  
Site  202: C1: 0.587  C2: 0.413  
Site  203: C1: 0.987  C2: 0.013  
Site  204: C1: 0.827  C2: 0.173  
Site  205: C1: 0.077  C2: 0.923  
Site  206: C1: 0.687  C2: 0.313  
Site  207: C1: 0.942  C2: 0.058  
Site  208: C1: 0.958  C2: 0.042  
Site  209: C1: 0.784  C2: 0.216  
Site  210: C1: 0.943  C2: 0.057  
Site  211: C1: 0.731  C2: 0.269  
Site  212: C1: 0.866  C2: 0.134  
Site  213: C1: 0.951  C2: 0.049  
Site  214: C1: 0.905  C2: 0.095  
Site  215: C1: 0.592  C2: 0.408  
Site  216: C1: 0.000  C2: 1.000  
Site  217: C1: 0.002  C2: 0.998  
Site  218: C1: 0.905  C2: 0.095  
Site  219: C1: 0.978  C2: 0.022  
Site  220: C1: 0.057  C2: 0.943  
Site  221: C1: 0.957  C2: 0.043  
Site  222: C1: 0.737  C2: 0.263  
Site  223: C1: 0.999  C2: 0.001  
Site  224: C1: 0.662  C2: 0.338  
Site  225: C1: 0.758  C2: 0.242  
Site  226: C1: 0.841  C2: 0.159  
Site  227: C1: 0.827  C2: 0.173  
Site  228: C1: 0.957  C2: 0.043  
Site  229: C1: 0.722  C2: 0.278  
Site  230: C1: 0.827  C2: 0.173  
Site  231: C1: 0.826  C2: 0.174  
Site  232: C1: 0.796  C2: 0.204  
Site  233: C1: 0.987  C2: 0.013  
Site  234: C1: 0.611  C2: 0.389  
Site  235: C1: 0.839  C2: 0.161  
Site  236: C1: 0.911  C2: 0.089  
Site  237: C1: 0.758  C2: 0.242  
Site  238: C1: 0.915  C2: 0.085  
Site  239: C1: 0.796  C2: 0.204  
Site  240: C1: 0.908  C2: 0.092  
Site  241: C1: 0.839  C2: 0.161  
Site  242: C1: 0.750  C2: 0.250  
Site  243: C1: 0.991  C2: 0.009  
Site  244: C1: 0.758  C2: 0.242  
Site  245: C1: 0.826  C2: 0.174  
Site  246: C1: 0.840  C2: 0.160  
Site  247: C1: 0.796  C2: 0.204  
Site  248: C1: 0.826  C2: 0.174  
Site  249: C1: 0.796  C2: 0.204  
Site  250: C1: 0.827  C2: 0.173  
Site  251: C1: 0.909  C2: 0.091  
Site  252: C1: 0.601  C2: 0.399  
Site  253: C1: 0.942  C2: 0.058  
Site  254: C1: 0.827  C2: 0.173  
Site  255: C1: 0.000  C2: 1.000  
Site  256: C1: 0.905  C2: 0.095  
Site  257: C1: 0.942  C2: 0.058  
Site  258: C1: 0.827  C2: 0.173  
Site  259: C1: 0.000  C2: 1.000  
Site  260: C1: 0.844  C2: 0.156  
Site  261: C1: 0.866  C2: 0.134  
Site  262: C1: 0.602  C2: 0.398  
Site  263: C1: 0.991  C2: 0.009  
Site  264: C1: 0.737  C2: 0.263  
Site  265: C1: 0.891  C2: 0.109  
Site  266: C1: 0.000  C2: 1.000  
Site  267: C1: 0.835  C2: 0.165  
Site  268: C1: 0.963  C2: 0.037  
Site  269: C1: 0.601  C2: 0.399  
Site  270: C1: 0.183  C2: 0.817  
Site  271: C1: 0.033  C2: 0.967  
Site  272: C1: 0.952  C2: 0.048  
Site  273: C1: 0.866  C2: 0.134  
Site  274: C1: 0.687  C2: 0.313  
Site  275: C1: 0.958  C2: 0.042  
Site  276: C1: 0.866  C2: 0.134  
Site  277: C1: 0.000  C2: 1.000  
Site  278: C1: 0.731  C2: 0.269  
Site  279: C1: 0.758  C2: 0.242  
Site  280: C1: 0.764  C2: 0.236  
Site  281: C1: 0.587  C2: 0.413  
Site  282: C1: 0.000  C2: 1.000  
Site  283: C1: 0.943  C2: 0.057  
Site  284: C1: 0.764  C2: 0.236  
Site  285: C1: 0.592  C2: 0.408  
Site  286: C1: 0.905  C2: 0.095  
Site  287: C1: 0.866  C2: 0.134  
Site  288: C1: 0.942  C2: 0.058  
Site  289: C1: 0.750  C2: 0.250  
Site  290: C1: 0.000  C2: 1.000  
Site  291: C1: 0.949  C2: 0.051  
Site  292: C1: 1.000  C2: 0.000  
Site  293: C1: 0.866  C2: 0.134  
Site  294: C1: 0.827  C2: 0.173  
Site  295: C1: 0.601  C2: 0.399  
Site  296: C1: 0.826  C2: 0.174  
Site  297: C1: 0.862  C2: 0.138  
Site  298: C1: 0.945  C2: 0.055  
Site  299: C1: 0.999  C2: 0.001  
Site  300: C1: 0.078  C2: 0.922  
Site  301: C1: 0.687  C2: 0.313  
Site  302: C1: 0.916  C2: 0.084  
Site  303: C1: 0.592  C2: 0.408  
Site  304: C1: 0.827  C2: 0.173  
Site  305: C1: 0.905  C2: 0.095  
Site  306: C1: 0.687  C2: 0.313  
Site  307: C1: 0.905  C2: 0.095  
Site  308: C1: 0.942  C2: 0.058  
Site  309: C1: 0.942  C2: 0.058  
Site  310: C1: 0.916  C2: 0.084  
Site  311: C1: 0.826  C2: 0.174  
Site  312: C1: 0.758  C2: 0.242  
Site  313: C1: 0.866  C2: 0.134  
Site  314: C1: 0.736  C2: 0.264  
Site  315: C1: 0.916  C2: 0.084  
Site  316: C1: 0.737  C2: 0.263  
Site  317: C1: 0.942  C2: 0.058  
Site  318: C1: 0.783  C2: 0.217  
Site  319: C1: 0.912  C2: 0.088  
Site  320: C1: 0.914  C2: 0.086  
Site  321: C1: 0.954  C2: 0.046  
Site  322: C1: 0.737  C2: 0.263  
Site  323: C1: 0.899  C2: 0.101  
Site  324: C1: 0.764  C2: 0.236  
Site  325: C1: 0.885  C2: 0.115  
Site  326: C1: 0.087  C2: 0.913  
Site  327: C1: 0.841  C2: 0.159  
Site  328: C1: 0.602  C2: 0.398  
Site  329: C1: 0.970  C2: 0.030  
Site  330: C1: 0.942  C2: 0.058  
Site  331: C1: 0.979  C2: 0.021  
Site  332: C1: 0.796  C2: 0.204  
Site  333: C1: 0.996  C2: 0.004  
Site  334: C1: 0.587  C2: 0.413  
Site  335: C1: 0.075  C2: 0.925  
Site  336: C1: 0.903  C2: 0.097  
Site  337: C1: 0.601  C2: 0.399  
Site  338: C1: 0.587  C2: 0.413  
Site  339: C1: 0.826  C2: 0.174  
Site  340: C1: 0.722  C2: 0.278  
Site  341: C1: 0.796  C2: 0.204  
Site  342: C1: 0.750  C2: 0.250  
Site  343: C1: 0.882  C2: 0.118  
Site  344: C1: 0.758  C2: 0.242  
Site  345: C1: 0.784  C2: 0.216  
Site  346: C1: 0.621  C2: 0.379  
Site  347: C1: 0.851  C2: 0.149  
Site  348: C1: 0.601  C2: 0.399  

End time: 2025-12-16 00:16:24
