IQ-TREE multicore version 2.3.4 COVID-edition for MacOS Intel 64-bit built May 23 2024
Developed by Bui Quang Minh, James Barbetti, Nguyen Lam Tung, Olga Chernomor,
Heiko Schmidt, Dominik Schrempf, Michael Woodhams, Ly Trong Nhan, Thomas Wong

Host:    HayatenoMac-mini.local (AVX2, FMA3, 64 GB RAM)
Command: iqtree2 -s RHO.fa -st CODON -m GY -bb 1000 -alrt 1000 -nt AUTO
Seed:    809342 (Using SPRNG - Scalable Parallel Random Number Generator)
Time:    Thu Apr 10 15:46:39 2025
Kernel:  AVX+FMA - auto-detect threads (12 CPU cores detected)

Reading alignment file RHO.fa ... Fasta format detected
Reading fasta file: done in 0.000265837 secs using 88.02% CPU
Alignment most likely contains DNA/RNA sequences
Converting to codon sequences with genetic code  ...
Alignment has 12 sequences with 348 columns, 143 distinct patterns
40 parsimony-informative, 67 singleton sites, 241 constant sites
                            Gap/Ambiguity  Composition  p-value
Analyzing sequences: done in 1.97887e-05 secs using 586.2% CPU
   1  Hippopotamus_amphibius_RHO    0.00%    passed    100.00%
   2  Phocoena_phocoena_RHO         0.00%    passed    100.00%
   3  Delphinapterus_leucas_RHO     0.00%    passed    100.00%
   4  Tursiops_truncatus_RHO        0.00%    passed    100.00%
   5  Inia_geoffrensis_RHO          0.00%    passed    100.00%
   6  Ziphius_cavirostris_RHO       0.00%    passed    100.00%
   7  Platanista_minor_RHO          0.00%    passed    100.00%
   8  Physeter_macrocephalus_RHO    0.00%    passed    100.00%
   9  Kogia_sima_RHO                0.00%    passed    100.00%
  10  Balaenoptera_musculus_RHO     0.00%    passed    100.00%
  11  Caperea_marginata_RHO         0.00%    passed    100.00%
  12  Balaena_mysticetus_RHO        0.00%    passed    100.00%
****  TOTAL                         0.00%  0 sequences failed composition chi2 test (p-value<5%; df=54)
NOTE: State(s) AAA, AGA, CGA, CGT, GTA, TTA not present in alignment and thus removed from Markov process to prevent numerical problems
NOTE: 6 states (see above) are not present and thus removed from Markov process to prevent numerical problems
Creating fast initial parsimony tree by random order stepwise addition...
0.019 seconds, parsimony score: 175 (based on 107 sites)
Generating 1000 samples for ultrafast bootstrap (seed: 809342)...

NOTE: 2 MB RAM (0 GB) is required!
Measuring multi-threading efficiency up to 12 CPU cores
Increase to 10 rounds for branch lengths
429 trees examined
Threads: 1 / Time: 12.018 sec / Speedup: 1.000 / Efficiency: 100% / LogL: -2630
Threads: 2 / Time: 9.850 sec / Speedup: 1.220 / Efficiency: 61% / LogL: -2630
Threads: 3 / Time: 9.169 sec / Speedup: 1.311 / Efficiency: 44% / LogL: -2630
BEST NUMBER OF THREADS: 2

Estimate model parameters (epsilon = 0.100)
1. Initial log-likelihood: -2488.260
2. Current log-likelihood: -2400.584
3. Current log-likelihood: -2365.236
4. Current log-likelihood: -2346.677
Optimal log-likelihood: -2346.625
Nonsynonymous/synonymous ratio (omega): 0.142
Transition/transversion ratio (kappa): 5.138
Parameters optimization took 4 rounds (0.256 sec)
Wrote distance file to... 
Computing ML distances based on estimated model parameters...
Calculating distance matrix: done in 0.06582 secs using 199.6% CPU
Computing ML distances took 0.065888 sec (of wall-clock time) 0.131443 sec (of CPU time)
Setting up auxiliary I and S matrices: done in 2.40803e-05 secs using 224.2% CPU
Computing RapidNJ tree took 0.000151 sec (of wall-clock time) 0.000178 sec (of CPU time)
Log-likelihood of RapidNJ tree: -2341.258
--------------------------------------------------------------------
|             INITIALIZING CANDIDATE TREE SET                      |
--------------------------------------------------------------------
Generating 98 parsimony trees... 0.020 second
Computing log-likelihood of 98 initial trees ... 0.630 seconds
Current best score: -2334.936

Do NNI search on 20 best initial trees
Estimate model parameters (epsilon = 0.100)
BETTER TREE FOUND at iteration 1: -2334.737
Iteration 10 / LogL: -2339.227 / Time: 0h:0m:32s
Iteration 20 / LogL: -2334.740 / Time: 0h:0m:33s
Finish initializing candidate tree set (3)
Current best tree score: -2334.737 / CPU time: 2.003
Number of iterations: 20
--------------------------------------------------------------------
|               OPTIMIZING CANDIDATE TREE SET                      |
--------------------------------------------------------------------
Iteration 30 / LogL: -2341.347 / Time: 0h:0m:34s (0h:1m:23s left)
Iteration 40 / LogL: -2334.741 / Time: 0h:0m:34s (0h:0m:54s left)
Iteration 50 / LogL: -2339.227 / Time: 0h:0m:35s (0h:0m:37s left)
Log-likelihood cutoff on original alignment: -2366.612
Iteration 60 / LogL: -2334.738 / Time: 0h:0m:36s (0h:0m:25s left)
Iteration 70 / LogL: -2334.739 / Time: 0h:0m:37s (0h:0m:16s left)
Iteration 80 / LogL: -2334.739 / Time: 0h:0m:38s (0h:0m:10s left)
Iteration 90 / LogL: -2334.739 / Time: 0h:0m:38s (0h:0m:4s left)
Iteration 100 / LogL: -2339.227 / Time: 0h:0m:39s (0h:0m:0s left)
Log-likelihood cutoff on original alignment: -2368.033
NOTE: Bootstrap correlation coefficient of split occurrence frequencies: 0.997
TREE SEARCH COMPLETED AFTER 102 ITERATIONS / Time: 0h:0m:39s

--------------------------------------------------------------------
|                    FINALIZING TREE SEARCH                        |
--------------------------------------------------------------------
Performs final model parameters optimization
Estimate model parameters (epsilon = 0.010)
1. Initial log-likelihood: -2334.737
Optimal log-likelihood: -2334.737
Nonsynonymous/synonymous ratio (omega): 0.129
Transition/transversion ratio (kappa): 5.156
Parameters optimization took 1 rounds (0.034 sec)
BEST SCORE FOUND : -2334.737

Testing tree branches by SH-like aLRT with 1000 replicates...
0.042 sec.
Creating bootstrap support values...
Split supports printed to NEXUS file RHO.fa.splits.nex
Total tree length: 0.563

Total number of iterations: 102
CPU time used for tree search: 16.953 sec (0h:0m:16s)
Wall-clock time used for tree search: 8.496 sec (0h:0m:8s)
Total CPU time used: 78.029 sec (0h:1m:18s)
Total wall-clock time used: 40.010 sec (0h:0m:40s)

Computing bootstrap consensus tree...
Reading input file RHO.fa.splits.nex...
12 taxa and 96 splits.
Consensus tree written to RHO.fa.contree
Reading input trees file RHO.fa.contree
Log-likelihood of consensus tree: -2339.463

Analysis results written to: 
  IQ-TREE report:                RHO.fa.iqtree
  Maximum-likelihood tree:       RHO.fa.treefile
  Likelihood distances:          RHO.fa.mldist

Ultrafast bootstrap approximation results written to:
  Split support values:          RHO.fa.splits.nex
  Consensus tree:                RHO.fa.contree
  Screen log file:               RHO.fa.log

Date and Time: Thu Apr 10 15:47:19 2025
