
--- MODEL SUMMARY ---
Model used: 3
Sequence file: input/RHO_seq.dat
Tree file: input/RHO.fa.tree
Log likelihood: -3105.312952
np: 105
Start time: 2025-12-13 06:01:18

--- BASE FREQUENCIES ---
T: 0.234841  C: 0.316797  A: 0.203563  G: 0.244799

--- BRANCH LENGTHS ---
Branch  0: 0.140899  (parent node 52 -> leaf Hiamp)
Branch  1: 0.000100  (parent node 52 -> internal node 53)
Branch  2: 0.002876  (parent node 53 -> internal node 54)
Branch  3: 0.008209  (parent node 54 -> internal node 55)
Branch  4: 0.004329  (parent node 55 -> internal node 56)
Branch  5: 0.012355  (parent node 56 -> internal node 57)
Branch  6: 0.005660  (parent node 57 -> internal node 58)
Branch  7: 0.006360  (parent node 58 -> internal node 59)
Branch  8: 0.000100  (parent node 59 -> internal node 60)
Branch  9: 0.002777  (parent node 60 -> leaf Ppho)
Branch 10: 0.000100  (parent node 60 -> leaf Psin)
Branch 11: 0.002871  (parent node 59 -> leaf Nsun)
Branch 12: 0.022135  (parent node 58 -> internal node 61)
Branch 13: 0.002832  (parent node 61 -> leaf Dleu)
Branch 14: 0.000100  (parent node 61 -> leaf Mmon)
Branch 15: 0.014910  (parent node 57 -> internal node 62)
Branch 16: 0.000100  (parent node 62 -> internal node 63)
Branch 17: 0.000100  (parent node 63 -> internal node 64)
Branch 18: 0.000100  (parent node 64 -> internal node 65)
Branch 19: 0.000100  (parent node 65 -> internal node 66)
Branch 20: 0.000100  (parent node 66 -> internal node 67)
Branch 21: 0.000100  (parent node 67 -> internal node 68)
Branch 22: 0.005655  (parent node 68 -> leaf Ttru)
Branch 23: 0.000100  (parent node 68 -> internal node 69)
Branch 24: 0.000100  (parent node 69 -> internal node 70)
Branch 25: 0.000100  (parent node 70 -> internal node 71)
Branch 26: 0.000100  (parent node 71 -> leaf Ddel)
Branch 27: 0.002827  (parent node 71 -> leaf Tadu)
Branch 28: 0.000100  (parent node 70 -> internal node 72)
Branch 29: 0.002824  (parent node 72 -> leaf Scoe)
Branch 30: 0.005652  (parent node 72 -> leaf Scly)
Branch 31: 0.002827  (parent node 69 -> leaf Sfro)
Branch 32: 0.005654  (parent node 67 -> leaf Schi)
Branch 33: 0.011341  (parent node 66 -> leaf Satt)
Branch 34: 0.008488  (parent node 65 -> leaf Slon)
Branch 35: 0.000100  (parent node 64 -> internal node 73)
Branch 36: 0.000100  (parent node 73 -> internal node 74)
Branch 37: 0.000100  (parent node 74 -> internal node 75)
Branch 38: 0.005659  (parent node 75 -> leaf Pcra)
Branch 39: 0.000100  (parent node 75 -> internal node 76)
Branch 40: 0.000100  (parent node 76 -> leaf Gmel)
Branch 41: 0.000100  (parent node 76 -> leaf Pele)
Branch 42: 0.000100  (parent node 74 -> leaf Ggri)
Branch 43: 0.000100  (parent node 73 -> leaf Sbre)
Branch 44: 0.000100  (parent node 63 -> internal node 77)
Branch 45: 0.000100  (parent node 77 -> internal node 78)
Branch 46: 0.002824  (parent node 78 -> leaf Lalb)
Branch 47: 0.008498  (parent node 78 -> leaf Lacu)
Branch 48: 0.002826  (parent node 77 -> internal node 79)
Branch 49: 0.002831  (parent node 79 -> leaf Ccom)
Branch 50: 0.011361  (parent node 79 -> leaf Aobl)
Branch 51: 0.008502  (parent node 62 -> leaf Oorc)
Branch 52: 0.019527  (parent node 56 -> internal node 80)
Branch 53: 0.055774  (parent node 80 -> leaf Igeo)
Branch 54: 0.022622  (parent node 80 -> leaf Lvex)
Branch 55: 0.033664  (parent node 55 -> internal node 81)
Branch 56: 0.014980  (parent node 81 -> leaf Zcav)
Branch 57: 0.005669  (parent node 81 -> internal node 82)
Branch 58: 0.004875  (parent node 82 -> internal node 83)
Branch 59: 0.008469  (parent node 83 -> leaf Mbid)
Branch 60: 0.000100  (parent node 83 -> internal node 84)
Branch 61: 0.000100  (parent node 84 -> internal node 85)
Branch 62: 0.008467  (parent node 85 -> leaf Mden)
Branch 63: 0.002816  (parent node 85 -> leaf Mste)
Branch 64: 0.002816  (parent node 84 -> internal node 86)
Branch 65: 0.002815  (parent node 86 -> leaf Mmir)
Branch 66: 0.000100  (parent node 86 -> leaf Meur)
Branch 67: 0.003597  (parent node 82 -> leaf Hyamp)
Branch 68: 0.020134  (parent node 54 -> internal node 87)
Branch 69: 0.000100  (parent node 87 -> leaf Pmin)
Branch 70: 0.000100  (parent node 87 -> leaf Pgan)
Branch 71: 0.022974  (parent node 53 -> internal node 88)
Branch 72: 0.005404  (parent node 88 -> leaf Pmac)
Branch 73: 0.049365  (parent node 88 -> internal node 89)
Branch 74: 0.002821  (parent node 89 -> leaf Kbre)
Branch 75: 0.000100  (parent node 89 -> leaf Ksim)
Branch 76: 0.019583  (parent node 52 -> internal node 90)
Branch 77: 0.002859  (parent node 90 -> internal node 91)
Branch 78: 0.014960  (parent node 91 -> internal node 92)
Branch 79: 0.000100  (parent node 92 -> internal node 93)
Branch 80: 0.000100  (parent node 93 -> internal node 94)
Branch 81: 0.011284  (parent node 94 -> leaf Bmus)
Branch 82: 0.008450  (parent node 94 -> internal node 95)
Branch 83: 0.000100  (parent node 95 -> internal node 96)
Branch 84: 0.000100  (parent node 96 -> leaf Bbor)
Branch 85: 0.000100  (parent node 96 -> leaf Bede)
Branch 86: 0.000100  (parent node 95 -> leaf Bric)
Branch 87: 0.008457  (parent node 93 -> internal node 97)
Branch 88: 0.000100  (parent node 97 -> internal node 98)
Branch 89: 0.002814  (parent node 98 -> leaf Bphy)
Branch 90: 0.011301  (parent node 98 -> leaf Mnov)
Branch 91: 0.008471  (parent node 97 -> leaf Erob)
Branch 92: 0.016984  (parent node 92 -> internal node 99)
Branch 93: 0.000100  (parent node 99 -> leaf Bacu)
Branch 94: 0.005633  (parent node 99 -> leaf Bbon)
Branch 95: 0.027616  (parent node 91 -> leaf Cmar)
Branch 96: 0.015114  (parent node 90 -> internal node 100)
Branch 97: 0.008467  (parent node 100 -> leaf Bmys)
Branch 98: 0.002803  (parent node 100 -> internal node 101)
Branch 99: 0.000100  (parent node 101 -> leaf Egla)
Branch 100: 0.000100  (parent node 101 -> leaf Eaus)

--- TREE WITH ESTIMATED BRANCH LENGTHS (NEWICK) ---
(Hiamp:0.140899,((((((((Ppho:0.00277734,Psin:0.0001):0.0001,Nsun:0.00287133):0.00635979,(Dleu:0.00283237,Mmon:0.0001):0.0221353):0.00565982,(((((((Ttru:0.00565498,(((Ddel:0.0001,Tadu:0.00282729):0.0001,(Scoe:0.00282419,Scly:0.00565222):0.0001):0.0001,Sfro:0.00282729):0.0001):0.0001,Schi:0.00565432):0.0001,Satt:0.011341):0.0001,Slon:0.0084881):0.0001,(((Pcra:0.0056591,(Gmel:0.0001,Pele:0.0001):0.0001):0.0001,Ggri:0.0001):0.0001,Sbre:0.0001):0.0001):0.0001,((Lalb:0.00282375,Lacu:0.00849807):0.0001,(Ccom:0.00283068,Aobl:0.0113608):0.00282609):0.0001):0.0001,Oorc:0.00850186):0.0149099):0.0123549,(Igeo:0.0557743,Lvex:0.0226225):0.0195274):0.00432875,(Zcav:0.0149797,((Mbid:0.00846887,((Mden:0.0084671,Mste:0.00281599):0.0001,(Mmir:0.00281548,Meur:0.0001):0.00281575):0.0001):0.00487465,Hyamp:0.00359682):0.00566889):0.0336643):0.00820891,(Pmin:0.0001,Pgan:0.0001):0.0201339):0.00287605,(Pmac:0.00540413,(Kbre:0.00282125,Ksim:0.0001):0.0493652):0.0229742):0.0001,(((((Bmus:0.0112845,((Bbor:0.0001,Bede:0.0001):0.0001,Bric:0.0001):0.00845008):0.0001,((Bphy:0.00281435,Mnov:0.0113009):0.0001,Erob:0.00847063):0.0084568):0.0001,(Bacu:0.0001,Bbon:0.0056333):0.0169836):0.0149597,Cmar:0.0276162):0.00285932,(Bmys:0.00846652,(Egla:0.0001,Eaus:0.0001):0.00280337):0.0151136):0.0195826);

--- ASCII PHYLOGRAM (estimated branch lengths) ---

[DEBUG] ASCII phylogram ('-' = background, '=' = foreground)
(root)
|---------------------------------------- Hiamp
|-- (*)
|  |-- (*)
|  |  |-- (*)
|  |  |  |-- (*)
|  |  |  |  |---- (*)
|  |  |  |  |    |-- (*)
|  |  |  |  |    |  |-- (*)
|  |  |  |  |    |  |  |-- (*)
|  |  |  |  |    |  |  |  |-- Ppho
|  |  |  |  |    |  |  |  `-- Psin
|  |  |  |  |    |  |  `-- Nsun
|  |  |  |  |    |  `------ (*)
|  |  |  |  |    |         |-- Dleu
|  |  |  |  |    |         `-- Mmon
|  |  |  |  |    `---- (*)
|  |  |  |  |         |-- (*)
|  |  |  |  |         |  |-- (*)
|  |  |  |  |         |  |  |-- (*)
|  |  |  |  |         |  |  |  |-- (*)
|  |  |  |  |         |  |  |  |  |-- (*)
|  |  |  |  |         |  |  |  |  |  |-- (*)
|  |  |  |  |         |  |  |  |  |  |  |-- Ttru
|  |  |  |  |         |  |  |  |  |  |  `-- (*)
|  |  |  |  |         |  |  |  |  |  |     |-- (*)
|  |  |  |  |         |  |  |  |  |  |     |  |-- (*)
|  |  |  |  |         |  |  |  |  |  |     |  |  |-- Ddel
|  |  |  |  |         |  |  |  |  |  |     |  |  `-- Tadu
|  |  |  |  |         |  |  |  |  |  |     |  `-- (*)
|  |  |  |  |         |  |  |  |  |  |     |     |-- Scoe
|  |  |  |  |         |  |  |  |  |  |     |     `-- Scly
|  |  |  |  |         |  |  |  |  |  |     `-- Sfro
|  |  |  |  |         |  |  |  |  |  `-- Schi
|  |  |  |  |         |  |  |  |  `--- Satt
|  |  |  |  |         |  |  |  `-- Slon
|  |  |  |  |         |  |  `-- (*)
|  |  |  |  |         |  |     |-- (*)
|  |  |  |  |         |  |     |  |-- (*)
|  |  |  |  |         |  |     |  |  |-- Pcra
|  |  |  |  |         |  |     |  |  `-- (*)
|  |  |  |  |         |  |     |  |     |-- Gmel
|  |  |  |  |         |  |     |  |     `-- Pele
|  |  |  |  |         |  |     |  `-- Ggri
|  |  |  |  |         |  |     `-- Sbre
|  |  |  |  |         |  `-- (*)
|  |  |  |  |         |     |-- (*)
|  |  |  |  |         |     |  |-- Lalb
|  |  |  |  |         |     |  `-- Lacu
|  |  |  |  |         |     `-- (*)
|  |  |  |  |         |        |-- Ccom
|  |  |  |  |         |        `--- Aobl
|  |  |  |  |         `-- Oorc
|  |  |  |  `------ (*)
|  |  |  |         |---------------- Igeo
|  |  |  |         `------ Lvex
|  |  |  `========== (*) [#1]
|  |  |             |---- Zcav
|  |  |             `-- (*)
|  |  |                |-- (*)
|  |  |                |  |-- Mbid
|  |  |                |  `-- (*)
|  |  |                |     |-- (*)
|  |  |                |     |  |-- Mden
|  |  |                |     |  `-- Mste
|  |  |                |     `-- (*)
|  |  |                |        |-- Mmir
|  |  |                |        `-- Meur
|  |  |                `-- Hyamp
|  |  `------ (*)
|  |         |-- Pmin
|  |         `-- Pgan
|  `======= (*) [#1]
|          |-- Pmac
|          `-------------- (*)
|                         |-- Kbre
|                         `-- Ksim
`------ (*)
       |-- (*)
       |  |---- (*)
       |  |    |-- (*)
       |  |    |  |-- (*)
       |  |    |  |  |--- Bmus
       |  |    |  |  `-- (*)
       |  |    |  |     |-- (*)
       |  |    |  |     |  |-- Bbor
       |  |    |  |     |  `-- Bede
       |  |    |  |     `-- Bric
       |  |    |  `-- (*)
       |  |    |     |-- (*)
       |  |    |     |  |-- Bphy
       |  |    |     |  `--- Mnov
       |  |    |     `-- Erob
       |  |    `----- (*)
       |  |          |-- Bacu
       |  |          `-- Bbon
       |  `-------- Cmar
       `---- (*)
            |-- Bmys
            `-- (*)
               |-- Egla
               `-- Eaus

--- PARAMETERS ---
Kappa: 6.106580
Omega: 0.622252
Gamma (background):    0.201052
Gamma (foreground #1): 0.491854  (branches: 2)

End time: 2025-12-13 10:17:39
