
--- MODEL SUMMARY ---
Model used: 3
Sequence file: input/RHO_seq.dat
Tree file: input/RHO.fa.tree
Log likelihood: -3127.314752
np: 105
Start time: 2025-12-15 19:24:03

--- BASE FREQUENCIES ---
T: 0.238308  C: 0.313278  A: 0.210412  G: 0.238002

--- BRANCH LENGTHS ---
Branch  0: 0.144209  (parent node 52 -> leaf Hiamp)
Branch  1: 0.000100  (parent node 52 -> internal node 53)
Branch  2: 0.002931  (parent node 53 -> internal node 54)
Branch  3: 0.008343  (parent node 54 -> internal node 55)
Branch  4: 0.004447  (parent node 55 -> internal node 56)
Branch  5: 0.012632  (parent node 56 -> internal node 57)
Branch  6: 0.005857  (parent node 57 -> internal node 58)
Branch  7: 0.006515  (parent node 58 -> internal node 59)
Branch  8: 0.000100  (parent node 59 -> internal node 60)
Branch  9: 0.002855  (parent node 60 -> leaf Ppho)
Branch 10: 0.000100  (parent node 60 -> leaf Psin)
Branch 11: 0.002949  (parent node 59 -> leaf Nsun)
Branch 12: 0.022690  (parent node 58 -> internal node 61)
Branch 13: 0.002907  (parent node 61 -> leaf Dleu)
Branch 14: 0.000100  (parent node 61 -> leaf Mmon)
Branch 15: 0.015293  (parent node 57 -> internal node 62)
Branch 16: 0.000100  (parent node 62 -> internal node 63)
Branch 17: 0.000100  (parent node 63 -> internal node 64)
Branch 18: 0.000100  (parent node 64 -> internal node 65)
Branch 19: 0.000100  (parent node 65 -> internal node 66)
Branch 20: 0.000100  (parent node 66 -> internal node 67)
Branch 21: 0.000100  (parent node 67 -> internal node 68)
Branch 22: 0.005815  (parent node 68 -> leaf Ttru)
Branch 23: 0.000100  (parent node 68 -> internal node 69)
Branch 24: 0.000100  (parent node 69 -> internal node 70)
Branch 25: 0.000100  (parent node 70 -> internal node 71)
Branch 26: 0.000100  (parent node 71 -> leaf Ddel)
Branch 27: 0.002907  (parent node 71 -> leaf Tadu)
Branch 28: 0.000100  (parent node 70 -> internal node 72)
Branch 29: 0.002904  (parent node 72 -> leaf Scoe)
Branch 30: 0.005812  (parent node 72 -> leaf Scly)
Branch 31: 0.002907  (parent node 69 -> leaf Sfro)
Branch 32: 0.005814  (parent node 67 -> leaf Schi)
Branch 33: 0.011660  (parent node 66 -> leaf Satt)
Branch 34: 0.008726  (parent node 65 -> leaf Slon)
Branch 35: 0.000100  (parent node 64 -> internal node 73)
Branch 36: 0.000100  (parent node 73 -> internal node 74)
Branch 37: 0.000100  (parent node 74 -> internal node 75)
Branch 38: 0.005818  (parent node 75 -> leaf Pcra)
Branch 39: 0.000100  (parent node 75 -> internal node 76)
Branch 40: 0.000100  (parent node 76 -> leaf Gmel)
Branch 41: 0.000100  (parent node 76 -> leaf Pele)
Branch 42: 0.000100  (parent node 74 -> leaf Ggri)
Branch 43: 0.000100  (parent node 73 -> leaf Sbre)
Branch 44: 0.000100  (parent node 63 -> internal node 77)
Branch 45: 0.000100  (parent node 77 -> internal node 78)
Branch 46: 0.002904  (parent node 78 -> leaf Lalb)
Branch 47: 0.008740  (parent node 78 -> leaf Lacu)
Branch 48: 0.002905  (parent node 77 -> internal node 79)
Branch 49: 0.002911  (parent node 79 -> leaf Ccom)
Branch 50: 0.011683  (parent node 79 -> leaf Aobl)
Branch 51: 0.008745  (parent node 62 -> leaf Oorc)
Branch 52: 0.019815  (parent node 56 -> internal node 80)
Branch 53: 0.056769  (parent node 80 -> leaf Igeo)
Branch 54: 0.024038  (parent node 80 -> leaf Lvex)
Branch 55: 0.034959  (parent node 55 -> internal node 81)
Branch 56: 0.015369  (parent node 81 -> leaf Zcav)
Branch 57: 0.005843  (parent node 81 -> internal node 82)
Branch 58: 0.005016  (parent node 82 -> internal node 83)
Branch 59: 0.008694  (parent node 83 -> leaf Mbid)
Branch 60: 0.000100  (parent node 83 -> internal node 84)
Branch 61: 0.000100  (parent node 84 -> internal node 85)
Branch 62: 0.008695  (parent node 85 -> leaf Mden)
Branch 63: 0.002891  (parent node 85 -> leaf Mste)
Branch 64: 0.002891  (parent node 84 -> internal node 86)
Branch 65: 0.002891  (parent node 86 -> leaf Mmir)
Branch 66: 0.000100  (parent node 86 -> leaf Meur)
Branch 67: 0.003682  (parent node 82 -> leaf Hyamp)
Branch 68: 0.020715  (parent node 54 -> internal node 87)
Branch 69: 0.000100  (parent node 87 -> leaf Pmin)
Branch 70: 0.000100  (parent node 87 -> leaf Pgan)
Branch 71: 0.023793  (parent node 53 -> internal node 88)
Branch 72: 0.005605  (parent node 88 -> leaf Pmac)
Branch 73: 0.050655  (parent node 88 -> internal node 89)
Branch 74: 0.002904  (parent node 89 -> leaf Kbre)
Branch 75: 0.000100  (parent node 89 -> leaf Ksim)
Branch 76: 0.020174  (parent node 52 -> internal node 90)
Branch 77: 0.002929  (parent node 90 -> internal node 91)
Branch 78: 0.015310  (parent node 91 -> internal node 92)
Branch 79: 0.000100  (parent node 92 -> internal node 93)
Branch 80: 0.000100  (parent node 93 -> internal node 94)
Branch 81: 0.011583  (parent node 94 -> leaf Bmus)
Branch 82: 0.008685  (parent node 94 -> internal node 95)
Branch 83: 0.000100  (parent node 95 -> internal node 96)
Branch 84: 0.000100  (parent node 96 -> leaf Bbor)
Branch 85: 0.000100  (parent node 96 -> leaf Bede)
Branch 86: 0.000100  (parent node 95 -> leaf Bric)
Branch 87: 0.008688  (parent node 93 -> internal node 97)
Branch 88: 0.000100  (parent node 97 -> internal node 98)
Branch 89: 0.002891  (parent node 98 -> leaf Bphy)
Branch 90: 0.011593  (parent node 98 -> leaf Mnov)
Branch 91: 0.008694  (parent node 97 -> leaf Erob)
Branch 92: 0.017428  (parent node 92 -> internal node 99)
Branch 93: 0.000100  (parent node 99 -> leaf Bacu)
Branch 94: 0.005789  (parent node 99 -> leaf Bbon)
Branch 95: 0.028364  (parent node 91 -> leaf Cmar)
Branch 96: 0.015546  (parent node 90 -> internal node 100)
Branch 97: 0.008762  (parent node 100 -> leaf Bmys)
Branch 98: 0.002812  (parent node 100 -> internal node 101)
Branch 99: 0.000100  (parent node 101 -> leaf Egla)
Branch 100: 0.000100  (parent node 101 -> leaf Eaus)

--- TREE WITH ESTIMATED BRANCH LENGTHS (NEWICK) ---
(Hiamp:0.144209,((((((((Ppho:0.00285495,Psin:0.0001):0.0001,Nsun:0.00294922):0.0065149,(Dleu:0.00290738,Mmon:0.0001):0.0226897):0.00585711,(((((((Ttru:0.00581455,(((Ddel:0.0001,Tadu:0.00290723):0.0001,(Scoe:0.00290381,Scly:0.00581159):0.0001):0.0001,Sfro:0.00290734):0.0001):0.0001,Schi:0.00581377):0.0001,Satt:0.0116602):0.0001,Slon:0.00872589):0.0001,(((Pcra:0.00581778,(Gmel:0.0001,Pele:0.0001):0.0001):0.0001,Ggri:0.0001):0.0001,Sbre:0.0001):0.0001):0.0001,((Lalb:0.00290354,Lacu:0.00873999):0.0001,(Ccom:0.00291105,Aobl:0.0116829):0.00290509):0.0001):0.0001,Oorc:0.00874489):0.0152935):0.0126324,(Igeo:0.056769,Lvex:0.0240384):0.0198148):0.00444694,(Zcav:0.0153692,((Mbid:0.00869422,((Mden:0.00869466,Mste:0.00289055):0.0001,(Mmir:0.00289125,Meur:0.0001):0.00289134):0.0001):0.00501559,Hyamp:0.00368204):0.00584301):0.0349594):0.00834287,(Pmin:0.0001,Pgan:0.0001):0.020715):0.0029307,(Pmac:0.00560511,(Kbre:0.00290363,Ksim:0.0001):0.0506551):0.0237928):0.0001,(((((Bmus:0.011583,((Bbor:0.0001,Bede:0.0001):0.0001,Bric:0.0001):0.00868472):0.0001,((Bphy:0.0028905,Mnov:0.0115928):0.0001,Erob:0.00869441):0.00868833):0.0001,(Bacu:0.0001,Bbon:0.00578871):0.0174276):0.0153098,Cmar:0.0283643):0.00292865,(Bmys:0.00876179,(Egla:0.0001,Eaus:0.0001):0.00281232):0.0155462):0.0201739);

--- ASCII PHYLOGRAM (estimated branch lengths) ---

[DEBUG] ASCII phylogram ('-' = background, '=' = foreground)
(root)
|---------------------------------------- Hiamp
|-- (*)
|  |-- (*)
|  |  |-- (*)
|  |  |  |-- (*)
|  |  |  |  |---- (*)
|  |  |  |  |    |-- (*)
|  |  |  |  |    |  |-- (*)
|  |  |  |  |    |  |  |-- (*)
|  |  |  |  |    |  |  |  |-- Ppho
|  |  |  |  |    |  |  |  `-- Psin
|  |  |  |  |    |  |  `-- Nsun
|  |  |  |  |    |  `------ (*)
|  |  |  |  |    |         |-- Dleu
|  |  |  |  |    |         `-- Mmon
|  |  |  |  |    `---- (*)
|  |  |  |  |         |-- (*)
|  |  |  |  |         |  |-- (*)
|  |  |  |  |         |  |  |-- (*)
|  |  |  |  |         |  |  |  |-- (*)
|  |  |  |  |         |  |  |  |  |-- (*)
|  |  |  |  |         |  |  |  |  |  |-- (*)
|  |  |  |  |         |  |  |  |  |  |  |-- Ttru
|  |  |  |  |         |  |  |  |  |  |  `-- (*)
|  |  |  |  |         |  |  |  |  |  |     |-- (*)
|  |  |  |  |         |  |  |  |  |  |     |  |-- (*)
|  |  |  |  |         |  |  |  |  |  |     |  |  |-- Ddel
|  |  |  |  |         |  |  |  |  |  |     |  |  `-- Tadu
|  |  |  |  |         |  |  |  |  |  |     |  `-- (*)
|  |  |  |  |         |  |  |  |  |  |     |     |-- Scoe
|  |  |  |  |         |  |  |  |  |  |     |     `-- Scly
|  |  |  |  |         |  |  |  |  |  |     `-- Sfro
|  |  |  |  |         |  |  |  |  |  `-- Schi
|  |  |  |  |         |  |  |  |  `--- Satt
|  |  |  |  |         |  |  |  `-- Slon
|  |  |  |  |         |  |  `-- (*)
|  |  |  |  |         |  |     |-- (*)
|  |  |  |  |         |  |     |  |-- (*)
|  |  |  |  |         |  |     |  |  |-- Pcra
|  |  |  |  |         |  |     |  |  `-- (*)
|  |  |  |  |         |  |     |  |     |-- Gmel
|  |  |  |  |         |  |     |  |     `-- Pele
|  |  |  |  |         |  |     |  `-- Ggri
|  |  |  |  |         |  |     `-- Sbre
|  |  |  |  |         |  `-- (*)
|  |  |  |  |         |     |-- (*)
|  |  |  |  |         |     |  |-- Lalb
|  |  |  |  |         |     |  `-- Lacu
|  |  |  |  |         |     `-- (*)
|  |  |  |  |         |        |-- Ccom
|  |  |  |  |         |        `--- Aobl
|  |  |  |  |         `-- Oorc
|  |  |  |  `----- (*)
|  |  |  |        |---------------- Igeo
|  |  |  |        `------- Lvex
|  |  |  `========== (*) [#1]
|  |  |             |---- Zcav
|  |  |             `-- (*)
|  |  |                |-- (*)
|  |  |                |  |-- Mbid
|  |  |                |  `-- (*)
|  |  |                |     |-- (*)
|  |  |                |     |  |-- Mden
|  |  |                |     |  `-- Mste
|  |  |                |     `-- (*)
|  |  |                |        |-- Mmir
|  |  |                |        `-- Meur
|  |  |                `-- Hyamp
|  |  `------ (*)
|  |         |-- Pmin
|  |         `-- Pgan
|  `======= (*) [#1]
|          |-- Pmac
|          `-------------- (*)
|                         |-- Kbre
|                         `-- Ksim
`------ (*)
       |-- (*)
       |  |---- (*)
       |  |    |-- (*)
       |  |    |  |-- (*)
       |  |    |  |  |--- Bmus
       |  |    |  |  `-- (*)
       |  |    |  |     |-- (*)
       |  |    |  |     |  |-- Bbor
       |  |    |  |     |  `-- Bede
       |  |    |  |     `-- Bric
       |  |    |  `-- (*)
       |  |    |     |-- (*)
       |  |    |     |  |-- Bphy
       |  |    |     |  `--- Mnov
       |  |    |     `-- Erob
       |  |    `----- (*)
       |  |          |-- Bacu
       |  |          `-- Bbon
       |  `-------- Cmar
       `---- (*)
            |-- Bmys
            `-- (*)
               |-- Egla
               `-- Eaus

--- PARAMETERS ---
Kappa: 5.806154
Omega: 0.375669
Gamma (background):    0.384708
Gamma (foreground #1): 1.176696  (branches: 2)

End time: 2025-12-15 23:38:53
