
--- MODEL SUMMARY ---
Model used: 2
Sequence file: input/RHO_seq.dat
Tree file: input/RHO.fa.tree
Log likelihood: -3136.889197
np: 106
Start time: 2025-12-16 04:16:30

--- BASE FREQUENCIES ---
T: 0.243557  C: 0.306949  A: 0.213856  G: 0.235638

--- BRANCH LENGTHS ---
Branch  0: 0.147917  (parent node 52 -> leaf Hiamp)
Branch  1: 0.000100  (parent node 52 -> internal node 53)
Branch  2: 0.000100  (parent node 53 -> internal node 54)
Branch  3: 0.009428  (parent node 54 -> internal node 55)
Branch  4: 0.004480  (parent node 55 -> internal node 56)
Branch  5: 0.013107  (parent node 56 -> internal node 57)
Branch  6: 0.005972  (parent node 57 -> internal node 58)
Branch  7: 0.006616  (parent node 58 -> internal node 59)
Branch  8: 0.000100  (parent node 59 -> internal node 60)
Branch  9: 0.002909  (parent node 60 -> leaf Ppho)
Branch 10: 0.000100  (parent node 60 -> leaf Psin)
Branch 11: 0.003002  (parent node 59 -> leaf Nsun)
Branch 12: 0.023122  (parent node 58 -> internal node 61)
Branch 13: 0.002962  (parent node 61 -> leaf Dleu)
Branch 14: 0.000100  (parent node 61 -> leaf Mmon)
Branch 15: 0.015574  (parent node 57 -> internal node 62)
Branch 16: 0.000100  (parent node 62 -> internal node 63)
Branch 17: 0.000100  (parent node 63 -> internal node 64)
Branch 18: 0.000100  (parent node 64 -> internal node 65)
Branch 19: 0.000100  (parent node 65 -> internal node 66)
Branch 20: 0.000100  (parent node 66 -> internal node 67)
Branch 21: 0.000100  (parent node 67 -> internal node 68)
Branch 22: 0.005926  (parent node 68 -> leaf Ttru)
Branch 23: 0.000100  (parent node 68 -> internal node 69)
Branch 24: 0.000100  (parent node 69 -> internal node 70)
Branch 25: 0.000100  (parent node 70 -> internal node 71)
Branch 26: 0.000100  (parent node 71 -> leaf Ddel)
Branch 27: 0.002963  (parent node 71 -> leaf Tadu)
Branch 28: 0.000100  (parent node 70 -> internal node 72)
Branch 29: 0.002960  (parent node 72 -> leaf Scoe)
Branch 30: 0.005924  (parent node 72 -> leaf Scly)
Branch 31: 0.002963  (parent node 69 -> leaf Sfro)
Branch 32: 0.005925  (parent node 67 -> leaf Schi)
Branch 33: 0.011883  (parent node 66 -> leaf Satt)
Branch 34: 0.008894  (parent node 65 -> leaf Slon)
Branch 35: 0.000100  (parent node 64 -> internal node 73)
Branch 36: 0.000100  (parent node 73 -> internal node 74)
Branch 37: 0.000100  (parent node 74 -> internal node 75)
Branch 38: 0.005929  (parent node 75 -> leaf Pcra)
Branch 39: 0.000100  (parent node 75 -> internal node 76)
Branch 40: 0.000100  (parent node 76 -> leaf Gmel)
Branch 41: 0.000100  (parent node 76 -> leaf Pele)
Branch 42: 0.000100  (parent node 74 -> leaf Ggri)
Branch 43: 0.000100  (parent node 73 -> leaf Sbre)
Branch 44: 0.000100  (parent node 63 -> internal node 77)
Branch 45: 0.000100  (parent node 77 -> internal node 78)
Branch 46: 0.002959  (parent node 78 -> leaf Lalb)
Branch 47: 0.008907  (parent node 78 -> leaf Lacu)
Branch 48: 0.002960  (parent node 77 -> internal node 79)
Branch 49: 0.002967  (parent node 79 -> leaf Ccom)
Branch 50: 0.011908  (parent node 79 -> leaf Aobl)
Branch 51: 0.008913  (parent node 62 -> leaf Oorc)
Branch 52: 0.020194  (parent node 56 -> internal node 80)
Branch 53: 0.058378  (parent node 80 -> leaf Igeo)
Branch 54: 0.023697  (parent node 80 -> leaf Lvex)
Branch 55: 0.034868  (parent node 55 -> internal node 81)
Branch 56: 0.015556  (parent node 81 -> leaf Zcav)
Branch 57: 0.005962  (parent node 81 -> internal node 82)
Branch 58: 0.005234  (parent node 82 -> internal node 83)
Branch 59: 0.008871  (parent node 83 -> leaf Mbid)
Branch 60: 0.000100  (parent node 83 -> internal node 84)
Branch 61: 0.000100  (parent node 84 -> internal node 85)
Branch 62: 0.008874  (parent node 85 -> leaf Mden)
Branch 63: 0.002950  (parent node 85 -> leaf Mste)
Branch 64: 0.002952  (parent node 84 -> internal node 86)
Branch 65: 0.002952  (parent node 86 -> leaf Mmir)
Branch 66: 0.000100  (parent node 86 -> leaf Meur)
Branch 67: 0.003644  (parent node 82 -> leaf Hyamp)
Branch 68: 0.021700  (parent node 54 -> internal node 87)
Branch 69: 0.000100  (parent node 87 -> leaf Pmin)
Branch 70: 0.000100  (parent node 87 -> leaf Pgan)
Branch 71: 0.023960  (parent node 53 -> internal node 88)
Branch 72: 0.006969  (parent node 88 -> leaf Pmac)
Branch 73: 0.050348  (parent node 88 -> internal node 89)
Branch 74: 0.002962  (parent node 89 -> leaf Kbre)
Branch 75: 0.000100  (parent node 89 -> leaf Ksim)
Branch 76: 0.021580  (parent node 52 -> internal node 90)
Branch 77: 0.002970  (parent node 90 -> internal node 91)
Branch 78: 0.015611  (parent node 91 -> internal node 92)
Branch 79: 0.000100  (parent node 92 -> internal node 93)
Branch 80: 0.000100  (parent node 93 -> internal node 94)
Branch 81: 0.011817  (parent node 94 -> leaf Bmus)
Branch 82: 0.008866  (parent node 94 -> internal node 95)
Branch 83: 0.000100  (parent node 95 -> internal node 96)
Branch 84: 0.000100  (parent node 96 -> leaf Bbor)
Branch 85: 0.000100  (parent node 96 -> leaf Bede)
Branch 86: 0.000100  (parent node 95 -> leaf Bric)
Branch 87: 0.008862  (parent node 93 -> internal node 97)
Branch 88: 0.000100  (parent node 97 -> internal node 98)
Branch 89: 0.002949  (parent node 98 -> leaf Bphy)
Branch 90: 0.011825  (parent node 98 -> leaf Mnov)
Branch 91: 0.008869  (parent node 97 -> leaf Erob)
Branch 92: 0.017771  (parent node 92 -> internal node 99)
Branch 93: 0.000100  (parent node 99 -> leaf Bacu)
Branch 94: 0.005908  (parent node 99 -> leaf Bbon)
Branch 95: 0.028923  (parent node 91 -> leaf Cmar)
Branch 96: 0.015831  (parent node 90 -> internal node 100)
Branch 97: 0.008916  (parent node 100 -> leaf Bmys)
Branch 98: 0.002889  (parent node 100 -> internal node 101)
Branch 99: 0.000100  (parent node 101 -> leaf Egla)
Branch 100: 0.000100  (parent node 101 -> leaf Eaus)

--- TREE WITH ESTIMATED BRANCH LENGTHS (NEWICK) ---
(Hiamp:0.147917,((((((((Ppho:0.00290924,Psin:0.0001):0.0001,Nsun:0.00300218):0.00661586,(Dleu:0.00296175,Mmon:0.0001):0.023122):0.00597184,(((((((Ttru:0.00592608,(((Ddel:0.0001,Tadu:0.0029633):0.0001,(Scoe:0.00295992,Scly:0.00592359):0.0001):0.0001,Sfro:0.00296344):0.0001):0.0001,Schi:0.00592516):0.0001,Satt:0.0118834):0.0001,Slon:0.00889432):0.0001,(((Pcra:0.00592902,(Gmel:0.0001,Pele:0.0001):0.0001):0.0001,Ggri:0.0001):0.0001,Sbre:0.0001):0.0001):0.0001,((Lalb:0.0029593,Lacu:0.00890742):0.0001,(Ccom:0.00296712,Aobl:0.0119077):0.0029602):0.0001):0.0001,Oorc:0.00891312):0.0155736):0.0131068,(Igeo:0.058378,Lvex:0.0236969):0.0201937):0.00447979,(Zcav:0.0155563,((Mbid:0.00887149,((Mden:0.00887355,Mste:0.00295005):0.0001,(Mmir:0.00295244,Meur:0.0001):0.00295222):0.0001):0.00523372,Hyamp:0.00364355):0.00596246):0.034868):0.00942829,(Pmin:0.0001,Pgan:0.0001):0.0216997):0.0001,(Pmac:0.0069688,(Kbre:0.00296159,Ksim:0.0001):0.0503475):0.0239596):0.0001,(((((Bmus:0.0118168,((Bbor:0.0001,Bede:0.0001):0.0001,Bric:0.0001):0.00886572):0.0001,((Bphy:0.00294863,Mnov:0.0118248):0.0001,Erob:0.008869):0.00886164):0.0001,(Bacu:0.0001,Bbon:0.00590784):0.0177711):0.0156111,Cmar:0.0289232):0.00297034,(Bmys:0.00891625,(Egla:0.0001,Eaus:0.0001):0.00288943):0.0158308):0.0215798);

--- ASCII PHYLOGRAM (estimated branch lengths) ---

[DEBUG] ASCII phylogram ('-' = background, '=' = foreground)
(root)
|---------------------------------------- Hiamp
|-- (*)
|  |-- (*)
|  |  |--- (*)
|  |  |   |-- (*)
|  |  |   |  |---- (*)
|  |  |   |  |    |-- (*)
|  |  |   |  |    |  |-- (*)
|  |  |   |  |    |  |  |-- (*)
|  |  |   |  |    |  |  |  |-- Ppho
|  |  |   |  |    |  |  |  `-- Psin
|  |  |   |  |    |  |  `-- Nsun
|  |  |   |  |    |  `------ (*)
|  |  |   |  |    |         |-- Dleu
|  |  |   |  |    |         `-- Mmon
|  |  |   |  |    `---- (*)
|  |  |   |  |         |-- (*)
|  |  |   |  |         |  |-- (*)
|  |  |   |  |         |  |  |-- (*)
|  |  |   |  |         |  |  |  |-- (*)
|  |  |   |  |         |  |  |  |  |-- (*)
|  |  |   |  |         |  |  |  |  |  |-- (*)
|  |  |   |  |         |  |  |  |  |  |  |-- Ttru
|  |  |   |  |         |  |  |  |  |  |  `-- (*)
|  |  |   |  |         |  |  |  |  |  |     |-- (*)
|  |  |   |  |         |  |  |  |  |  |     |  |-- (*)
|  |  |   |  |         |  |  |  |  |  |     |  |  |-- Ddel
|  |  |   |  |         |  |  |  |  |  |     |  |  `-- Tadu
|  |  |   |  |         |  |  |  |  |  |     |  `-- (*)
|  |  |   |  |         |  |  |  |  |  |     |     |-- Scoe
|  |  |   |  |         |  |  |  |  |  |     |     `-- Scly
|  |  |   |  |         |  |  |  |  |  |     `-- Sfro
|  |  |   |  |         |  |  |  |  |  `-- Schi
|  |  |   |  |         |  |  |  |  `--- Satt
|  |  |   |  |         |  |  |  `-- Slon
|  |  |   |  |         |  |  `-- (*)
|  |  |   |  |         |  |     |-- (*)
|  |  |   |  |         |  |     |  |-- (*)
|  |  |   |  |         |  |     |  |  |-- Pcra
|  |  |   |  |         |  |     |  |  `-- (*)
|  |  |   |  |         |  |     |  |     |-- Gmel
|  |  |   |  |         |  |     |  |     `-- Pele
|  |  |   |  |         |  |     |  `-- Ggri
|  |  |   |  |         |  |     `-- Sbre
|  |  |   |  |         |  `-- (*)
|  |  |   |  |         |     |-- (*)
|  |  |   |  |         |     |  |-- Lalb
|  |  |   |  |         |     |  `-- Lacu
|  |  |   |  |         |     `-- (*)
|  |  |   |  |         |        |-- Ccom
|  |  |   |  |         |        `--- Aobl
|  |  |   |  |         `-- Oorc
|  |  |   |  `----- (*)
|  |  |   |        |---------------- Igeo
|  |  |   |        `------ Lvex
|  |  |   `========= (*) [#1]
|  |  |             |---- Zcav
|  |  |             `-- (*)
|  |  |                |-- (*)
|  |  |                |  |-- Mbid
|  |  |                |  `-- (*)
|  |  |                |     |-- (*)
|  |  |                |     |  |-- Mden
|  |  |                |     |  `-- Mste
|  |  |                |     `-- (*)
|  |  |                |        |-- Mmir
|  |  |                |        `-- Meur
|  |  |                `-- Hyamp
|  |  `------ (*)
|  |         |-- Pmin
|  |         `-- Pgan
|  `====== (*) [#1]
|         |-- Pmac
|         `-------------- (*)
|                        |-- Kbre
|                        `-- Ksim
`------ (*)
       |-- (*)
       |  |---- (*)
       |  |    |-- (*)
       |  |    |  |-- (*)
       |  |    |  |  |--- Bmus
       |  |    |  |  `-- (*)
       |  |    |  |     |-- (*)
       |  |    |  |     |  |-- Bbor
       |  |    |  |     |  `-- Bede
       |  |    |  |     `-- Bric
       |  |    |  `-- (*)
       |  |    |     |-- (*)
       |  |    |     |  |-- Bphy
       |  |    |     |  `--- Mnov
       |  |    |     `-- Erob
       |  |    `----- (*)
       |  |          |-- Bacu
       |  |          `-- Bbon
       |  `-------- Cmar
       `---- (*)
            |-- Bmys
            `-- (*)
               |-- Egla
               `-- Eaus

--- PARAMETERS ---
Kappa: 5.355995
Omega[0]: 0.289546
Omega[1]: 1.145176
Gamma[0][0]: 0.297629

--- CATEGORY PROBABILITIES ---
P(Omega 0, Gamma 0): 0.999900
P(Omega 1, Gamma 0): 0.000100

--- POSTERIOR PROBABILITIES PER SITE ---
Site    1: C1: 1.000  C2: 0.000  
Site    2: C1: 1.000  C2: 0.000  
Site    3: C1: 1.000  C2: 0.000  
Site    4: C1: 1.000  C2: 0.000  
Site    5: C1: 1.000  C2: 0.000  
Site    6: C1: 1.000  C2: 0.000  
Site    7: C1: 1.000  C2: 0.000  
Site    8: C1: 1.000  C2: 0.000  
Site    9: C1: 1.000  C2: 0.000  
Site   10: C1: 1.000  C2: 0.000  
Site   11: C1: 1.000  C2: 0.000  
Site   12: C1: 1.000  C2: 0.000  
Site   13: C1: 1.000  C2: 0.000  
Site   14: C1: 1.000  C2: 0.000  
Site   15: C1: 1.000  C2: 0.000  
Site   16: C1: 1.000  C2: 0.000  
Site   17: C1: 1.000  C2: 0.000  
Site   18: C1: 1.000  C2: 0.000  
Site   19: C1: 1.000  C2: 0.000  
Site   20: C1: 1.000  C2: 0.000  
Site   21: C1: 1.000  C2: 0.000  
Site   22: C1: 1.000  C2: 0.000  
Site   23: C1: 1.000  C2: 0.000  
Site   24: C1: 1.000  C2: 0.000  
Site   25: C1: 1.000  C2: 0.000  
Site   26: C1: 1.000  C2: 0.000  
Site   27: C1: 1.000  C2: 0.000  
Site   28: C1: 1.000  C2: 0.000  
Site   29: C1: 1.000  C2: 0.000  
Site   30: C1: 1.000  C2: 0.000  
Site   31: C1: 1.000  C2: 0.000  
Site   32: C1: 1.000  C2: 0.000  
Site   33: C1: 1.000  C2: 0.000  
Site   34: C1: 1.000  C2: 0.000  
Site   35: C1: 1.000  C2: 0.000  
Site   36: C1: 1.000  C2: 0.000  
Site   37: C1: 1.000  C2: 0.000  
Site   38: C1: 1.000  C2: 0.000  
Site   39: C1: 1.000  C2: 0.000  
Site   40: C1: 1.000  C2: 0.000  
Site   41: C1: 1.000  C2: 0.000  
Site   42: C1: 1.000  C2: 0.000  
Site   43: C1: 1.000  C2: 0.000  
Site   44: C1: 1.000  C2: 0.000  
Site   45: C1: 1.000  C2: 0.000  
Site   46: C1: 1.000  C2: 0.000  
Site   47: C1: 1.000  C2: 0.000  
Site   48: C1: 1.000  C2: 0.000  
Site   49: C1: 1.000  C2: 0.000  
Site   50: C1: 1.000  C2: 0.000  
Site   51: C1: 1.000  C2: 0.000  
Site   52: C1: 1.000  C2: 0.000  
Site   53: C1: 1.000  C2: 0.000  
Site   54: C1: 1.000  C2: 0.000  
Site   55: C1: 1.000  C2: 0.000  
Site   56: C1: 1.000  C2: 0.000  
Site   57: C1: 1.000  C2: 0.000  
Site   58: C1: 1.000  C2: 0.000  
Site   59: C1: 1.000  C2: 0.000  
Site   60: C1: 1.000  C2: 0.000  
Site   61: C1: 1.000  C2: 0.000  
Site   62: C1: 1.000  C2: 0.000  
Site   63: C1: 1.000  C2: 0.000  
Site   64: C1: 1.000  C2: 0.000  
Site   65: C1: 1.000  C2: 0.000  
Site   66: C1: 1.000  C2: 0.000  
Site   67: C1: 1.000  C2: 0.000  
Site   68: C1: 1.000  C2: 0.000  
Site   69: C1: 1.000  C2: 0.000  
Site   70: C1: 1.000  C2: 0.000  
Site   71: C1: 1.000  C2: 0.000  
Site   72: C1: 1.000  C2: 0.000  
Site   73: C1: 1.000  C2: 0.000  
Site   74: C1: 1.000  C2: 0.000  
Site   75: C1: 1.000  C2: 0.000  
Site   76: C1: 1.000  C2: 0.000  
Site   77: C1: 1.000  C2: 0.000  
Site   78: C1: 1.000  C2: 0.000  
Site   79: C1: 1.000  C2: 0.000  
Site   80: C1: 1.000  C2: 0.000  
Site   81: C1: 1.000  C2: 0.000  
Site   82: C1: 1.000  C2: 0.000  
Site   83: C1: 1.000  C2: 0.000  
Site   84: C1: 1.000  C2: 0.000  
Site   85: C1: 1.000  C2: 0.000  
Site   86: C1: 1.000  C2: 0.000  
Site   87: C1: 1.000  C2: 0.000  
Site   88: C1: 1.000  C2: 0.000  
Site   89: C1: 1.000  C2: 0.000  
Site   90: C1: 1.000  C2: 0.000  
Site   91: C1: 1.000  C2: 0.000  
Site   92: C1: 1.000  C2: 0.000  
Site   93: C1: 1.000  C2: 0.000  
Site   94: C1: 1.000  C2: 0.000  
Site   95: C1: 1.000  C2: 0.000  
Site   96: C1: 1.000  C2: 0.000  
Site   97: C1: 1.000  C2: 0.000  
Site   98: C1: 1.000  C2: 0.000  
Site   99: C1: 1.000  C2: 0.000  
Site  100: C1: 1.000  C2: 0.000  
Site  101: C1: 1.000  C2: 0.000  
Site  102: C1: 1.000  C2: 0.000  
Site  103: C1: 1.000  C2: 0.000  
Site  104: C1: 1.000  C2: 0.000  
Site  105: C1: 1.000  C2: 0.000  
Site  106: C1: 1.000  C2: 0.000  
Site  107: C1: 1.000  C2: 0.000  
Site  108: C1: 1.000  C2: 0.000  
Site  109: C1: 1.000  C2: 0.000  
Site  110: C1: 1.000  C2: 0.000  
Site  111: C1: 1.000  C2: 0.000  
Site  112: C1: 1.000  C2: 0.000  
Site  113: C1: 1.000  C2: 0.000  
Site  114: C1: 1.000  C2: 0.000  
Site  115: C1: 1.000  C2: 0.000  
Site  116: C1: 1.000  C2: 0.000  
Site  117: C1: 1.000  C2: 0.000  
Site  118: C1: 1.000  C2: 0.000  
Site  119: C1: 1.000  C2: 0.000  
Site  120: C1: 1.000  C2: 0.000  
Site  121: C1: 1.000  C2: 0.000  
Site  122: C1: 1.000  C2: 0.000  
Site  123: C1: 1.000  C2: 0.000  
Site  124: C1: 1.000  C2: 0.000  
Site  125: C1: 1.000  C2: 0.000  
Site  126: C1: 1.000  C2: 0.000  
Site  127: C1: 1.000  C2: 0.000  
Site  128: C1: 1.000  C2: 0.000  
Site  129: C1: 1.000  C2: 0.000  
Site  130: C1: 1.000  C2: 0.000  
Site  131: C1: 1.000  C2: 0.000  
Site  132: C1: 1.000  C2: 0.000  
Site  133: C1: 1.000  C2: 0.000  
Site  134: C1: 1.000  C2: 0.000  
Site  135: C1: 1.000  C2: 0.000  
Site  136: C1: 1.000  C2: 0.000  
Site  137: C1: 1.000  C2: 0.000  
Site  138: C1: 1.000  C2: 0.000  
Site  139: C1: 1.000  C2: 0.000  
Site  140: C1: 1.000  C2: 0.000  
Site  141: C1: 1.000  C2: 0.000  
Site  142: C1: 1.000  C2: 0.000  
Site  143: C1: 1.000  C2: 0.000  
Site  144: C1: 1.000  C2: 0.000  
Site  145: C1: 1.000  C2: 0.000  
Site  146: C1: 1.000  C2: 0.000  
Site  147: C1: 1.000  C2: 0.000  
Site  148: C1: 1.000  C2: 0.000  
Site  149: C1: 1.000  C2: 0.000  
Site  150: C1: 1.000  C2: 0.000  
Site  151: C1: 1.000  C2: 0.000  
Site  152: C1: 1.000  C2: 0.000  
Site  153: C1: 1.000  C2: 0.000  
Site  154: C1: 1.000  C2: 0.000  
Site  155: C1: 1.000  C2: 0.000  
Site  156: C1: 1.000  C2: 0.000  
Site  157: C1: 1.000  C2: 0.000  
Site  158: C1: 1.000  C2: 0.000  
Site  159: C1: 1.000  C2: 0.000  
Site  160: C1: 1.000  C2: 0.000  
Site  161: C1: 1.000  C2: 0.000  
Site  162: C1: 1.000  C2: 0.000  
Site  163: C1: 1.000  C2: 0.000  
Site  164: C1: 1.000  C2: 0.000  
Site  165: C1: 1.000  C2: 0.000  
Site  166: C1: 1.000  C2: 0.000  
Site  167: C1: 1.000  C2: 0.000  
Site  168: C1: 1.000  C2: 0.000  
Site  169: C1: 1.000  C2: 0.000  
Site  170: C1: 1.000  C2: 0.000  
Site  171: C1: 1.000  C2: 0.000  
Site  172: C1: 1.000  C2: 0.000  
Site  173: C1: 1.000  C2: 0.000  
Site  174: C1: 1.000  C2: 0.000  
Site  175: C1: 1.000  C2: 0.000  
Site  176: C1: 1.000  C2: 0.000  
Site  177: C1: 1.000  C2: 0.000  
Site  178: C1: 1.000  C2: 0.000  
Site  179: C1: 1.000  C2: 0.000  
Site  180: C1: 1.000  C2: 0.000  
Site  181: C1: 1.000  C2: 0.000  
Site  182: C1: 1.000  C2: 0.000  
Site  183: C1: 1.000  C2: 0.000  
Site  184: C1: 1.000  C2: 0.000  
Site  185: C1: 1.000  C2: 0.000  
Site  186: C1: 1.000  C2: 0.000  
Site  187: C1: 1.000  C2: 0.000  
Site  188: C1: 1.000  C2: 0.000  
Site  189: C1: 1.000  C2: 0.000  
Site  190: C1: 1.000  C2: 0.000  
Site  191: C1: 1.000  C2: 0.000  
Site  192: C1: 1.000  C2: 0.000  
Site  193: C1: 1.000  C2: 0.000  
Site  194: C1: 1.000  C2: 0.000  
Site  195: C1: 1.000  C2: 0.000  
Site  196: C1: 1.000  C2: 0.000  
Site  197: C1: 1.000  C2: 0.000  
Site  198: C1: 1.000  C2: 0.000  
Site  199: C1: 1.000  C2: 0.000  
Site  200: C1: 1.000  C2: 0.000  
Site  201: C1: 1.000  C2: 0.000  
Site  202: C1: 1.000  C2: 0.000  
Site  203: C1: 1.000  C2: 0.000  
Site  204: C1: 1.000  C2: 0.000  
Site  205: C1: 1.000  C2: 0.000  
Site  206: C1: 1.000  C2: 0.000  
Site  207: C1: 1.000  C2: 0.000  
Site  208: C1: 1.000  C2: 0.000  
Site  209: C1: 1.000  C2: 0.000  
Site  210: C1: 1.000  C2: 0.000  
Site  211: C1: 1.000  C2: 0.000  
Site  212: C1: 1.000  C2: 0.000  
Site  213: C1: 1.000  C2: 0.000  
Site  214: C1: 1.000  C2: 0.000  
Site  215: C1: 1.000  C2: 0.000  
Site  216: C1: 1.000  C2: 0.000  
Site  217: C1: 1.000  C2: 0.000  
Site  218: C1: 1.000  C2: 0.000  
Site  219: C1: 1.000  C2: 0.000  
Site  220: C1: 1.000  C2: 0.000  
Site  221: C1: 1.000  C2: 0.000  
Site  222: C1: 1.000  C2: 0.000  
Site  223: C1: 1.000  C2: 0.000  
Site  224: C1: 1.000  C2: 0.000  
Site  225: C1: 1.000  C2: 0.000  
Site  226: C1: 1.000  C2: 0.000  
Site  227: C1: 1.000  C2: 0.000  
Site  228: C1: 1.000  C2: 0.000  
Site  229: C1: 1.000  C2: 0.000  
Site  230: C1: 1.000  C2: 0.000  
Site  231: C1: 1.000  C2: 0.000  
Site  232: C1: 1.000  C2: 0.000  
Site  233: C1: 1.000  C2: 0.000  
Site  234: C1: 1.000  C2: 0.000  
Site  235: C1: 1.000  C2: 0.000  
Site  236: C1: 1.000  C2: 0.000  
Site  237: C1: 1.000  C2: 0.000  
Site  238: C1: 1.000  C2: 0.000  
Site  239: C1: 1.000  C2: 0.000  
Site  240: C1: 1.000  C2: 0.000  
Site  241: C1: 1.000  C2: 0.000  
Site  242: C1: 1.000  C2: 0.000  
Site  243: C1: 1.000  C2: 0.000  
Site  244: C1: 1.000  C2: 0.000  
Site  245: C1: 1.000  C2: 0.000  
Site  246: C1: 1.000  C2: 0.000  
Site  247: C1: 1.000  C2: 0.000  
Site  248: C1: 1.000  C2: 0.000  
Site  249: C1: 1.000  C2: 0.000  
Site  250: C1: 1.000  C2: 0.000  
Site  251: C1: 1.000  C2: 0.000  
Site  252: C1: 1.000  C2: 0.000  
Site  253: C1: 1.000  C2: 0.000  
Site  254: C1: 1.000  C2: 0.000  
Site  255: C1: 1.000  C2: 0.000  
Site  256: C1: 1.000  C2: 0.000  
Site  257: C1: 1.000  C2: 0.000  
Site  258: C1: 1.000  C2: 0.000  
Site  259: C1: 1.000  C2: 0.000  
Site  260: C1: 1.000  C2: 0.000  
Site  261: C1: 1.000  C2: 0.000  
Site  262: C1: 1.000  C2: 0.000  
Site  263: C1: 1.000  C2: 0.000  
Site  264: C1: 1.000  C2: 0.000  
Site  265: C1: 1.000  C2: 0.000  
Site  266: C1: 1.000  C2: 0.000  
Site  267: C1: 1.000  C2: 0.000  
Site  268: C1: 1.000  C2: 0.000  
Site  269: C1: 1.000  C2: 0.000  
Site  270: C1: 1.000  C2: 0.000  
Site  271: C1: 1.000  C2: 0.000  
Site  272: C1: 1.000  C2: 0.000  
Site  273: C1: 1.000  C2: 0.000  
Site  274: C1: 1.000  C2: 0.000  
Site  275: C1: 1.000  C2: 0.000  
Site  276: C1: 1.000  C2: 0.000  
Site  277: C1: 1.000  C2: 0.000  
Site  278: C1: 1.000  C2: 0.000  
Site  279: C1: 1.000  C2: 0.000  
Site  280: C1: 1.000  C2: 0.000  
Site  281: C1: 1.000  C2: 0.000  
Site  282: C1: 1.000  C2: 0.000  
Site  283: C1: 1.000  C2: 0.000  
Site  284: C1: 1.000  C2: 0.000  
Site  285: C1: 1.000  C2: 0.000  
Site  286: C1: 1.000  C2: 0.000  
Site  287: C1: 1.000  C2: 0.000  
Site  288: C1: 1.000  C2: 0.000  
Site  289: C1: 1.000  C2: 0.000  
Site  290: C1: 1.000  C2: 0.000  
Site  291: C1: 1.000  C2: 0.000  
Site  292: C1: 1.000  C2: 0.000  
Site  293: C1: 1.000  C2: 0.000  
Site  294: C1: 1.000  C2: 0.000  
Site  295: C1: 1.000  C2: 0.000  
Site  296: C1: 1.000  C2: 0.000  
Site  297: C1: 1.000  C2: 0.000  
Site  298: C1: 1.000  C2: 0.000  
Site  299: C1: 1.000  C2: 0.000  
Site  300: C1: 1.000  C2: 0.000  
Site  301: C1: 1.000  C2: 0.000  
Site  302: C1: 1.000  C2: 0.000  
Site  303: C1: 1.000  C2: 0.000  
Site  304: C1: 1.000  C2: 0.000  
Site  305: C1: 1.000  C2: 0.000  
Site  306: C1: 1.000  C2: 0.000  
Site  307: C1: 1.000  C2: 0.000  
Site  308: C1: 1.000  C2: 0.000  
Site  309: C1: 1.000  C2: 0.000  
Site  310: C1: 1.000  C2: 0.000  
Site  311: C1: 1.000  C2: 0.000  
Site  312: C1: 1.000  C2: 0.000  
Site  313: C1: 1.000  C2: 0.000  
Site  314: C1: 1.000  C2: 0.000  
Site  315: C1: 1.000  C2: 0.000  
Site  316: C1: 1.000  C2: 0.000  
Site  317: C1: 1.000  C2: 0.000  
Site  318: C1: 1.000  C2: 0.000  
Site  319: C1: 1.000  C2: 0.000  
Site  320: C1: 1.000  C2: 0.000  
Site  321: C1: 1.000  C2: 0.000  
Site  322: C1: 1.000  C2: 0.000  
Site  323: C1: 1.000  C2: 0.000  
Site  324: C1: 1.000  C2: 0.000  
Site  325: C1: 1.000  C2: 0.000  
Site  326: C1: 1.000  C2: 0.000  
Site  327: C1: 1.000  C2: 0.000  
Site  328: C1: 1.000  C2: 0.000  
Site  329: C1: 1.000  C2: 0.000  
Site  330: C1: 1.000  C2: 0.000  
Site  331: C1: 1.000  C2: 0.000  
Site  332: C1: 1.000  C2: 0.000  
Site  333: C1: 1.000  C2: 0.000  
Site  334: C1: 1.000  C2: 0.000  
Site  335: C1: 1.000  C2: 0.000  
Site  336: C1: 1.000  C2: 0.000  
Site  337: C1: 1.000  C2: 0.000  
Site  338: C1: 1.000  C2: 0.000  
Site  339: C1: 1.000  C2: 0.000  
Site  340: C1: 1.000  C2: 0.000  
Site  341: C1: 1.000  C2: 0.000  
Site  342: C1: 1.000  C2: 0.000  
Site  343: C1: 1.000  C2: 0.000  
Site  344: C1: 1.000  C2: 0.000  
Site  345: C1: 1.000  C2: 0.000  
Site  346: C1: 1.000  C2: 0.000  
Site  347: C1: 1.000  C2: 0.000  
Site  348: C1: 1.000  C2: 0.000  

End time: 2025-12-16 04:45:38
