
--- MODEL SUMMARY ---
Model used: 2
Sequence file: input/RHO_seq.dat
Tree file: input/RHO.fa.tree
Log likelihood: -3061.180915
np: 106
Start time: 2025-12-16 00:47:48

--- BASE FREQUENCIES ---
T: 0.232172  C: 0.319648  A: 0.200704  G: 0.247476

--- BRANCH LENGTHS ---
Branch  0: 0.152745  (parent node 52 -> leaf Hiamp)
Branch  1: 0.002343  (parent node 52 -> internal node 53)
Branch  2: 0.000100  (parent node 53 -> internal node 54)
Branch  3: 0.008553  (parent node 54 -> internal node 55)
Branch  4: 0.004403  (parent node 55 -> internal node 56)
Branch  5: 0.013315  (parent node 56 -> internal node 57)
Branch  6: 0.005692  (parent node 57 -> internal node 58)
Branch  7: 0.006711  (parent node 58 -> internal node 59)
Branch  8: 0.000100  (parent node 59 -> internal node 60)
Branch  9: 0.002914  (parent node 60 -> leaf Ppho)
Branch 10: 0.000100  (parent node 60 -> leaf Psin)
Branch 11: 0.003005  (parent node 59 -> leaf Nsun)
Branch 12: 0.023392  (parent node 58 -> internal node 61)
Branch 13: 0.002956  (parent node 61 -> leaf Dleu)
Branch 14: 0.000100  (parent node 61 -> leaf Mmon)
Branch 15: 0.015742  (parent node 57 -> internal node 62)
Branch 16: 0.000100  (parent node 62 -> internal node 63)
Branch 17: 0.000100  (parent node 63 -> internal node 64)
Branch 18: 0.000100  (parent node 64 -> internal node 65)
Branch 19: 0.000100  (parent node 65 -> internal node 66)
Branch 20: 0.000100  (parent node 66 -> internal node 67)
Branch 21: 0.000100  (parent node 67 -> internal node 68)
Branch 22: 0.005907  (parent node 68 -> leaf Ttru)
Branch 23: 0.000100  (parent node 68 -> internal node 69)
Branch 24: 0.000100  (parent node 69 -> internal node 70)
Branch 25: 0.000100  (parent node 70 -> internal node 71)
Branch 26: 0.000100  (parent node 71 -> leaf Ddel)
Branch 27: 0.002953  (parent node 71 -> leaf Tadu)
Branch 28: 0.000100  (parent node 70 -> internal node 72)
Branch 29: 0.002948  (parent node 72 -> leaf Scoe)
Branch 30: 0.005905  (parent node 72 -> leaf Scly)
Branch 31: 0.002952  (parent node 69 -> leaf Sfro)
Branch 32: 0.005906  (parent node 67 -> leaf Schi)
Branch 33: 0.011864  (parent node 66 -> leaf Satt)
Branch 34: 0.008870  (parent node 65 -> leaf Slon)
Branch 35: 0.000100  (parent node 64 -> internal node 73)
Branch 36: 0.000100  (parent node 73 -> internal node 74)
Branch 37: 0.000100  (parent node 74 -> internal node 75)
Branch 38: 0.005912  (parent node 75 -> leaf Pcra)
Branch 39: 0.000100  (parent node 75 -> internal node 76)
Branch 40: 0.000100  (parent node 76 -> leaf Gmel)
Branch 41: 0.000100  (parent node 76 -> leaf Pele)
Branch 42: 0.000100  (parent node 74 -> leaf Ggri)
Branch 43: 0.000100  (parent node 73 -> leaf Sbre)
Branch 44: 0.000100  (parent node 63 -> internal node 77)
Branch 45: 0.000100  (parent node 77 -> internal node 78)
Branch 46: 0.002948  (parent node 78 -> leaf Lalb)
Branch 47: 0.008872  (parent node 78 -> leaf Lacu)
Branch 48: 0.002951  (parent node 77 -> internal node 79)
Branch 49: 0.002957  (parent node 79 -> leaf Ccom)
Branch 50: 0.011893  (parent node 79 -> leaf Aobl)
Branch 51: 0.008877  (parent node 62 -> leaf Oorc)
Branch 52: 0.020309  (parent node 56 -> internal node 80)
Branch 53: 0.058670  (parent node 80 -> leaf Igeo)
Branch 54: 0.023613  (parent node 80 -> leaf Lvex)
Branch 55: 0.034887  (parent node 55 -> internal node 81)
Branch 56: 0.015491  (parent node 81 -> leaf Zcav)
Branch 57: 0.005781  (parent node 81 -> internal node 82)
Branch 58: 0.005184  (parent node 82 -> internal node 83)
Branch 59: 0.008762  (parent node 83 -> leaf Mbid)
Branch 60: 0.000100  (parent node 83 -> internal node 84)
Branch 61: 0.000100  (parent node 84 -> internal node 85)
Branch 62: 0.008764  (parent node 85 -> leaf Mden)
Branch 63: 0.002918  (parent node 85 -> leaf Mste)
Branch 64: 0.002911  (parent node 84 -> internal node 86)
Branch 65: 0.002913  (parent node 86 -> leaf Mmir)
Branch 66: 0.000100  (parent node 86 -> leaf Meur)
Branch 67: 0.003593  (parent node 82 -> leaf Hyamp)
Branch 68: 0.021820  (parent node 54 -> internal node 87)
Branch 69: 0.000100  (parent node 87 -> leaf Pmin)
Branch 70: 0.000100  (parent node 87 -> leaf Pgan)
Branch 71: 0.023616  (parent node 53 -> internal node 88)
Branch 72: 0.007492  (parent node 88 -> leaf Pmac)
Branch 73: 0.049948  (parent node 88 -> internal node 89)
Branch 74: 0.002919  (parent node 89 -> leaf Kbre)
Branch 75: 0.000100  (parent node 89 -> leaf Ksim)
Branch 76: 0.020988  (parent node 52 -> internal node 90)
Branch 77: 0.003082  (parent node 90 -> internal node 91)
Branch 78: 0.015702  (parent node 91 -> internal node 92)
Branch 79: 0.000100  (parent node 92 -> internal node 93)
Branch 80: 0.000100  (parent node 93 -> internal node 94)
Branch 81: 0.011886  (parent node 94 -> leaf Bmus)
Branch 82: 0.008867  (parent node 94 -> internal node 95)
Branch 83: 0.000100  (parent node 95 -> internal node 96)
Branch 84: 0.000100  (parent node 96 -> leaf Bbor)
Branch 85: 0.000100  (parent node 96 -> leaf Bede)
Branch 86: 0.000100  (parent node 95 -> leaf Bric)
Branch 87: 0.008887  (parent node 93 -> internal node 97)
Branch 88: 0.000100  (parent node 97 -> internal node 98)
Branch 89: 0.002952  (parent node 98 -> leaf Bphy)
Branch 90: 0.011931  (parent node 98 -> leaf Mnov)
Branch 91: 0.008889  (parent node 97 -> leaf Erob)
Branch 92: 0.017924  (parent node 92 -> internal node 99)
Branch 93: 0.000100  (parent node 99 -> leaf Bacu)
Branch 94: 0.005924  (parent node 99 -> leaf Bbon)
Branch 95: 0.029126  (parent node 91 -> leaf Cmar)
Branch 96: 0.015801  (parent node 90 -> internal node 100)
Branch 97: 0.008910  (parent node 100 -> leaf Bmys)
Branch 98: 0.002948  (parent node 100 -> internal node 101)
Branch 99: 0.000100  (parent node 101 -> leaf Egla)
Branch 100: 0.000100  (parent node 101 -> leaf Eaus)

--- TREE WITH ESTIMATED BRANCH LENGTHS (NEWICK) ---
(Hiamp:0.152745,((((((((Ppho:0.00291447,Psin:0.0001):0.0001,Nsun:0.00300469):0.00671079,(Dleu:0.0029562,Mmon:0.0001):0.0233919):0.00569206,(((((((Ttru:0.00590718,(((Ddel:0.0001,Tadu:0.00295274):0.0001,(Scoe:0.00294807,Scly:0.00590467):0.0001):0.0001,Sfro:0.0029522):0.0001):0.0001,Schi:0.00590632):0.0001,Satt:0.0118637):0.0001,Slon:0.0088705):0.0001,(((Pcra:0.00591224,(Gmel:0.0001,Pele:0.0001):0.0001):0.0001,Ggri:0.0001):0.0001,Sbre:0.0001):0.0001):0.0001,((Lalb:0.00294799,Lacu:0.00887222):0.0001,(Ccom:0.00295654,Aobl:0.0118925):0.00295054):0.0001):0.0001,Oorc:0.00887685):0.0157416):0.0133147,(Igeo:0.0586698,Lvex:0.0236126):0.0203092):0.00440308,(Zcav:0.0154907,((Mbid:0.00876216,((Mden:0.00876416,Mste:0.0029184):0.0001,(Mmir:0.00291264,Meur:0.0001):0.0029112):0.0001):0.00518427,Hyamp:0.00359281):0.00578119):0.0348871):0.00855294,(Pmin:0.0001,Pgan:0.0001):0.0218205):0.0001,(Pmac:0.00749181,(Kbre:0.00291861,Ksim:0.0001):0.0499476):0.023616):0.0023427,(((((Bmus:0.011886,((Bbor:0.0001,Bede:0.0001):0.0001,Bric:0.0001):0.00886737):0.0001,((Bphy:0.0029517,Mnov:0.0119308):0.0001,Erob:0.0088889):0.00888737):0.0001,(Bacu:0.0001,Bbon:0.00592419):0.0179236):0.0157018,Cmar:0.0291264):0.00308231,(Bmys:0.00890992,(Egla:0.0001,Eaus:0.0001):0.00294787):0.0158005):0.0209879);

--- ASCII PHYLOGRAM (estimated branch lengths) ---

[DEBUG] ASCII phylogram ('-' = background, '=' = foreground)
(root)
|---------------------------------------- Hiamp
|-- (*)
|  |-- (*)
|  |  |-- (*)
|  |  |  |-- (*)
|  |  |  |  |--- (*)
|  |  |  |  |   |-- (*)
|  |  |  |  |   |  |-- (*)
|  |  |  |  |   |  |  |-- (*)
|  |  |  |  |   |  |  |  |-- Ppho
|  |  |  |  |   |  |  |  `-- Psin
|  |  |  |  |   |  |  `-- Nsun
|  |  |  |  |   |  `------ (*)
|  |  |  |  |   |         |-- Dleu
|  |  |  |  |   |         `-- Mmon
|  |  |  |  |   `---- (*)
|  |  |  |  |        |-- (*)
|  |  |  |  |        |  |-- (*)
|  |  |  |  |        |  |  |-- (*)
|  |  |  |  |        |  |  |  |-- (*)
|  |  |  |  |        |  |  |  |  |-- (*)
|  |  |  |  |        |  |  |  |  |  |-- (*)
|  |  |  |  |        |  |  |  |  |  |  |-- Ttru
|  |  |  |  |        |  |  |  |  |  |  `-- (*)
|  |  |  |  |        |  |  |  |  |  |     |-- (*)
|  |  |  |  |        |  |  |  |  |  |     |  |-- (*)
|  |  |  |  |        |  |  |  |  |  |     |  |  |-- Ddel
|  |  |  |  |        |  |  |  |  |  |     |  |  `-- Tadu
|  |  |  |  |        |  |  |  |  |  |     |  `-- (*)
|  |  |  |  |        |  |  |  |  |  |     |     |-- Scoe
|  |  |  |  |        |  |  |  |  |  |     |     `-- Scly
|  |  |  |  |        |  |  |  |  |  |     `-- Sfro
|  |  |  |  |        |  |  |  |  |  `-- Schi
|  |  |  |  |        |  |  |  |  `--- Satt
|  |  |  |  |        |  |  |  `-- Slon
|  |  |  |  |        |  |  `-- (*)
|  |  |  |  |        |  |     |-- (*)
|  |  |  |  |        |  |     |  |-- (*)
|  |  |  |  |        |  |     |  |  |-- Pcra
|  |  |  |  |        |  |     |  |  `-- (*)
|  |  |  |  |        |  |     |  |     |-- Gmel
|  |  |  |  |        |  |     |  |     `-- Pele
|  |  |  |  |        |  |     |  `-- Ggri
|  |  |  |  |        |  |     `-- Sbre
|  |  |  |  |        |  `-- (*)
|  |  |  |  |        |     |-- (*)
|  |  |  |  |        |     |  |-- Lalb
|  |  |  |  |        |     |  `-- Lacu
|  |  |  |  |        |     `-- (*)
|  |  |  |  |        |        |-- Ccom
|  |  |  |  |        |        `--- Aobl
|  |  |  |  |        `-- Oorc
|  |  |  |  `----- (*)
|  |  |  |        |--------------- Igeo
|  |  |  |        `------ Lvex
|  |  |  `========= (*) [#1]
|  |  |            |---- Zcav
|  |  |            `-- (*)
|  |  |               |-- (*)
|  |  |               |  |-- Mbid
|  |  |               |  `-- (*)
|  |  |               |     |-- (*)
|  |  |               |     |  |-- Mden
|  |  |               |     |  `-- Mste
|  |  |               |     `-- (*)
|  |  |               |        |-- Mmir
|  |  |               |        `-- Meur
|  |  |               `-- Hyamp
|  |  `------ (*)
|  |         |-- Pmin
|  |         `-- Pgan
|  `====== (*) [#1]
|         |-- Pmac
|         `------------- (*)
|                       |-- Kbre
|                       `-- Ksim
`----- (*)
      |-- (*)
      |  |---- (*)
      |  |    |-- (*)
      |  |    |  |-- (*)
      |  |    |  |  |--- Bmus
      |  |    |  |  `-- (*)
      |  |    |  |     |-- (*)
      |  |    |  |     |  |-- Bbor
      |  |    |  |     |  `-- Bede
      |  |    |  |     `-- Bric
      |  |    |  `-- (*)
      |  |    |     |-- (*)
      |  |    |     |  |-- Bphy
      |  |    |     |  `--- Mnov
      |  |    |     `-- Erob
      |  |    `----- (*)
      |  |          |-- Bacu
      |  |          `-- Bbon
      |  `-------- Cmar
      `---- (*)
           |-- Bmys
           `-- (*)
              |-- Egla
              `-- Eaus

--- PARAMETERS ---
Kappa: 6.460302
Omega[0]: 0.000100
Omega[1]: 5.310098
Gamma[0][0]: 0.132794

--- CATEGORY PROBABILITIES ---
P(Omega 0, Gamma 0): 0.710012
P(Omega 1, Gamma 0): 0.289988

--- POSTERIOR PROBABILITIES PER SITE ---
Site    1: C1: 0.962  C2: 0.038  
Site    2: C1: 0.982  C2: 0.018  
Site    3: C1: 0.592  C2: 0.408  
Site    4: C1: 0.912  C2: 0.088  
Site    5: C1: 0.848  C2: 0.152  
Site    6: C1: 0.568  C2: 0.432  
Site    7: C1: 0.934  C2: 0.066  
Site    8: C1: 0.945  C2: 0.055  
Site    9: C1: 0.891  C2: 0.109  
Site   10: C1: 0.860  C2: 0.140  
Site   11: C1: 0.799  C2: 0.201  
Site   12: C1: 0.559  C2: 0.441  
Site   13: C1: 0.891  C2: 0.109  
Site   14: C1: 0.998  C2: 0.002  
Site   15: C1: 0.945  C2: 0.055  
Site   16: C1: 0.000  C2: 1.000  
Site   17: C1: 0.968  C2: 0.032  
Site   18: C1: 0.568  C2: 0.432  
Site   19: C1: 0.799  C2: 0.201  
Site   20: C1: 0.799  C2: 0.201  
Site   21: C1: 0.527  C2: 0.473  
Site   22: C1: 0.800  C2: 0.200  
Site   23: C1: 0.549  C2: 0.451  
Site   24: C1: 0.958  C2: 0.042  
Site   25: C1: 0.635  C2: 0.365  
Site   26: C1: 0.860  C2: 0.140  
Site   27: C1: 0.570  C2: 0.430  
Site   28: C1: 0.654  C2: 0.346  
Site   29: C1: 0.657  C2: 0.343  
Site   30: C1: 0.657  C2: 0.343  
Site   31: C1: 0.583  C2: 0.417  
Site   32: C1: 0.843  C2: 0.157  
Site   33: C1: 0.635  C2: 0.365  
Site   34: C1: 0.810  C2: 0.190  
Site   35: C1: 0.802  C2: 0.198  
Site   36: C1: 0.654  C2: 0.346  
Site   37: C1: 0.891  C2: 0.109  
Site   38: C1: 0.536  C2: 0.464  
Site   39: C1: 0.000  C2: 1.000  
Site   40: C1: 0.583  C2: 0.417  
Site   41: C1: 0.980  C2: 0.020  
Site   42: C1: 0.601  C2: 0.399  
Site   43: C1: 0.657  C2: 0.343  
Site   44: C1: 0.962  C2: 0.038  
Site   45: C1: 0.000  C2: 1.000  
Site   46: C1: 0.937  C2: 0.063  
Site   47: C1: 0.583  C2: 0.417  
Site   48: C1: 0.981  C2: 0.019  
Site   49: C1: 0.000  C2: 1.000  
Site   50: C1: 1.000  C2: 0.000  
Site   51: C1: 0.809  C2: 0.191  
Site   52: C1: 0.891  C2: 0.109  
Site   53: C1: 0.549  C2: 0.451  
Site   54: C1: 0.942  C2: 0.058  
Site   55: C1: 0.945  C2: 0.055  
Site   56: C1: 0.891  C2: 0.109  
Site   57: C1: 0.833  C2: 0.167  
Site   58: C1: 0.972  C2: 0.028  
Site   59: C1: 0.833  C2: 0.167  
Site   60: C1: 0.860  C2: 0.140  
Site   61: C1: 0.829  C2: 0.171  
Site   62: C1: 0.913  C2: 0.087  
Site   63: C1: 0.994  C2: 0.006  
Site   64: C1: 0.654  C2: 0.346  
Site   65: C1: 0.686  C2: 0.314  
Site   66: C1: 0.753  C2: 0.247  
Site   67: C1: 0.753  C2: 0.247  
Site   68: C1: 0.583  C2: 0.417  
Site   69: C1: 0.527  C2: 0.473  
Site   70: C1: 0.764  C2: 0.236  
Site   71: C1: 0.559  C2: 0.441  
Site   72: C1: 0.935  C2: 0.065  
Site   73: C1: 0.945  C2: 0.055  
Site   74: C1: 0.657  C2: 0.343  
Site   75: C1: 0.942  C2: 0.058  
Site   76: C1: 0.583  C2: 0.417  
Site   77: C1: 0.833  C2: 0.167  
Site   78: C1: 0.945  C2: 0.055  
Site   79: C1: 0.583  C2: 0.417  
Site   80: C1: 0.829  C2: 0.171  
Site   81: C1: 0.927  C2: 0.073  
Site   82: C1: 0.829  C2: 0.171  
Site   83: C1: 0.000  C2: 1.000  
Site   84: C1: 0.833  C2: 0.167  
Site   85: C1: 0.891  C2: 0.109  
Site   86: C1: 0.962  C2: 0.038  
Site   87: C1: 0.829  C2: 0.171  
Site   88: C1: 0.000  C2: 1.000  
Site   89: C1: 0.588  C2: 0.412  
Site   90: C1: 0.568  C2: 0.432  
Site   91: C1: 0.891  C2: 0.109  
Site   92: C1: 0.788  C2: 0.212  
Site   93: C1: 0.788  C2: 0.212  
Site   94: C1: 0.922  C2: 0.078  
Site   95: C1: 0.833  C2: 0.167  
Site   96: C1: 0.657  C2: 0.343  
Site   97: C1: 0.788  C2: 0.212  
Site   98: C1: 0.559  C2: 0.441  
Site   99: C1: 0.000  C2: 1.000  
Site  100: C1: 0.001  C2: 0.999  
Site  101: C1: 0.942  C2: 0.058  
Site  102: C1: 0.657  C2: 0.343  
Site  103: C1: 0.891  C2: 0.109  
Site  104: C1: 0.000  C2: 1.000  
Site  105: C1: 0.001  C2: 0.999  
Site  106: C1: 0.592  C2: 0.408  
Site  107: C1: 0.549  C2: 0.451  
Site  108: C1: 0.991  C2: 0.009  
Site  109: C1: 0.827  C2: 0.173  
Site  110: C1: 0.682  C2: 0.318  
Site  111: C1: 0.994  C2: 0.006  
Site  112: C1: 0.000  C2: 1.000  
Site  113: C1: 0.635  C2: 0.365  
Site  114: C1: 0.568  C2: 0.432  
Site  115: C1: 0.891  C2: 0.109  
Site  116: C1: 0.946  C2: 0.054  
Site  117: C1: 0.601  C2: 0.399  
Site  118: C1: 0.788  C2: 0.212  
Site  119: C1: 0.817  C2: 0.183  
Site  120: C1: 0.812  C2: 0.188  
Site  121: C1: 0.588  C2: 0.412  
Site  122: C1: 0.639  C2: 0.361  
Site  123: C1: 0.000  C2: 1.000  
Site  124: C1: 0.601  C2: 0.399  
Site  125: C1: 0.000  C2: 1.000  
Site  126: C1: 0.802  C2: 0.198  
Site  127: C1: 0.805  C2: 0.195  
Site  128: C1: 0.845  C2: 0.155  
Site  129: C1: 0.799  C2: 0.201  
Site  130: C1: 0.829  C2: 0.171  
Site  131: C1: 0.583  C2: 0.417  
Site  132: C1: 0.601  C2: 0.399  
Site  133: C1: 0.994  C2: 0.006  
Site  134: C1: 0.635  C2: 0.365  
Site  135: C1: 0.930  C2: 0.070  
Site  136: C1: 0.657  C2: 0.343  
Site  137: C1: 0.000  C2: 1.000  
Site  138: C1: 0.799  C2: 0.201  
Site  139: C1: 0.799  C2: 0.201  
Site  140: C1: 0.671  C2: 0.329  
Site  141: C1: 0.753  C2: 0.247  
Site  142: C1: 0.798  C2: 0.202  
Site  143: C1: 0.962  C2: 0.038  
Site  144: C1: 0.800  C2: 0.200  
Site  145: C1: 0.945  C2: 0.055  
Site  146: C1: 0.891  C2: 0.109  
Site  147: C1: 0.527  C2: 0.473  
Site  148: C1: 0.891  C2: 0.109  
Site  149: C1: 0.592  C2: 0.408  
Site  150: C1: 0.635  C2: 0.365  
Site  151: C1: 0.000  C2: 1.000  
Site  152: C1: 0.868  C2: 0.132  
Site  153: C1: 0.601  C2: 0.399  
Site  154: C1: 0.942  C2: 0.058  
Site  155: C1: 0.000  C2: 1.000  
Site  156: C1: 0.568  C2: 0.432  
Site  157: C1: 0.941  C2: 0.059  
Site  158: C1: 0.939  C2: 0.061  
Site  159: C1: 0.000  C2: 1.000  
Site  160: C1: 0.992  C2: 0.008  
Site  161: C1: 0.802  C2: 0.198  
Site  162: C1: 0.001  C2: 0.999  
Site  163: C1: 0.962  C2: 0.038  
Site  164: C1: 0.833  C2: 0.167  
Site  165: C1: 0.000  C2: 1.000  
Site  166: C1: 0.829  C2: 0.171  
Site  167: C1: 0.866  C2: 0.134  
Site  168: C1: 0.601  C2: 0.399  
Site  169: C1: 0.943  C2: 0.057  
Site  170: C1: 0.798  C2: 0.202  
Site  171: C1: 0.926  C2: 0.074  
Site  172: C1: 0.833  C2: 0.167  
Site  173: C1: 0.829  C2: 0.171  
Site  174: C1: 0.568  C2: 0.432  
Site  175: C1: 0.802  C2: 0.198  
Site  176: C1: 0.536  C2: 0.464  
Site  177: C1: 0.619  C2: 0.381  
Site  178: C1: 0.657  C2: 0.343  
Site  179: C1: 0.942  C2: 0.058  
Site  180: C1: 0.932  C2: 0.068  
Site  181: C1: 0.635  C2: 0.365  
Site  182: C1: 0.598  C2: 0.402  
Site  183: C1: 0.962  C2: 0.038  
Site  184: C1: 0.654  C2: 0.346  
Site  185: C1: 0.682  C2: 0.318  
Site  186: C1: 0.914  C2: 0.086  
Site  187: C1: 0.958  C2: 0.042  
Site  188: C1: 0.592  C2: 0.408  
Site  189: C1: 0.005  C2: 0.995  
Site  190: C1: 0.826  C2: 0.174  
Site  191: C1: 0.657  C2: 0.343  
Site  192: C1: 0.952  C2: 0.048  
Site  193: C1: 0.971  C2: 0.029  
Site  194: C1: 0.970  C2: 0.030  
Site  195: C1: 0.014  C2: 0.986  
Site  196: C1: 0.993  C2: 0.007  
Site  197: C1: 0.635  C2: 0.365  
Site  198: C1: 0.000  C2: 1.000  
Site  199: C1: 0.945  C2: 0.055  
Site  200: C1: 0.969  C2: 0.031  
Site  201: C1: 0.947  C2: 0.053  
Site  202: C1: 0.536  C2: 0.464  
Site  203: C1: 0.987  C2: 0.013  
Site  204: C1: 0.829  C2: 0.171  
Site  205: C1: 0.001  C2: 0.999  
Site  206: C1: 0.657  C2: 0.343  
Site  207: C1: 0.962  C2: 0.038  
Site  208: C1: 0.964  C2: 0.036  
Site  209: C1: 0.799  C2: 0.201  
Site  210: C1: 0.940  C2: 0.060  
Site  211: C1: 0.686  C2: 0.314  
Site  212: C1: 0.891  C2: 0.109  
Site  213: C1: 0.936  C2: 0.064  
Site  214: C1: 0.942  C2: 0.058  
Site  215: C1: 0.549  C2: 0.451  
Site  216: C1: 0.000  C2: 1.000  
Site  217: C1: 0.000  C2: 1.000  
Site  218: C1: 0.942  C2: 0.058  
Site  219: C1: 0.979  C2: 0.021  
Site  220: C1: 0.000  C2: 1.000  
Site  221: C1: 0.963  C2: 0.037  
Site  222: C1: 0.682  C2: 0.318  
Site  223: C1: 0.998  C2: 0.002  
Site  224: C1: 0.592  C2: 0.408  
Site  225: C1: 0.654  C2: 0.346  
Site  226: C1: 0.818  C2: 0.182  
Site  227: C1: 0.829  C2: 0.171  
Site  228: C1: 0.963  C2: 0.037  
Site  229: C1: 0.739  C2: 0.261  
Site  230: C1: 0.829  C2: 0.171  
Site  231: C1: 0.753  C2: 0.247  
Site  232: C1: 0.635  C2: 0.365  
Site  233: C1: 0.983  C2: 0.017  
Site  234: C1: 0.605  C2: 0.395  
Site  235: C1: 0.829  C2: 0.171  
Site  236: C1: 0.857  C2: 0.143  
Site  237: C1: 0.654  C2: 0.346  
Site  238: C1: 0.859  C2: 0.141  
Site  239: C1: 0.635  C2: 0.365  
Site  240: C1: 0.917  C2: 0.083  
Site  241: C1: 0.829  C2: 0.171  
Site  242: C1: 0.788  C2: 0.212  
Site  243: C1: 0.991  C2: 0.009  
Site  244: C1: 0.654  C2: 0.346  
Site  245: C1: 0.753  C2: 0.247  
Site  246: C1: 0.829  C2: 0.171  
Site  247: C1: 0.635  C2: 0.365  
Site  248: C1: 0.753  C2: 0.247  
Site  249: C1: 0.635  C2: 0.365  
Site  250: C1: 0.829  C2: 0.171  
Site  251: C1: 0.912  C2: 0.088  
Site  252: C1: 0.527  C2: 0.473  
Site  253: C1: 0.962  C2: 0.038  
Site  254: C1: 0.829  C2: 0.171  
Site  255: C1: 0.000  C2: 1.000  
Site  256: C1: 0.942  C2: 0.058  
Site  257: C1: 0.962  C2: 0.038  
Site  258: C1: 0.829  C2: 0.171  
Site  259: C1: 0.000  C2: 1.000  
Site  260: C1: 0.830  C2: 0.170  
Site  261: C1: 0.891  C2: 0.109  
Site  262: C1: 0.583  C2: 0.417  
Site  263: C1: 0.994  C2: 0.006  
Site  264: C1: 0.682  C2: 0.318  
Site  265: C1: 0.802  C2: 0.198  
Site  266: C1: 0.000  C2: 1.000  
Site  267: C1: 0.797  C2: 0.203  
Site  268: C1: 0.951  C2: 0.049  
Site  269: C1: 0.601  C2: 0.399  
Site  270: C1: 0.973  C2: 0.027  
Site  271: C1: 0.000  C2: 1.000  
Site  272: C1: 0.942  C2: 0.058  
Site  273: C1: 0.891  C2: 0.109  
Site  274: C1: 0.657  C2: 0.343  
Site  275: C1: 0.968  C2: 0.032  
Site  276: C1: 0.891  C2: 0.109  
Site  277: C1: 0.000  C2: 1.000  
Site  278: C1: 0.686  C2: 0.314  
Site  279: C1: 0.654  C2: 0.346  
Site  280: C1: 0.568  C2: 0.432  
Site  281: C1: 0.536  C2: 0.464  
Site  282: C1: 0.000  C2: 1.000  
Site  283: C1: 0.946  C2: 0.054  
Site  284: C1: 0.568  C2: 0.432  
Site  285: C1: 0.549  C2: 0.451  
Site  286: C1: 0.942  C2: 0.058  
Site  287: C1: 0.891  C2: 0.109  
Site  288: C1: 0.962  C2: 0.038  
Site  289: C1: 0.788  C2: 0.212  
Site  290: C1: 0.000  C2: 1.000  
Site  291: C1: 0.932  C2: 0.068  
Site  292: C1: 1.000  C2: 0.000  
Site  293: C1: 0.891  C2: 0.109  
Site  294: C1: 0.845  C2: 0.155  
Site  295: C1: 0.601  C2: 0.399  
Site  296: C1: 0.753  C2: 0.247  
Site  297: C1: 0.693  C2: 0.307  
Site  298: C1: 0.923  C2: 0.077  
Site  299: C1: 0.997  C2: 0.003  
Site  300: C1: 0.001  C2: 0.999  
Site  301: C1: 0.657  C2: 0.343  
Site  302: C1: 0.945  C2: 0.055  
Site  303: C1: 0.549  C2: 0.451  
Site  304: C1: 0.829  C2: 0.171  
Site  305: C1: 0.942  C2: 0.058  
Site  306: C1: 0.657  C2: 0.343  
Site  307: C1: 0.942  C2: 0.058  
Site  308: C1: 0.962  C2: 0.038  
Site  309: C1: 0.962  C2: 0.038  
Site  310: C1: 0.945  C2: 0.055  
Site  311: C1: 0.753  C2: 0.247  
Site  312: C1: 0.654  C2: 0.346  
Site  313: C1: 0.891  C2: 0.109  
Site  314: C1: 0.541  C2: 0.459  
Site  315: C1: 0.945  C2: 0.055  
Site  316: C1: 0.682  C2: 0.318  
Site  317: C1: 0.962  C2: 0.038  
Site  318: C1: 0.833  C2: 0.167  
Site  319: C1: 0.922  C2: 0.078  
Site  320: C1: 0.923  C2: 0.077  
Site  321: C1: 0.944  C2: 0.056  
Site  322: C1: 0.682  C2: 0.318  
Site  323: C1: 0.867  C2: 0.133  
Site  324: C1: 0.568  C2: 0.432  
Site  325: C1: 0.846  C2: 0.154  
Site  326: C1: 0.001  C2: 0.999  
Site  327: C1: 0.807  C2: 0.193  
Site  328: C1: 0.583  C2: 0.417  
Site  329: C1: 0.937  C2: 0.063  
Site  330: C1: 0.938  C2: 0.062  
Site  331: C1: 0.974  C2: 0.026  
Site  332: C1: 0.635  C2: 0.365  
Site  333: C1: 0.995  C2: 0.005  
Site  334: C1: 0.536  C2: 0.464  
Site  335: C1: 0.039  C2: 0.961  
Site  336: C1: 0.908  C2: 0.092  
Site  337: C1: 0.601  C2: 0.399  
Site  338: C1: 0.536  C2: 0.464  
Site  339: C1: 0.753  C2: 0.247  
Site  340: C1: 0.739  C2: 0.261  
Site  341: C1: 0.635  C2: 0.365  
Site  342: C1: 0.788  C2: 0.212  
Site  343: C1: 0.800  C2: 0.200  
Site  344: C1: 0.654  C2: 0.346  
Site  345: C1: 0.799  C2: 0.201  
Site  346: C1: 0.614  C2: 0.386  
Site  347: C1: 0.819  C2: 0.181  
Site  348: C1: 0.601  C2: 0.399  

End time: 2025-12-16 01:28:07
