
--- MODEL SUMMARY ---
Model used: 1
Sequence file: input/RHO_seq.dat
Tree file: input/RHO.fa.tree
Log likelihood: -3094.244898
np: 109
Start time: 2025-12-15 12:09:35

--- BASE FREQUENCIES ---
T: 0.243292  C: 0.308480  A: 0.212043  G: 0.236186

--- BRANCH LENGTHS ---
Branch  0: 0.158629  (parent node 52 -> leaf Hiamp)
Branch  1: 0.000100  (parent node 52 -> internal node 53)
Branch  2: 0.000100  (parent node 53 -> internal node 54)
Branch  3: 0.009574  (parent node 54 -> internal node 55)
Branch  4: 0.004597  (parent node 55 -> internal node 56)
Branch  5: 0.013789  (parent node 56 -> internal node 57)
Branch  6: 0.006162  (parent node 57 -> internal node 58)
Branch  7: 0.005352  (parent node 58 -> internal node 59)
Branch  8: 0.000100  (parent node 59 -> internal node 60)
Branch  9: 0.000100  (parent node 60 -> leaf Ppho)
Branch 10: 0.000100  (parent node 60 -> leaf Psin)
Branch 11: 0.004415  (parent node 59 -> leaf Nsun)
Branch 12: 0.024128  (parent node 58 -> internal node 61)
Branch 13: 0.003049  (parent node 61 -> leaf Dleu)
Branch 14: 0.000100  (parent node 61 -> leaf Mmon)
Branch 15: 0.015954  (parent node 57 -> internal node 62)
Branch 16: 0.000100  (parent node 62 -> internal node 63)
Branch 17: 0.000100  (parent node 63 -> internal node 64)
Branch 18: 0.000100  (parent node 64 -> internal node 65)
Branch 19: 0.000100  (parent node 65 -> internal node 66)
Branch 20: 0.000100  (parent node 66 -> internal node 67)
Branch 21: 0.000100  (parent node 67 -> internal node 68)
Branch 22: 0.006108  (parent node 68 -> leaf Ttru)
Branch 23: 0.000100  (parent node 68 -> internal node 69)
Branch 24: 0.000100  (parent node 69 -> internal node 70)
Branch 25: 0.000100  (parent node 70 -> internal node 71)
Branch 26: 0.000100  (parent node 71 -> leaf Ddel)
Branch 27: 0.003056  (parent node 71 -> leaf Tadu)
Branch 28: 0.000100  (parent node 70 -> internal node 72)
Branch 29: 0.003049  (parent node 72 -> leaf Scoe)
Branch 30: 0.006107  (parent node 72 -> leaf Scly)
Branch 31: 0.003054  (parent node 69 -> leaf Sfro)
Branch 32: 0.006107  (parent node 67 -> leaf Schi)
Branch 33: 0.012275  (parent node 66 -> leaf Satt)
Branch 34: 0.009174  (parent node 65 -> leaf Slon)
Branch 35: 0.000100  (parent node 64 -> internal node 73)
Branch 36: 0.000100  (parent node 73 -> internal node 74)
Branch 37: 0.000100  (parent node 74 -> internal node 75)
Branch 38: 0.006117  (parent node 75 -> leaf Pcra)
Branch 39: 0.000100  (parent node 75 -> internal node 76)
Branch 40: 0.000100  (parent node 76 -> leaf Gmel)
Branch 41: 0.000100  (parent node 76 -> leaf Pele)
Branch 42: 0.000100  (parent node 74 -> leaf Ggri)
Branch 43: 0.000100  (parent node 73 -> leaf Sbre)
Branch 44: 0.000100  (parent node 63 -> internal node 77)
Branch 45: 0.000100  (parent node 77 -> internal node 78)
Branch 46: 0.003048  (parent node 78 -> leaf Lalb)
Branch 47: 0.009195  (parent node 78 -> leaf Lacu)
Branch 48: 0.003051  (parent node 77 -> internal node 79)
Branch 49: 0.003059  (parent node 79 -> leaf Ccom)
Branch 50: 0.012307  (parent node 79 -> leaf Aobl)
Branch 51: 0.009201  (parent node 62 -> leaf Oorc)
Branch 52: 0.020824  (parent node 56 -> internal node 80)
Branch 53: 0.061086  (parent node 80 -> leaf Igeo)
Branch 54: 0.024769  (parent node 80 -> leaf Lvex)
Branch 55: 0.033954  (parent node 55 -> internal node 81)
Branch 56: 0.018263  (parent node 81 -> leaf Zcav)
Branch 57: 0.006334  (parent node 81 -> internal node 82)
Branch 58: 0.000100  (parent node 82 -> internal node 83)
Branch 59: 0.009103  (parent node 83 -> leaf Mbid)
Branch 60: 0.000100  (parent node 83 -> internal node 84)
Branch 61: 0.000100  (parent node 84 -> internal node 85)
Branch 62: 0.009103  (parent node 85 -> leaf Mden)
Branch 63: 0.003026  (parent node 85 -> leaf Mste)
Branch 64: 0.003025  (parent node 84 -> internal node 86)
Branch 65: 0.003025  (parent node 86 -> leaf Mmir)
Branch 66: 0.000100  (parent node 86 -> leaf Meur)
Branch 67: 0.006200  (parent node 82 -> leaf Hyamp)
Branch 68: 0.022830  (parent node 54 -> internal node 87)
Branch 69: 0.000100  (parent node 87 -> leaf Pmin)
Branch 70: 0.000100  (parent node 87 -> leaf Pgan)
Branch 71: 0.024876  (parent node 53 -> internal node 88)
Branch 72: 0.007145  (parent node 88 -> leaf Pmac)
Branch 73: 0.052356  (parent node 88 -> internal node 89)
Branch 74: 0.003041  (parent node 89 -> leaf Kbre)
Branch 75: 0.000100  (parent node 89 -> leaf Ksim)
Branch 76: 0.022966  (parent node 52 -> internal node 90)
Branch 77: 0.003056  (parent node 90 -> internal node 91)
Branch 78: 0.016064  (parent node 91 -> internal node 92)
Branch 79: 0.000100  (parent node 92 -> internal node 93)
Branch 80: 0.000100  (parent node 93 -> internal node 94)
Branch 81: 0.012201  (parent node 94 -> leaf Bmus)
Branch 82: 0.009140  (parent node 94 -> internal node 95)
Branch 83: 0.000100  (parent node 95 -> internal node 96)
Branch 84: 0.000100  (parent node 96 -> leaf Bbor)
Branch 85: 0.000100  (parent node 96 -> leaf Bede)
Branch 86: 0.000100  (parent node 95 -> leaf Bric)
Branch 87: 0.009148  (parent node 93 -> internal node 97)
Branch 88: 0.000100  (parent node 97 -> internal node 98)
Branch 89: 0.003039  (parent node 98 -> leaf Bphy)
Branch 90: 0.012209  (parent node 98 -> leaf Mnov)
Branch 91: 0.009153  (parent node 97 -> leaf Erob)
Branch 92: 0.018442  (parent node 92 -> internal node 99)
Branch 93: 0.000100  (parent node 99 -> leaf Bacu)
Branch 94: 0.006096  (parent node 99 -> leaf Bbon)
Branch 95: 0.030128  (parent node 91 -> leaf Cmar)
Branch 96: 0.016358  (parent node 90 -> internal node 100)
Branch 97: 0.009318  (parent node 100 -> leaf Bmys)
Branch 98: 0.002902  (parent node 100 -> internal node 101)
Branch 99: 0.000100  (parent node 101 -> leaf Egla)
Branch 100: 0.000100  (parent node 101 -> leaf Eaus)

--- TREE WITH ESTIMATED BRANCH LENGTHS (NEWICK) ---
(Hiamp:0.158629,((((((((Ppho:0.0001,Psin:0.0001):0.0001,Nsun:0.00441478):0.00535202,(Dleu:0.00304929,Mmon:0.0001):0.0241275):0.00616238,(((((((Ttru:0.00610805,(((Ddel:0.0001,Tadu:0.00305568):0.0001,(Scoe:0.00304881,Scly:0.00610658):0.0001):0.0001,Sfro:0.00305371):0.0001):0.0001,Schi:0.00610734):0.0001,Satt:0.0122746):0.0001,Slon:0.00917412):0.0001,(((Pcra:0.0061172,(Gmel:0.0001,Pele:0.0001):0.0001):0.0001,Ggri:0.0001):0.0001,Sbre:0.0001):0.0001):0.0001,((Lalb:0.00304816,Lacu:0.00919495):0.0001,(Ccom:0.0030588,Aobl:0.0123071):0.00305125):0.0001):0.0001,Oorc:0.00920091):0.0159537):0.0137886,(Igeo:0.0610857,Lvex:0.0247692):0.0208239):0.0045975,(Zcav:0.0182627,((Mbid:0.00910299,((Mden:0.0091025,Mste:0.00302628):0.0001,(Mmir:0.00302525,Meur:0.0001):0.00302499):0.0001):0.0001,Hyamp:0.00620038):0.00633379):0.0339541):0.00957383,(Pmin:0.0001,Pgan:0.0001):0.0228304):0.0001,(Pmac:0.00714533,(Kbre:0.00304135,Ksim:0.0001):0.0523558):0.0248762):0.0001,(((((Bmus:0.0122015,((Bbor:0.0001,Bede:0.0001):0.0001,Bric:0.0001):0.0091403):0.0001,((Bphy:0.00303879,Mnov:0.0122094):0.0001,Erob:0.00915275):0.00914843):0.0001,(Bacu:0.0001,Bbon:0.00609566):0.018442):0.0160643,Cmar:0.0301281):0.00305635,(Bmys:0.00931826,(Egla:0.0001,Eaus:0.0001):0.00290219):0.0163577):0.0229658);

--- ASCII PHYLOGRAM (estimated branch lengths) ---

[DEBUG] ASCII phylogram ('-' = background, '=' = foreground)
(root)
|---------------------------------------- Hiamp
|-- (*)
|  |-- (*)
|  |  |-- (*)
|  |  |  |-- (*)
|  |  |  |  |--- (*)
|  |  |  |  |   |-- (*)
|  |  |  |  |   |  |-- (*)
|  |  |  |  |   |  |  |-- (*)
|  |  |  |  |   |  |  |  |-- Ppho
|  |  |  |  |   |  |  |  `-- Psin
|  |  |  |  |   |  |  `-- Nsun
|  |  |  |  |   |  `------ (*)
|  |  |  |  |   |         |-- Dleu
|  |  |  |  |   |         `-- Mmon
|  |  |  |  |   `---- (*)
|  |  |  |  |        |-- (*)
|  |  |  |  |        |  |-- (*)
|  |  |  |  |        |  |  |-- (*)
|  |  |  |  |        |  |  |  |-- (*)
|  |  |  |  |        |  |  |  |  |-- (*)
|  |  |  |  |        |  |  |  |  |  |-- (*)
|  |  |  |  |        |  |  |  |  |  |  |-- Ttru
|  |  |  |  |        |  |  |  |  |  |  `-- (*)
|  |  |  |  |        |  |  |  |  |  |     |-- (*)
|  |  |  |  |        |  |  |  |  |  |     |  |-- (*)
|  |  |  |  |        |  |  |  |  |  |     |  |  |-- Ddel
|  |  |  |  |        |  |  |  |  |  |     |  |  `-- Tadu
|  |  |  |  |        |  |  |  |  |  |     |  `-- (*)
|  |  |  |  |        |  |  |  |  |  |     |     |-- Scoe
|  |  |  |  |        |  |  |  |  |  |     |     `-- Scly
|  |  |  |  |        |  |  |  |  |  |     `-- Sfro
|  |  |  |  |        |  |  |  |  |  `-- Schi
|  |  |  |  |        |  |  |  |  `--- Satt
|  |  |  |  |        |  |  |  `-- Slon
|  |  |  |  |        |  |  `-- (*)
|  |  |  |  |        |  |     |-- (*)
|  |  |  |  |        |  |     |  |-- (*)
|  |  |  |  |        |  |     |  |  |-- Pcra
|  |  |  |  |        |  |     |  |  `-- (*)
|  |  |  |  |        |  |     |  |     |-- Gmel
|  |  |  |  |        |  |     |  |     `-- Pele
|  |  |  |  |        |  |     |  `-- Ggri
|  |  |  |  |        |  |     `-- Sbre
|  |  |  |  |        |  `-- (*)
|  |  |  |  |        |     |-- (*)
|  |  |  |  |        |     |  |-- Lalb
|  |  |  |  |        |     |  `-- Lacu
|  |  |  |  |        |     `-- (*)
|  |  |  |  |        |        |-- Ccom
|  |  |  |  |        |        `--- Aobl
|  |  |  |  |        `-- Oorc
|  |  |  |  `----- (*)
|  |  |  |        |--------------- Igeo
|  |  |  |        `------ Lvex
|  |  |  `========= (*) [#1]
|  |  |            |----- Zcav
|  |  |            `-- (*)
|  |  |               |-- (*)
|  |  |               |  |-- Mbid
|  |  |               |  `-- (*)
|  |  |               |     |-- (*)
|  |  |               |     |  |-- Mden
|  |  |               |     |  `-- Mste
|  |  |               |     `-- (*)
|  |  |               |        |-- Mmir
|  |  |               |        `-- Meur
|  |  |               `-- Hyamp
|  |  `------ (*)
|  |         |-- Pmin
|  |         `-- Pgan
|  `====== (*) [#1]
|         |-- Pmac
|         `------------- (*)
|                       |-- Kbre
|                       `-- Ksim
`------ (*)
       |-- (*)
       |  |---- (*)
       |  |    |-- (*)
       |  |    |  |-- (*)
       |  |    |  |  |--- Bmus
       |  |    |  |  `-- (*)
       |  |    |  |     |-- (*)
       |  |    |  |     |  |-- Bbor
       |  |    |  |     |  `-- Bede
       |  |    |  |     `-- Bric
       |  |    |  `-- (*)
       |  |    |     |-- (*)
       |  |    |     |  |-- Bphy
       |  |    |     |  `--- Mnov
       |  |    |     `-- Erob
       |  |    `----- (*)
       |  |          |-- Bacu
       |  |          `-- Bbon
       |  `-------- Cmar
       `---- (*)
            |-- Bmys
            `-- (*)
               |-- Egla
               `-- Eaus

--- PARAMETERS ---
Kappa: 5.342598
Omega[0]: 0.000100
Omega[1]: 1.000100
Gamma[0][0]: 0.000100
Gamma[0][1]: 1.786915

--- CATEGORY PROBABILITIES ---
P(Omega 0, Gamma 0): 0.615475
P(Omega 0, Gamma 1): 0.000168
P(Omega 1, Gamma 0): 0.000046
P(Omega 1, Gamma 1): 0.384311

--- POSTERIOR PROBABILITIES PER SITE ---
Site    1: C1: 0.776  C2: 0.000  C3: 0.000  C4: 0.224  
Site    2: C1: 0.915  C2: 0.000  C3: 0.000  C4: 0.085  
Site    3: C1: 0.607  C2: 0.000  C3: 0.000  C4: 0.393  
Site    4: C1: 0.881  C2: 0.000  C3: 0.000  C4: 0.119  
Site    5: C1: 0.905  C2: 0.000  C3: 0.000  C4: 0.094  
Site    6: C1: 0.627  C2: 0.000  C3: 0.000  C4: 0.373  
Site    7: C1: 0.000  C2: 0.000  C3: 0.000  C4: 1.000  
Site    8: C1: 0.689  C2: 0.000  C3: 0.000  C4: 0.311  
Site    9: C1: 0.705  C2: 0.000  C3: 0.000  C4: 0.295  
Site   10: C1: 0.912  C2: 0.000  C3: 0.000  C4: 0.088  
Site   11: C1: 0.608  C2: 0.000  C3: 0.000  C4: 0.391  
Site   12: C1: 0.567  C2: 0.000  C3: 0.000  C4: 0.433  
Site   13: C1: 0.705  C2: 0.000  C3: 0.000  C4: 0.295  
Site   14: C1: 1.000  C2: 0.000  C3: 0.000  C4: 0.000  
Site   15: C1: 0.689  C2: 0.000  C3: 0.000  C4: 0.311  
Site   16: C1: 0.000  C2: 0.000  C3: 0.000  C4: 1.000  
Site   17: C1: 0.972  C2: 0.000  C3: 0.000  C4: 0.028  
Site   18: C1: 0.627  C2: 0.000  C3: 0.000  C4: 0.373  
Site   19: C1: 0.608  C2: 0.000  C3: 0.000  C4: 0.391  
Site   20: C1: 0.608  C2: 0.000  C3: 0.000  C4: 0.391  
Site   21: C1: 0.617  C2: 0.000  C3: 0.000  C4: 0.382  
Site   22: C1: 0.695  C2: 0.000  C3: 0.000  C4: 0.305  
Site   23: C1: 0.601  C2: 0.000  C3: 0.000  C4: 0.399  
Site   24: C1: 0.001  C2: 0.000  C3: 0.000  C4: 0.999  
Site   25: C1: 0.663  C2: 0.000  C3: 0.000  C4: 0.337  
Site   26: C1: 0.911  C2: 0.000  C3: 0.000  C4: 0.088  
Site   27: C1: 0.574  C2: 0.000  C3: 0.000  C4: 0.426  
Site   28: C1: 0.637  C2: 0.000  C3: 0.000  C4: 0.363  
Site   29: C1: 0.680  C2: 0.000  C3: 0.000  C4: 0.320  
Site   30: C1: 0.680  C2: 0.000  C3: 0.000  C4: 0.320  
Site   31: C1: 0.433  C2: 0.000  C3: 0.000  C4: 0.567  
Site   32: C1: 0.886  C2: 0.000  C3: 0.000  C4: 0.114  
Site   33: C1: 0.663  C2: 0.000  C3: 0.000  C4: 0.337  
Site   34: C1: 0.868  C2: 0.000  C3: 0.000  C4: 0.132  
Site   35: C1: 0.713  C2: 0.000  C3: 0.000  C4: 0.287  
Site   36: C1: 0.637  C2: 0.000  C3: 0.000  C4: 0.363  
Site   37: C1: 0.705  C2: 0.000  C3: 0.000  C4: 0.295  
Site   38: C1: 0.621  C2: 0.000  C3: 0.000  C4: 0.379  
Site   39: C1: 0.000  C2: 0.000  C3: 0.000  C4: 0.999  
Site   40: C1: 0.433  C2: 0.000  C3: 0.000  C4: 0.567  
Site   41: C1: 0.995  C2: 0.000  C3: 0.000  C4: 0.005  
Site   42: C1: 0.617  C2: 0.000  C3: 0.000  C4: 0.382  
Site   43: C1: 0.680  C2: 0.000  C3: 0.000  C4: 0.320  
Site   44: C1: 0.776  C2: 0.000  C3: 0.000  C4: 0.224  
Site   45: C1: 0.001  C2: 0.000  C3: 0.000  C4: 0.999  
Site   46: C1: 0.950  C2: 0.000  C3: 0.000  C4: 0.050  
Site   47: C1: 0.433  C2: 0.000  C3: 0.000  C4: 0.567  
Site   48: C1: 0.907  C2: 0.000  C3: 0.000  C4: 0.093  
Site   49: C1: 0.000  C2: 0.000  C3: 0.000  C4: 1.000  
Site   50: C1: 1.000  C2: 0.000  C3: 0.000  C4: 0.000  
Site   51: C1: 0.000  C2: 0.000  C3: 0.000  C4: 0.999  
Site   52: C1: 0.705  C2: 0.000  C3: 0.000  C4: 0.295  
Site   53: C1: 0.601  C2: 0.000  C3: 0.000  C4: 0.399  
Site   54: C1: 0.669  C2: 0.000  C3: 0.000  C4: 0.331  
Site   55: C1: 0.689  C2: 0.000  C3: 0.000  C4: 0.311  
Site   56: C1: 0.705  C2: 0.000  C3: 0.000  C4: 0.295  
Site   57: C1: 0.621  C2: 0.000  C3: 0.000  C4: 0.379  
Site   58: C1: 0.975  C2: 0.000  C3: 0.000  C4: 0.025  
Site   59: C1: 0.621  C2: 0.000  C3: 0.000  C4: 0.379  
Site   60: C1: 0.911  C2: 0.000  C3: 0.000  C4: 0.088  
Site   61: C1: 0.630  C2: 0.000  C3: 0.000  C4: 0.370  
Site   62: C1: 0.884  C2: 0.000  C3: 0.000  C4: 0.116  
Site   63: C1: 0.995  C2: 0.000  C3: 0.000  C4: 0.005  
Site   64: C1: 0.637  C2: 0.000  C3: 0.000  C4: 0.363  
Site   65: C1: 0.707  C2: 0.000  C3: 0.000  C4: 0.293  
Site   66: C1: 0.663  C2: 0.000  C3: 0.000  C4: 0.337  
Site   67: C1: 0.663  C2: 0.000  C3: 0.000  C4: 0.337  
Site   68: C1: 0.433  C2: 0.000  C3: 0.000  C4: 0.567  
Site   69: C1: 0.617  C2: 0.000  C3: 0.000  C4: 0.382  
Site   70: C1: 0.604  C2: 0.000  C3: 0.000  C4: 0.395  
Site   71: C1: 0.567  C2: 0.000  C3: 0.000  C4: 0.433  
Site   72: C1: 0.883  C2: 0.000  C3: 0.000  C4: 0.117  
Site   73: C1: 0.689  C2: 0.000  C3: 0.000  C4: 0.311  
Site   74: C1: 0.680  C2: 0.000  C3: 0.000  C4: 0.320  
Site   75: C1: 0.669  C2: 0.000  C3: 0.000  C4: 0.331  
Site   76: C1: 0.433  C2: 0.000  C3: 0.000  C4: 0.567  
Site   77: C1: 0.621  C2: 0.000  C3: 0.000  C4: 0.379  
Site   78: C1: 0.689  C2: 0.000  C3: 0.000  C4: 0.311  
Site   79: C1: 0.433  C2: 0.000  C3: 0.000  C4: 0.567  
Site   80: C1: 0.885  C2: 0.000  C3: 0.000  C4: 0.114  
Site   81: C1: 0.883  C2: 0.000  C3: 0.000  C4: 0.117  
Site   82: C1: 0.885  C2: 0.000  C3: 0.000  C4: 0.114  
Site   83: C1: 0.000  C2: 0.000  C3: 0.000  C4: 1.000  
Site   84: C1: 0.621  C2: 0.000  C3: 0.000  C4: 0.379  
Site   85: C1: 0.705  C2: 0.000  C3: 0.000  C4: 0.295  
Site   86: C1: 0.776  C2: 0.000  C3: 0.000  C4: 0.224  
Site   87: C1: 0.630  C2: 0.000  C3: 0.000  C4: 0.370  
Site   88: C1: 0.000  C2: 0.000  C3: 0.000  C4: 1.000  
Site   89: C1: 0.603  C2: 0.000  C3: 0.000  C4: 0.397  
Site   90: C1: 0.627  C2: 0.000  C3: 0.000  C4: 0.373  
Site   91: C1: 0.705  C2: 0.000  C3: 0.000  C4: 0.295  
Site   92: C1: 0.622  C2: 0.000  C3: 0.000  C4: 0.378  
Site   93: C1: 0.622  C2: 0.000  C3: 0.000  C4: 0.378  
Site   94: C1: 0.000  C2: 0.000  C3: 0.000  C4: 0.999  
Site   95: C1: 0.621  C2: 0.000  C3: 0.000  C4: 0.379  
Site   96: C1: 0.680  C2: 0.000  C3: 0.000  C4: 0.320  
Site   97: C1: 0.622  C2: 0.000  C3: 0.000  C4: 0.378  
Site   98: C1: 0.590  C2: 0.000  C3: 0.000  C4: 0.409  
Site   99: C1: 0.000  C2: 0.000  C3: 0.000  C4: 1.000  
Site  100: C1: 0.003  C2: 0.000  C3: 0.000  C4: 0.997  
Site  101: C1: 0.002  C2: 0.000  C3: 0.000  C4: 0.998  
Site  102: C1: 0.680  C2: 0.000  C3: 0.000  C4: 0.320  
Site  103: C1: 0.705  C2: 0.000  C3: 0.000  C4: 0.295  
Site  104: C1: 0.000  C2: 0.000  C3: 0.000  C4: 1.000  
Site  105: C1: 0.003  C2: 0.000  C3: 0.000  C4: 0.997  
Site  106: C1: 0.607  C2: 0.000  C3: 0.000  C4: 0.393  
Site  107: C1: 0.601  C2: 0.000  C3: 0.000  C4: 0.399  
Site  108: C1: 0.995  C2: 0.000  C3: 0.000  C4: 0.005  
Site  109: C1: 0.873  C2: 0.000  C3: 0.000  C4: 0.127  
Site  110: C1: 0.689  C2: 0.000  C3: 0.000  C4: 0.311  
Site  111: C1: 0.992  C2: 0.000  C3: 0.000  C4: 0.008  
Site  112: C1: 0.000  C2: 0.000  C3: 0.000  C4: 1.000  
Site  113: C1: 0.663  C2: 0.000  C3: 0.000  C4: 0.337  
Site  114: C1: 0.627  C2: 0.000  C3: 0.000  C4: 0.373  
Site  115: C1: 0.705  C2: 0.000  C3: 0.000  C4: 0.295  
Site  116: C1: 0.907  C2: 0.000  C3: 0.000  C4: 0.093  
Site  117: C1: 0.617  C2: 0.000  C3: 0.000  C4: 0.382  
Site  118: C1: 0.622  C2: 0.000  C3: 0.000  C4: 0.378  
Site  119: C1: 0.788  C2: 0.000  C3: 0.000  C4: 0.212  
Site  120: C1: 0.893  C2: 0.000  C3: 0.000  C4: 0.107  
Site  121: C1: 0.603  C2: 0.000  C3: 0.000  C4: 0.397  
Site  122: C1: 0.652  C2: 0.000  C3: 0.000  C4: 0.348  
Site  123: C1: 0.000  C2: 0.000  C3: 0.000  C4: 1.000  
Site  124: C1: 0.617  C2: 0.000  C3: 0.000  C4: 0.382  
Site  125: C1: 0.000  C2: 0.000  C3: 0.000  C4: 0.999  
Site  126: C1: 0.713  C2: 0.000  C3: 0.000  C4: 0.287  
Site  127: C1: 0.888  C2: 0.000  C3: 0.000  C4: 0.112  
Site  128: C1: 0.510  C2: 0.000  C3: 0.000  C4: 0.489  
Site  129: C1: 0.608  C2: 0.000  C3: 0.000  C4: 0.391  
Site  130: C1: 0.630  C2: 0.000  C3: 0.000  C4: 0.370  
Site  131: C1: 0.433  C2: 0.000  C3: 0.000  C4: 0.567  
Site  132: C1: 0.617  C2: 0.000  C3: 0.000  C4: 0.382  
Site  133: C1: 0.979  C2: 0.000  C3: 0.000  C4: 0.021  
Site  134: C1: 0.663  C2: 0.000  C3: 0.000  C4: 0.337  
Site  135: C1: 0.969  C2: 0.000  C3: 0.000  C4: 0.030  
Site  136: C1: 0.680  C2: 0.000  C3: 0.000  C4: 0.320  
Site  137: C1: 0.000  C2: 0.000  C3: 0.000  C4: 1.000  
Site  138: C1: 0.608  C2: 0.000  C3: 0.000  C4: 0.391  
Site  139: C1: 0.608  C2: 0.000  C3: 0.000  C4: 0.391  
Site  140: C1: 0.653  C2: 0.000  C3: 0.000  C4: 0.346  
Site  141: C1: 0.663  C2: 0.000  C3: 0.000  C4: 0.337  
Site  142: C1: 0.881  C2: 0.000  C3: 0.000  C4: 0.119  
Site  143: C1: 0.776  C2: 0.000  C3: 0.000  C4: 0.224  
Site  144: C1: 0.695  C2: 0.000  C3: 0.000  C4: 0.305  
Site  145: C1: 0.689  C2: 0.000  C3: 0.000  C4: 0.311  
Site  146: C1: 0.705  C2: 0.000  C3: 0.000  C4: 0.295  
Site  147: C1: 0.617  C2: 0.000  C3: 0.000  C4: 0.382  
Site  148: C1: 0.705  C2: 0.000  C3: 0.000  C4: 0.295  
Site  149: C1: 0.607  C2: 0.000  C3: 0.000  C4: 0.393  
Site  150: C1: 0.663  C2: 0.000  C3: 0.000  C4: 0.337  
Site  151: C1: 0.000  C2: 0.000  C3: 0.000  C4: 1.000  
Site  152: C1: 0.907  C2: 0.000  C3: 0.000  C4: 0.093  
Site  153: C1: 0.617  C2: 0.000  C3: 0.000  C4: 0.382  
Site  154: C1: 0.669  C2: 0.000  C3: 0.000  C4: 0.331  
Site  155: C1: 0.000  C2: 0.000  C3: 0.000  C4: 1.000  
Site  156: C1: 0.627  C2: 0.000  C3: 0.000  C4: 0.373  
Site  157: C1: 0.892  C2: 0.000  C3: 0.000  C4: 0.108  
Site  158: C1: 0.002  C2: 0.000  C3: 0.000  C4: 0.997  
Site  159: C1: 0.000  C2: 0.000  C3: 0.000  C4: 0.999  
Site  160: C1: 0.995  C2: 0.000  C3: 0.000  C4: 0.005  
Site  161: C1: 0.713  C2: 0.000  C3: 0.000  C4: 0.287  
Site  162: C1: 0.001  C2: 0.000  C3: 0.000  C4: 0.999  
Site  163: C1: 0.776  C2: 0.000  C3: 0.000  C4: 0.224  
Site  164: C1: 0.874  C2: 0.000  C3: 0.000  C4: 0.125  
Site  165: C1: 0.000  C2: 0.000  C3: 0.000  C4: 1.000  
Site  166: C1: 0.885  C2: 0.000  C3: 0.000  C4: 0.114  
Site  167: C1: 0.902  C2: 0.000  C3: 0.000  C4: 0.098  
Site  168: C1: 0.617  C2: 0.000  C3: 0.000  C4: 0.382  
Site  169: C1: 0.002  C2: 0.000  C3: 0.000  C4: 0.998  
Site  170: C1: 0.881  C2: 0.000  C3: 0.000  C4: 0.119  
Site  171: C1: 0.973  C2: 0.000  C3: 0.000  C4: 0.027  
Site  172: C1: 0.621  C2: 0.000  C3: 0.000  C4: 0.379  
Site  173: C1: 0.630  C2: 0.000  C3: 0.000  C4: 0.370  
Site  174: C1: 0.627  C2: 0.000  C3: 0.000  C4: 0.373  
Site  175: C1: 0.713  C2: 0.000  C3: 0.000  C4: 0.287  
Site  176: C1: 0.621  C2: 0.000  C3: 0.000  C4: 0.379  
Site  177: C1: 0.636  C2: 0.000  C3: 0.000  C4: 0.364  
Site  178: C1: 0.680  C2: 0.000  C3: 0.000  C4: 0.320  
Site  179: C1: 0.669  C2: 0.000  C3: 0.000  C4: 0.331  
Site  180: C1: 0.969  C2: 0.000  C3: 0.000  C4: 0.031  
Site  181: C1: 0.663  C2: 0.000  C3: 0.000  C4: 0.337  
Site  182: C1: 0.585  C2: 0.000  C3: 0.000  C4: 0.414  
Site  183: C1: 0.776  C2: 0.000  C3: 0.000  C4: 0.224  
Site  184: C1: 0.637  C2: 0.000  C3: 0.000  C4: 0.363  
Site  185: C1: 0.689  C2: 0.000  C3: 0.000  C4: 0.311  
Site  186: C1: 0.877  C2: 0.000  C3: 0.000  C4: 0.122  
Site  187: C1: 0.982  C2: 0.000  C3: 0.000  C4: 0.018  
Site  188: C1: 0.607  C2: 0.000  C3: 0.000  C4: 0.393  
Site  189: C1: 0.011  C2: 0.000  C3: 0.000  C4: 0.988  
Site  190: C1: 0.695  C2: 0.000  C3: 0.000  C4: 0.305  
Site  191: C1: 0.680  C2: 0.000  C3: 0.000  C4: 0.320  
Site  192: C1: 0.980  C2: 0.000  C3: 0.000  C4: 0.019  
Site  193: C1: 0.973  C2: 0.000  C3: 0.000  C4: 0.027  
Site  194: C1: 0.000  C2: 0.000  C3: 0.000  C4: 1.000  
Site  195: C1: 0.000  C2: 0.000  C3: 0.000  C4: 1.000  
Site  196: C1: 0.999  C2: 0.000  C3: 0.000  C4: 0.001  
Site  197: C1: 0.663  C2: 0.000  C3: 0.000  C4: 0.337  
Site  198: C1: 0.000  C2: 0.000  C3: 0.000  C4: 0.999  
Site  199: C1: 0.689  C2: 0.000  C3: 0.000  C4: 0.311  
Site  200: C1: 0.904  C2: 0.000  C3: 0.000  C4: 0.096  
Site  201: C1: 0.979  C2: 0.000  C3: 0.000  C4: 0.021  
Site  202: C1: 0.621  C2: 0.000  C3: 0.000  C4: 0.379  
Site  203: C1: 0.982  C2: 0.000  C3: 0.000  C4: 0.018  
Site  204: C1: 0.630  C2: 0.000  C3: 0.000  C4: 0.370  
Site  205: C1: 0.001  C2: 0.000  C3: 0.000  C4: 0.999  
Site  206: C1: 0.680  C2: 0.000  C3: 0.000  C4: 0.320  
Site  207: C1: 0.776  C2: 0.000  C3: 0.000  C4: 0.224  
Site  208: C1: 0.922  C2: 0.000  C3: 0.000  C4: 0.078  
Site  209: C1: 0.608  C2: 0.000  C3: 0.000  C4: 0.391  
Site  210: C1: 0.894  C2: 0.000  C3: 0.000  C4: 0.106  
Site  211: C1: 0.707  C2: 0.000  C3: 0.000  C4: 0.293  
Site  212: C1: 0.705  C2: 0.000  C3: 0.000  C4: 0.295  
Site  213: C1: 0.000  C2: 0.000  C3: 0.000  C4: 1.000  
Site  214: C1: 0.669  C2: 0.000  C3: 0.000  C4: 0.331  
Site  215: C1: 0.601  C2: 0.000  C3: 0.000  C4: 0.399  
Site  216: C1: 0.000  C2: 0.000  C3: 0.000  C4: 1.000  
Site  217: C1: 0.000  C2: 0.000  C3: 0.000  C4: 1.000  
Site  218: C1: 0.669  C2: 0.000  C3: 0.000  C4: 0.331  
Site  219: C1: 0.915  C2: 0.000  C3: 0.000  C4: 0.085  
Site  220: C1: 0.001  C2: 0.000  C3: 0.000  C4: 0.999  
Site  221: C1: 0.920  C2: 0.000  C3: 0.000  C4: 0.080  
Site  222: C1: 0.689  C2: 0.000  C3: 0.000  C4: 0.311  
Site  223: C1: 1.000  C2: 0.000  C3: 0.000  C4: 0.000  
Site  224: C1: 0.607  C2: 0.000  C3: 0.000  C4: 0.393  
Site  225: C1: 0.637  C2: 0.000  C3: 0.000  C4: 0.363  
Site  226: C1: 0.788  C2: 0.000  C3: 0.000  C4: 0.212  
Site  227: C1: 0.630  C2: 0.000  C3: 0.000  C4: 0.370  
Site  228: C1: 0.920  C2: 0.000  C3: 0.000  C4: 0.080  
Site  229: C1: 0.589  C2: 0.000  C3: 0.000  C4: 0.410  
Site  230: C1: 0.630  C2: 0.000  C3: 0.000  C4: 0.370  
Site  231: C1: 0.663  C2: 0.000  C3: 0.000  C4: 0.337  
Site  232: C1: 0.663  C2: 0.000  C3: 0.000  C4: 0.337  
Site  233: C1: 0.995  C2: 0.000  C3: 0.000  C4: 0.005  
Site  234: C1: 0.589  C2: 0.000  C3: 0.000  C4: 0.411  
Site  235: C1: 0.887  C2: 0.000  C3: 0.000  C4: 0.113  
Site  236: C1: 0.890  C2: 0.000  C3: 0.000  C4: 0.110  
Site  237: C1: 0.637  C2: 0.000  C3: 0.000  C4: 0.363  
Site  238: C1: 0.895  C2: 0.000  C3: 0.000  C4: 0.105  
Site  239: C1: 0.663  C2: 0.000  C3: 0.000  C4: 0.337  
Site  240: C1: 0.869  C2: 0.000  C3: 0.000  C4: 0.131  
Site  241: C1: 0.885  C2: 0.000  C3: 0.000  C4: 0.114  
Site  242: C1: 0.622  C2: 0.000  C3: 0.000  C4: 0.378  
Site  243: C1: 0.994  C2: 0.000  C3: 0.000  C4: 0.006  
Site  244: C1: 0.637  C2: 0.000  C3: 0.000  C4: 0.363  
Site  245: C1: 0.663  C2: 0.000  C3: 0.000  C4: 0.337  
Site  246: C1: 0.887  C2: 0.000  C3: 0.000  C4: 0.113  
Site  247: C1: 0.663  C2: 0.000  C3: 0.000  C4: 0.337  
Site  248: C1: 0.663  C2: 0.000  C3: 0.000  C4: 0.337  
Site  249: C1: 0.663  C2: 0.000  C3: 0.000  C4: 0.337  
Site  250: C1: 0.630  C2: 0.000  C3: 0.000  C4: 0.370  
Site  251: C1: 0.887  C2: 0.000  C3: 0.000  C4: 0.112  
Site  252: C1: 0.617  C2: 0.000  C3: 0.000  C4: 0.382  
Site  253: C1: 0.776  C2: 0.000  C3: 0.000  C4: 0.224  
Site  254: C1: 0.630  C2: 0.000  C3: 0.000  C4: 0.370  
Site  255: C1: 0.000  C2: 0.000  C3: 0.000  C4: 1.000  
Site  256: C1: 0.669  C2: 0.000  C3: 0.000  C4: 0.331  
Site  257: C1: 0.776  C2: 0.000  C3: 0.000  C4: 0.224  
Site  258: C1: 0.630  C2: 0.000  C3: 0.000  C4: 0.370  
Site  259: C1: 0.000  C2: 0.000  C3: 0.000  C4: 1.000  
Site  260: C1: 0.875  C2: 0.000  C3: 0.000  C4: 0.125  
Site  261: C1: 0.705  C2: 0.000  C3: 0.000  C4: 0.295  
Site  262: C1: 0.433  C2: 0.000  C3: 0.000  C4: 0.567  
Site  263: C1: 0.979  C2: 0.000  C3: 0.000  C4: 0.021  
Site  264: C1: 0.689  C2: 0.000  C3: 0.000  C4: 0.311  
Site  265: C1: 0.713  C2: 0.000  C3: 0.000  C4: 0.287  
Site  266: C1: 0.000  C2: 0.000  C3: 0.000  C4: 1.000  
Site  267: C1: 0.880  C2: 0.000  C3: 0.000  C4: 0.120  
Site  268: C1: 0.978  C2: 0.000  C3: 0.000  C4: 0.022  
Site  269: C1: 0.617  C2: 0.000  C3: 0.000  C4: 0.382  
Site  270: C1: 0.003  C2: 0.000  C3: 0.000  C4: 0.997  
Site  271: C1: 0.000  C2: 0.000  C3: 0.000  C4: 0.999  
Site  272: C1: 0.972  C2: 0.000  C3: 0.000  C4: 0.028  
Site  273: C1: 0.705  C2: 0.000  C3: 0.000  C4: 0.295  
Site  274: C1: 0.680  C2: 0.000  C3: 0.000  C4: 0.320  
Site  275: C1: 0.896  C2: 0.000  C3: 0.000  C4: 0.104  
Site  276: C1: 0.705  C2: 0.000  C3: 0.000  C4: 0.295  
Site  277: C1: 0.000  C2: 0.000  C3: 0.000  C4: 1.000  
Site  278: C1: 0.707  C2: 0.000  C3: 0.000  C4: 0.293  
Site  279: C1: 0.637  C2: 0.000  C3: 0.000  C4: 0.363  
Site  280: C1: 0.627  C2: 0.000  C3: 0.000  C4: 0.373  
Site  281: C1: 0.621  C2: 0.000  C3: 0.000  C4: 0.379  
Site  282: C1: 0.000  C2: 0.000  C3: 0.000  C4: 1.000  
Site  283: C1: 0.906  C2: 0.000  C3: 0.000  C4: 0.094  
Site  284: C1: 0.627  C2: 0.000  C3: 0.000  C4: 0.373  
Site  285: C1: 0.601  C2: 0.000  C3: 0.000  C4: 0.399  
Site  286: C1: 0.669  C2: 0.000  C3: 0.000  C4: 0.331  
Site  287: C1: 0.705  C2: 0.000  C3: 0.000  C4: 0.295  
Site  288: C1: 0.776  C2: 0.000  C3: 0.000  C4: 0.224  
Site  289: C1: 0.622  C2: 0.000  C3: 0.000  C4: 0.378  
Site  290: C1: 0.000  C2: 0.000  C3: 0.000  C4: 1.000  
Site  291: C1: 0.969  C2: 0.000  C3: 0.000  C4: 0.031  
Site  292: C1: 0.000  C2: 0.000  C3: 0.000  C4: 1.000  
Site  293: C1: 0.705  C2: 0.000  C3: 0.000  C4: 0.295  
Site  294: C1: 0.666  C2: 0.000  C3: 0.000  C4: 0.334  
Site  295: C1: 0.617  C2: 0.000  C3: 0.000  C4: 0.382  
Site  296: C1: 0.663  C2: 0.000  C3: 0.000  C4: 0.337  
Site  297: C1: 0.001  C2: 0.000  C3: 0.000  C4: 0.999  
Site  298: C1: 0.974  C2: 0.000  C3: 0.000  C4: 0.026  
Site  299: C1: 0.000  C2: 0.000  C3: 0.000  C4: 1.000  
Site  300: C1: 0.001  C2: 0.000  C3: 0.000  C4: 0.999  
Site  301: C1: 0.680  C2: 0.000  C3: 0.000  C4: 0.320  
Site  302: C1: 0.689  C2: 0.000  C3: 0.000  C4: 0.311  
Site  303: C1: 0.601  C2: 0.000  C3: 0.000  C4: 0.399  
Site  304: C1: 0.630  C2: 0.000  C3: 0.000  C4: 0.370  
Site  305: C1: 0.669  C2: 0.000  C3: 0.000  C4: 0.331  
Site  306: C1: 0.680  C2: 0.000  C3: 0.000  C4: 0.320  
Site  307: C1: 0.669  C2: 0.000  C3: 0.000  C4: 0.331  
Site  308: C1: 0.776  C2: 0.000  C3: 0.000  C4: 0.224  
Site  309: C1: 0.776  C2: 0.000  C3: 0.000  C4: 0.224  
Site  310: C1: 0.689  C2: 0.000  C3: 0.000  C4: 0.311  
Site  311: C1: 0.663  C2: 0.000  C3: 0.000  C4: 0.337  
Site  312: C1: 0.637  C2: 0.000  C3: 0.000  C4: 0.363  
Site  313: C1: 0.705  C2: 0.000  C3: 0.000  C4: 0.295  
Site  314: C1: 0.557  C2: 0.000  C3: 0.000  C4: 0.443  
Site  315: C1: 0.689  C2: 0.000  C3: 0.000  C4: 0.311  
Site  316: C1: 0.689  C2: 0.000  C3: 0.000  C4: 0.311  
Site  317: C1: 0.776  C2: 0.000  C3: 0.000  C4: 0.224  
Site  318: C1: 0.621  C2: 0.000  C3: 0.000  C4: 0.379  
Site  319: C1: 0.889  C2: 0.000  C3: 0.000  C4: 0.111  
Site  320: C1: 0.891  C2: 0.000  C3: 0.000  C4: 0.109  
Site  321: C1: 0.955  C2: 0.000  C3: 0.000  C4: 0.045  
Site  322: C1: 0.689  C2: 0.000  C3: 0.000  C4: 0.311  
Site  323: C1: 0.901  C2: 0.000  C3: 0.000  C4: 0.098  
Site  324: C1: 0.627  C2: 0.000  C3: 0.000  C4: 0.373  
Site  325: C1: 0.000  C2: 0.000  C3: 0.000  C4: 0.999  
Site  326: C1: 0.001  C2: 0.000  C3: 0.000  C4: 0.999  
Site  327: C1: 0.859  C2: 0.000  C3: 0.000  C4: 0.141  
Site  328: C1: 0.433  C2: 0.000  C3: 0.000  C4: 0.567  
Site  329: C1: 0.000  C2: 0.000  C3: 0.000  C4: 1.000  
Site  330: C1: 0.917  C2: 0.000  C3: 0.000  C4: 0.083  
Site  331: C1: 0.979  C2: 0.000  C3: 0.000  C4: 0.021  
Site  332: C1: 0.663  C2: 0.000  C3: 0.000  C4: 0.337  
Site  333: C1: 0.000  C2: 0.000  C3: 0.000  C4: 1.000  
Site  334: C1: 0.621  C2: 0.000  C3: 0.000  C4: 0.379  
Site  335: C1: 0.000  C2: 0.000  C3: 0.000  C4: 1.000  
Site  336: C1: 0.878  C2: 0.000  C3: 0.000  C4: 0.122  
Site  337: C1: 0.617  C2: 0.000  C3: 0.000  C4: 0.382  
Site  338: C1: 0.621  C2: 0.000  C3: 0.000  C4: 0.379  
Site  339: C1: 0.663  C2: 0.000  C3: 0.000  C4: 0.337  
Site  340: C1: 0.589  C2: 0.000  C3: 0.000  C4: 0.410  
Site  341: C1: 0.663  C2: 0.000  C3: 0.000  C4: 0.337  
Site  342: C1: 0.622  C2: 0.000  C3: 0.000  C4: 0.378  
Site  343: C1: 0.695  C2: 0.000  C3: 0.000  C4: 0.305  
Site  344: C1: 0.637  C2: 0.000  C3: 0.000  C4: 0.363  
Site  345: C1: 0.608  C2: 0.000  C3: 0.000  C4: 0.391  
Site  346: C1: 0.594  C2: 0.000  C3: 0.000  C4: 0.406  
Site  347: C1: 0.879  C2: 0.000  C3: 0.000  C4: 0.121  
Site  348: C1: 0.617  C2: 0.000  C3: 0.000  C4: 0.382  

End time: 2025-12-15 14:59:05
