
--- MODEL SUMMARY ---
Model used: 1
Sequence file: input/RHO_seq.dat
Tree file: input/RHO.fa.tree
Log likelihood: -3066.815138
np: 109
Start time: 2025-12-15 09:31:33

--- BASE FREQUENCIES ---
T: 0.236657  C: 0.318224  A: 0.206786  G: 0.238333

--- BRANCH LENGTHS ---
Branch  0: 0.158616  (parent node 52 -> leaf Hiamp)
Branch  1: 0.000100  (parent node 52 -> internal node 53)
Branch  2: 0.000100  (parent node 53 -> internal node 54)
Branch  3: 0.009596  (parent node 54 -> internal node 55)
Branch  4: 0.004631  (parent node 55 -> internal node 56)
Branch  5: 0.013637  (parent node 56 -> internal node 57)
Branch  6: 0.006064  (parent node 57 -> internal node 58)
Branch  7: 0.006808  (parent node 58 -> internal node 59)
Branch  8: 0.000100  (parent node 59 -> internal node 60)
Branch  9: 0.002981  (parent node 60 -> leaf Ppho)
Branch 10: 0.000100  (parent node 60 -> leaf Psin)
Branch 11: 0.003069  (parent node 59 -> leaf Nsun)
Branch 12: 0.023820  (parent node 58 -> internal node 61)
Branch 13: 0.003027  (parent node 61 -> leaf Dleu)
Branch 14: 0.000100  (parent node 61 -> leaf Mmon)
Branch 15: 0.016003  (parent node 57 -> internal node 62)
Branch 16: 0.000100  (parent node 62 -> internal node 63)
Branch 17: 0.000100  (parent node 63 -> internal node 64)
Branch 18: 0.000100  (parent node 64 -> internal node 65)
Branch 19: 0.000100  (parent node 65 -> internal node 66)
Branch 20: 0.000100  (parent node 66 -> internal node 67)
Branch 21: 0.000100  (parent node 67 -> internal node 68)
Branch 22: 0.006071  (parent node 68 -> leaf Ttru)
Branch 23: 0.000100  (parent node 68 -> internal node 69)
Branch 24: 0.000100  (parent node 69 -> internal node 70)
Branch 25: 0.000100  (parent node 70 -> internal node 71)
Branch 26: 0.000100  (parent node 71 -> leaf Ddel)
Branch 27: 0.003035  (parent node 71 -> leaf Tadu)
Branch 28: 0.000100  (parent node 70 -> internal node 72)
Branch 29: 0.003030  (parent node 72 -> leaf Scoe)
Branch 30: 0.006069  (parent node 72 -> leaf Scly)
Branch 31: 0.003035  (parent node 69 -> leaf Sfro)
Branch 32: 0.006070  (parent node 67 -> leaf Schi)
Branch 33: 0.012198  (parent node 66 -> leaf Satt)
Branch 34: 0.009118  (parent node 65 -> leaf Slon)
Branch 35: 0.000100  (parent node 64 -> internal node 73)
Branch 36: 0.000100  (parent node 73 -> internal node 74)
Branch 37: 0.000100  (parent node 74 -> internal node 75)
Branch 38: 0.006079  (parent node 75 -> leaf Pcra)
Branch 39: 0.000100  (parent node 75 -> internal node 76)
Branch 40: 0.000100  (parent node 76 -> leaf Gmel)
Branch 41: 0.000100  (parent node 76 -> leaf Pele)
Branch 42: 0.000100  (parent node 74 -> leaf Ggri)
Branch 43: 0.000100  (parent node 73 -> leaf Sbre)
Branch 44: 0.000100  (parent node 63 -> internal node 77)
Branch 45: 0.000100  (parent node 77 -> internal node 78)
Branch 46: 0.003029  (parent node 78 -> leaf Lalb)
Branch 47: 0.009139  (parent node 78 -> leaf Lacu)
Branch 48: 0.003032  (parent node 77 -> internal node 79)
Branch 49: 0.003041  (parent node 79 -> leaf Ccom)
Branch 50: 0.012233  (parent node 79 -> leaf Aobl)
Branch 51: 0.009146  (parent node 62 -> leaf Oorc)
Branch 52: 0.021117  (parent node 56 -> internal node 80)
Branch 53: 0.061341  (parent node 80 -> leaf Igeo)
Branch 54: 0.023319  (parent node 80 -> leaf Lvex)
Branch 55: 0.035739  (parent node 55 -> internal node 81)
Branch 56: 0.015815  (parent node 81 -> leaf Zcav)
Branch 57: 0.006013  (parent node 81 -> internal node 82)
Branch 58: 0.005310  (parent node 82 -> internal node 83)
Branch 59: 0.008966  (parent node 83 -> leaf Mbid)
Branch 60: 0.000100  (parent node 83 -> internal node 84)
Branch 61: 0.000100  (parent node 84 -> internal node 85)
Branch 62: 0.008968  (parent node 85 -> leaf Mden)
Branch 63: 0.002981  (parent node 85 -> leaf Mste)
Branch 64: 0.002980  (parent node 84 -> internal node 86)
Branch 65: 0.002980  (parent node 86 -> leaf Mmir)
Branch 66: 0.000100  (parent node 86 -> leaf Meur)
Branch 67: 0.003661  (parent node 82 -> leaf Hyamp)
Branch 68: 0.022742  (parent node 54 -> internal node 87)
Branch 69: 0.000100  (parent node 87 -> leaf Pmin)
Branch 70: 0.000100  (parent node 87 -> leaf Pgan)
Branch 71: 0.024748  (parent node 53 -> internal node 88)
Branch 72: 0.006896  (parent node 88 -> leaf Pmac)
Branch 73: 0.052065  (parent node 88 -> internal node 89)
Branch 74: 0.003005  (parent node 89 -> leaf Kbre)
Branch 75: 0.000100  (parent node 89 -> leaf Ksim)
Branch 76: 0.022760  (parent node 52 -> internal node 90)
Branch 77: 0.003041  (parent node 90 -> internal node 91)
Branch 78: 0.015853  (parent node 91 -> internal node 92)
Branch 79: 0.000100  (parent node 92 -> internal node 93)
Branch 80: 0.000100  (parent node 93 -> internal node 94)
Branch 81: 0.012109  (parent node 94 -> leaf Bmus)
Branch 82: 0.009049  (parent node 94 -> internal node 95)
Branch 83: 0.000100  (parent node 95 -> internal node 96)
Branch 84: 0.000100  (parent node 96 -> leaf Bbor)
Branch 85: 0.000100  (parent node 96 -> leaf Bede)
Branch 86: 0.000100  (parent node 95 -> leaf Bric)
Branch 87: 0.009074  (parent node 93 -> internal node 97)
Branch 88: 0.000100  (parent node 97 -> internal node 98)
Branch 89: 0.003017  (parent node 98 -> leaf Bphy)
Branch 90: 0.012127  (parent node 98 -> leaf Mnov)
Branch 91: 0.009072  (parent node 97 -> leaf Erob)
Branch 92: 0.018311  (parent node 92 -> internal node 99)
Branch 93: 0.000100  (parent node 99 -> leaf Bacu)
Branch 94: 0.006047  (parent node 99 -> leaf Bbon)
Branch 95: 0.029990  (parent node 91 -> leaf Cmar)
Branch 96: 0.016259  (parent node 90 -> internal node 100)
Branch 97: 0.009362  (parent node 100 -> leaf Bmys)
Branch 98: 0.002777  (parent node 100 -> internal node 101)
Branch 99: 0.000100  (parent node 101 -> leaf Egla)
Branch 100: 0.000100  (parent node 101 -> leaf Eaus)

--- TREE WITH ESTIMATED BRANCH LENGTHS (NEWICK) ---
(Hiamp:0.158616,((((((((Ppho:0.00298147,Psin:0.0001):0.0001,Nsun:0.00306886):0.00680831,(Dleu:0.00302665,Mmon:0.0001):0.0238199):0.0060635,(((((((Ttru:0.00607082,(((Ddel:0.0001,Tadu:0.00303518):0.0001,(Scoe:0.00302999,Scly:0.00606878):0.0001):0.0001,Sfro:0.00303531):0.0001):0.0001,Schi:0.00607012):0.0001,Satt:0.0121977):0.0001,Slon:0.00911764):0.0001,(((Pcra:0.0060794,(Gmel:0.0001,Pele:0.0001):0.0001):0.0001,Ggri:0.0001):0.0001,Sbre:0.0001):0.0001):0.0001,((Lalb:0.00302939,Lacu:0.00913918):0.0001,(Ccom:0.00304054,Aobl:0.0122334):0.00303228):0.0001):0.0001,Oorc:0.00914644):0.0160027):0.0136368,(Igeo:0.061341,Lvex:0.0233193):0.0211167):0.00463074,(Zcav:0.0158154,((Mbid:0.00896594,((Mden:0.00896801,Mste:0.00298081):0.0001,(Mmir:0.00298,Meur:0.0001):0.00297977):0.0001):0.0053098,Hyamp:0.00366111):0.00601305):0.0357389):0.00959607,(Pmin:0.0001,Pgan:0.0001):0.0227421):0.0001,(Pmac:0.00689582,(Kbre:0.00300477,Ksim:0.0001):0.0520655):0.0247482):0.0001,(((((Bmus:0.0121093,((Bbor:0.0001,Bede:0.0001):0.0001,Bric:0.0001):0.00904937):0.0001,((Bphy:0.0030167,Mnov:0.012127):0.0001,Erob:0.00907153):0.00907448):0.0001,(Bacu:0.0001,Bbon:0.00604712):0.0183114):0.0158531,Cmar:0.0299904):0.0030415,(Bmys:0.00936216,(Egla:0.0001,Eaus:0.0001):0.00277705):0.0162587):0.0227604);

--- ASCII PHYLOGRAM (estimated branch lengths) ---

[DEBUG] ASCII phylogram ('-' = background, '=' = foreground)
(root)
|---------------------------------------- Hiamp
|-- (*)
|  |-- (*)
|  |  |-- (*)
|  |  |  |-- (*)
|  |  |  |  |--- (*)
|  |  |  |  |   |-- (*)
|  |  |  |  |   |  |-- (*)
|  |  |  |  |   |  |  |-- (*)
|  |  |  |  |   |  |  |  |-- Ppho
|  |  |  |  |   |  |  |  `-- Psin
|  |  |  |  |   |  |  `-- Nsun
|  |  |  |  |   |  `------ (*)
|  |  |  |  |   |         |-- Dleu
|  |  |  |  |   |         `-- Mmon
|  |  |  |  |   `---- (*)
|  |  |  |  |        |-- (*)
|  |  |  |  |        |  |-- (*)
|  |  |  |  |        |  |  |-- (*)
|  |  |  |  |        |  |  |  |-- (*)
|  |  |  |  |        |  |  |  |  |-- (*)
|  |  |  |  |        |  |  |  |  |  |-- (*)
|  |  |  |  |        |  |  |  |  |  |  |-- Ttru
|  |  |  |  |        |  |  |  |  |  |  `-- (*)
|  |  |  |  |        |  |  |  |  |  |     |-- (*)
|  |  |  |  |        |  |  |  |  |  |     |  |-- (*)
|  |  |  |  |        |  |  |  |  |  |     |  |  |-- Ddel
|  |  |  |  |        |  |  |  |  |  |     |  |  `-- Tadu
|  |  |  |  |        |  |  |  |  |  |     |  `-- (*)
|  |  |  |  |        |  |  |  |  |  |     |     |-- Scoe
|  |  |  |  |        |  |  |  |  |  |     |     `-- Scly
|  |  |  |  |        |  |  |  |  |  |     `-- Sfro
|  |  |  |  |        |  |  |  |  |  `-- Schi
|  |  |  |  |        |  |  |  |  `--- Satt
|  |  |  |  |        |  |  |  `-- Slon
|  |  |  |  |        |  |  `-- (*)
|  |  |  |  |        |  |     |-- (*)
|  |  |  |  |        |  |     |  |-- (*)
|  |  |  |  |        |  |     |  |  |-- Pcra
|  |  |  |  |        |  |     |  |  `-- (*)
|  |  |  |  |        |  |     |  |     |-- Gmel
|  |  |  |  |        |  |     |  |     `-- Pele
|  |  |  |  |        |  |     |  `-- Ggri
|  |  |  |  |        |  |     `-- Sbre
|  |  |  |  |        |  `-- (*)
|  |  |  |  |        |     |-- (*)
|  |  |  |  |        |     |  |-- Lalb
|  |  |  |  |        |     |  `-- Lacu
|  |  |  |  |        |     `-- (*)
|  |  |  |  |        |        |-- Ccom
|  |  |  |  |        |        `--- Aobl
|  |  |  |  |        `-- Oorc
|  |  |  |  `----- (*)
|  |  |  |        |--------------- Igeo
|  |  |  |        `------ Lvex
|  |  |  `========= (*) [#1]
|  |  |            |---- Zcav
|  |  |            `-- (*)
|  |  |               |-- (*)
|  |  |               |  |-- Mbid
|  |  |               |  `-- (*)
|  |  |               |     |-- (*)
|  |  |               |     |  |-- Mden
|  |  |               |     |  `-- Mste
|  |  |               |     `-- (*)
|  |  |               |        |-- Mmir
|  |  |               |        `-- Meur
|  |  |               `-- Hyamp
|  |  `------ (*)
|  |         |-- Pmin
|  |         `-- Pgan
|  `====== (*) [#1]
|         |-- Pmac
|         `------------- (*)
|                       |-- Kbre
|                       `-- Ksim
`------ (*)
       |-- (*)
       |  |---- (*)
       |  |    |-- (*)
       |  |    |  |-- (*)
       |  |    |  |  |--- Bmus
       |  |    |  |  `-- (*)
       |  |    |  |     |-- (*)
       |  |    |  |     |  |-- Bbor
       |  |    |  |     |  `-- Bede
       |  |    |  |     `-- Bric
       |  |    |  `-- (*)
       |  |    |     |-- (*)
       |  |    |     |  |-- Bphy
       |  |    |     |  `--- Mnov
       |  |    |     `-- Erob
       |  |    `----- (*)
       |  |          |-- Bacu
       |  |          `-- Bbon
       |  `-------- Cmar
       `---- (*)
            |-- Bmys
            `-- (*)
               |-- Egla
               `-- Eaus

--- PARAMETERS ---
Kappa: 6.043766
Omega[0]: 0.008484
Omega[1]: 3.419659
Gamma[0][0]: 0.000100
Gamma[0][1]: 1.000100

--- CATEGORY PROBABILITIES ---
P(Omega 0, Gamma 0): 0.589370
P(Omega 0, Gamma 1): 0.132031
P(Omega 1, Gamma 0): 0.209844
P(Omega 1, Gamma 1): 0.068756

--- POSTERIOR PROBABILITIES PER SITE ---
Site    1: C1: 0.737  C2: 0.167  C3: 0.068  C4: 0.028  
Site    2: C1: 0.848  C2: 0.119  C3: 0.025  C4: 0.008  
Site    3: C1: 0.535  C2: 0.091  C3: 0.293  C4: 0.081  
Site    4: C1: 0.825  C2: 0.093  C3: 0.065  C4: 0.017  
Site    5: C1: 0.851  C2: 0.083  C3: 0.052  C4: 0.014  
Site    6: C1: 0.586  C2: 0.111  C3: 0.232  C4: 0.071  
Site    7: C1: 0.000  C2: 0.909  C3: 0.000  C4: 0.091  
Site    8: C1: 0.677  C2: 0.188  C3: 0.096  C4: 0.039  
Site    9: C1: 0.684  C2: 0.190  C3: 0.089  C4: 0.037  
Site   10: C1: 0.859  C2: 0.084  C3: 0.045  C4: 0.012  
Site   11: C1: 0.610  C2: 0.184  C3: 0.149  C4: 0.057  
Site   12: C1: 0.460  C2: 0.078  C3: 0.366  C4: 0.096  
Site   13: C1: 0.684  C2: 0.190  C3: 0.089  C4: 0.037  
Site   14: C1: 0.992  C2: 0.008  C3: 0.000  C4: 0.000  
Site   15: C1: 0.677  C2: 0.188  C3: 0.096  C4: 0.039  
Site   16: C1: 0.000  C2: 0.000  C3: 0.033  C4: 0.967  
Site   17: C1: 0.926  C2: 0.055  C3: 0.016  C4: 0.004  
Site   18: C1: 0.586  C2: 0.111  C3: 0.232  C4: 0.071  
Site   19: C1: 0.610  C2: 0.184  C3: 0.149  C4: 0.057  
Site   20: C1: 0.610  C2: 0.184  C3: 0.149  C4: 0.057  
Site   21: C1: 0.594  C2: 0.130  C3: 0.208  C4: 0.068  
Site   22: C1: 0.678  C2: 0.159  C3: 0.118  C4: 0.044  
Site   23: C1: 0.470  C2: 0.061  C3: 0.378  C4: 0.090  
Site   24: C1: 0.001  C2: 0.925  C3: 0.007  C4: 0.067  
Site   25: C1: 0.628  C2: 0.121  C3: 0.190  C4: 0.061  
Site   26: C1: 0.859  C2: 0.084  C3: 0.045  C4: 0.012  
Site   27: C1: 0.473  C2: 0.077  C3: 0.357  C4: 0.093  
Site   28: C1: 0.596  C2: 0.116  C3: 0.220  C4: 0.068  
Site   29: C1: 0.652  C2: 0.125  C3: 0.167  C4: 0.055  
Site   30: C1: 0.652  C2: 0.125  C3: 0.167  C4: 0.055  
Site   31: C1: 0.418  C2: 0.132  C3: 0.341  C4: 0.109  
Site   32: C1: 0.826  C2: 0.085  C3: 0.071  C4: 0.018  
Site   33: C1: 0.628  C2: 0.121  C3: 0.190  C4: 0.061  
Site   34: C1: 0.788  C2: 0.065  C3: 0.121  C4: 0.026  
Site   35: C1: 0.693  C2: 0.156  C3: 0.110  C4: 0.041  
Site   36: C1: 0.596  C2: 0.116  C3: 0.220  C4: 0.068  
Site   37: C1: 0.684  C2: 0.190  C3: 0.089  C4: 0.037  
Site   38: C1: 0.597  C2: 0.125  C3: 0.210  C4: 0.068  
Site   39: C1: 0.039  C2: 0.006  C3: 0.721  C4: 0.234  
Site   40: C1: 0.418  C2: 0.132  C3: 0.341  C4: 0.109  
Site   41: C1: 0.972  C2: 0.024  C3: 0.004  C4: 0.001  
Site   42: C1: 0.573  C2: 0.109  C3: 0.245  C4: 0.073  
Site   43: C1: 0.652  C2: 0.125  C3: 0.167  C4: 0.055  
Site   44: C1: 0.737  C2: 0.167  C3: 0.068  C4: 0.028  
Site   45: C1: 0.064  C2: 0.009  C3: 0.689  C4: 0.238  
Site   46: C1: 0.893  C2: 0.071  C3: 0.029  C4: 0.006  
Site   47: C1: 0.418  C2: 0.132  C3: 0.341  C4: 0.109  
Site   48: C1: 0.837  C2: 0.128  C3: 0.026  C4: 0.009  
Site   49: C1: 0.000  C2: 0.000  C3: 0.788  C4: 0.211  
Site   50: C1: 0.996  C2: 0.004  C3: 0.000  C4: 0.000  
Site   51: C1: 0.024  C2: 0.002  C3: 0.776  C4: 0.197  
Site   52: C1: 0.684  C2: 0.190  C3: 0.089  C4: 0.037  
Site   53: C1: 0.470  C2: 0.061  C3: 0.378  C4: 0.090  
Site   54: C1: 0.659  C2: 0.198  C3: 0.101  C4: 0.042  
Site   55: C1: 0.677  C2: 0.188  C3: 0.096  C4: 0.039  
Site   56: C1: 0.684  C2: 0.190  C3: 0.089  C4: 0.037  
Site   57: C1: 0.606  C2: 0.139  C3: 0.191  C4: 0.064  
Site   58: C1: 0.933  C2: 0.050  C3: 0.014  C4: 0.003  
Site   59: C1: 0.606  C2: 0.139  C3: 0.191  C4: 0.064  
Site   60: C1: 0.859  C2: 0.084  C3: 0.045  C4: 0.012  
Site   61: C1: 0.630  C2: 0.210  C3: 0.112  C4: 0.047  
Site   62: C1: 0.829  C2: 0.091  C3: 0.063  C4: 0.017  
Site   63: C1: 0.957  C2: 0.042  C3: 0.001  C4: 0.000  
Site   64: C1: 0.596  C2: 0.116  C3: 0.220  C4: 0.068  
Site   65: C1: 0.690  C2: 0.177  C3: 0.095  C4: 0.038  
Site   66: C1: 0.639  C2: 0.139  C3: 0.165  C4: 0.056  
Site   67: C1: 0.639  C2: 0.139  C3: 0.165  C4: 0.056  
Site   68: C1: 0.418  C2: 0.132  C3: 0.341  C4: 0.109  
Site   69: C1: 0.594  C2: 0.130  C3: 0.208  C4: 0.068  
Site   70: C1: 0.579  C2: 0.128  C3: 0.222  C4: 0.072  
Site   71: C1: 0.460  C2: 0.078  C3: 0.366  C4: 0.096  
Site   72: C1: 0.829  C2: 0.098  C3: 0.057  C4: 0.016  
Site   73: C1: 0.677  C2: 0.188  C3: 0.096  C4: 0.039  
Site   74: C1: 0.652  C2: 0.125  C3: 0.167  C4: 0.055  
Site   75: C1: 0.659  C2: 0.198  C3: 0.101  C4: 0.042  
Site   76: C1: 0.418  C2: 0.132  C3: 0.341  C4: 0.109  
Site   77: C1: 0.606  C2: 0.139  C3: 0.191  C4: 0.064  
Site   78: C1: 0.677  C2: 0.188  C3: 0.096  C4: 0.039  
Site   79: C1: 0.418  C2: 0.132  C3: 0.341  C4: 0.109  
Site   80: C1: 0.828  C2: 0.081  C3: 0.073  C4: 0.018  
Site   81: C1: 0.820  C2: 0.126  C3: 0.041  C4: 0.013  
Site   82: C1: 0.828  C2: 0.081  C3: 0.073  C4: 0.018  
Site   83: C1: 0.000  C2: 0.000  C3: 0.814  C4: 0.186  
Site   84: C1: 0.606  C2: 0.139  C3: 0.191  C4: 0.064  
Site   85: C1: 0.684  C2: 0.190  C3: 0.089  C4: 0.037  
Site   86: C1: 0.737  C2: 0.167  C3: 0.068  C4: 0.028  
Site   87: C1: 0.630  C2: 0.210  C3: 0.112  C4: 0.047  
Site   88: C1: 0.000  C2: 0.000  C3: 0.916  C4: 0.084  
Site   89: C1: 0.563  C2: 0.119  C3: 0.242  C4: 0.075  
Site   90: C1: 0.586  C2: 0.111  C3: 0.232  C4: 0.071  
Site   91: C1: 0.684  C2: 0.190  C3: 0.089  C4: 0.037  
Site   92: C1: 0.601  C2: 0.123  C3: 0.210  C4: 0.067  
Site   93: C1: 0.601  C2: 0.123  C3: 0.210  C4: 0.067  
Site   94: C1: 0.001  C2: 0.845  C3: 0.000  C4: 0.154  
Site   95: C1: 0.606  C2: 0.139  C3: 0.191  C4: 0.064  
Site   96: C1: 0.652  C2: 0.125  C3: 0.167  C4: 0.055  
Site   97: C1: 0.601  C2: 0.123  C3: 0.210  C4: 0.067  
Site   98: C1: 0.563  C2: 0.132  C3: 0.231  C4: 0.075  
Site   99: C1: 0.000  C2: 0.000  C3: 0.880  C4: 0.120  
Site  100: C1: 0.236  C2: 0.016  C3: 0.586  C4: 0.162  
Site  101: C1: 0.002  C2: 0.899  C3: 0.026  C4: 0.073  
Site  102: C1: 0.652  C2: 0.125  C3: 0.167  C4: 0.055  
Site  103: C1: 0.684  C2: 0.190  C3: 0.089  C4: 0.037  
Site  104: C1: 0.000  C2: 0.000  C3: 0.894  C4: 0.106  
Site  105: C1: 0.245  C2: 0.018  C3: 0.574  C4: 0.164  
Site  106: C1: 0.535  C2: 0.091  C3: 0.293  C4: 0.081  
Site  107: C1: 0.470  C2: 0.061  C3: 0.378  C4: 0.090  
Site  108: C1: 0.970  C2: 0.027  C3: 0.003  C4: 0.001  
Site  109: C1: 0.805  C2: 0.075  C3: 0.097  C4: 0.023  
Site  110: C1: 0.617  C2: 0.084  C3: 0.235  C4: 0.064  
Site  111: C1: 0.954  C2: 0.043  C3: 0.003  C4: 0.001  
Site  112: C1: 0.000  C2: 0.000  C3: 0.820  C4: 0.180  
Site  113: C1: 0.628  C2: 0.121  C3: 0.190  C4: 0.061  
Site  114: C1: 0.586  C2: 0.111  C3: 0.232  C4: 0.071  
Site  115: C1: 0.684  C2: 0.190  C3: 0.089  C4: 0.037  
Site  116: C1: 0.838  C2: 0.119  C3: 0.032  C4: 0.010  
Site  117: C1: 0.573  C2: 0.109  C3: 0.245  C4: 0.073  
Site  118: C1: 0.601  C2: 0.123  C3: 0.210  C4: 0.067  
Site  119: C1: 0.729  C2: 0.117  C3: 0.121  C4: 0.033  
Site  120: C1: 0.838  C2: 0.079  C3: 0.066  C4: 0.017  
Site  121: C1: 0.563  C2: 0.119  C3: 0.242  C4: 0.075  
Site  122: C1: 0.617  C2: 0.125  C3: 0.196  C4: 0.063  
Site  123: C1: 0.003  C2: 0.000  C3: 0.811  C4: 0.186  
Site  124: C1: 0.573  C2: 0.109  C3: 0.245  C4: 0.073  
Site  125: C1: 0.012  C2: 0.002  C3: 0.776  C4: 0.209  
Site  126: C1: 0.693  C2: 0.156  C3: 0.110  C4: 0.041  
Site  127: C1: 0.835  C2: 0.089  C3: 0.060  C4: 0.016  
Site  128: C1: 0.523  C2: 0.194  C3: 0.205  C4: 0.078  
Site  129: C1: 0.610  C2: 0.184  C3: 0.149  C4: 0.057  
Site  130: C1: 0.630  C2: 0.210  C3: 0.112  C4: 0.047  
Site  131: C1: 0.418  C2: 0.132  C3: 0.341  C4: 0.109  
Site  132: C1: 0.573  C2: 0.109  C3: 0.245  C4: 0.073  
Site  133: C1: 0.921  C2: 0.071  C3: 0.006  C4: 0.002  
Site  134: C1: 0.628  C2: 0.121  C3: 0.190  C4: 0.061  
Site  135: C1: 0.923  C2: 0.055  C3: 0.018  C4: 0.004  
Site  136: C1: 0.652  C2: 0.125  C3: 0.167  C4: 0.055  
Site  137: C1: 0.000  C2: 0.000  C3: 0.790  C4: 0.210  
Site  138: C1: 0.610  C2: 0.184  C3: 0.149  C4: 0.057  
Site  139: C1: 0.610  C2: 0.184  C3: 0.149  C4: 0.057  
Site  140: C1: 0.587  C2: 0.097  C3: 0.245  C4: 0.071  
Site  141: C1: 0.639  C2: 0.139  C3: 0.165  C4: 0.056  
Site  142: C1: 0.793  C2: 0.052  C3: 0.129  C4: 0.026  
Site  143: C1: 0.737  C2: 0.167  C3: 0.068  C4: 0.028  
Site  144: C1: 0.678  C2: 0.159  C3: 0.118  C4: 0.044  
Site  145: C1: 0.677  C2: 0.188  C3: 0.096  C4: 0.039  
Site  146: C1: 0.684  C2: 0.190  C3: 0.089  C4: 0.037  
Site  147: C1: 0.594  C2: 0.130  C3: 0.208  C4: 0.068  
Site  148: C1: 0.684  C2: 0.190  C3: 0.089  C4: 0.037  
Site  149: C1: 0.535  C2: 0.091  C3: 0.293  C4: 0.081  
Site  150: C1: 0.628  C2: 0.121  C3: 0.190  C4: 0.061  
Site  151: C1: 0.001  C2: 0.000  C3: 0.779  C4: 0.221  
Site  152: C1: 0.841  C2: 0.114  C3: 0.034  C4: 0.011  
Site  153: C1: 0.573  C2: 0.109  C3: 0.245  C4: 0.073  
Site  154: C1: 0.659  C2: 0.198  C3: 0.101  C4: 0.042  
Site  155: C1: 0.001  C2: 0.000  C3: 0.778  C4: 0.221  
Site  156: C1: 0.586  C2: 0.111  C3: 0.232  C4: 0.071  
Site  157: C1: 0.838  C2: 0.095  C3: 0.052  C4: 0.015  
Site  158: C1: 0.002  C2: 0.911  C3: 0.016  C4: 0.072  
Site  159: C1: 0.032  C2: 0.004  C3: 0.746  C4: 0.218  
Site  160: C1: 0.971  C2: 0.026  C3: 0.003  C4: 0.001  
Site  161: C1: 0.693  C2: 0.156  C3: 0.110  C4: 0.041  
Site  162: C1: 0.054  C2: 0.008  C3: 0.696  C4: 0.242  
Site  163: C1: 0.737  C2: 0.167  C3: 0.068  C4: 0.028  
Site  164: C1: 0.813  C2: 0.089  C3: 0.078  C4: 0.020  
Site  165: C1: 0.000  C2: 0.000  C3: 0.809  C4: 0.190  
Site  166: C1: 0.828  C2: 0.081  C3: 0.073  C4: 0.018  
Site  167: C1: 0.841  C2: 0.070  C3: 0.072  C4: 0.017  
Site  168: C1: 0.573  C2: 0.109  C3: 0.245  C4: 0.073  
Site  169: C1: 0.097  C2: 0.005  C3: 0.738  C4: 0.159  
Site  170: C1: 0.793  C2: 0.053  C3: 0.129  C4: 0.026  
Site  171: C1: 0.932  C2: 0.031  C3: 0.031  C4: 0.005  
Site  172: C1: 0.606  C2: 0.139  C3: 0.191  C4: 0.064  
Site  173: C1: 0.630  C2: 0.210  C3: 0.112  C4: 0.047  
Site  174: C1: 0.586  C2: 0.111  C3: 0.232  C4: 0.071  
Site  175: C1: 0.693  C2: 0.156  C3: 0.110  C4: 0.041  
Site  176: C1: 0.597  C2: 0.125  C3: 0.210  C4: 0.068  
Site  177: C1: 0.572  C2: 0.096  C3: 0.259  C4: 0.074  
Site  178: C1: 0.652  C2: 0.125  C3: 0.167  C4: 0.055  
Site  179: C1: 0.659  C2: 0.198  C3: 0.101  C4: 0.042  
Site  180: C1: 0.926  C2: 0.040  C3: 0.029  C4: 0.005  
Site  181: C1: 0.628  C2: 0.121  C3: 0.190  C4: 0.061  
Site  182: C1: 0.516  C2: 0.095  C3: 0.303  C4: 0.086  
Site  183: C1: 0.737  C2: 0.167  C3: 0.068  C4: 0.028  
Site  184: C1: 0.596  C2: 0.116  C3: 0.220  C4: 0.068  
Site  185: C1: 0.617  C2: 0.084  C3: 0.235  C4: 0.064  
Site  186: C1: 0.817  C2: 0.094  C3: 0.071  C4: 0.019  
Site  187: C1: 0.949  C2: 0.033  C3: 0.015  C4: 0.003  
Site  188: C1: 0.535  C2: 0.091  C3: 0.293  C4: 0.081  
Site  189: C1: 0.523  C2: 0.020  C3: 0.371  C4: 0.085  
Site  190: C1: 0.659  C2: 0.115  C3: 0.171  C4: 0.054  
Site  191: C1: 0.652  C2: 0.125  C3: 0.167  C4: 0.055  
Site  192: C1: 0.941  C2: 0.046  C3: 0.010  C4: 0.002  
Site  193: C1: 0.929  C2: 0.053  C3: 0.015  C4: 0.003  
Site  194: C1: 0.000  C2: 0.930  C3: 0.000  C4: 0.070  
Site  195: C1: 0.000  C2: 0.000  C3: 0.842  C4: 0.158  
Site  196: C1: 0.988  C2: 0.011  C3: 0.001  C4: 0.000  
Site  197: C1: 0.628  C2: 0.121  C3: 0.190  C4: 0.061  
Site  198: C1: 0.048  C2: 0.008  C3: 0.700  C4: 0.245  
Site  199: C1: 0.677  C2: 0.188  C3: 0.096  C4: 0.039  
Site  200: C1: 0.839  C2: 0.118  C3: 0.033  C4: 0.011  
Site  201: C1: 0.939  C2: 0.047  C3: 0.012  C4: 0.003  
Site  202: C1: 0.597  C2: 0.125  C3: 0.210  C4: 0.068  
Site  203: C1: 0.927  C2: 0.067  C3: 0.005  C4: 0.002  
Site  204: C1: 0.630  C2: 0.210  C3: 0.112  C4: 0.047  
Site  205: C1: 0.054  C2: 0.008  C3: 0.696  C4: 0.241  
Site  206: C1: 0.652  C2: 0.125  C3: 0.167  C4: 0.055  
Site  207: C1: 0.737  C2: 0.167  C3: 0.068  C4: 0.028  
Site  208: C1: 0.852  C2: 0.118  C3: 0.022  C4: 0.008  
Site  209: C1: 0.610  C2: 0.184  C3: 0.149  C4: 0.057  
Site  210: C1: 0.823  C2: 0.137  C3: 0.030  C4: 0.010  
Site  211: C1: 0.690  C2: 0.177  C3: 0.095  C4: 0.038  
Site  212: C1: 0.684  C2: 0.190  C3: 0.089  C4: 0.037  
Site  213: C1: 0.000  C2: 0.000  C3: 0.817  C4: 0.183  
Site  214: C1: 0.659  C2: 0.198  C3: 0.101  C4: 0.042  
Site  215: C1: 0.470  C2: 0.061  C3: 0.378  C4: 0.090  
Site  216: C1: 0.000  C2: 0.000  C3: 0.823  C4: 0.177  
Site  217: C1: 0.003  C2: 0.000  C3: 0.802  C4: 0.195  
Site  218: C1: 0.659  C2: 0.198  C3: 0.101  C4: 0.042  
Site  219: C1: 0.846  C2: 0.120  C3: 0.025  C4: 0.009  
Site  220: C1: 0.063  C2: 0.009  C3: 0.690  C4: 0.238  
Site  221: C1: 0.850  C2: 0.120  C3: 0.023  C4: 0.008  
Site  222: C1: 0.617  C2: 0.084  C3: 0.235  C4: 0.064  
Site  223: C1: 0.993  C2: 0.006  C3: 0.000  C4: 0.000  
Site  224: C1: 0.535  C2: 0.091  C3: 0.293  C4: 0.081  
Site  225: C1: 0.596  C2: 0.116  C3: 0.220  C4: 0.068  
Site  226: C1: 0.729  C2: 0.117  C3: 0.121  C4: 0.032  
Site  227: C1: 0.630  C2: 0.210  C3: 0.112  C4: 0.047  
Site  228: C1: 0.850  C2: 0.120  C3: 0.023  C4: 0.008  
Site  229: C1: 0.561  C2: 0.131  C3: 0.232  C4: 0.075  
Site  230: C1: 0.630  C2: 0.210  C3: 0.112  C4: 0.047  
Site  231: C1: 0.639  C2: 0.139  C3: 0.165  C4: 0.056  
Site  232: C1: 0.628  C2: 0.121  C3: 0.190  C4: 0.061  
Site  233: C1: 0.971  C2: 0.025  C3: 0.003  C4: 0.001  
Site  234: C1: 0.545  C2: 0.118  C3: 0.258  C4: 0.080  
Site  235: C1: 0.830  C2: 0.080  C3: 0.072  C4: 0.018  
Site  236: C1: 0.831  C2: 0.087  C3: 0.065  C4: 0.017  
Site  237: C1: 0.596  C2: 0.116  C3: 0.220  C4: 0.068  
Site  238: C1: 0.837  C2: 0.083  C3: 0.063  C4: 0.016  
Site  239: C1: 0.628  C2: 0.121  C3: 0.190  C4: 0.061  
Site  240: C1: 0.815  C2: 0.094  C3: 0.071  C4: 0.019  
Site  241: C1: 0.828  C2: 0.081  C3: 0.073  C4: 0.018  
Site  242: C1: 0.601  C2: 0.123  C3: 0.210  C4: 0.067  
Site  243: C1: 0.968  C2: 0.028  C3: 0.003  C4: 0.001  
Site  244: C1: 0.596  C2: 0.116  C3: 0.220  C4: 0.068  
Site  245: C1: 0.639  C2: 0.139  C3: 0.165  C4: 0.056  
Site  246: C1: 0.830  C2: 0.080  C3: 0.072  C4: 0.018  
Site  247: C1: 0.628  C2: 0.121  C3: 0.190  C4: 0.061  
Site  248: C1: 0.639  C2: 0.139  C3: 0.165  C4: 0.056  
Site  249: C1: 0.628  C2: 0.121  C3: 0.190  C4: 0.061  
Site  250: C1: 0.630  C2: 0.210  C3: 0.112  C4: 0.047  
Site  251: C1: 0.833  C2: 0.090  C3: 0.061  C4: 0.016  
Site  252: C1: 0.594  C2: 0.130  C3: 0.208  C4: 0.068  
Site  253: C1: 0.737  C2: 0.167  C3: 0.068  C4: 0.028  
Site  254: C1: 0.630  C2: 0.210  C3: 0.112  C4: 0.047  
Site  255: C1: 0.000  C2: 0.000  C3: 0.856  C4: 0.144  
Site  256: C1: 0.659  C2: 0.198  C3: 0.101  C4: 0.042  
Site  257: C1: 0.737  C2: 0.167  C3: 0.068  C4: 0.028  
Site  258: C1: 0.630  C2: 0.210  C3: 0.112  C4: 0.047  
Site  259: C1: 0.000  C2: 0.000  C3: 0.863  C4: 0.137  
Site  260: C1: 0.813  C2: 0.089  C3: 0.078  C4: 0.020  
Site  261: C1: 0.684  C2: 0.190  C3: 0.089  C4: 0.037  
Site  262: C1: 0.418  C2: 0.132  C3: 0.341  C4: 0.109  
Site  263: C1: 0.921  C2: 0.071  C3: 0.006  C4: 0.002  
Site  264: C1: 0.617  C2: 0.084  C3: 0.235  C4: 0.064  
Site  265: C1: 0.693  C2: 0.156  C3: 0.110  C4: 0.041  
Site  266: C1: 0.000  C2: 0.000  C3: 0.821  C4: 0.179  
Site  267: C1: 0.792  C2: 0.053  C3: 0.130  C4: 0.026  
Site  268: C1: 0.935  C2: 0.051  C3: 0.012  C4: 0.003  
Site  269: C1: 0.573  C2: 0.109  C3: 0.245  C4: 0.073  
Site  270: C1: 0.195  C2: 0.015  C3: 0.629  C4: 0.161  
Site  271: C1: 0.036  C2: 0.006  C3: 0.725  C4: 0.233  
Site  272: C1: 0.928  C2: 0.050  C3: 0.018  C4: 0.004  
Site  273: C1: 0.684  C2: 0.190  C3: 0.089  C4: 0.037  
Site  274: C1: 0.652  C2: 0.125  C3: 0.167  C4: 0.055  
Site  275: C1: 0.829  C2: 0.125  C3: 0.035  C4: 0.011  
Site  276: C1: 0.684  C2: 0.190  C3: 0.089  C4: 0.037  
Site  277: C1: 0.000  C2: 0.000  C3: 0.841  C4: 0.158  
Site  278: C1: 0.690  C2: 0.177  C3: 0.095  C4: 0.038  
Site  279: C1: 0.596  C2: 0.116  C3: 0.220  C4: 0.068  
Site  280: C1: 0.586  C2: 0.111  C3: 0.232  C4: 0.071  
Site  281: C1: 0.597  C2: 0.125  C3: 0.210  C4: 0.068  
Site  282: C1: 0.000  C2: 0.000  C3: 0.844  C4: 0.156  
Site  283: C1: 0.838  C2: 0.120  C3: 0.032  C4: 0.011  
Site  284: C1: 0.586  C2: 0.111  C3: 0.232  C4: 0.071  
Site  285: C1: 0.470  C2: 0.061  C3: 0.378  C4: 0.090  
Site  286: C1: 0.659  C2: 0.198  C3: 0.101  C4: 0.042  
Site  287: C1: 0.684  C2: 0.190  C3: 0.089  C4: 0.037  
Site  288: C1: 0.737  C2: 0.167  C3: 0.068  C4: 0.028  
Site  289: C1: 0.601  C2: 0.123  C3: 0.210  C4: 0.067  
Site  290: C1: 0.000  C2: 0.000  C3: 0.833  C4: 0.167  
Site  291: C1: 0.926  C2: 0.039  C3: 0.029  C4: 0.005  
Site  292: C1: 0.000  C2: 1.000  C3: 0.000  C4: 0.000  
Site  293: C1: 0.684  C2: 0.190  C3: 0.089  C4: 0.037  
Site  294: C1: 0.648  C2: 0.182  C3: 0.122  C4: 0.048  
Site  295: C1: 0.573  C2: 0.109  C3: 0.245  C4: 0.073  
Site  296: C1: 0.639  C2: 0.139  C3: 0.165  C4: 0.056  
Site  297: C1: 0.035  C2: 0.004  C3: 0.740  C4: 0.220  
Site  298: C1: 0.932  C2: 0.051  C3: 0.014  C4: 0.003  
Site  299: C1: 0.000  C2: 0.993  C3: 0.000  C4: 0.007  
Site  300: C1: 0.054  C2: 0.008  C3: 0.696  C4: 0.242  
Site  301: C1: 0.652  C2: 0.125  C3: 0.167  C4: 0.055  
Site  302: C1: 0.677  C2: 0.188  C3: 0.096  C4: 0.039  
Site  303: C1: 0.470  C2: 0.061  C3: 0.378  C4: 0.090  
Site  304: C1: 0.630  C2: 0.210  C3: 0.112  C4: 0.047  
Site  305: C1: 0.659  C2: 0.198  C3: 0.101  C4: 0.042  
Site  306: C1: 0.652  C2: 0.125  C3: 0.167  C4: 0.055  
Site  307: C1: 0.659  C2: 0.198  C3: 0.101  C4: 0.042  
Site  308: C1: 0.737  C2: 0.167  C3: 0.068  C4: 0.028  
Site  309: C1: 0.737  C2: 0.167  C3: 0.068  C4: 0.028  
Site  310: C1: 0.677  C2: 0.188  C3: 0.096  C4: 0.039  
Site  311: C1: 0.639  C2: 0.139  C3: 0.165  C4: 0.056  
Site  312: C1: 0.596  C2: 0.116  C3: 0.220  C4: 0.068  
Site  313: C1: 0.684  C2: 0.190  C3: 0.089  C4: 0.037  
Site  314: C1: 0.536  C2: 0.136  C3: 0.247  C4: 0.081  
Site  315: C1: 0.677  C2: 0.188  C3: 0.096  C4: 0.039  
Site  316: C1: 0.617  C2: 0.084  C3: 0.235  C4: 0.064  
Site  317: C1: 0.737  C2: 0.167  C3: 0.068  C4: 0.028  
Site  318: C1: 0.606  C2: 0.139  C3: 0.191  C4: 0.064  
Site  319: C1: 0.838  C2: 0.087  C3: 0.060  C4: 0.016  
Site  320: C1: 0.840  C2: 0.086  C3: 0.058  C4: 0.016  
Site  321: C1: 0.901  C2: 0.068  C3: 0.026  C4: 0.006  
Site  322: C1: 0.617  C2: 0.084  C3: 0.235  C4: 0.064  
Site  323: C1: 0.840  C2: 0.071  C3: 0.072  C4: 0.017  
Site  324: C1: 0.586  C2: 0.111  C3: 0.232  C4: 0.071  
Site  325: C1: 0.001  C2: 0.796  C3: 0.008  C4: 0.196  
Site  326: C1: 0.057  C2: 0.008  C3: 0.700  C4: 0.235  
Site  327: C1: 0.777  C2: 0.072  C3: 0.124  C4: 0.028  
Site  328: C1: 0.418  C2: 0.132  C3: 0.341  C4: 0.109  
Site  329: C1: 0.000  C2: 0.933  C3: 0.000  C4: 0.067  
Site  330: C1: 0.865  C2: 0.077  C3: 0.046  C4: 0.012  
Site  331: C1: 0.938  C2: 0.048  C3: 0.012  C4: 0.003  
Site  332: C1: 0.628  C2: 0.121  C3: 0.190  C4: 0.061  
Site  333: C1: 0.000  C2: 0.000  C3: 0.004  C4: 0.996  
Site  334: C1: 0.597  C2: 0.125  C3: 0.210  C4: 0.068  
Site  335: C1: 0.000  C2: 0.003  C3: 0.753  C4: 0.244  
Site  336: C1: 0.822  C2: 0.094  C3: 0.066  C4: 0.018  
Site  337: C1: 0.573  C2: 0.109  C3: 0.245  C4: 0.073  
Site  338: C1: 0.597  C2: 0.125  C3: 0.210  C4: 0.068  
Site  339: C1: 0.639  C2: 0.139  C3: 0.165  C4: 0.056  
Site  340: C1: 0.561  C2: 0.131  C3: 0.232  C4: 0.075  
Site  341: C1: 0.628  C2: 0.121  C3: 0.190  C4: 0.061  
Site  342: C1: 0.601  C2: 0.123  C3: 0.210  C4: 0.067  
Site  343: C1: 0.678  C2: 0.159  C3: 0.118  C4: 0.044  
Site  344: C1: 0.596  C2: 0.116  C3: 0.220  C4: 0.068  
Site  345: C1: 0.610  C2: 0.184  C3: 0.149  C4: 0.057  
Site  346: C1: 0.554  C2: 0.117  C3: 0.251  C4: 0.078  
Site  347: C1: 0.801  C2: 0.063  C3: 0.112  C4: 0.024  
Site  348: C1: 0.573  C2: 0.109  C3: 0.245  C4: 0.073  

End time: 2025-12-15 10:50:03
