
--- MODEL SUMMARY ---
Model used: 1
Sequence file: input/RHO_seq.dat
Tree file: input/RHO.fa.tree
Log likelihood: -3068.068509
np: 109
Start time: 2025-12-15 07:28:14

--- BASE FREQUENCIES ---
T: 0.243230  C: 0.309317  A: 0.210319  G: 0.237135

--- BRANCH LENGTHS ---
Branch  0: 0.162175  (parent node 52 -> leaf Hiamp)
Branch  1: 0.001748  (parent node 52 -> internal node 53)
Branch  2: 0.000100  (parent node 53 -> internal node 54)
Branch  3: 0.008464  (parent node 54 -> internal node 55)
Branch  4: 0.004870  (parent node 55 -> internal node 56)
Branch  5: 0.013986  (parent node 56 -> internal node 57)
Branch  6: 0.006604  (parent node 57 -> internal node 58)
Branch  7: 0.006954  (parent node 58 -> internal node 59)
Branch  8: 0.000100  (parent node 59 -> internal node 60)
Branch  9: 0.003051  (parent node 60 -> leaf Ppho)
Branch 10: 0.000100  (parent node 60 -> leaf Psin)
Branch 11: 0.003140  (parent node 59 -> leaf Nsun)
Branch 12: 0.024380  (parent node 58 -> internal node 61)
Branch 13: 0.003093  (parent node 61 -> leaf Dleu)
Branch 14: 0.000100  (parent node 61 -> leaf Mmon)
Branch 15: 0.015998  (parent node 57 -> internal node 62)
Branch 16: 0.000100  (parent node 62 -> internal node 63)
Branch 17: 0.000100  (parent node 63 -> internal node 64)
Branch 18: 0.000100  (parent node 64 -> internal node 65)
Branch 19: 0.000100  (parent node 65 -> internal node 66)
Branch 20: 0.000100  (parent node 66 -> internal node 67)
Branch 21: 0.000100  (parent node 67 -> internal node 68)
Branch 22: 0.006223  (parent node 68 -> leaf Ttru)
Branch 23: 0.000100  (parent node 68 -> internal node 69)
Branch 24: 0.000100  (parent node 69 -> internal node 70)
Branch 25: 0.000100  (parent node 70 -> internal node 71)
Branch 26: 0.000100  (parent node 71 -> leaf Ddel)
Branch 27: 0.003111  (parent node 71 -> leaf Tadu)
Branch 28: 0.000100  (parent node 70 -> internal node 72)
Branch 29: 0.003105  (parent node 72 -> leaf Scoe)
Branch 30: 0.006220  (parent node 72 -> leaf Scly)
Branch 31: 0.003111  (parent node 69 -> leaf Sfro)
Branch 32: 0.006220  (parent node 67 -> leaf Schi)
Branch 33: 0.012505  (parent node 66 -> leaf Satt)
Branch 34: 0.009345  (parent node 65 -> leaf Slon)
Branch 35: 0.000100  (parent node 64 -> internal node 73)
Branch 36: 0.000100  (parent node 73 -> internal node 74)
Branch 37: 0.000100  (parent node 74 -> internal node 75)
Branch 38: 0.006231  (parent node 75 -> leaf Pcra)
Branch 39: 0.000100  (parent node 75 -> internal node 76)
Branch 40: 0.000100  (parent node 76 -> leaf Gmel)
Branch 41: 0.000100  (parent node 76 -> leaf Pele)
Branch 42: 0.000100  (parent node 74 -> leaf Ggri)
Branch 43: 0.000100  (parent node 73 -> leaf Sbre)
Branch 44: 0.000100  (parent node 63 -> internal node 77)
Branch 45: 0.000100  (parent node 77 -> internal node 78)
Branch 46: 0.003103  (parent node 78 -> leaf Lalb)
Branch 47: 0.009367  (parent node 78 -> leaf Lacu)
Branch 48: 0.003107  (parent node 77 -> internal node 79)
Branch 49: 0.003115  (parent node 79 -> leaf Ccom)
Branch 50: 0.012541  (parent node 79 -> leaf Aobl)
Branch 51: 0.009375  (parent node 62 -> leaf Oorc)
Branch 52: 0.021028  (parent node 56 -> internal node 80)
Branch 53: 0.063115  (parent node 80 -> leaf Igeo)
Branch 54: 0.024758  (parent node 80 -> leaf Lvex)
Branch 55: 0.037203  (parent node 55 -> internal node 81)
Branch 56: 0.016218  (parent node 81 -> leaf Zcav)
Branch 57: 0.006224  (parent node 81 -> internal node 82)
Branch 58: 0.005466  (parent node 82 -> internal node 83)
Branch 59: 0.009221  (parent node 83 -> leaf Mbid)
Branch 60: 0.000100  (parent node 83 -> internal node 84)
Branch 61: 0.000100  (parent node 84 -> internal node 85)
Branch 62: 0.009223  (parent node 85 -> leaf Mden)
Branch 63: 0.003065  (parent node 85 -> leaf Mste)
Branch 64: 0.003065  (parent node 84 -> internal node 86)
Branch 65: 0.003064  (parent node 86 -> leaf Mmir)
Branch 66: 0.000100  (parent node 86 -> leaf Meur)
Branch 67: 0.003756  (parent node 82 -> leaf Hyamp)
Branch 68: 0.023475  (parent node 54 -> internal node 87)
Branch 69: 0.000100  (parent node 87 -> leaf Pmin)
Branch 70: 0.000100  (parent node 87 -> leaf Pgan)
Branch 71: 0.024628  (parent node 53 -> internal node 88)
Branch 72: 0.008022  (parent node 88 -> leaf Pmac)
Branch 73: 0.052763  (parent node 88 -> internal node 89)
Branch 74: 0.003082  (parent node 89 -> leaf Kbre)
Branch 75: 0.000100  (parent node 89 -> leaf Ksim)
Branch 76: 0.022921  (parent node 52 -> internal node 90)
Branch 77: 0.003126  (parent node 90 -> internal node 91)
Branch 78: 0.016390  (parent node 91 -> internal node 92)
Branch 79: 0.000100  (parent node 92 -> internal node 93)
Branch 80: 0.000100  (parent node 93 -> internal node 94)
Branch 81: 0.012427  (parent node 94 -> leaf Bmus)
Branch 82: 0.009305  (parent node 94 -> internal node 95)
Branch 83: 0.000100  (parent node 95 -> internal node 96)
Branch 84: 0.000100  (parent node 96 -> leaf Bbor)
Branch 85: 0.000100  (parent node 96 -> leaf Bede)
Branch 86: 0.000100  (parent node 95 -> leaf Bric)
Branch 87: 0.009309  (parent node 93 -> internal node 97)
Branch 88: 0.000100  (parent node 97 -> internal node 98)
Branch 89: 0.003093  (parent node 98 -> leaf Bphy)
Branch 90: 0.012428  (parent node 98 -> leaf Mnov)
Branch 91: 0.009299  (parent node 97 -> leaf Erob)
Branch 92: 0.018791  (parent node 92 -> internal node 99)
Branch 93: 0.000100  (parent node 99 -> leaf Bacu)
Branch 94: 0.006207  (parent node 99 -> leaf Bbon)
Branch 95: 0.030668  (parent node 91 -> leaf Cmar)
Branch 96: 0.016657  (parent node 90 -> internal node 100)
Branch 97: 0.009518  (parent node 100 -> leaf Bmys)
Branch 98: 0.002918  (parent node 100 -> internal node 101)
Branch 99: 0.000100  (parent node 101 -> leaf Egla)
Branch 100: 0.000100  (parent node 101 -> leaf Eaus)

--- TREE WITH ESTIMATED BRANCH LENGTHS (NEWICK) ---
(Hiamp:0.162175,((((((((Ppho:0.00305056,Psin:0.0001):0.0001,Nsun:0.00313984):0.00695358,(Dleu:0.00309312,Mmon:0.0001):0.0243797):0.00660436,(((((((Ttru:0.00622288,(((Ddel:0.0001,Tadu:0.00311073):0.0001,(Scoe:0.00310474,Scly:0.0062202):0.0001):0.0001,Sfro:0.00311118):0.0001):0.0001,Schi:0.00622):0.0001,Satt:0.012505):0.0001,Slon:0.00934458):0.0001,(((Pcra:0.00623125,(Gmel:0.0001,Pele:0.0001):0.0001):0.0001,Ggri:0.0001):0.0001,Sbre:0.0001):0.0001):0.0001,((Lalb:0.00310294,Lacu:0.00936698):0.0001,(Ccom:0.00311508,Aobl:0.0125412):0.00310718):0.0001):0.0001,Oorc:0.00937459):0.0159979):0.0139865,(Igeo:0.0631149,Lvex:0.0247578):0.0210284):0.00486959,(Zcav:0.0162183,((Mbid:0.00922104,((Mden:0.00922333,Mste:0.00306463):0.0001,(Mmir:0.0030642,Meur:0.0001):0.00306492):0.0001):0.00546634,Hyamp:0.00375631):0.00622435):0.037203):0.00846441,(Pmin:0.0001,Pgan:0.0001):0.0234749):0.0001,(Pmac:0.008022,(Kbre:0.00308166,Ksim:0.0001):0.0527633):0.0246275):0.00174807,(((((Bmus:0.0124271,((Bbor:0.0001,Bede:0.0001):0.0001,Bric:0.0001):0.00930502):0.0001,((Bphy:0.00309338,Mnov:0.012428):0.0001,Erob:0.00929915):0.00930909):0.0001,(Bacu:0.0001,Bbon:0.00620665):0.018791):0.0163896,Cmar:0.0306683):0.00312597,(Bmys:0.00951767,(Egla:0.0001,Eaus:0.0001):0.00291786):0.0166569):0.0229206);

--- ASCII PHYLOGRAM (estimated branch lengths) ---

[DEBUG] ASCII phylogram ('-' = background, '=' = foreground)
(root)
|---------------------------------------- Hiamp
|-- (*)
|  |-- (*)
|  |  |-- (*)
|  |  |  |-- (*)
|  |  |  |  |--- (*)
|  |  |  |  |   |-- (*)
|  |  |  |  |   |  |-- (*)
|  |  |  |  |   |  |  |-- (*)
|  |  |  |  |   |  |  |  |-- Ppho
|  |  |  |  |   |  |  |  `-- Psin
|  |  |  |  |   |  |  `-- Nsun
|  |  |  |  |   |  `------ (*)
|  |  |  |  |   |         |-- Dleu
|  |  |  |  |   |         `-- Mmon
|  |  |  |  |   `---- (*)
|  |  |  |  |        |-- (*)
|  |  |  |  |        |  |-- (*)
|  |  |  |  |        |  |  |-- (*)
|  |  |  |  |        |  |  |  |-- (*)
|  |  |  |  |        |  |  |  |  |-- (*)
|  |  |  |  |        |  |  |  |  |  |-- (*)
|  |  |  |  |        |  |  |  |  |  |  |-- Ttru
|  |  |  |  |        |  |  |  |  |  |  `-- (*)
|  |  |  |  |        |  |  |  |  |  |     |-- (*)
|  |  |  |  |        |  |  |  |  |  |     |  |-- (*)
|  |  |  |  |        |  |  |  |  |  |     |  |  |-- Ddel
|  |  |  |  |        |  |  |  |  |  |     |  |  `-- Tadu
|  |  |  |  |        |  |  |  |  |  |     |  `-- (*)
|  |  |  |  |        |  |  |  |  |  |     |     |-- Scoe
|  |  |  |  |        |  |  |  |  |  |     |     `-- Scly
|  |  |  |  |        |  |  |  |  |  |     `-- Sfro
|  |  |  |  |        |  |  |  |  |  `-- Schi
|  |  |  |  |        |  |  |  |  `--- Satt
|  |  |  |  |        |  |  |  `-- Slon
|  |  |  |  |        |  |  `-- (*)
|  |  |  |  |        |  |     |-- (*)
|  |  |  |  |        |  |     |  |-- (*)
|  |  |  |  |        |  |     |  |  |-- Pcra
|  |  |  |  |        |  |     |  |  `-- (*)
|  |  |  |  |        |  |     |  |     |-- Gmel
|  |  |  |  |        |  |     |  |     `-- Pele
|  |  |  |  |        |  |     |  `-- Ggri
|  |  |  |  |        |  |     `-- Sbre
|  |  |  |  |        |  `-- (*)
|  |  |  |  |        |     |-- (*)
|  |  |  |  |        |     |  |-- Lalb
|  |  |  |  |        |     |  `-- Lacu
|  |  |  |  |        |     `-- (*)
|  |  |  |  |        |        |-- Ccom
|  |  |  |  |        |        `--- Aobl
|  |  |  |  |        `-- Oorc
|  |  |  |  `----- (*)
|  |  |  |        |---------------- Igeo
|  |  |  |        `------ Lvex
|  |  |  `========= (*) [#1]
|  |  |            |---- Zcav
|  |  |            `-- (*)
|  |  |               |-- (*)
|  |  |               |  |-- Mbid
|  |  |               |  `-- (*)
|  |  |               |     |-- (*)
|  |  |               |     |  |-- Mden
|  |  |               |     |  `-- Mste
|  |  |               |     `-- (*)
|  |  |               |        |-- Mmir
|  |  |               |        `-- Meur
|  |  |               `-- Hyamp
|  |  `------ (*)
|  |         |-- Pmin
|  |         `-- Pgan
|  `====== (*) [#1]
|         |-- Pmac
|         `------------- (*)
|                       |-- Kbre
|                       `-- Ksim
`------ (*)
       |-- (*)
       |  |---- (*)
       |  |    |-- (*)
       |  |    |  |-- (*)
       |  |    |  |  |--- Bmus
       |  |    |  |  `-- (*)
       |  |    |  |     |-- (*)
       |  |    |  |     |  |-- Bbor
       |  |    |  |     |  `-- Bede
       |  |    |  |     `-- Bric
       |  |    |  `-- (*)
       |  |    |     |-- (*)
       |  |    |     |  |-- Bphy
       |  |    |     |  `--- Mnov
       |  |    |     `-- Erob
       |  |    `----- (*)
       |  |          |-- Bacu
       |  |          `-- Bbon
       |  `-------- Cmar
       `---- (*)
            |-- Bmys
            `-- (*)
               |-- Egla
               `-- Eaus

--- PARAMETERS ---
Kappa: 5.522127
Omega[0]: 0.000100
Omega[1]: 1.913254
Gamma[0][0]: 0.000100
Gamma[0][1]: 25.000000

--- CATEGORY PROBABILITIES ---
P(Omega 0, Gamma 0): 0.592852
P(Omega 0, Gamma 1): 0.047511
P(Omega 1, Gamma 0): 0.336717
P(Omega 1, Gamma 1): 0.022920

--- POSTERIOR PROBABILITIES PER SITE ---
Site    1: C1: 0.749  C2: 0.060  C3: 0.170  C4: 0.021  
Site    2: C1: 0.913  C2: 0.011  C3: 0.073  C4: 0.003  
Site    3: C1: 0.578  C2: 0.026  C3: 0.380  C4: 0.015  
Site    4: C1: 0.876  C2: 0.010  C3: 0.111  C4: 0.003  
Site    5: C1: 0.888  C2: 0.002  C3: 0.109  C4: 0.001  
Site    6: C1: 0.586  C2: 0.100  C3: 0.278  C4: 0.037  
Site    7: C1: 0.000  C2: 0.707  C3: 0.000  C4: 0.293  
Site    8: C1: 0.659  C2: 0.079  C3: 0.232  C4: 0.029  
Site    9: C1: 0.677  C2: 0.065  C3: 0.233  C4: 0.025  
Site   10: C1: 0.908  C2: 0.008  C3: 0.081  C4: 0.003  
Site   11: C1: 0.574  C2: 0.090  C3: 0.300  C4: 0.036  
Site   12: C1: 0.501  C2: 0.008  C3: 0.484  C4: 0.007  
Site   13: C1: 0.677  C2: 0.065  C3: 0.233  C4: 0.025  
Site   14: C1: 1.000  C2: 0.000  C3: 0.000  C4: 0.000  
Site   15: C1: 0.659  C2: 0.079  C3: 0.232  C4: 0.029  
Site   16: C1: 0.000  C2: 0.000  C3: 0.998  C4: 0.002  
Site   17: C1: 0.970  C2: 0.001  C3: 0.029  C4: 0.000  
Site   18: C1: 0.586  C2: 0.100  C3: 0.278  C4: 0.037  
Site   19: C1: 0.574  C2: 0.090  C3: 0.300  C4: 0.036  
Site   20: C1: 0.574  C2: 0.090  C3: 0.300  C4: 0.036  
Site   21: C1: 0.585  C2: 0.080  C3: 0.302  C4: 0.033  
Site   22: C1: 0.675  C2: 0.030  C3: 0.280  C4: 0.015  
Site   23: C1: 0.518  C2: 0.005  C3: 0.473  C4: 0.004  
Site   24: C1: 0.000  C2: 0.772  C3: 0.005  C4: 0.223  
Site   25: C1: 0.630  C2: 0.016  C3: 0.344  C4: 0.010  
Site   26: C1: 0.908  C2: 0.008  C3: 0.082  C4: 0.003  
Site   27: C1: 0.513  C2: 0.008  C3: 0.472  C4: 0.007  
Site   28: C1: 0.614  C2: 0.053  C3: 0.309  C4: 0.024  
Site   29: C1: 0.655  C2: 0.059  C3: 0.261  C4: 0.024  
Site   30: C1: 0.655  C2: 0.059  C3: 0.261  C4: 0.024  
Site   31: C1: 0.386  C2: 0.020  C3: 0.579  C4: 0.015  
Site   32: C1: 0.878  C2: 0.008  C3: 0.112  C4: 0.003  
Site   33: C1: 0.630  C2: 0.016  C3: 0.344  C4: 0.010  
Site   34: C1: 0.828  C2: 0.001  C3: 0.170  C4: 0.001  
Site   35: C1: 0.694  C2: 0.056  C3: 0.228  C4: 0.022  
Site   36: C1: 0.614  C2: 0.053  C3: 0.309  C4: 0.024  
Site   37: C1: 0.677  C2: 0.065  C3: 0.233  C4: 0.025  
Site   38: C1: 0.589  C2: 0.082  C3: 0.296  C4: 0.033  
Site   39: C1: 0.000  C2: 0.000  C3: 0.961  C4: 0.038  
Site   40: C1: 0.386  C2: 0.020  C3: 0.579  C4: 0.015  
Site   41: C1: 0.994  C2: 0.000  C3: 0.006  C4: 0.000  
Site   42: C1: 0.593  C2: 0.052  C3: 0.330  C4: 0.024  
Site   43: C1: 0.655  C2: 0.059  C3: 0.261  C4: 0.024  
Site   44: C1: 0.749  C2: 0.060  C3: 0.170  C4: 0.021  
Site   45: C1: 0.001  C2: 0.000  C3: 0.964  C4: 0.035  
Site   46: C1: 0.933  C2: 0.001  C3: 0.067  C4: 0.000  
Site   47: C1: 0.386  C2: 0.020  C3: 0.579  C4: 0.015  
Site   48: C1: 0.904  C2: 0.013  C3: 0.080  C4: 0.004  
Site   49: C1: 0.000  C2: 0.000  C3: 0.987  C4: 0.013  
Site   50: C1: 1.000  C2: 0.000  C3: 0.000  C4: 0.000  
Site   51: C1: 0.000  C2: 0.000  C3: 0.957  C4: 0.043  
Site   52: C1: 0.677  C2: 0.065  C3: 0.233  C4: 0.025  
Site   53: C1: 0.518  C2: 0.005  C3: 0.473  C4: 0.004  
Site   54: C1: 0.630  C2: 0.090  C3: 0.247  C4: 0.033  
Site   55: C1: 0.659  C2: 0.079  C3: 0.232  C4: 0.029  
Site   56: C1: 0.677  C2: 0.065  C3: 0.233  C4: 0.025  
Site   57: C1: 0.573  C2: 0.012  C3: 0.407  C4: 0.009  
Site   58: C1: 0.973  C2: 0.001  C3: 0.025  C4: 0.000  
Site   59: C1: 0.573  C2: 0.012  C3: 0.407  C4: 0.009  
Site   60: C1: 0.908  C2: 0.008  C3: 0.082  C4: 0.003  
Site   61: C1: 0.588  C2: 0.102  C3: 0.273  C4: 0.038  
Site   62: C1: 0.879  C2: 0.010  C3: 0.109  C4: 0.003  
Site   63: C1: 0.995  C2: 0.000  C3: 0.005  C4: 0.000  
Site   64: C1: 0.614  C2: 0.053  C3: 0.309  C4: 0.024  
Site   65: C1: 0.683  C2: 0.056  C3: 0.239  C4: 0.023  
Site   66: C1: 0.633  C2: 0.072  C3: 0.266  C4: 0.029  
Site   67: C1: 0.633  C2: 0.072  C3: 0.266  C4: 0.029  
Site   68: C1: 0.386  C2: 0.020  C3: 0.579  C4: 0.015  
Site   69: C1: 0.585  C2: 0.080  C3: 0.302  C4: 0.033  
Site   70: C1: 0.580  C2: 0.064  C3: 0.327  C4: 0.028  
Site   71: C1: 0.501  C2: 0.008  C3: 0.484  C4: 0.007  
Site   72: C1: 0.854  C2: 0.002  C3: 0.143  C4: 0.001  
Site   73: C1: 0.659  C2: 0.079  C3: 0.232  C4: 0.029  
Site   74: C1: 0.655  C2: 0.059  C3: 0.261  C4: 0.024  
Site   75: C1: 0.630  C2: 0.090  C3: 0.247  C4: 0.033  
Site   76: C1: 0.386  C2: 0.020  C3: 0.579  C4: 0.015  
Site   77: C1: 0.573  C2: 0.012  C3: 0.407  C4: 0.009  
Site   78: C1: 0.659  C2: 0.079  C3: 0.232  C4: 0.029  
Site   79: C1: 0.386  C2: 0.020  C3: 0.579  C4: 0.015  
Site   80: C1: 0.878  C2: 0.008  C3: 0.111  C4: 0.003  
Site   81: C1: 0.879  C2: 0.014  C3: 0.103  C4: 0.004  
Site   82: C1: 0.878  C2: 0.008  C3: 0.111  C4: 0.003  
Site   83: C1: 0.000  C2: 0.000  C3: 0.996  C4: 0.004  
Site   84: C1: 0.573  C2: 0.012  C3: 0.407  C4: 0.009  
Site   85: C1: 0.677  C2: 0.065  C3: 0.233  C4: 0.025  
Site   86: C1: 0.749  C2: 0.060  C3: 0.170  C4: 0.021  
Site   87: C1: 0.588  C2: 0.102  C3: 0.273  C4: 0.038  
Site   88: C1: 0.000  C2: 0.000  C3: 1.000  C4: 0.000  
Site   89: C1: 0.566  C2: 0.091  C3: 0.306  C4: 0.036  
Site   90: C1: 0.586  C2: 0.100  C3: 0.278  C4: 0.037  
Site   91: C1: 0.677  C2: 0.065  C3: 0.233  C4: 0.025  
Site   92: C1: 0.602  C2: 0.065  C3: 0.305  C4: 0.028  
Site   93: C1: 0.602  C2: 0.065  C3: 0.305  C4: 0.028  
Site   94: C1: 0.000  C2: 0.000  C3: 0.970  C4: 0.030  
Site   95: C1: 0.573  C2: 0.012  C3: 0.407  C4: 0.009  
Site   96: C1: 0.655  C2: 0.059  C3: 0.261  C4: 0.024  
Site   97: C1: 0.602  C2: 0.065  C3: 0.305  C4: 0.028  
Site   98: C1: 0.559  C2: 0.080  C3: 0.327  C4: 0.034  
Site   99: C1: 0.000  C2: 0.000  C3: 1.000  C4: 0.000  
Site  100: C1: 0.003  C2: 0.000  C3: 0.987  C4: 0.010  
Site  101: C1: 0.002  C2: 0.037  C3: 0.947  C4: 0.015  
Site  102: C1: 0.655  C2: 0.059  C3: 0.261  C4: 0.024  
Site  103: C1: 0.677  C2: 0.065  C3: 0.233  C4: 0.025  
Site  104: C1: 0.000  C2: 0.000  C3: 1.000  C4: 0.000  
Site  105: C1: 0.003  C2: 0.000  C3: 0.985  C4: 0.012  
Site  106: C1: 0.578  C2: 0.026  C3: 0.380  C4: 0.015  
Site  107: C1: 0.518  C2: 0.005  C3: 0.473  C4: 0.004  
Site  108: C1: 0.994  C2: 0.000  C3: 0.006  C4: 0.000  
Site  109: C1: 0.856  C2: 0.004  C3: 0.138  C4: 0.002  
Site  110: C1: 0.650  C2: 0.088  C3: 0.230  C4: 0.032  
Site  111: C1: 0.988  C2: 0.001  C3: 0.012  C4: 0.000  
Site  112: C1: 0.000  C2: 0.000  C3: 0.993  C4: 0.007  
Site  113: C1: 0.630  C2: 0.016  C3: 0.344  C4: 0.010  
Site  114: C1: 0.586  C2: 0.100  C3: 0.278  C4: 0.037  
Site  115: C1: 0.677  C2: 0.065  C3: 0.233  C4: 0.025  
Site  116: C1: 0.903  C2: 0.009  C3: 0.085  C4: 0.003  
Site  117: C1: 0.593  C2: 0.052  C3: 0.330  C4: 0.024  
Site  118: C1: 0.602  C2: 0.065  C3: 0.305  C4: 0.028  
Site  119: C1: 0.743  C2: 0.004  C3: 0.251  C4: 0.002  
Site  120: C1: 0.889  C2: 0.015  C3: 0.092  C4: 0.004  
Site  121: C1: 0.566  C2: 0.091  C3: 0.306  C4: 0.036  
Site  122: C1: 0.620  C2: 0.018  C3: 0.350  C4: 0.011  
Site  123: C1: 0.000  C2: 0.000  C3: 0.996  C4: 0.004  
Site  124: C1: 0.593  C2: 0.052  C3: 0.330  C4: 0.024  
Site  125: C1: 0.000  C2: 0.000  C3: 0.991  C4: 0.009  
Site  126: C1: 0.694  C2: 0.056  C3: 0.228  C4: 0.022  
Site  127: C1: 0.884  C2: 0.012  C3: 0.100  C4: 0.004  
Site  128: C1: 0.473  C2: 0.102  C3: 0.382  C4: 0.043  
Site  129: C1: 0.574  C2: 0.090  C3: 0.300  C4: 0.036  
Site  130: C1: 0.588  C2: 0.102  C3: 0.273  C4: 0.038  
Site  131: C1: 0.386  C2: 0.020  C3: 0.579  C4: 0.015  
Site  132: C1: 0.593  C2: 0.052  C3: 0.330  C4: 0.024  
Site  133: C1: 0.978  C2: 0.001  C3: 0.020  C4: 0.000  
Site  134: C1: 0.630  C2: 0.016  C3: 0.344  C4: 0.010  
Site  135: C1: 0.968  C2: 0.002  C3: 0.030  C4: 0.000  
Site  136: C1: 0.655  C2: 0.059  C3: 0.261  C4: 0.024  
Site  137: C1: 0.000  C2: 0.000  C3: 0.987  C4: 0.013  
Site  138: C1: 0.574  C2: 0.090  C3: 0.300  C4: 0.036  
Site  139: C1: 0.574  C2: 0.090  C3: 0.300  C4: 0.036  
Site  140: C1: 0.618  C2: 0.084  C3: 0.266  C4: 0.032  
Site  141: C1: 0.633  C2: 0.072  C3: 0.266  C4: 0.029  
Site  142: C1: 0.830  C2: 0.001  C3: 0.168  C4: 0.001  
Site  143: C1: 0.749  C2: 0.060  C3: 0.170  C4: 0.021  
Site  144: C1: 0.675  C2: 0.030  C3: 0.280  C4: 0.015  
Site  145: C1: 0.659  C2: 0.079  C3: 0.232  C4: 0.029  
Site  146: C1: 0.677  C2: 0.065  C3: 0.233  C4: 0.025  
Site  147: C1: 0.585  C2: 0.080  C3: 0.302  C4: 0.033  
Site  148: C1: 0.677  C2: 0.065  C3: 0.233  C4: 0.025  
Site  149: C1: 0.578  C2: 0.026  C3: 0.380  C4: 0.015  
Site  150: C1: 0.630  C2: 0.016  C3: 0.344  C4: 0.010  
Site  151: C1: 0.000  C2: 0.000  C3: 0.986  C4: 0.014  
Site  152: C1: 0.902  C2: 0.008  C3: 0.087  C4: 0.003  
Site  153: C1: 0.593  C2: 0.052  C3: 0.330  C4: 0.024  
Site  154: C1: 0.630  C2: 0.090  C3: 0.247  C4: 0.033  
Site  155: C1: 0.000  C2: 0.000  C3: 0.986  C4: 0.014  
Site  156: C1: 0.586  C2: 0.100  C3: 0.278  C4: 0.037  
Site  157: C1: 0.865  C2: 0.002  C3: 0.132  C4: 0.001  
Site  158: C1: 0.002  C2: 0.000  C3: 0.990  C4: 0.009  
Site  159: C1: 0.000  C2: 0.000  C3: 0.989  C4: 0.010  
Site  160: C1: 0.994  C2: 0.000  C3: 0.006  C4: 0.000  
Site  161: C1: 0.694  C2: 0.056  C3: 0.228  C4: 0.022  
Site  162: C1: 0.001  C2: 0.000  C3: 0.957  C4: 0.043  
Site  163: C1: 0.749  C2: 0.060  C3: 0.170  C4: 0.021  
Site  164: C1: 0.866  C2: 0.009  C3: 0.123  C4: 0.003  
Site  165: C1: 0.000  C2: 0.000  C3: 0.996  C4: 0.004  
Site  166: C1: 0.878  C2: 0.008  C3: 0.111  C4: 0.003  
Site  167: C1: 0.898  C2: 0.012  C3: 0.086  C4: 0.004  
Site  168: C1: 0.593  C2: 0.052  C3: 0.330  C4: 0.024  
Site  169: C1: 0.002  C2: 0.000  C3: 0.990  C4: 0.008  
Site  170: C1: 0.830  C2: 0.001  C3: 0.168  C4: 0.001  
Site  171: C1: 0.956  C2: 0.000  C3: 0.044  C4: 0.000  
Site  172: C1: 0.573  C2: 0.012  C3: 0.407  C4: 0.009  
Site  173: C1: 0.588  C2: 0.102  C3: 0.273  C4: 0.038  
Site  174: C1: 0.586  C2: 0.100  C3: 0.278  C4: 0.037  
Site  175: C1: 0.694  C2: 0.056  C3: 0.228  C4: 0.022  
Site  176: C1: 0.589  C2: 0.082  C3: 0.296  C4: 0.033  
Site  177: C1: 0.614  C2: 0.048  C3: 0.316  C4: 0.023  
Site  178: C1: 0.655  C2: 0.059  C3: 0.261  C4: 0.024  
Site  179: C1: 0.630  C2: 0.090  C3: 0.247  C4: 0.033  
Site  180: C1: 0.955  C2: 0.000  C3: 0.045  C4: 0.000  
Site  181: C1: 0.630  C2: 0.016  C3: 0.344  C4: 0.010  
Site  182: C1: 0.556  C2: 0.029  C3: 0.399  C4: 0.017  
Site  183: C1: 0.749  C2: 0.060  C3: 0.170  C4: 0.021  
Site  184: C1: 0.614  C2: 0.053  C3: 0.309  C4: 0.024  
Site  185: C1: 0.650  C2: 0.088  C3: 0.230  C4: 0.032  
Site  186: C1: 0.868  C2: 0.012  C3: 0.116  C4: 0.004  
Site  187: C1: 0.981  C2: 0.001  C3: 0.017  C4: 0.000  
Site  188: C1: 0.578  C2: 0.026  C3: 0.380  C4: 0.015  
Site  189: C1: 0.010  C2: 0.000  C3: 0.986  C4: 0.004  
Site  190: C1: 0.671  C2: 0.055  C3: 0.251  C4: 0.023  
Site  191: C1: 0.655  C2: 0.059  C3: 0.261  C4: 0.024  
Site  192: C1: 0.979  C2: 0.001  C3: 0.020  C4: 0.000  
Site  193: C1: 0.971  C2: 0.001  C3: 0.028  C4: 0.000  
Site  194: C1: 0.000  C2: 0.712  C3: 0.000  C4: 0.288  
Site  195: C1: 0.000  C2: 0.000  C3: 0.996  C4: 0.004  
Site  196: C1: 0.998  C2: 0.000  C3: 0.002  C4: 0.000  
Site  197: C1: 0.630  C2: 0.016  C3: 0.344  C4: 0.010  
Site  198: C1: 0.000  C2: 0.000  C3: 0.956  C4: 0.044  
Site  199: C1: 0.659  C2: 0.079  C3: 0.232  C4: 0.029  
Site  200: C1: 0.901  C2: 0.011  C3: 0.084  C4: 0.003  
Site  201: C1: 0.973  C2: 0.000  C3: 0.027  C4: 0.000  
Site  202: C1: 0.589  C2: 0.082  C3: 0.296  C4: 0.033  
Site  203: C1: 0.981  C2: 0.001  C3: 0.018  C4: 0.000  
Site  204: C1: 0.588  C2: 0.102  C3: 0.273  C4: 0.038  
Site  205: C1: 0.001  C2: 0.000  C3: 0.957  C4: 0.043  
Site  206: C1: 0.655  C2: 0.059  C3: 0.261  C4: 0.024  
Site  207: C1: 0.749  C2: 0.060  C3: 0.170  C4: 0.021  
Site  208: C1: 0.919  C2: 0.009  C3: 0.069  C4: 0.003  
Site  209: C1: 0.574  C2: 0.090  C3: 0.300  C4: 0.036  
Site  210: C1: 0.890  C2: 0.015  C3: 0.091  C4: 0.004  
Site  211: C1: 0.683  C2: 0.056  C3: 0.239  C4: 0.023  
Site  212: C1: 0.677  C2: 0.065  C3: 0.233  C4: 0.025  
Site  213: C1: 0.000  C2: 0.000  C3: 0.987  C4: 0.013  
Site  214: C1: 0.630  C2: 0.090  C3: 0.247  C4: 0.033  
Site  215: C1: 0.518  C2: 0.005  C3: 0.473  C4: 0.004  
Site  216: C1: 0.000  C2: 0.000  C3: 0.998  C4: 0.002  
Site  217: C1: 0.000  C2: 0.000  C3: 0.995  C4: 0.005  
Site  218: C1: 0.630  C2: 0.090  C3: 0.247  C4: 0.033  
Site  219: C1: 0.912  C2: 0.011  C3: 0.074  C4: 0.003  
Site  220: C1: 0.001  C2: 0.000  C3: 0.964  C4: 0.035  
Site  221: C1: 0.917  C2: 0.009  C3: 0.071  C4: 0.003  
Site  222: C1: 0.650  C2: 0.088  C3: 0.230  C4: 0.032  
Site  223: C1: 1.000  C2: 0.000  C3: 0.000  C4: 0.000  
Site  224: C1: 0.578  C2: 0.026  C3: 0.380  C4: 0.015  
Site  225: C1: 0.614  C2: 0.053  C3: 0.309  C4: 0.024  
Site  226: C1: 0.744  C2: 0.004  C3: 0.250  C4: 0.002  
Site  227: C1: 0.588  C2: 0.102  C3: 0.273  C4: 0.038  
Site  228: C1: 0.917  C2: 0.009  C3: 0.071  C4: 0.003  
Site  229: C1: 0.563  C2: 0.065  C3: 0.342  C4: 0.029  
Site  230: C1: 0.588  C2: 0.102  C3: 0.273  C4: 0.038  
Site  231: C1: 0.633  C2: 0.072  C3: 0.266  C4: 0.029  
Site  232: C1: 0.630  C2: 0.016  C3: 0.344  C4: 0.010  
Site  233: C1: 0.994  C2: 0.000  C3: 0.006  C4: 0.000  
Site  234: C1: 0.563  C2: 0.056  C3: 0.355  C4: 0.026  
Site  235: C1: 0.879  C2: 0.008  C3: 0.110  C4: 0.003  
Site  236: C1: 0.883  C2: 0.008  C3: 0.106  C4: 0.003  
Site  237: C1: 0.614  C2: 0.053  C3: 0.309  C4: 0.024  
Site  238: C1: 0.889  C2: 0.008  C3: 0.101  C4: 0.003  
Site  239: C1: 0.630  C2: 0.016  C3: 0.344  C4: 0.010  
Site  240: C1: 0.867  C2: 0.012  C3: 0.118  C4: 0.004  
Site  241: C1: 0.878  C2: 0.008  C3: 0.111  C4: 0.003  
Site  242: C1: 0.602  C2: 0.065  C3: 0.305  C4: 0.028  
Site  243: C1: 0.994  C2: 0.000  C3: 0.006  C4: 0.000  
Site  244: C1: 0.614  C2: 0.053  C3: 0.309  C4: 0.024  
Site  245: C1: 0.633  C2: 0.072  C3: 0.266  C4: 0.029  
Site  246: C1: 0.879  C2: 0.008  C3: 0.110  C4: 0.003  
Site  247: C1: 0.630  C2: 0.016  C3: 0.344  C4: 0.010  
Site  248: C1: 0.633  C2: 0.072  C3: 0.266  C4: 0.029  
Site  249: C1: 0.630  C2: 0.016  C3: 0.344  C4: 0.010  
Site  250: C1: 0.588  C2: 0.102  C3: 0.273  C4: 0.038  
Site  251: C1: 0.884  C2: 0.009  C3: 0.104  C4: 0.003  
Site  252: C1: 0.585  C2: 0.080  C3: 0.302  C4: 0.033  
Site  253: C1: 0.749  C2: 0.060  C3: 0.170  C4: 0.021  
Site  254: C1: 0.588  C2: 0.102  C3: 0.273  C4: 0.038  
Site  255: C1: 0.000  C2: 0.000  C3: 0.999  C4: 0.001  
Site  256: C1: 0.630  C2: 0.090  C3: 0.247  C4: 0.033  
Site  257: C1: 0.749  C2: 0.060  C3: 0.170  C4: 0.021  
Site  258: C1: 0.588  C2: 0.102  C3: 0.273  C4: 0.038  
Site  259: C1: 0.000  C2: 0.000  C3: 1.000  C4: 0.000  
Site  260: C1: 0.866  C2: 0.009  C3: 0.122  C4: 0.003  
Site  261: C1: 0.677  C2: 0.065  C3: 0.233  C4: 0.025  
Site  262: C1: 0.386  C2: 0.020  C3: 0.579  C4: 0.015  
Site  263: C1: 0.979  C2: 0.001  C3: 0.019  C4: 0.000  
Site  264: C1: 0.650  C2: 0.088  C3: 0.230  C4: 0.032  
Site  265: C1: 0.694  C2: 0.056  C3: 0.228  C4: 0.022  
Site  266: C1: 0.000  C2: 0.000  C3: 0.996  C4: 0.004  
Site  267: C1: 0.829  C2: 0.001  C3: 0.169  C4: 0.001  
Site  268: C1: 0.976  C2: 0.001  C3: 0.023  C4: 0.000  
Site  269: C1: 0.593  C2: 0.052  C3: 0.330  C4: 0.024  
Site  270: C1: 0.002  C2: 0.000  C3: 0.991  C4: 0.007  
Site  271: C1: 0.000  C2: 0.000  C3: 0.961  C4: 0.038  
Site  272: C1: 0.969  C2: 0.001  C3: 0.030  C4: 0.000  
Site  273: C1: 0.677  C2: 0.065  C3: 0.233  C4: 0.025  
Site  274: C1: 0.655  C2: 0.059  C3: 0.261  C4: 0.024  
Site  275: C1: 0.892  C2: 0.013  C3: 0.092  C4: 0.004  
Site  276: C1: 0.677  C2: 0.065  C3: 0.233  C4: 0.025  
Site  277: C1: 0.000  C2: 0.000  C3: 0.997  C4: 0.003  
Site  278: C1: 0.683  C2: 0.056  C3: 0.239  C4: 0.023  
Site  279: C1: 0.614  C2: 0.053  C3: 0.309  C4: 0.024  
Site  280: C1: 0.586  C2: 0.100  C3: 0.278  C4: 0.037  
Site  281: C1: 0.589  C2: 0.082  C3: 0.296  C4: 0.033  
Site  282: C1: 0.000  C2: 0.000  C3: 0.999  C4: 0.001  
Site  283: C1: 0.902  C2: 0.010  C3: 0.086  C4: 0.003  
Site  284: C1: 0.586  C2: 0.100  C3: 0.278  C4: 0.037  
Site  285: C1: 0.518  C2: 0.005  C3: 0.473  C4: 0.004  
Site  286: C1: 0.630  C2: 0.090  C3: 0.247  C4: 0.033  
Site  287: C1: 0.677  C2: 0.065  C3: 0.233  C4: 0.025  
Site  288: C1: 0.749  C2: 0.060  C3: 0.170  C4: 0.021  
Site  289: C1: 0.602  C2: 0.065  C3: 0.305  C4: 0.028  
Site  290: C1: 0.000  C2: 0.000  C3: 0.998  C4: 0.002  
Site  291: C1: 0.955  C2: 0.000  C3: 0.044  C4: 0.000  
Site  292: C1: 0.000  C2: 0.949  C3: 0.000  C4: 0.051  
Site  293: C1: 0.677  C2: 0.065  C3: 0.233  C4: 0.025  
Site  294: C1: 0.638  C2: 0.066  C3: 0.269  C4: 0.027  
Site  295: C1: 0.593  C2: 0.052  C3: 0.330  C4: 0.024  
Site  296: C1: 0.633  C2: 0.072  C3: 0.266  C4: 0.029  
Site  297: C1: 0.000  C2: 0.000  C3: 0.980  C4: 0.019  
Site  298: C1: 0.973  C2: 0.001  C3: 0.025  C4: 0.000  
Site  299: C1: 0.000  C2: 0.001  C3: 0.000  C4: 0.999  
Site  300: C1: 0.001  C2: 0.000  C3: 0.957  C4: 0.043  
Site  301: C1: 0.655  C2: 0.059  C3: 0.261  C4: 0.024  
Site  302: C1: 0.659  C2: 0.079  C3: 0.232  C4: 0.029  
Site  303: C1: 0.518  C2: 0.005  C3: 0.473  C4: 0.004  
Site  304: C1: 0.588  C2: 0.102  C3: 0.273  C4: 0.038  
Site  305: C1: 0.630  C2: 0.090  C3: 0.247  C4: 0.033  
Site  306: C1: 0.655  C2: 0.059  C3: 0.261  C4: 0.024  
Site  307: C1: 0.630  C2: 0.090  C3: 0.247  C4: 0.033  
Site  308: C1: 0.749  C2: 0.060  C3: 0.170  C4: 0.021  
Site  309: C1: 0.749  C2: 0.060  C3: 0.170  C4: 0.021  
Site  310: C1: 0.659  C2: 0.079  C3: 0.232  C4: 0.029  
Site  311: C1: 0.633  C2: 0.072  C3: 0.266  C4: 0.029  
Site  312: C1: 0.614  C2: 0.053  C3: 0.309  C4: 0.024  
Site  313: C1: 0.677  C2: 0.065  C3: 0.233  C4: 0.025  
Site  314: C1: 0.517  C2: 0.110  C3: 0.331  C4: 0.043  
Site  315: C1: 0.659  C2: 0.079  C3: 0.232  C4: 0.029  
Site  316: C1: 0.650  C2: 0.088  C3: 0.230  C4: 0.032  
Site  317: C1: 0.749  C2: 0.060  C3: 0.170  C4: 0.021  
Site  318: C1: 0.573  C2: 0.012  C3: 0.407  C4: 0.009  
Site  319: C1: 0.886  C2: 0.010  C3: 0.101  C4: 0.003  
Site  320: C1: 0.888  C2: 0.009  C3: 0.099  C4: 0.003  
Site  321: C1: 0.938  C2: 0.000  C3: 0.061  C4: 0.000  
Site  322: C1: 0.650  C2: 0.088  C3: 0.230  C4: 0.032  
Site  323: C1: 0.897  C2: 0.012  C3: 0.087  C4: 0.004  
Site  324: C1: 0.586  C2: 0.100  C3: 0.278  C4: 0.037  
Site  325: C1: 0.000  C2: 0.000  C3: 0.975  C4: 0.024  
Site  326: C1: 0.001  C2: 0.000  C3: 0.965  C4: 0.034  
Site  327: C1: 0.819  C2: 0.002  C3: 0.178  C4: 0.001  
Site  328: C1: 0.386  C2: 0.020  C3: 0.579  C4: 0.015  
Site  329: C1: 0.000  C2: 0.000  C3: 0.988  C4: 0.012  
Site  330: C1: 0.913  C2: 0.008  C3: 0.077  C4: 0.002  
Site  331: C1: 0.977  C2: 0.001  C3: 0.022  C4: 0.000  
Site  332: C1: 0.630  C2: 0.016  C3: 0.344  C4: 0.010  
Site  333: C1: 0.000  C2: 0.000  C3: 0.999  C4: 0.001  
Site  334: C1: 0.589  C2: 0.082  C3: 0.296  C4: 0.033  
Site  335: C1: 0.000  C2: 0.000  C3: 0.990  C4: 0.010  
Site  336: C1: 0.874  C2: 0.010  C3: 0.113  C4: 0.003  
Site  337: C1: 0.593  C2: 0.052  C3: 0.330  C4: 0.024  
Site  338: C1: 0.589  C2: 0.082  C3: 0.296  C4: 0.033  
Site  339: C1: 0.633  C2: 0.072  C3: 0.266  C4: 0.029  
Site  340: C1: 0.563  C2: 0.065  C3: 0.342  C4: 0.029  
Site  341: C1: 0.630  C2: 0.016  C3: 0.344  C4: 0.010  
Site  342: C1: 0.602  C2: 0.065  C3: 0.305  C4: 0.028  
Site  343: C1: 0.675  C2: 0.030  C3: 0.280  C4: 0.015  
Site  344: C1: 0.614  C2: 0.053  C3: 0.309  C4: 0.024  
Site  345: C1: 0.574  C2: 0.090  C3: 0.300  C4: 0.036  
Site  346: C1: 0.571  C2: 0.054  C3: 0.349  C4: 0.026  
Site  347: C1: 0.840  C2: 0.001  C3: 0.158  C4: 0.001  
Site  348: C1: 0.593  C2: 0.052  C3: 0.330  C4: 0.024  

End time: 2025-12-15 08:57:41
