
--- MODEL SUMMARY ---
Model used: 3
Sequence file: input/RHO_seq.dat
Tree file: input/RHO.fa.tree
Log likelihood: -3120.392789
np: 104
Start time: 2025-12-13 14:44:07

--- BASE FREQUENCIES ---
T: 0.243168  C: 0.311850  A: 0.202826  G: 0.242156

--- BRANCH LENGTHS ---
Branch  0: 0.143375  (parent node 52 -> leaf Hiamp)
Branch  1: 0.000100  (parent node 52 -> internal node 53)
Branch  2: 0.000100  (parent node 53 -> internal node 54)
Branch  3: 0.009089  (parent node 54 -> internal node 55)
Branch  4: 0.004257  (parent node 55 -> internal node 56)
Branch  5: 0.012849  (parent node 56 -> internal node 57)
Branch  6: 0.005716  (parent node 57 -> internal node 58)
Branch  7: 0.005034  (parent node 58 -> internal node 59)
Branch  8: 0.000100  (parent node 59 -> internal node 60)
Branch  9: 0.000100  (parent node 60 -> leaf Ppho)
Branch 10: 0.000100  (parent node 60 -> leaf Psin)
Branch 11: 0.004135  (parent node 59 -> leaf Nsun)
Branch 12: 0.022470  (parent node 58 -> internal node 61)
Branch 13: 0.002858  (parent node 61 -> leaf Dleu)
Branch 14: 0.000100  (parent node 61 -> leaf Mmon)
Branch 15: 0.014923  (parent node 57 -> internal node 62)
Branch 16: 0.000100  (parent node 62 -> internal node 63)
Branch 17: 0.000100  (parent node 63 -> internal node 64)
Branch 18: 0.000100  (parent node 64 -> internal node 65)
Branch 19: 0.000100  (parent node 65 -> internal node 66)
Branch 20: 0.000100  (parent node 66 -> internal node 67)
Branch 21: 0.000100  (parent node 67 -> internal node 68)
Branch 22: 0.005720  (parent node 68 -> leaf Ttru)
Branch 23: 0.000100  (parent node 68 -> internal node 69)
Branch 24: 0.000100  (parent node 69 -> internal node 70)
Branch 25: 0.000100  (parent node 70 -> internal node 71)
Branch 26: 0.000100  (parent node 71 -> leaf Ddel)
Branch 27: 0.002859  (parent node 71 -> leaf Tadu)
Branch 28: 0.000100  (parent node 70 -> internal node 72)
Branch 29: 0.002856  (parent node 72 -> leaf Scoe)
Branch 30: 0.005716  (parent node 72 -> leaf Scly)
Branch 31: 0.002859  (parent node 69 -> leaf Sfro)
Branch 32: 0.005720  (parent node 67 -> leaf Schi)
Branch 33: 0.011469  (parent node 66 -> leaf Satt)
Branch 34: 0.008585  (parent node 65 -> leaf Slon)
Branch 35: 0.000100  (parent node 64 -> internal node 73)
Branch 36: 0.000100  (parent node 73 -> internal node 74)
Branch 37: 0.000100  (parent node 74 -> internal node 75)
Branch 38: 0.005722  (parent node 75 -> leaf Pcra)
Branch 39: 0.000100  (parent node 75 -> internal node 76)
Branch 40: 0.000100  (parent node 76 -> leaf Gmel)
Branch 41: 0.000100  (parent node 76 -> leaf Pele)
Branch 42: 0.000100  (parent node 74 -> leaf Ggri)
Branch 43: 0.000100  (parent node 73 -> leaf Sbre)
Branch 44: 0.000100  (parent node 63 -> internal node 77)
Branch 45: 0.000100  (parent node 77 -> internal node 78)
Branch 46: 0.002855  (parent node 78 -> leaf Lalb)
Branch 47: 0.008593  (parent node 78 -> leaf Lacu)
Branch 48: 0.002863  (parent node 77 -> internal node 79)
Branch 49: 0.002863  (parent node 79 -> leaf Ccom)
Branch 50: 0.011495  (parent node 79 -> leaf Aobl)
Branch 51: 0.008595  (parent node 62 -> leaf Oorc)
Branch 52: 0.019498  (parent node 56 -> internal node 80)
Branch 53: 0.056342  (parent node 80 -> leaf Igeo)
Branch 54: 0.022910  (parent node 80 -> leaf Lvex)
Branch 55: 0.034425  (parent node 55 -> internal node 81)
Branch 56: 0.014393  (parent node 81 -> leaf Zcav)
Branch 57: 0.006257  (parent node 81 -> internal node 82)
Branch 58: 0.006260  (parent node 82 -> internal node 83)
Branch 59: 0.008546  (parent node 83 -> leaf Mbid)
Branch 60: 0.000100  (parent node 83 -> internal node 84)
Branch 61: 0.000100  (parent node 84 -> internal node 85)
Branch 62: 0.008545  (parent node 85 -> leaf Mden)
Branch 63: 0.002841  (parent node 85 -> leaf Mste)
Branch 64: 0.002843  (parent node 84 -> internal node 86)
Branch 65: 0.002842  (parent node 86 -> leaf Mmir)
Branch 66: 0.000100  (parent node 86 -> leaf Meur)
Branch 67: 0.000100  (parent node 82 -> leaf Hyamp)
Branch 68: 0.020896  (parent node 54 -> internal node 87)
Branch 69: 0.000100  (parent node 87 -> leaf Pmin)
Branch 70: 0.000100  (parent node 87 -> leaf Pgan)
Branch 71: 0.023153  (parent node 53 -> internal node 88)
Branch 72: 0.006603  (parent node 88 -> leaf Pmac)
Branch 73: 0.048968  (parent node 88 -> internal node 89)
Branch 74: 0.002864  (parent node 89 -> leaf Kbre)
Branch 75: 0.000100  (parent node 89 -> leaf Ksim)
Branch 76: 0.021621  (parent node 52 -> internal node 90)
Branch 77: 0.002882  (parent node 90 -> internal node 91)
Branch 78: 0.014199  (parent node 91 -> internal node 92)
Branch 79: 0.000100  (parent node 92 -> internal node 93)
Branch 80: 0.000100  (parent node 93 -> internal node 94)
Branch 81: 0.011391  (parent node 94 -> leaf Bmus)
Branch 82: 0.008537  (parent node 94 -> internal node 95)
Branch 83: 0.000100  (parent node 95 -> internal node 96)
Branch 84: 0.000100  (parent node 96 -> leaf Bbor)
Branch 85: 0.000100  (parent node 96 -> leaf Bede)
Branch 86: 0.000100  (parent node 95 -> leaf Bric)
Branch 87: 0.008541  (parent node 93 -> internal node 97)
Branch 88: 0.000100  (parent node 97 -> internal node 98)
Branch 89: 0.002841  (parent node 98 -> leaf Bphy)
Branch 90: 0.011409  (parent node 98 -> leaf Mnov)
Branch 91: 0.008546  (parent node 97 -> leaf Erob)
Branch 92: 0.017158  (parent node 92 -> internal node 99)
Branch 93: 0.000100  (parent node 99 -> leaf Bacu)
Branch 94: 0.005691  (parent node 99 -> leaf Bbon)
Branch 95: 0.028813  (parent node 91 -> leaf Cmar)
Branch 96: 0.015430  (parent node 90 -> internal node 100)
Branch 97: 0.009671  (parent node 100 -> leaf Bmys)
Branch 98: 0.000100  (parent node 100 -> internal node 101)
Branch 99: 0.000100  (parent node 101 -> leaf Egla)
Branch 100: 0.000100  (parent node 101 -> leaf Eaus)

--- TREE WITH ESTIMATED BRANCH LENGTHS (NEWICK) ---
(Hiamp:0.143375,((((((((Ppho:0.0001,Psin:0.0001):0.0001,Nsun:0.00413472):0.00503397,(Dleu:0.00285828,Mmon:0.0001):0.0224703):0.00571649,(((((((Ttru:0.0057195,(((Ddel:0.0001,Tadu:0.002859):0.0001,(Scoe:0.00285588,Scly:0.00571574):0.0001):0.0001,Sfro:0.00285902):0.0001):0.0001,Schi:0.00571968):0.0001,Satt:0.0114692):0.0001,Slon:0.00858452):0.0001,(((Pcra:0.00572174,(Gmel:0.0001,Pele:0.0001):0.0001):0.0001,Ggri:0.0001):0.0001,Sbre:0.0001):0.0001):0.0001,((Lalb:0.00285476,Lacu:0.00859286):0.0001,(Ccom:0.00286263,Aobl:0.0114947):0.00286315):0.0001):0.0001,Oorc:0.00859538):0.0149231):0.012849,(Igeo:0.0563421,Lvex:0.0229102):0.0194985):0.00425743,(Zcav:0.014393,((Mbid:0.00854578,((Mden:0.00854507,Mste:0.00284115):0.0001,(Mmir:0.00284249,Meur:0.0001):0.00284313):0.0001):0.00626023,Hyamp:0.0001):0.0062566):0.0344249):0.00908862,(Pmin:0.0001,Pgan:0.0001):0.0208961):0.0001,(Pmac:0.00660272,(Kbre:0.00286399,Ksim:0.0001):0.0489684):0.0231532):0.0001,(((((Bmus:0.0113913,((Bbor:0.0001,Bede:0.0001):0.0001,Bric:0.0001):0.00853709):0.0001,((Bphy:0.00284114,Mnov:0.011409):0.0001,Erob:0.00854649):0.00854078):0.0001,(Bacu:0.0001,Bbon:0.00569125):0.0171576):0.0141986,Cmar:0.0288131):0.00288182,(Bmys:0.00967134,(Egla:0.0001,Eaus:0.0001):0.0001):0.0154303):0.0216214);

--- ASCII PHYLOGRAM (estimated branch lengths) ---

[DEBUG] ASCII phylogram ('-' = background, '=' = foreground)
(root)
|---------------------------------------- Hiamp
|-- (*)
|  |-- (*)
|  |  |--- (*)
|  |  |   |-- (*)
|  |  |   |  |---- (*)
|  |  |   |  |    |-- (*)
|  |  |   |  |    |  |-- (*)
|  |  |   |  |    |  |  |-- (*)
|  |  |   |  |    |  |  |  |-- Ppho
|  |  |   |  |    |  |  |  `-- Psin
|  |  |   |  |    |  |  `-- Nsun
|  |  |   |  |    |  `------ (*)
|  |  |   |  |    |         |-- Dleu
|  |  |   |  |    |         `-- Mmon
|  |  |   |  |    `---- (*)
|  |  |   |  |         |-- (*)
|  |  |   |  |         |  |-- (*)
|  |  |   |  |         |  |  |-- (*)
|  |  |   |  |         |  |  |  |-- (*)
|  |  |   |  |         |  |  |  |  |-- (*)
|  |  |   |  |         |  |  |  |  |  |-- (*)
|  |  |   |  |         |  |  |  |  |  |  |-- Ttru
|  |  |   |  |         |  |  |  |  |  |  `-- (*)
|  |  |   |  |         |  |  |  |  |  |     |-- (*)
|  |  |   |  |         |  |  |  |  |  |     |  |-- (*)
|  |  |   |  |         |  |  |  |  |  |     |  |  |-- Ddel
|  |  |   |  |         |  |  |  |  |  |     |  |  `-- Tadu
|  |  |   |  |         |  |  |  |  |  |     |  `-- (*)
|  |  |   |  |         |  |  |  |  |  |     |     |-- Scoe
|  |  |   |  |         |  |  |  |  |  |     |     `-- Scly
|  |  |   |  |         |  |  |  |  |  |     `-- Sfro
|  |  |   |  |         |  |  |  |  |  `-- Schi
|  |  |   |  |         |  |  |  |  `--- Satt
|  |  |   |  |         |  |  |  `-- Slon
|  |  |   |  |         |  |  `-- (*)
|  |  |   |  |         |  |     |-- (*)
|  |  |   |  |         |  |     |  |-- (*)
|  |  |   |  |         |  |     |  |  |-- Pcra
|  |  |   |  |         |  |     |  |  `-- (*)
|  |  |   |  |         |  |     |  |     |-- Gmel
|  |  |   |  |         |  |     |  |     `-- Pele
|  |  |   |  |         |  |     |  `-- Ggri
|  |  |   |  |         |  |     `-- Sbre
|  |  |   |  |         |  `-- (*)
|  |  |   |  |         |     |-- (*)
|  |  |   |  |         |     |  |-- Lalb
|  |  |   |  |         |     |  `-- Lacu
|  |  |   |  |         |     `-- (*)
|  |  |   |  |         |        |-- Ccom
|  |  |   |  |         |        `--- Aobl
|  |  |   |  |         `-- Oorc
|  |  |   |  `----- (*)
|  |  |   |        |---------------- Igeo
|  |  |   |        `------ Lvex
|  |  |   `---------- (*)
|  |  |              |---- Zcav
|  |  |              `-- (*)
|  |  |                 |-- (*)
|  |  |                 |  |-- Mbid
|  |  |                 |  `-- (*)
|  |  |                 |     |-- (*)
|  |  |                 |     |  |-- Mden
|  |  |                 |     |  `-- Mste
|  |  |                 |     `-- (*)
|  |  |                 |        |-- Mmir
|  |  |                 |        `-- Meur
|  |  |                 `-- Hyamp
|  |  `------ (*)
|  |         |-- Pmin
|  |         `-- Pgan
|  `------ (*)
|         |-- Pmac
|         `-------------- (*)
|                        |-- Kbre
|                        `-- Ksim
`------ (*)
       |-- (*)
       |  |---- (*)
       |  |    |-- (*)
       |  |    |  |-- (*)
       |  |    |  |  |--- Bmus
       |  |    |  |  `-- (*)
       |  |    |  |     |-- (*)
       |  |    |  |     |  |-- Bbor
       |  |    |  |     |  `-- Bede
       |  |    |  |     `-- Bric
       |  |    |  `-- (*)
       |  |    |     |-- (*)
       |  |    |     |  |-- Bphy
       |  |    |     |  `--- Mnov
       |  |    |     `-- Erob
       |  |    `----- (*)
       |  |          |-- Bacu
       |  |          `-- Bbon
       |  `-------- Cmar
       `---- (*)
            |--- Bmys
            `-- (*)
               |-- Egla
               `-- Eaus

--- PARAMETERS ---
Kappa: 5.430079
Omega: 0.801639
Gamma (background):    0.245006
NOTE: no branches labeled #1 or #2 in the tree (only background gamma is used).

End time: 2025-12-13 17:00:36
