
--- MODEL SUMMARY ---
Model used: 4
Sequence file: input/RHO_seq.dat
Tree file: input/RHO.fa.tree
Log likelihood: -3295.990929
np: 24
Start time: 2025-04-15 19:23:32

--- BASE FREQUENCIES ---
T: 0.285496  C: 0.273476  A: 0.193999  G: 0.247029

--- BRANCH LENGTHS ---
Branch 0: 0.000100
Branch 1: 1.133085
Branch 2: 0.131249
Branch 3: 0.068270
Branch 4: 0.246365
Branch 5: 0.140695
Branch 6: 0.059849
Branch 7: 0.061855
Branch 8: 0.164399
Branch 9: 0.094922
Branch 10: 0.092591
Branch 11: 0.085193
Branch 12: 0.000099
Branch 13: 0.361543
Branch 14: 0.016808
Branch 15: 0.015772
Branch 16: 0.047319
Branch 17: 0.078639
Branch 18: 0.056375
Branch 19: 0.009959
Branch 20: 0.040549

--- PARAMETERS ---
Kappa: 4.960219
Omega: 1.534354
Gamma (all branches): 0.313606

End time: 2025-04-15 19:31:16
