
--- MODEL SUMMARY ---
Model used: 1
Sequence file: input/RHO_seq.dat
Tree file: input/RHO.fa.tree
Log likelihood: -3085.563261
np: 109
Start time: 2025-12-15 10:50:03

--- BASE FREQUENCIES ---
T: 0.245532  C: 0.308475  A: 0.213221  G: 0.232773

--- BRANCH LENGTHS ---
Branch  0: 0.166476  (parent node 52 -> leaf Hiamp)
Branch  1: 0.000100  (parent node 52 -> internal node 53)
Branch  2: 0.000100  (parent node 53 -> internal node 54)
Branch  3: 0.010096  (parent node 54 -> internal node 55)
Branch  4: 0.004803  (parent node 55 -> internal node 56)
Branch  5: 0.014061  (parent node 56 -> internal node 57)
Branch  6: 0.006368  (parent node 57 -> internal node 58)
Branch  7: 0.007101  (parent node 58 -> internal node 59)
Branch  8: 0.000100  (parent node 59 -> internal node 60)
Branch  9: 0.003142  (parent node 60 -> leaf Ppho)
Branch 10: 0.000100  (parent node 60 -> leaf Psin)
Branch 11: 0.000100  (parent node 59 -> leaf Nsun)
Branch 12: 0.024845  (parent node 58 -> internal node 61)
Branch 13: 0.003145  (parent node 61 -> leaf Dleu)
Branch 14: 0.000100  (parent node 61 -> leaf Mmon)
Branch 15: 0.016672  (parent node 57 -> internal node 62)
Branch 16: 0.000100  (parent node 62 -> internal node 63)
Branch 17: 0.000100  (parent node 63 -> internal node 64)
Branch 18: 0.000100  (parent node 64 -> internal node 65)
Branch 19: 0.000100  (parent node 65 -> internal node 66)
Branch 20: 0.000100  (parent node 66 -> internal node 67)
Branch 21: 0.000100  (parent node 67 -> internal node 68)
Branch 22: 0.006312  (parent node 68 -> leaf Ttru)
Branch 23: 0.000100  (parent node 68 -> internal node 69)
Branch 24: 0.000100  (parent node 69 -> internal node 70)
Branch 25: 0.000100  (parent node 70 -> internal node 71)
Branch 26: 0.000100  (parent node 71 -> leaf Ddel)
Branch 27: 0.003155  (parent node 71 -> leaf Tadu)
Branch 28: 0.000100  (parent node 70 -> internal node 72)
Branch 29: 0.003149  (parent node 72 -> leaf Scoe)
Branch 30: 0.006311  (parent node 72 -> leaf Scly)
Branch 31: 0.003155  (parent node 69 -> leaf Sfro)
Branch 32: 0.006311  (parent node 67 -> leaf Schi)
Branch 33: 0.012695  (parent node 66 -> leaf Satt)
Branch 34: 0.009484  (parent node 65 -> leaf Slon)
Branch 35: 0.000100  (parent node 64 -> internal node 73)
Branch 36: 0.000100  (parent node 73 -> internal node 74)
Branch 37: 0.000100  (parent node 74 -> internal node 75)
Branch 38: 0.006322  (parent node 75 -> leaf Pcra)
Branch 39: 0.000100  (parent node 75 -> internal node 76)
Branch 40: 0.000100  (parent node 76 -> leaf Gmel)
Branch 41: 0.000100  (parent node 76 -> leaf Pele)
Branch 42: 0.000100  (parent node 74 -> leaf Ggri)
Branch 43: 0.000100  (parent node 73 -> leaf Sbre)
Branch 44: 0.000100  (parent node 63 -> internal node 77)
Branch 45: 0.000100  (parent node 77 -> internal node 78)
Branch 46: 0.003149  (parent node 78 -> leaf Lalb)
Branch 47: 0.009511  (parent node 78 -> leaf Lacu)
Branch 48: 0.003151  (parent node 77 -> internal node 79)
Branch 49: 0.003161  (parent node 79 -> leaf Ccom)
Branch 50: 0.012734  (parent node 79 -> leaf Aobl)
Branch 51: 0.009518  (parent node 62 -> leaf Oorc)
Branch 52: 0.021732  (parent node 56 -> internal node 80)
Branch 53: 0.063963  (parent node 80 -> leaf Igeo)
Branch 54: 0.025506  (parent node 80 -> leaf Lvex)
Branch 55: 0.038168  (parent node 55 -> internal node 81)
Branch 56: 0.017020  (parent node 81 -> leaf Zcav)
Branch 57: 0.005581  (parent node 81 -> internal node 82)
Branch 58: 0.005464  (parent node 82 -> internal node 83)
Branch 59: 0.009212  (parent node 83 -> leaf Mbid)
Branch 60: 0.000100  (parent node 83 -> internal node 84)
Branch 61: 0.000100  (parent node 84 -> internal node 85)
Branch 62: 0.009215  (parent node 85 -> leaf Mden)
Branch 63: 0.003067  (parent node 85 -> leaf Mste)
Branch 64: 0.003059  (parent node 84 -> internal node 86)
Branch 65: 0.003059  (parent node 86 -> leaf Mmir)
Branch 66: 0.000100  (parent node 86 -> leaf Meur)
Branch 67: 0.003791  (parent node 82 -> leaf Hyamp)
Branch 68: 0.023607  (parent node 54 -> internal node 87)
Branch 69: 0.000100  (parent node 87 -> leaf Pmin)
Branch 70: 0.000100  (parent node 87 -> leaf Pgan)
Branch 71: 0.027020  (parent node 53 -> internal node 88)
Branch 72: 0.005996  (parent node 88 -> leaf Pmac)
Branch 73: 0.054911  (parent node 88 -> internal node 89)
Branch 74: 0.003049  (parent node 89 -> leaf Kbre)
Branch 75: 0.000100  (parent node 89 -> leaf Ksim)
Branch 76: 0.023919  (parent node 52 -> internal node 90)
Branch 77: 0.003208  (parent node 90 -> internal node 91)
Branch 78: 0.016639  (parent node 91 -> internal node 92)
Branch 79: 0.000100  (parent node 92 -> internal node 93)
Branch 80: 0.000100  (parent node 93 -> internal node 94)
Branch 81: 0.012636  (parent node 94 -> leaf Bmus)
Branch 82: 0.009407  (parent node 94 -> internal node 95)
Branch 83: 0.000100  (parent node 95 -> internal node 96)
Branch 84: 0.000100  (parent node 96 -> leaf Bbor)
Branch 85: 0.000100  (parent node 96 -> leaf Bede)
Branch 86: 0.000100  (parent node 95 -> leaf Bric)
Branch 87: 0.009460  (parent node 93 -> internal node 97)
Branch 88: 0.000100  (parent node 97 -> internal node 98)
Branch 89: 0.003139  (parent node 98 -> leaf Bphy)
Branch 90: 0.012621  (parent node 98 -> leaf Mnov)
Branch 91: 0.009464  (parent node 97 -> leaf Erob)
Branch 92: 0.019102  (parent node 92 -> internal node 99)
Branch 93: 0.000100  (parent node 99 -> leaf Bacu)
Branch 94: 0.006296  (parent node 99 -> leaf Bbon)
Branch 95: 0.031312  (parent node 91 -> leaf Cmar)
Branch 96: 0.016798  (parent node 90 -> internal node 100)
Branch 97: 0.009658  (parent node 100 -> leaf Bmys)
Branch 98: 0.003002  (parent node 100 -> internal node 101)
Branch 99: 0.000100  (parent node 101 -> leaf Egla)
Branch 100: 0.000100  (parent node 101 -> leaf Eaus)

--- TREE WITH ESTIMATED BRANCH LENGTHS (NEWICK) ---
(Hiamp:0.166476,((((((((Ppho:0.00314207,Psin:0.0001):0.0001,Nsun:0.0001):0.00710112,(Dleu:0.00314468,Mmon:0.0001):0.0248453):0.00636833,(((((((Ttru:0.00631219,(((Ddel:0.0001,Tadu:0.00315492):0.0001,(Scoe:0.00314947,Scly:0.00631102):0.0001):0.0001,Sfro:0.00315486):0.0001):0.0001,Schi:0.0063113):0.0001,Satt:0.0126953):0.0001,Slon:0.00948428):0.0001,(((Pcra:0.00632223,(Gmel:0.0001,Pele:0.0001):0.0001):0.0001,Ggri:0.0001):0.0001,Sbre:0.0001):0.0001):0.0001,((Lalb:0.00314853,Lacu:0.00951073):0.0001,(Ccom:0.00316077,Aobl:0.0127336):0.00315083):0.0001):0.0001,Oorc:0.0095184):0.0166716):0.014061,(Igeo:0.0639629,Lvex:0.025506):0.0217319):0.00480335,(Zcav:0.0170202,((Mbid:0.00921178,((Mden:0.00921509,Mste:0.00306693):0.0001,(Mmir:0.00305907,Meur:0.0001):0.00305874):0.0001):0.00546388,Hyamp:0.00379115):0.0055813):0.0381677):0.0100962,(Pmin:0.0001,Pgan:0.0001):0.0236067):0.0001,(Pmac:0.00599626,(Kbre:0.00304906,Ksim:0.0001):0.0549107):0.02702):0.0001,(((((Bmus:0.0126359,((Bbor:0.0001,Bede:0.0001):0.0001,Bric:0.0001):0.00940738):0.0001,((Bphy:0.00313915,Mnov:0.0126205):0.0001,Erob:0.00946387):0.00946012):0.0001,(Bacu:0.0001,Bbon:0.00629558):0.019102):0.0166387,Cmar:0.0313116):0.00320764,(Bmys:0.00965821,(Egla:0.0001,Eaus:0.0001):0.00300215):0.0167984):0.0239188);

--- ASCII PHYLOGRAM (estimated branch lengths) ---

[DEBUG] ASCII phylogram ('-' = background, '=' = foreground)
(root)
|---------------------------------------- Hiamp
|-- (*)
|  |-- (*)
|  |  |-- (*)
|  |  |  |-- (*)
|  |  |  |  |--- (*)
|  |  |  |  |   |-- (*)
|  |  |  |  |   |  |-- (*)
|  |  |  |  |   |  |  |-- (*)
|  |  |  |  |   |  |  |  |-- Ppho
|  |  |  |  |   |  |  |  `-- Psin
|  |  |  |  |   |  |  `-- Nsun
|  |  |  |  |   |  `------ (*)
|  |  |  |  |   |         |-- Dleu
|  |  |  |  |   |         `-- Mmon
|  |  |  |  |   `---- (*)
|  |  |  |  |        |-- (*)
|  |  |  |  |        |  |-- (*)
|  |  |  |  |        |  |  |-- (*)
|  |  |  |  |        |  |  |  |-- (*)
|  |  |  |  |        |  |  |  |  |-- (*)
|  |  |  |  |        |  |  |  |  |  |-- (*)
|  |  |  |  |        |  |  |  |  |  |  |-- Ttru
|  |  |  |  |        |  |  |  |  |  |  `-- (*)
|  |  |  |  |        |  |  |  |  |  |     |-- (*)
|  |  |  |  |        |  |  |  |  |  |     |  |-- (*)
|  |  |  |  |        |  |  |  |  |  |     |  |  |-- Ddel
|  |  |  |  |        |  |  |  |  |  |     |  |  `-- Tadu
|  |  |  |  |        |  |  |  |  |  |     |  `-- (*)
|  |  |  |  |        |  |  |  |  |  |     |     |-- Scoe
|  |  |  |  |        |  |  |  |  |  |     |     `-- Scly
|  |  |  |  |        |  |  |  |  |  |     `-- Sfro
|  |  |  |  |        |  |  |  |  |  `-- Schi
|  |  |  |  |        |  |  |  |  `--- Satt
|  |  |  |  |        |  |  |  `-- Slon
|  |  |  |  |        |  |  `-- (*)
|  |  |  |  |        |  |     |-- (*)
|  |  |  |  |        |  |     |  |-- (*)
|  |  |  |  |        |  |     |  |  |-- Pcra
|  |  |  |  |        |  |     |  |  `-- (*)
|  |  |  |  |        |  |     |  |     |-- Gmel
|  |  |  |  |        |  |     |  |     `-- Pele
|  |  |  |  |        |  |     |  `-- Ggri
|  |  |  |  |        |  |     `-- Sbre
|  |  |  |  |        |  `-- (*)
|  |  |  |  |        |     |-- (*)
|  |  |  |  |        |     |  |-- Lalb
|  |  |  |  |        |     |  `-- Lacu
|  |  |  |  |        |     `-- (*)
|  |  |  |  |        |        |-- Ccom
|  |  |  |  |        |        `--- Aobl
|  |  |  |  |        `-- Oorc
|  |  |  |  `----- (*)
|  |  |  |        |--------------- Igeo
|  |  |  |        `------ Lvex
|  |  |  `========= (*) [#1]
|  |  |            |---- Zcav
|  |  |            `-- (*)
|  |  |               |-- (*)
|  |  |               |  |-- Mbid
|  |  |               |  `-- (*)
|  |  |               |     |-- (*)
|  |  |               |     |  |-- Mden
|  |  |               |     |  `-- Mste
|  |  |               |     `-- (*)
|  |  |               |        |-- Mmir
|  |  |               |        `-- Meur
|  |  |               `-- Hyamp
|  |  `------ (*)
|  |         |-- Pmin
|  |         `-- Pgan
|  `====== (*) [#1]
|         |-- Pmac
|         `------------- (*)
|                       |-- Kbre
|                       `-- Ksim
`------ (*)
       |-- (*)
       |  |---- (*)
       |  |    |-- (*)
       |  |    |  |-- (*)
       |  |    |  |  |--- Bmus
       |  |    |  |  `-- (*)
       |  |    |  |     |-- (*)
       |  |    |  |     |  |-- Bbor
       |  |    |  |     |  `-- Bede
       |  |    |  |     `-- Bric
       |  |    |  `-- (*)
       |  |    |     |-- (*)
       |  |    |     |  |-- Bphy
       |  |    |     |  `--- Mnov
       |  |    |     `-- Erob
       |  |    `----- (*)
       |  |          |-- Bacu
       |  |          `-- Bbon
       |  `-------- Cmar
       `---- (*)
            |-- Bmys
            `-- (*)
               |-- Egla
               `-- Eaus

--- PARAMETERS ---
Kappa: 5.317867
Omega[0]: 0.000100
Omega[1]: 17.311467
Gamma[0][0]: 0.000100
Gamma[0][1]: 1.984994

--- CATEGORY PROBABILITIES ---
P(Omega 0, Gamma 0): 0.551218
P(Omega 0, Gamma 1): 0.289402
P(Omega 1, Gamma 0): 0.095881
P(Omega 1, Gamma 1): 0.063499

--- POSTERIOR PROBABILITIES PER SITE ---
Site    1: C1: 0.733  C2: 0.264  C3: 0.000  C4: 0.004  
Site    2: C1: 0.897  C2: 0.066  C3: 0.028  C4: 0.009  
Site    3: C1: 0.512  C2: 0.271  C3: 0.144  C4: 0.073  
Site    4: C1: 0.816  C2: 0.087  C3: 0.080  C4: 0.017  
Site    5: C1: 0.852  C2: 0.069  C3: 0.065  C4: 0.013  
Site    6: C1: 0.522  C2: 0.249  C3: 0.158  C4: 0.071  
Site    7: C1: 0.000  C2: 0.875  C3: 0.000  C4: 0.125  
Site    8: C1: 0.650  C2: 0.242  C3: 0.063  C4: 0.045  
Site    9: C1: 0.592  C2: 0.194  C3: 0.156  C4: 0.058  
Site   10: C1: 0.854  C2: 0.063  C3: 0.070  C4: 0.013  
Site   11: C1: 0.583  C2: 0.377  C3: 0.011  C4: 0.029  
Site   12: C1: 0.448  C2: 0.277  C3: 0.190  C4: 0.085  
Site   13: C1: 0.592  C2: 0.194  C3: 0.156  C4: 0.058  
Site   14: C1: 0.998  C2: 0.000  C3: 0.001  C4: 0.000  
Site   15: C1: 0.650  C2: 0.242  C3: 0.063  C4: 0.045  
Site   16: C1: 0.000  C2: 0.967  C3: 0.000  C4: 0.033  
Site   17: C1: 0.969  C2: 0.024  C3: 0.005  C4: 0.001  
Site   18: C1: 0.522  C2: 0.249  C3: 0.158  C4: 0.071  
Site   19: C1: 0.583  C2: 0.377  C3: 0.011  C4: 0.029  
Site   20: C1: 0.583  C2: 0.377  C3: 0.011  C4: 0.029  
Site   21: C1: 0.499  C2: 0.247  C3: 0.179  C4: 0.075  
Site   22: C1: 0.591  C2: 0.206  C3: 0.145  C4: 0.059  
Site   23: C1: 0.464  C2: 0.245  C3: 0.210  C4: 0.081  
Site   24: C1: 0.001  C2: 0.825  C3: 0.000  C4: 0.175  
Site   25: C1: 0.569  C2: 0.235  C3: 0.133  C4: 0.063  
Site   26: C1: 0.854  C2: 0.063  C3: 0.070  C4: 0.013  
Site   27: C1: 0.455  C2: 0.277  C3: 0.184  C4: 0.084  
Site   28: C1: 0.541  C2: 0.252  C3: 0.139  C4: 0.068  
Site   29: C1: 0.578  C2: 0.217  C3: 0.144  C4: 0.061  
Site   30: C1: 0.578  C2: 0.217  C3: 0.144  C4: 0.061  
Site   31: C1: 0.340  C2: 0.383  C3: 0.171  C4: 0.107  
Site   32: C1: 0.818  C2: 0.081  C3: 0.084  C4: 0.017  
Site   33: C1: 0.569  C2: 0.235  C3: 0.133  C4: 0.063  
Site   34: C1: 0.783  C2: 0.093  C3: 0.103  C4: 0.020  
Site   35: C1: 0.678  C2: 0.228  C3: 0.054  C4: 0.040  
Site   36: C1: 0.541  C2: 0.252  C3: 0.139  C4: 0.068  
Site   37: C1: 0.592  C2: 0.194  C3: 0.156  C4: 0.058  
Site   38: C1: 0.496  C2: 0.243  C3: 0.185  C4: 0.075  
Site   39: C1: 0.001  C2: 0.004  C3: 0.418  C4: 0.578  
Site   40: C1: 0.340  C2: 0.383  C3: 0.171  C4: 0.107  
Site   41: C1: 0.983  C2: 0.004  C3: 0.013  C4: 0.000  
Site   42: C1: 0.499  C2: 0.247  C3: 0.179  C4: 0.075  
Site   43: C1: 0.578  C2: 0.217  C3: 0.144  C4: 0.061  
Site   44: C1: 0.733  C2: 0.264  C3: 0.000  C4: 0.004  
Site   45: C1: 0.001  C2: 0.823  C3: 0.000  C4: 0.176  
Site   46: C1: 0.910  C2: 0.038  C3: 0.047  C4: 0.005  
Site   47: C1: 0.340  C2: 0.383  C3: 0.171  C4: 0.107  
Site   48: C1: 0.899  C2: 0.097  C3: 0.001  C4: 0.003  
Site   49: C1: 0.000  C2: 0.000  C3: 0.672  C4: 0.328  
Site   50: C1: 1.000  C2: 0.000  C3: 0.000  C4: 0.000  
Site   51: C1: 0.000  C2: 0.830  C3: 0.000  C4: 0.169  
Site   52: C1: 0.592  C2: 0.194  C3: 0.156  C4: 0.058  
Site   53: C1: 0.464  C2: 0.245  C3: 0.210  C4: 0.081  
Site   54: C1: 0.637  C2: 0.346  C3: 0.003  C4: 0.014  
Site   55: C1: 0.650  C2: 0.242  C3: 0.063  C4: 0.045  
Site   56: C1: 0.592  C2: 0.194  C3: 0.156  C4: 0.058  
Site   57: C1: 0.496  C2: 0.243  C3: 0.185  C4: 0.075  
Site   58: C1: 0.957  C2: 0.019  C3: 0.022  C4: 0.002  
Site   59: C1: 0.496  C2: 0.243  C3: 0.185  C4: 0.075  
Site   60: C1: 0.854  C2: 0.063  C3: 0.070  C4: 0.013  
Site   61: C1: 0.521  C2: 0.246  C3: 0.162  C4: 0.071  
Site   62: C1: 0.820  C2: 0.085  C3: 0.079  C4: 0.017  
Site   63: C1: 0.986  C2: 0.004  C3: 0.010  C4: 0.000  
Site   64: C1: 0.541  C2: 0.252  C3: 0.139  C4: 0.068  
Site   65: C1: 0.590  C2: 0.191  C3: 0.161  C4: 0.058  
Site   66: C1: 0.571  C2: 0.236  C3: 0.130  C4: 0.062  
Site   67: C1: 0.571  C2: 0.236  C3: 0.130  C4: 0.062  
Site   68: C1: 0.340  C2: 0.383  C3: 0.171  C4: 0.107  
Site   69: C1: 0.499  C2: 0.247  C3: 0.179  C4: 0.075  
Site   70: C1: 0.499  C2: 0.269  C3: 0.156  C4: 0.075  
Site   71: C1: 0.448  C2: 0.277  C3: 0.190  C4: 0.085  
Site   72: C1: 0.801  C2: 0.082  C3: 0.099  C4: 0.018  
Site   73: C1: 0.650  C2: 0.242  C3: 0.063  C4: 0.045  
Site   74: C1: 0.578  C2: 0.217  C3: 0.144  C4: 0.061  
Site   75: C1: 0.637  C2: 0.346  C3: 0.003  C4: 0.014  
Site   76: C1: 0.340  C2: 0.383  C3: 0.171  C4: 0.107  
Site   77: C1: 0.496  C2: 0.243  C3: 0.185  C4: 0.075  
Site   78: C1: 0.650  C2: 0.242  C3: 0.063  C4: 0.045  
Site   79: C1: 0.340  C2: 0.383  C3: 0.171  C4: 0.107  
Site   80: C1: 0.808  C2: 0.080  C3: 0.095  C4: 0.017  
Site   81: C1: 0.877  C2: 0.112  C3: 0.006  C4: 0.006  
Site   82: C1: 0.808  C2: 0.080  C3: 0.095  C4: 0.017  
Site   83: C1: 0.000  C2: 0.933  C3: 0.000  C4: 0.067  
Site   84: C1: 0.496  C2: 0.243  C3: 0.185  C4: 0.075  
Site   85: C1: 0.592  C2: 0.194  C3: 0.156  C4: 0.058  
Site   86: C1: 0.733  C2: 0.264  C3: 0.000  C4: 0.004  
Site   87: C1: 0.521  C2: 0.246  C3: 0.162  C4: 0.071  
Site   88: C1: 0.000  C2: 0.981  C3: 0.000  C4: 0.019  
Site   89: C1: 0.508  C2: 0.270  C3: 0.148  C4: 0.074  
Site   90: C1: 0.522  C2: 0.249  C3: 0.158  C4: 0.071  
Site   91: C1: 0.592  C2: 0.194  C3: 0.156  C4: 0.058  
Site   92: C1: 0.591  C2: 0.392  C3: 0.003  C4: 0.015  
Site   93: C1: 0.591  C2: 0.392  C3: 0.003  C4: 0.015  
Site   94: C1: 0.000  C2: 0.973  C3: 0.000  C4: 0.026  
Site   95: C1: 0.496  C2: 0.243  C3: 0.185  C4: 0.075  
Site   96: C1: 0.578  C2: 0.217  C3: 0.144  C4: 0.061  
Site   97: C1: 0.591  C2: 0.392  C3: 0.003  C4: 0.015  
Site   98: C1: 0.480  C2: 0.270  C3: 0.171  C4: 0.079  
Site   99: C1: 0.000  C2: 0.000  C3: 0.000  C4: 1.000  
Site  100: C1: 0.003  C2: 0.865  C3: 0.000  C4: 0.132  
Site  101: C1: 0.002  C2: 0.874  C3: 0.000  C4: 0.124  
Site  102: C1: 0.578  C2: 0.217  C3: 0.144  C4: 0.061  
Site  103: C1: 0.592  C2: 0.194  C3: 0.156  C4: 0.058  
Site  104: C1: 0.000  C2: 0.984  C3: 0.000  C4: 0.016  
Site  105: C1: 0.003  C2: 0.866  C3: 0.000  C4: 0.131  
Site  106: C1: 0.512  C2: 0.271  C3: 0.144  C4: 0.073  
Site  107: C1: 0.464  C2: 0.245  C3: 0.210  C4: 0.081  
Site  108: C1: 0.989  C2: 0.004  C3: 0.007  C4: 0.000  
Site  109: C1: 0.814  C2: 0.093  C3: 0.076  C4: 0.017  
Site  110: C1: 0.582  C2: 0.208  C3: 0.150  C4: 0.060  
Site  111: C1: 0.988  C2: 0.006  C3: 0.005  C4: 0.001  
Site  112: C1: 0.000  C2: 0.933  C3: 0.000  C4: 0.067  
Site  113: C1: 0.569  C2: 0.235  C3: 0.133  C4: 0.063  
Site  114: C1: 0.522  C2: 0.249  C3: 0.158  C4: 0.071  
Site  115: C1: 0.592  C2: 0.194  C3: 0.156  C4: 0.058  
Site  116: C1: 0.847  C2: 0.066  C3: 0.073  C4: 0.013  
Site  117: C1: 0.499  C2: 0.247  C3: 0.179  C4: 0.075  
Site  118: C1: 0.591  C2: 0.392  C3: 0.003  C4: 0.015  
Site  119: C1: 0.698  C2: 0.155  C3: 0.116  C4: 0.031  
Site  120: C1: 0.829  C2: 0.076  C3: 0.080  C4: 0.015  
Site  121: C1: 0.508  C2: 0.270  C3: 0.148  C4: 0.074  
Site  122: C1: 0.562  C2: 0.242  C3: 0.132  C4: 0.064  
Site  123: C1: 0.000  C2: 0.978  C3: 0.000  C4: 0.022  
Site  124: C1: 0.499  C2: 0.247  C3: 0.179  C4: 0.075  
Site  125: C1: 0.000  C2: 0.843  C3: 0.000  C4: 0.157  
Site  126: C1: 0.678  C2: 0.228  C3: 0.054  C4: 0.040  
Site  127: C1: 0.813  C2: 0.079  C3: 0.091  C4: 0.017  
Site  128: C1: 0.418  C2: 0.338  C3: 0.154  C4: 0.090  
Site  129: C1: 0.583  C2: 0.377  C3: 0.011  C4: 0.029  
Site  130: C1: 0.521  C2: 0.246  C3: 0.162  C4: 0.071  
Site  131: C1: 0.340  C2: 0.383  C3: 0.171  C4: 0.107  
Site  132: C1: 0.499  C2: 0.247  C3: 0.179  C4: 0.075  
Site  133: C1: 0.978  C2: 0.021  C3: 0.001  C4: 0.000  
Site  134: C1: 0.569  C2: 0.235  C3: 0.133  C4: 0.063  
Site  135: C1: 0.941  C2: 0.022  C3: 0.033  C4: 0.003  
Site  136: C1: 0.578  C2: 0.217  C3: 0.144  C4: 0.061  
Site  137: C1: 0.000  C2: 0.000  C3: 0.726  C4: 0.274  
Site  138: C1: 0.583  C2: 0.377  C3: 0.011  C4: 0.029  
Site  139: C1: 0.583  C2: 0.377  C3: 0.011  C4: 0.029  
Site  140: C1: 0.556  C2: 0.236  C3: 0.143  C4: 0.065  
Site  141: C1: 0.571  C2: 0.236  C3: 0.130  C4: 0.062  
Site  142: C1: 0.785  C2: 0.081  C3: 0.115  C4: 0.019  
Site  143: C1: 0.733  C2: 0.264  C3: 0.000  C4: 0.004  
Site  144: C1: 0.591  C2: 0.206  C3: 0.145  C4: 0.059  
Site  145: C1: 0.650  C2: 0.242  C3: 0.063  C4: 0.045  
Site  146: C1: 0.592  C2: 0.194  C3: 0.156  C4: 0.058  
Site  147: C1: 0.499  C2: 0.247  C3: 0.179  C4: 0.075  
Site  148: C1: 0.592  C2: 0.194  C3: 0.156  C4: 0.058  
Site  149: C1: 0.512  C2: 0.271  C3: 0.144  C4: 0.073  
Site  150: C1: 0.569  C2: 0.235  C3: 0.133  C4: 0.063  
Site  151: C1: 0.000  C2: 0.004  C3: 0.000  C4: 0.995  
Site  152: C1: 0.845  C2: 0.066  C3: 0.076  C4: 0.014  
Site  153: C1: 0.499  C2: 0.247  C3: 0.179  C4: 0.075  
Site  154: C1: 0.637  C2: 0.346  C3: 0.003  C4: 0.014  
Site  155: C1: 0.000  C2: 0.015  C3: 0.000  C4: 0.985  
Site  156: C1: 0.522  C2: 0.249  C3: 0.158  C4: 0.071  
Site  157: C1: 0.813  C2: 0.076  C3: 0.095  C4: 0.017  
Site  158: C1: 0.002  C2: 0.865  C3: 0.000  C4: 0.133  
Site  159: C1: 0.000  C2: 0.821  C3: 0.000  C4: 0.179  
Site  160: C1: 0.995  C2: 0.005  C3: 0.000  C4: 0.000  
Site  161: C1: 0.678  C2: 0.228  C3: 0.054  C4: 0.040  
Site  162: C1: 0.000  C2: 0.968  C3: 0.000  C4: 0.032  
Site  163: C1: 0.733  C2: 0.264  C3: 0.000  C4: 0.004  
Site  164: C1: 0.804  C2: 0.089  C3: 0.089  C4: 0.018  
Site  165: C1: 0.000  C2: 0.929  C3: 0.000  C4: 0.071  
Site  166: C1: 0.808  C2: 0.080  C3: 0.095  C4: 0.017  
Site  167: C1: 0.844  C2: 0.070  C3: 0.072  C4: 0.014  
Site  168: C1: 0.499  C2: 0.247  C3: 0.179  C4: 0.075  
Site  169: C1: 0.002  C2: 0.873  C3: 0.000  C4: 0.125  
Site  170: C1: 0.785  C2: 0.081  C3: 0.115  C4: 0.019  
Site  171: C1: 0.933  C2: 0.019  C3: 0.045  C4: 0.003  
Site  172: C1: 0.496  C2: 0.243  C3: 0.185  C4: 0.075  
Site  173: C1: 0.521  C2: 0.246  C3: 0.162  C4: 0.071  
Site  174: C1: 0.522  C2: 0.249  C3: 0.158  C4: 0.071  
Site  175: C1: 0.678  C2: 0.228  C3: 0.054  C4: 0.040  
Site  176: C1: 0.496  C2: 0.243  C3: 0.185  C4: 0.075  
Site  177: C1: 0.541  C2: 0.252  C3: 0.139  C4: 0.068  
Site  178: C1: 0.578  C2: 0.217  C3: 0.144  C4: 0.061  
Site  179: C1: 0.637  C2: 0.346  C3: 0.003  C4: 0.014  
Site  180: C1: 0.934  C2: 0.022  C3: 0.040  C4: 0.003  
Site  181: C1: 0.569  C2: 0.235  C3: 0.133  C4: 0.063  
Site  182: C1: 0.497  C2: 0.287  C3: 0.140  C4: 0.075  
Site  183: C1: 0.733  C2: 0.264  C3: 0.000  C4: 0.004  
Site  184: C1: 0.541  C2: 0.252  C3: 0.139  C4: 0.068  
Site  185: C1: 0.582  C2: 0.208  C3: 0.150  C4: 0.060  
Site  186: C1: 0.839  C2: 0.102  C3: 0.044  C4: 0.015  
Site  187: C1: 0.960  C2: 0.013  C3: 0.026  C4: 0.002  
Site  188: C1: 0.512  C2: 0.271  C3: 0.144  C4: 0.073  
Site  189: C1: 0.011  C2: 0.966  C3: 0.000  C4: 0.023  
Site  190: C1: 0.591  C2: 0.206  C3: 0.145  C4: 0.059  
Site  191: C1: 0.578  C2: 0.217  C3: 0.144  C4: 0.061  
Site  192: C1: 0.959  C2: 0.014  C3: 0.026  C4: 0.002  
Site  193: C1: 0.951  C2: 0.020  C3: 0.027  C4: 0.003  
Site  194: C1: 0.000  C2: 0.862  C3: 0.000  C4: 0.138  
Site  195: C1: 0.000  C2: 0.927  C3: 0.000  C4: 0.073  
Site  196: C1: 0.995  C2: 0.001  C3: 0.004  C4: 0.000  
Site  197: C1: 0.569  C2: 0.235  C3: 0.133  C4: 0.063  
Site  198: C1: 0.000  C2: 0.839  C3: 0.000  C4: 0.161  
Site  199: C1: 0.650  C2: 0.242  C3: 0.063  C4: 0.045  
Site  200: C1: 0.882  C2: 0.075  C3: 0.033  C4: 0.010  
Site  201: C1: 0.958  C2: 0.015  C3: 0.024  C4: 0.002  
Site  202: C1: 0.496  C2: 0.243  C3: 0.185  C4: 0.075  
Site  203: C1: 0.958  C2: 0.013  C3: 0.027  C4: 0.002  
Site  204: C1: 0.521  C2: 0.246  C3: 0.162  C4: 0.071  
Site  205: C1: 0.000  C2: 0.967  C3: 0.000  C4: 0.032  
Site  206: C1: 0.578  C2: 0.217  C3: 0.144  C4: 0.061  
Site  207: C1: 0.733  C2: 0.264  C3: 0.000  C4: 0.004  
Site  208: C1: 0.862  C2: 0.054  C3: 0.073  C4: 0.012  
Site  209: C1: 0.583  C2: 0.377  C3: 0.011  C4: 0.029  
Site  210: C1: 0.833  C2: 0.077  C3: 0.075  C4: 0.015  
Site  211: C1: 0.590  C2: 0.191  C3: 0.161  C4: 0.058  
Site  212: C1: 0.592  C2: 0.194  C3: 0.156  C4: 0.058  
Site  213: C1: 0.000  C2: 0.901  C3: 0.000  C4: 0.099  
Site  214: C1: 0.637  C2: 0.346  C3: 0.003  C4: 0.014  
Site  215: C1: 0.464  C2: 0.245  C3: 0.210  C4: 0.081  
Site  216: C1: 0.000  C2: 0.981  C3: 0.000  C4: 0.019  
Site  217: C1: 0.000  C2: 0.923  C3: 0.000  C4: 0.077  
Site  218: C1: 0.637  C2: 0.346  C3: 0.003  C4: 0.014  
Site  219: C1: 0.907  C2: 0.090  C3: 0.001  C4: 0.002  
Site  220: C1: 0.001  C2: 0.828  C3: 0.000  C4: 0.171  
Site  221: C1: 0.858  C2: 0.056  C3: 0.074  C4: 0.012  
Site  222: C1: 0.582  C2: 0.208  C3: 0.150  C4: 0.060  
Site  223: C1: 0.999  C2: 0.000  C3: 0.001  C4: 0.000  
Site  224: C1: 0.512  C2: 0.271  C3: 0.144  C4: 0.073  
Site  225: C1: 0.541  C2: 0.252  C3: 0.139  C4: 0.068  
Site  226: C1: 0.699  C2: 0.155  C3: 0.116  C4: 0.031  
Site  227: C1: 0.521  C2: 0.246  C3: 0.162  C4: 0.071  
Site  228: C1: 0.858  C2: 0.056  C3: 0.074  C4: 0.012  
Site  229: C1: 0.565  C2: 0.388  C3: 0.014  C4: 0.033  
Site  230: C1: 0.521  C2: 0.246  C3: 0.162  C4: 0.071  
Site  231: C1: 0.571  C2: 0.236  C3: 0.130  C4: 0.062  
Site  232: C1: 0.569  C2: 0.235  C3: 0.133  C4: 0.063  
Site  233: C1: 0.986  C2: 0.004  C3: 0.010  C4: 0.000  
Site  234: C1: 0.484  C2: 0.272  C3: 0.166  C4: 0.078  
Site  235: C1: 0.808  C2: 0.079  C3: 0.096  C4: 0.017  
Site  236: C1: 0.834  C2: 0.080  C3: 0.071  C4: 0.015  
Site  237: C1: 0.541  C2: 0.252  C3: 0.139  C4: 0.068  
Site  238: C1: 0.838  C2: 0.077  C3: 0.071  C4: 0.015  
Site  239: C1: 0.569  C2: 0.235  C3: 0.133  C4: 0.063  
Site  240: C1: 0.839  C2: 0.103  C3: 0.043  C4: 0.015  
Site  241: C1: 0.808  C2: 0.080  C3: 0.095  C4: 0.017  
Site  242: C1: 0.591  C2: 0.392  C3: 0.003  C4: 0.015  
Site  243: C1: 0.986  C2: 0.004  C3: 0.010  C4: 0.000  
Site  244: C1: 0.541  C2: 0.252  C3: 0.139  C4: 0.068  
Site  245: C1: 0.571  C2: 0.236  C3: 0.130  C4: 0.062  
Site  246: C1: 0.809  C2: 0.079  C3: 0.095  C4: 0.017  
Site  247: C1: 0.569  C2: 0.235  C3: 0.133  C4: 0.063  
Site  248: C1: 0.571  C2: 0.236  C3: 0.130  C4: 0.062  
Site  249: C1: 0.569  C2: 0.235  C3: 0.133  C4: 0.063  
Site  250: C1: 0.521  C2: 0.246  C3: 0.162  C4: 0.071  
Site  251: C1: 0.884  C2: 0.108  C3: 0.003  C4: 0.005  
Site  252: C1: 0.499  C2: 0.247  C3: 0.179  C4: 0.075  
Site  253: C1: 0.733  C2: 0.264  C3: 0.000  C4: 0.004  
Site  254: C1: 0.521  C2: 0.246  C3: 0.162  C4: 0.071  
Site  255: C1: 0.000  C2: 0.990  C3: 0.000  C4: 0.010  
Site  256: C1: 0.637  C2: 0.346  C3: 0.003  C4: 0.014  
Site  257: C1: 0.733  C2: 0.264  C3: 0.000  C4: 0.004  
Site  258: C1: 0.521  C2: 0.246  C3: 0.162  C4: 0.071  
Site  259: C1: 0.000  C2: 0.969  C3: 0.000  C4: 0.031  
Site  260: C1: 0.803  C2: 0.088  C3: 0.091  C4: 0.018  
Site  261: C1: 0.592  C2: 0.194  C3: 0.156  C4: 0.058  
Site  262: C1: 0.340  C2: 0.383  C3: 0.171  C4: 0.107  
Site  263: C1: 0.978  C2: 0.021  C3: 0.000  C4: 0.000  
Site  264: C1: 0.582  C2: 0.208  C3: 0.150  C4: 0.060  
Site  265: C1: 0.678  C2: 0.228  C3: 0.054  C4: 0.040  
Site  266: C1: 0.000  C2: 0.963  C3: 0.000  C4: 0.037  
Site  267: C1: 0.784  C2: 0.081  C3: 0.116  C4: 0.019  
Site  268: C1: 0.956  C2: 0.016  C3: 0.026  C4: 0.002  
Site  269: C1: 0.499  C2: 0.247  C3: 0.179  C4: 0.075  
Site  270: C1: 0.003  C2: 0.871  C3: 0.000  C4: 0.126  
Site  271: C1: 0.000  C2: 0.000  C3: 0.469  C4: 0.530  
Site  272: C1: 0.943  C2: 0.020  C3: 0.033  C4: 0.003  
Site  273: C1: 0.592  C2: 0.194  C3: 0.156  C4: 0.058  
Site  274: C1: 0.578  C2: 0.217  C3: 0.144  C4: 0.061  
Site  275: C1: 0.890  C2: 0.103  C3: 0.003  C4: 0.004  
Site  276: C1: 0.592  C2: 0.194  C3: 0.156  C4: 0.058  
Site  277: C1: 0.000  C2: 0.000  C3: 0.686  C4: 0.314  
Site  278: C1: 0.590  C2: 0.191  C3: 0.161  C4: 0.058  
Site  279: C1: 0.541  C2: 0.252  C3: 0.139  C4: 0.068  
Site  280: C1: 0.522  C2: 0.249  C3: 0.158  C4: 0.071  
Site  281: C1: 0.496  C2: 0.243  C3: 0.185  C4: 0.075  
Site  282: C1: 0.000  C2: 0.949  C3: 0.000  C4: 0.051  
Site  283: C1: 0.847  C2: 0.067  C3: 0.073  C4: 0.013  
Site  284: C1: 0.522  C2: 0.249  C3: 0.158  C4: 0.071  
Site  285: C1: 0.464  C2: 0.245  C3: 0.210  C4: 0.081  
Site  286: C1: 0.637  C2: 0.346  C3: 0.003  C4: 0.014  
Site  287: C1: 0.592  C2: 0.194  C3: 0.156  C4: 0.058  
Site  288: C1: 0.733  C2: 0.264  C3: 0.000  C4: 0.004  
Site  289: C1: 0.591  C2: 0.392  C3: 0.003  C4: 0.015  
Site  290: C1: 0.000  C2: 0.985  C3: 0.000  C4: 0.015  
Site  291: C1: 0.934  C2: 0.022  C3: 0.041  C4: 0.003  
Site  292: C1: 0.000  C2: 0.980  C3: 0.000  C4: 0.020  
Site  293: C1: 0.592  C2: 0.194  C3: 0.156  C4: 0.058  
Site  294: C1: 0.563  C2: 0.225  C3: 0.148  C4: 0.064  
Site  295: C1: 0.499  C2: 0.247  C3: 0.179  C4: 0.075  
Site  296: C1: 0.571  C2: 0.236  C3: 0.130  C4: 0.062  
Site  297: C1: 0.000  C2: 0.831  C3: 0.000  C4: 0.169  
Site  298: C1: 0.941  C2: 0.018  C3: 0.038  C4: 0.003  
Site  299: C1: 0.000  C2: 0.952  C3: 0.000  C4: 0.048  
Site  300: C1: 0.000  C2: 0.968  C3: 0.000  C4: 0.032  
Site  301: C1: 0.578  C2: 0.217  C3: 0.144  C4: 0.061  
Site  302: C1: 0.650  C2: 0.242  C3: 0.063  C4: 0.045  
Site  303: C1: 0.464  C2: 0.245  C3: 0.210  C4: 0.081  
Site  304: C1: 0.521  C2: 0.246  C3: 0.162  C4: 0.071  
Site  305: C1: 0.637  C2: 0.346  C3: 0.003  C4: 0.014  
Site  306: C1: 0.578  C2: 0.217  C3: 0.144  C4: 0.061  
Site  307: C1: 0.637  C2: 0.346  C3: 0.003  C4: 0.014  
Site  308: C1: 0.733  C2: 0.264  C3: 0.000  C4: 0.004  
Site  309: C1: 0.733  C2: 0.264  C3: 0.000  C4: 0.004  
Site  310: C1: 0.650  C2: 0.242  C3: 0.063  C4: 0.045  
Site  311: C1: 0.571  C2: 0.236  C3: 0.130  C4: 0.062  
Site  312: C1: 0.541  C2: 0.252  C3: 0.139  C4: 0.068  
Site  313: C1: 0.592  C2: 0.194  C3: 0.156  C4: 0.058  
Site  314: C1: 0.455  C2: 0.298  C3: 0.164  C4: 0.084  
Site  315: C1: 0.650  C2: 0.242  C3: 0.063  C4: 0.045  
Site  316: C1: 0.582  C2: 0.208  C3: 0.150  C4: 0.060  
Site  317: C1: 0.733  C2: 0.264  C3: 0.000  C4: 0.004  
Site  318: C1: 0.496  C2: 0.243  C3: 0.185  C4: 0.075  
Site  319: C1: 0.880  C2: 0.115  C3: 0.001  C4: 0.003  
Site  320: C1: 0.884  C2: 0.112  C3: 0.001  C4: 0.003  
Site  321: C1: 0.916  C2: 0.034  C3: 0.045  C4: 0.005  
Site  322: C1: 0.582  C2: 0.208  C3: 0.150  C4: 0.060  
Site  323: C1: 0.844  C2: 0.071  C3: 0.071  C4: 0.014  
Site  324: C1: 0.522  C2: 0.249  C3: 0.158  C4: 0.071  
Site  325: C1: 0.000  C2: 0.839  C3: 0.000  C4: 0.160  
Site  326: C1: 0.001  C2: 0.872  C3: 0.000  C4: 0.127  
Site  327: C1: 0.776  C2: 0.100  C3: 0.103  C4: 0.021  
Site  328: C1: 0.340  C2: 0.383  C3: 0.171  C4: 0.107  
Site  329: C1: 0.000  C2: 0.878  C3: 0.000  C4: 0.122  
Site  330: C1: 0.860  C2: 0.059  C3: 0.069  C4: 0.012  
Site  331: C1: 0.957  C2: 0.015  C3: 0.025  C4: 0.002  
Site  332: C1: 0.569  C2: 0.235  C3: 0.133  C4: 0.063  
Site  333: C1: 0.000  C2: 0.934  C3: 0.000  C4: 0.066  
Site  334: C1: 0.496  C2: 0.243  C3: 0.185  C4: 0.075  
Site  335: C1: 0.000  C2: 0.874  C3: 0.000  C4: 0.126  
Site  336: C1: 0.872  C2: 0.121  C3: 0.003  C4: 0.004  
Site  337: C1: 0.499  C2: 0.247  C3: 0.179  C4: 0.075  
Site  338: C1: 0.496  C2: 0.243  C3: 0.185  C4: 0.075  
Site  339: C1: 0.571  C2: 0.236  C3: 0.130  C4: 0.062  
Site  340: C1: 0.565  C2: 0.388  C3: 0.014  C4: 0.033  
Site  341: C1: 0.569  C2: 0.235  C3: 0.133  C4: 0.063  
Site  342: C1: 0.591  C2: 0.392  C3: 0.003  C4: 0.015  
Site  343: C1: 0.591  C2: 0.206  C3: 0.145  C4: 0.059  
Site  344: C1: 0.541  C2: 0.252  C3: 0.139  C4: 0.068  
Site  345: C1: 0.583  C2: 0.377  C3: 0.011  C4: 0.029  
Site  346: C1: 0.489  C2: 0.273  C3: 0.161  C4: 0.077  
Site  347: C1: 0.799  C2: 0.084  C3: 0.099  C4: 0.018  
Site  348: C1: 0.499  C2: 0.247  C3: 0.179  C4: 0.075  

End time: 2025-12-15 12:09:35
