
--- MODEL SUMMARY ---
Model used: 2
Sequence file: input/RHO_seq.dat
Tree file: input/RHO.fa.tree
Log likelihood: -3096.402152
np: 106
Start time: 2025-12-16 02:36:04

--- BASE FREQUENCIES ---
T: 0.242552  C: 0.311780  A: 0.210391  G: 0.235278

--- BRANCH LENGTHS ---
Branch  0: 0.158656  (parent node 52 -> leaf Hiamp)
Branch  1: 0.000100  (parent node 52 -> internal node 53)
Branch  2: 0.000100  (parent node 53 -> internal node 54)
Branch  3: 0.009620  (parent node 54 -> internal node 55)
Branch  4: 0.004621  (parent node 55 -> internal node 56)
Branch  5: 0.013686  (parent node 56 -> internal node 57)
Branch  6: 0.006152  (parent node 57 -> internal node 58)
Branch  7: 0.006872  (parent node 58 -> internal node 59)
Branch  8: 0.000100  (parent node 59 -> internal node 60)
Branch  9: 0.003016  (parent node 60 -> leaf Ppho)
Branch 10: 0.000100  (parent node 60 -> leaf Psin)
Branch 11: 0.003105  (parent node 59 -> leaf Nsun)
Branch 12: 0.024037  (parent node 58 -> internal node 61)
Branch 13: 0.003063  (parent node 61 -> leaf Dleu)
Branch 14: 0.000100  (parent node 61 -> leaf Mmon)
Branch 15: 0.016185  (parent node 57 -> internal node 62)
Branch 16: 0.000100  (parent node 62 -> internal node 63)
Branch 17: 0.000100  (parent node 63 -> internal node 64)
Branch 18: 0.000100  (parent node 64 -> internal node 65)
Branch 19: 0.000100  (parent node 65 -> internal node 66)
Branch 20: 0.000100  (parent node 66 -> internal node 67)
Branch 21: 0.000100  (parent node 67 -> internal node 68)
Branch 22: 0.006135  (parent node 68 -> leaf Ttru)
Branch 23: 0.000100  (parent node 68 -> internal node 69)
Branch 24: 0.000100  (parent node 69 -> internal node 70)
Branch 25: 0.000100  (parent node 70 -> internal node 71)
Branch 26: 0.000100  (parent node 71 -> leaf Ddel)
Branch 27: 0.003067  (parent node 71 -> leaf Tadu)
Branch 28: 0.000100  (parent node 70 -> internal node 72)
Branch 29: 0.003062  (parent node 72 -> leaf Scoe)
Branch 30: 0.006133  (parent node 72 -> leaf Scly)
Branch 31: 0.003068  (parent node 69 -> leaf Sfro)
Branch 32: 0.006134  (parent node 67 -> leaf Schi)
Branch 33: 0.012320  (parent node 66 -> leaf Satt)
Branch 34: 0.009212  (parent node 65 -> leaf Slon)
Branch 35: 0.000100  (parent node 64 -> internal node 73)
Branch 36: 0.000100  (parent node 73 -> internal node 74)
Branch 37: 0.000100  (parent node 74 -> internal node 75)
Branch 38: 0.006142  (parent node 75 -> leaf Pcra)
Branch 39: 0.000100  (parent node 75 -> internal node 76)
Branch 40: 0.000100  (parent node 76 -> leaf Gmel)
Branch 41: 0.000100  (parent node 76 -> leaf Pele)
Branch 42: 0.000100  (parent node 74 -> leaf Ggri)
Branch 43: 0.000100  (parent node 73 -> leaf Sbre)
Branch 44: 0.000100  (parent node 63 -> internal node 77)
Branch 45: 0.000100  (parent node 77 -> internal node 78)
Branch 46: 0.003062  (parent node 78 -> leaf Lalb)
Branch 47: 0.009230  (parent node 78 -> leaf Lacu)
Branch 48: 0.003064  (parent node 77 -> internal node 79)
Branch 49: 0.003072  (parent node 79 -> leaf Ccom)
Branch 50: 0.012356  (parent node 79 -> leaf Aobl)
Branch 51: 0.009239  (parent node 62 -> leaf Oorc)
Branch 52: 0.020754  (parent node 56 -> internal node 80)
Branch 53: 0.061574  (parent node 80 -> leaf Igeo)
Branch 54: 0.024513  (parent node 80 -> leaf Lvex)
Branch 55: 0.037100  (parent node 55 -> internal node 81)
Branch 56: 0.015399  (parent node 81 -> leaf Zcav)
Branch 57: 0.007062  (parent node 81 -> internal node 82)
Branch 58: 0.007056  (parent node 82 -> internal node 83)
Branch 59: 0.009127  (parent node 83 -> leaf Mbid)
Branch 60: 0.000100  (parent node 83 -> internal node 84)
Branch 61: 0.000100  (parent node 84 -> internal node 85)
Branch 62: 0.009129  (parent node 85 -> leaf Mden)
Branch 63: 0.003036  (parent node 85 -> leaf Mste)
Branch 64: 0.003034  (parent node 84 -> internal node 86)
Branch 65: 0.003034  (parent node 86 -> leaf Mmir)
Branch 66: 0.000100  (parent node 86 -> leaf Meur)
Branch 67: 0.000100  (parent node 82 -> leaf Hyamp)
Branch 68: 0.022882  (parent node 54 -> internal node 87)
Branch 69: 0.000100  (parent node 87 -> leaf Pmin)
Branch 70: 0.000100  (parent node 87 -> leaf Pgan)
Branch 71: 0.024985  (parent node 53 -> internal node 88)
Branch 72: 0.007220  (parent node 88 -> leaf Pmac)
Branch 73: 0.052498  (parent node 88 -> internal node 89)
Branch 74: 0.003057  (parent node 89 -> leaf Kbre)
Branch 75: 0.000100  (parent node 89 -> leaf Ksim)
Branch 76: 0.024901  (parent node 52 -> internal node 90)
Branch 77: 0.003059  (parent node 90 -> internal node 91)
Branch 78: 0.014293  (parent node 91 -> internal node 92)
Branch 79: 0.000100  (parent node 92 -> internal node 93)
Branch 80: 0.000100  (parent node 93 -> internal node 94)
Branch 81: 0.012256  (parent node 94 -> leaf Bmus)
Branch 82: 0.009180  (parent node 94 -> internal node 95)
Branch 83: 0.000100  (parent node 95 -> internal node 96)
Branch 84: 0.000100  (parent node 96 -> leaf Bbor)
Branch 85: 0.000100  (parent node 96 -> leaf Bede)
Branch 86: 0.000100  (parent node 95 -> leaf Bric)
Branch 87: 0.009183  (parent node 93 -> internal node 97)
Branch 88: 0.000100  (parent node 97 -> internal node 98)
Branch 89: 0.003054  (parent node 98 -> leaf Bphy)
Branch 90: 0.012258  (parent node 98 -> leaf Mnov)
Branch 91: 0.009181  (parent node 97 -> leaf Erob)
Branch 92: 0.018522  (parent node 92 -> internal node 99)
Branch 93: 0.000100  (parent node 99 -> leaf Bacu)
Branch 94: 0.006131  (parent node 99 -> leaf Bbon)
Branch 95: 0.032160  (parent node 91 -> leaf Cmar)
Branch 96: 0.016738  (parent node 90 -> internal node 100)
Branch 97: 0.011578  (parent node 100 -> leaf Bmys)
Branch 98: 0.000100  (parent node 100 -> internal node 101)
Branch 99: 0.000100  (parent node 101 -> leaf Egla)
Branch 100: 0.000100  (parent node 101 -> leaf Eaus)

--- TREE WITH ESTIMATED BRANCH LENGTHS (NEWICK) ---
(Hiamp:0.158656,((((((((Ppho:0.00301581,Psin:0.0001):0.0001,Nsun:0.00310463):0.0068723,(Dleu:0.00306314,Mmon:0.0001):0.0240368):0.00615212,(((((((Ttru:0.0061355,(((Ddel:0.0001,Tadu:0.00306747):0.0001,(Scoe:0.00306246,Scly:0.00613295):0.0001):0.0001,Sfro:0.00306758):0.0001):0.0001,Schi:0.00613416):0.0001,Satt:0.0123205):0.0001,Slon:0.00921171):0.0001,(((Pcra:0.00614223,(Gmel:0.0001,Pele:0.0001):0.0001):0.0001,Ggri:0.0001):0.0001,Sbre:0.0001):0.0001):0.0001,((Lalb:0.00306232,Lacu:0.00923029):0.0001,(Ccom:0.00307171,Aobl:0.0123558):0.00306426):0.0001):0.0001,Oorc:0.0092391):0.0161852):0.0136862,(Igeo:0.0615743,Lvex:0.0245132):0.0207541):0.00462123,(Zcav:0.0153987,((Mbid:0.00912693,((Mden:0.00912935,Mste:0.00303604):0.0001,(Mmir:0.00303431,Meur:0.0001):0.00303408):0.0001):0.00705616,Hyamp:0.0001):0.0070621):0.0370998):0.00962028,(Pmin:0.0001,Pgan:0.0001):0.0228817):0.0001,(Pmac:0.00722025,(Kbre:0.0030567,Ksim:0.0001):0.0524975):0.0249847):0.0001,(((((Bmus:0.0122564,((Bbor:0.0001,Bede:0.0001):0.0001,Bric:0.0001):0.00918014):0.0001,((Bphy:0.00305406,Mnov:0.0122581):0.0001,Erob:0.00918052):0.00918315):0.0001,(Bacu:0.0001,Bbon:0.00613071):0.0185221):0.0142927,Cmar:0.0321605):0.0030593,(Bmys:0.0115783,(Egla:0.0001,Eaus:0.0001):0.0001):0.0167382):0.0249012);

--- ASCII PHYLOGRAM (estimated branch lengths) ---

[DEBUG] ASCII phylogram ('-' = background, '=' = foreground)
(root)
|---------------------------------------- Hiamp
|-- (*)
|  |-- (*)
|  |  |-- (*)
|  |  |  |-- (*)
|  |  |  |  |--- (*)
|  |  |  |  |   |-- (*)
|  |  |  |  |   |  |-- (*)
|  |  |  |  |   |  |  |-- (*)
|  |  |  |  |   |  |  |  |-- Ppho
|  |  |  |  |   |  |  |  `-- Psin
|  |  |  |  |   |  |  `-- Nsun
|  |  |  |  |   |  `------ (*)
|  |  |  |  |   |         |-- Dleu
|  |  |  |  |   |         `-- Mmon
|  |  |  |  |   `---- (*)
|  |  |  |  |        |-- (*)
|  |  |  |  |        |  |-- (*)
|  |  |  |  |        |  |  |-- (*)
|  |  |  |  |        |  |  |  |-- (*)
|  |  |  |  |        |  |  |  |  |-- (*)
|  |  |  |  |        |  |  |  |  |  |-- (*)
|  |  |  |  |        |  |  |  |  |  |  |-- Ttru
|  |  |  |  |        |  |  |  |  |  |  `-- (*)
|  |  |  |  |        |  |  |  |  |  |     |-- (*)
|  |  |  |  |        |  |  |  |  |  |     |  |-- (*)
|  |  |  |  |        |  |  |  |  |  |     |  |  |-- Ddel
|  |  |  |  |        |  |  |  |  |  |     |  |  `-- Tadu
|  |  |  |  |        |  |  |  |  |  |     |  `-- (*)
|  |  |  |  |        |  |  |  |  |  |     |     |-- Scoe
|  |  |  |  |        |  |  |  |  |  |     |     `-- Scly
|  |  |  |  |        |  |  |  |  |  |     `-- Sfro
|  |  |  |  |        |  |  |  |  |  `-- Schi
|  |  |  |  |        |  |  |  |  `--- Satt
|  |  |  |  |        |  |  |  `-- Slon
|  |  |  |  |        |  |  `-- (*)
|  |  |  |  |        |  |     |-- (*)
|  |  |  |  |        |  |     |  |-- (*)
|  |  |  |  |        |  |     |  |  |-- Pcra
|  |  |  |  |        |  |     |  |  `-- (*)
|  |  |  |  |        |  |     |  |     |-- Gmel
|  |  |  |  |        |  |     |  |     `-- Pele
|  |  |  |  |        |  |     |  `-- Ggri
|  |  |  |  |        |  |     `-- Sbre
|  |  |  |  |        |  `-- (*)
|  |  |  |  |        |     |-- (*)
|  |  |  |  |        |     |  |-- Lalb
|  |  |  |  |        |     |  `-- Lacu
|  |  |  |  |        |     `-- (*)
|  |  |  |  |        |        |-- Ccom
|  |  |  |  |        |        `--- Aobl
|  |  |  |  |        `-- Oorc
|  |  |  |  `----- (*)
|  |  |  |        |---------------- Igeo
|  |  |  |        `------ Lvex
|  |  |  `========= (*) [#1]
|  |  |            |---- Zcav
|  |  |            `-- (*)
|  |  |               |-- (*)
|  |  |               |  |-- Mbid
|  |  |               |  `-- (*)
|  |  |               |     |-- (*)
|  |  |               |     |  |-- Mden
|  |  |               |     |  `-- Mste
|  |  |               |     `-- (*)
|  |  |               |        |-- Mmir
|  |  |               |        `-- Meur
|  |  |               `-- Hyamp
|  |  `------ (*)
|  |         |-- Pmin
|  |         `-- Pgan
|  `====== (*) [#1]
|         |-- Pmac
|         `------------- (*)
|                       |-- Kbre
|                       `-- Ksim
`------ (*)
       |-- (*)
       |  |---- (*)
       |  |    |-- (*)
       |  |    |  |-- (*)
       |  |    |  |  |--- Bmus
       |  |    |  |  `-- (*)
       |  |    |  |     |-- (*)
       |  |    |  |     |  |-- Bbor
       |  |    |  |     |  `-- Bede
       |  |    |  |     `-- Bric
       |  |    |  `-- (*)
       |  |    |     |-- (*)
       |  |    |     |  |-- Bphy
       |  |    |     |  `--- Mnov
       |  |    |     `-- Erob
       |  |    `----- (*)
       |  |          |-- Bacu
       |  |          `-- Bbon
       |  `-------- Cmar
       `---- (*)
            |--- Bmys
            `-- (*)
               |-- Egla
               `-- Eaus

--- PARAMETERS ---
Kappa: 5.560987
Omega[0]: 0.013174
Omega[1]: 2.563019
Gamma[0][0]: 0.260292

--- CATEGORY PROBABILITIES ---
P(Omega 0, Gamma 0): 0.684475
P(Omega 1, Gamma 0): 0.315525

--- POSTERIOR PROBABILITIES PER SITE ---
Site    1: C1: 0.843  C2: 0.157  
Site    2: C1: 0.949  C2: 0.051  
Site    3: C1: 0.642  C2: 0.358  
Site    4: C1: 0.919  C2: 0.081  
Site    5: C1: 0.914  C2: 0.086  
Site    6: C1: 0.735  C2: 0.265  
Site    7: C1: 0.956  C2: 0.044  
Site    8: C1: 0.784  C2: 0.216  
Site    9: C1: 0.785  C2: 0.215  
Site   10: C1: 0.941  C2: 0.059  
Site   11: C1: 0.712  C2: 0.288  
Site   12: C1: 0.528  C2: 0.472  
Site   13: C1: 0.785  C2: 0.215  
Site   14: C1: 1.000  C2: 0.000  
Site   15: C1: 0.784  C2: 0.216  
Site   16: C1: 0.000  C2: 1.000  
Site   17: C1: 0.982  C2: 0.018  
Site   18: C1: 0.735  C2: 0.265  
Site   19: C1: 0.712  C2: 0.288  
Site   20: C1: 0.712  C2: 0.288  
Site   21: C1: 0.715  C2: 0.285  
Site   22: C1: 0.741  C2: 0.259  
Site   23: C1: 0.529  C2: 0.471  
Site   24: C1: 0.943  C2: 0.057  
Site   25: C1: 0.674  C2: 0.326  
Site   26: C1: 0.941  C2: 0.059  
Site   27: C1: 0.539  C2: 0.461  
Site   28: C1: 0.710  C2: 0.290  
Site   29: C1: 0.758  C2: 0.242  
Site   30: C1: 0.758  C2: 0.242  
Site   31: C1: 0.442  C2: 0.558  
Site   32: C1: 0.918  C2: 0.082  
Site   33: C1: 0.674  C2: 0.326  
Site   34: C1: 0.857  C2: 0.143  
Site   35: C1: 0.788  C2: 0.212  
Site   36: C1: 0.710  C2: 0.290  
Site   37: C1: 0.785  C2: 0.215  
Site   38: C1: 0.719  C2: 0.281  
Site   39: C1: 0.065  C2: 0.935  
Site   40: C1: 0.442  C2: 0.558  
Site   41: C1: 0.997  C2: 0.003  
Site   42: C1: 0.691  C2: 0.309  
Site   43: C1: 0.758  C2: 0.242  
Site   44: C1: 0.843  C2: 0.157  
Site   45: C1: 0.087  C2: 0.913  
Site   46: C1: 0.956  C2: 0.044  
Site   47: C1: 0.442  C2: 0.558  
Site   48: C1: 0.944  C2: 0.056  
Site   49: C1: 0.002  C2: 0.998  
Site   50: C1: 1.000  C2: 0.000  
Site   51: C1: 0.068  C2: 0.932  
Site   52: C1: 0.785  C2: 0.215  
Site   53: C1: 0.529  C2: 0.471  
Site   54: C1: 0.767  C2: 0.233  
Site   55: C1: 0.784  C2: 0.216  
Site   56: C1: 0.785  C2: 0.215  
Site   57: C1: 0.608  C2: 0.392  
Site   58: C1: 0.984  C2: 0.016  
Site   59: C1: 0.608  C2: 0.392  
Site   60: C1: 0.941  C2: 0.059  
Site   61: C1: 0.739  C2: 0.261  
Site   62: C1: 0.921  C2: 0.079  
Site   63: C1: 0.997  C2: 0.003  
Site   64: C1: 0.710  C2: 0.290  
Site   65: C1: 0.780  C2: 0.220  
Site   66: C1: 0.750  C2: 0.250  
Site   67: C1: 0.750  C2: 0.250  
Site   68: C1: 0.442  C2: 0.558  
Site   69: C1: 0.715  C2: 0.285  
Site   70: C1: 0.689  C2: 0.311  
Site   71: C1: 0.528  C2: 0.472  
Site   72: C1: 0.884  C2: 0.116  
Site   73: C1: 0.784  C2: 0.216  
Site   74: C1: 0.758  C2: 0.242  
Site   75: C1: 0.767  C2: 0.233  
Site   76: C1: 0.442  C2: 0.558  
Site   77: C1: 0.608  C2: 0.392  
Site   78: C1: 0.784  C2: 0.216  
Site   79: C1: 0.442  C2: 0.558  
Site   80: C1: 0.919  C2: 0.081  
Site   81: C1: 0.926  C2: 0.074  
Site   82: C1: 0.919  C2: 0.081  
Site   83: C1: 0.000  C2: 1.000  
Site   84: C1: 0.608  C2: 0.392  
Site   85: C1: 0.785  C2: 0.215  
Site   86: C1: 0.843  C2: 0.157  
Site   87: C1: 0.739  C2: 0.261  
Site   88: C1: 0.001  C2: 0.999  
Site   89: C1: 0.706  C2: 0.294  
Site   90: C1: 0.735  C2: 0.265  
Site   91: C1: 0.785  C2: 0.215  
Site   92: C1: 0.714  C2: 0.286  
Site   93: C1: 0.714  C2: 0.286  
Site   94: C1: 0.061  C2: 0.939  
Site   95: C1: 0.608  C2: 0.392  
Site   96: C1: 0.758  C2: 0.242  
Site   97: C1: 0.714  C2: 0.286  
Site   98: C1: 0.687  C2: 0.313  
Site   99: C1: 0.000  C2: 1.000  
Site  100: C1: 0.314  C2: 0.686  
Site  101: C1: 0.238  C2: 0.762  
Site  102: C1: 0.758  C2: 0.242  
Site  103: C1: 0.785  C2: 0.215  
Site  104: C1: 0.000  C2: 1.000  
Site  105: C1: 0.319  C2: 0.681  
Site  106: C1: 0.642  C2: 0.358  
Site  107: C1: 0.529  C2: 0.471  
Site  108: C1: 0.997  C2: 0.003  
Site  109: C1: 0.895  C2: 0.105  
Site  110: C1: 0.784  C2: 0.216  
Site  111: C1: 0.995  C2: 0.005  
Site  112: C1: 0.002  C2: 0.998  
Site  113: C1: 0.674  C2: 0.326  
Site  114: C1: 0.735  C2: 0.265  
Site  115: C1: 0.785  C2: 0.215  
Site  116: C1: 0.938  C2: 0.062  
Site  117: C1: 0.691  C2: 0.309  
Site  118: C1: 0.714  C2: 0.286  
Site  119: C1: 0.802  C2: 0.198  
Site  120: C1: 0.935  C2: 0.065  
Site  121: C1: 0.706  C2: 0.294  
Site  122: C1: 0.670  C2: 0.330  
Site  123: C1: 0.010  C2: 0.990  
Site  124: C1: 0.691  C2: 0.309  
Site  125: C1: 0.022  C2: 0.978  
Site  126: C1: 0.788  C2: 0.212  
Site  127: C1: 0.929  C2: 0.071  
Site  128: C1: 0.621  C2: 0.379  
Site  129: C1: 0.712  C2: 0.288  
Site  130: C1: 0.739  C2: 0.261  
Site  131: C1: 0.442  C2: 0.558  
Site  132: C1: 0.691  C2: 0.309  
Site  133: C1: 0.988  C2: 0.012  
Site  134: C1: 0.674  C2: 0.326  
Site  135: C1: 0.982  C2: 0.018  
Site  136: C1: 0.758  C2: 0.242  
Site  137: C1: 0.002  C2: 0.998  
Site  138: C1: 0.712  C2: 0.288  
Site  139: C1: 0.712  C2: 0.288  
Site  140: C1: 0.748  C2: 0.252  
Site  141: C1: 0.750  C2: 0.250  
Site  142: C1: 0.853  C2: 0.147  
Site  143: C1: 0.843  C2: 0.157  
Site  144: C1: 0.741  C2: 0.259  
Site  145: C1: 0.784  C2: 0.216  
Site  146: C1: 0.785  C2: 0.215  
Site  147: C1: 0.715  C2: 0.285  
Site  148: C1: 0.785  C2: 0.215  
Site  149: C1: 0.642  C2: 0.358  
Site  150: C1: 0.674  C2: 0.326  
Site  151: C1: 0.002  C2: 0.998  
Site  152: C1: 0.937  C2: 0.063  
Site  153: C1: 0.691  C2: 0.309  
Site  154: C1: 0.767  C2: 0.233  
Site  155: C1: 0.004  C2: 0.996  
Site  156: C1: 0.735  C2: 0.265  
Site  157: C1: 0.892  C2: 0.108  
Site  158: C1: 0.231  C2: 0.769  
Site  159: C1: 0.044  C2: 0.956  
Site  160: C1: 0.997  C2: 0.003  
Site  161: C1: 0.788  C2: 0.212  
Site  162: C1: 0.078  C2: 0.922  
Site  163: C1: 0.843  C2: 0.157  
Site  164: C1: 0.910  C2: 0.090  
Site  165: C1: 0.001  C2: 0.999  
Site  166: C1: 0.919  C2: 0.081  
Site  167: C1: 0.939  C2: 0.061  
Site  168: C1: 0.691  C2: 0.309  
Site  169: C1: 0.214  C2: 0.786  
Site  170: C1: 0.853  C2: 0.147  
Site  171: C1: 0.967  C2: 0.033  
Site  172: C1: 0.608  C2: 0.392  
Site  173: C1: 0.739  C2: 0.261  
Site  174: C1: 0.735  C2: 0.265  
Site  175: C1: 0.788  C2: 0.212  
Site  176: C1: 0.719  C2: 0.281  
Site  177: C1: 0.705  C2: 0.295  
Site  178: C1: 0.758  C2: 0.242  
Site  179: C1: 0.767  C2: 0.233  
Site  180: C1: 0.968  C2: 0.032  
Site  181: C1: 0.674  C2: 0.326  
Site  182: C1: 0.625  C2: 0.375  
Site  183: C1: 0.843  C2: 0.157  
Site  184: C1: 0.710  C2: 0.290  
Site  185: C1: 0.784  C2: 0.216  
Site  186: C1: 0.916  C2: 0.084  
Site  187: C1: 0.990  C2: 0.010  
Site  188: C1: 0.642  C2: 0.358  
Site  189: C1: 0.655  C2: 0.345  
Site  190: C1: 0.768  C2: 0.232  
Site  191: C1: 0.758  C2: 0.242  
Site  192: C1: 0.988  C2: 0.012  
Site  193: C1: 0.983  C2: 0.017  
Site  194: C1: 0.973  C2: 0.027  
Site  195: C1: 0.000  C2: 1.000  
Site  196: C1: 0.999  C2: 0.001  
Site  197: C1: 0.674  C2: 0.326  
Site  198: C1: 0.069  C2: 0.931  
Site  199: C1: 0.784  C2: 0.216  
Site  200: C1: 0.940  C2: 0.060  
Site  201: C1: 0.982  C2: 0.018  
Site  202: C1: 0.719  C2: 0.281  
Site  203: C1: 0.989  C2: 0.011  
Site  204: C1: 0.739  C2: 0.261  
Site  205: C1: 0.079  C2: 0.921  
Site  206: C1: 0.758  C2: 0.242  
Site  207: C1: 0.843  C2: 0.157  
Site  208: C1: 0.950  C2: 0.050  
Site  209: C1: 0.712  C2: 0.288  
Site  210: C1: 0.936  C2: 0.064  
Site  211: C1: 0.780  C2: 0.220  
Site  212: C1: 0.785  C2: 0.215  
Site  213: C1: 0.002  C2: 0.998  
Site  214: C1: 0.767  C2: 0.233  
Site  215: C1: 0.529  C2: 0.471  
Site  216: C1: 0.000  C2: 1.000  
Site  217: C1: 0.010  C2: 0.990  
Site  218: C1: 0.767  C2: 0.233  
Site  219: C1: 0.948  C2: 0.052  
Site  220: C1: 0.086  C2: 0.914  
Site  221: C1: 0.949  C2: 0.051  
Site  222: C1: 0.784  C2: 0.216  
Site  223: C1: 1.000  C2: 0.000  
Site  224: C1: 0.642  C2: 0.358  
Site  225: C1: 0.710  C2: 0.290  
Site  226: C1: 0.802  C2: 0.198  
Site  227: C1: 0.739  C2: 0.261  
Site  228: C1: 0.949  C2: 0.051  
Site  229: C1: 0.675  C2: 0.325  
Site  230: C1: 0.739  C2: 0.261  
Site  231: C1: 0.750  C2: 0.250  
Site  232: C1: 0.674  C2: 0.326  
Site  233: C1: 0.997  C2: 0.003  
Site  234: C1: 0.665  C2: 0.335  
Site  235: C1: 0.920  C2: 0.080  
Site  236: C1: 0.922  C2: 0.078  
Site  237: C1: 0.710  C2: 0.290  
Site  238: C1: 0.926  C2: 0.074  
Site  239: C1: 0.674  C2: 0.326  
Site  240: C1: 0.915  C2: 0.085  
Site  241: C1: 0.919  C2: 0.081  
Site  242: C1: 0.714  C2: 0.286  
Site  243: C1: 0.997  C2: 0.003  
Site  244: C1: 0.710  C2: 0.290  
Site  245: C1: 0.750  C2: 0.250  
Site  246: C1: 0.920  C2: 0.080  
Site  247: C1: 0.674  C2: 0.326  
Site  248: C1: 0.750  C2: 0.250  
Site  249: C1: 0.674  C2: 0.326  
Site  250: C1: 0.739  C2: 0.261  
Site  251: C1: 0.924  C2: 0.076  
Site  252: C1: 0.715  C2: 0.285  
Site  253: C1: 0.843  C2: 0.157  
Site  254: C1: 0.739  C2: 0.261  
Site  255: C1: 0.000  C2: 1.000  
Site  256: C1: 0.767  C2: 0.233  
Site  257: C1: 0.843  C2: 0.157  
Site  258: C1: 0.739  C2: 0.261  
Site  259: C1: 0.001  C2: 0.999  
Site  260: C1: 0.911  C2: 0.089  
Site  261: C1: 0.785  C2: 0.215  
Site  262: C1: 0.442  C2: 0.558  
Site  263: C1: 0.988  C2: 0.012  
Site  264: C1: 0.784  C2: 0.216  
Site  265: C1: 0.788  C2: 0.212  
Site  266: C1: 0.000  C2: 1.000  
Site  267: C1: 0.852  C2: 0.148  
Site  268: C1: 0.986  C2: 0.014  
Site  269: C1: 0.691  C2: 0.309  
Site  270: C1: 0.274  C2: 0.726  
Site  271: C1: 0.061  C2: 0.939  
Site  272: C1: 0.981  C2: 0.019  
Site  273: C1: 0.785  C2: 0.215  
Site  274: C1: 0.758  C2: 0.242  
Site  275: C1: 0.935  C2: 0.065  
Site  276: C1: 0.785  C2: 0.215  
Site  277: C1: 0.003  C2: 0.997  
Site  278: C1: 0.780  C2: 0.220  
Site  279: C1: 0.710  C2: 0.290  
Site  280: C1: 0.735  C2: 0.265  
Site  281: C1: 0.719  C2: 0.281  
Site  282: C1: 0.000  C2: 1.000  
Site  283: C1: 0.938  C2: 0.062  
Site  284: C1: 0.735  C2: 0.265  
Site  285: C1: 0.529  C2: 0.471  
Site  286: C1: 0.767  C2: 0.233  
Site  287: C1: 0.785  C2: 0.215  
Site  288: C1: 0.843  C2: 0.157  
Site  289: C1: 0.714  C2: 0.286  
Site  290: C1: 0.000  C2: 1.000  
Site  291: C1: 0.976  C2: 0.024  
Site  292: C1: 1.000  C2: 0.000  
Site  293: C1: 0.785  C2: 0.215  
Site  294: C1: 0.748  C2: 0.252  
Site  295: C1: 0.691  C2: 0.309  
Site  296: C1: 0.750  C2: 0.250  
Site  297: C1: 0.059  C2: 0.941  
Site  298: C1: 0.985  C2: 0.015  
Site  299: C1: 0.875  C2: 0.125  
Site  300: C1: 0.078  C2: 0.922  
Site  301: C1: 0.758  C2: 0.242  
Site  302: C1: 0.784  C2: 0.216  
Site  303: C1: 0.529  C2: 0.471  
Site  304: C1: 0.739  C2: 0.261  
Site  305: C1: 0.767  C2: 0.233  
Site  306: C1: 0.758  C2: 0.242  
Site  307: C1: 0.767  C2: 0.233  
Site  308: C1: 0.843  C2: 0.157  
Site  309: C1: 0.843  C2: 0.157  
Site  310: C1: 0.784  C2: 0.216  
Site  311: C1: 0.750  C2: 0.250  
Site  312: C1: 0.710  C2: 0.290  
Site  313: C1: 0.785  C2: 0.215  
Site  314: C1: 0.673  C2: 0.327  
Site  315: C1: 0.784  C2: 0.216  
Site  316: C1: 0.784  C2: 0.216  
Site  317: C1: 0.843  C2: 0.157  
Site  318: C1: 0.608  C2: 0.392  
Site  319: C1: 0.927  C2: 0.073  
Site  320: C1: 0.928  C2: 0.072  
Site  321: C1: 0.960  C2: 0.040  
Site  322: C1: 0.784  C2: 0.216  
Site  323: C1: 0.938  C2: 0.062  
Site  324: C1: 0.735  C2: 0.265  
Site  325: C1: 0.060  C2: 0.940  
Site  326: C1: 0.083  C2: 0.917  
Site  327: C1: 0.853  C2: 0.147  
Site  328: C1: 0.442  C2: 0.558  
Site  329: C1: 0.002  C2: 0.998  
Site  330: C1: 0.944  C2: 0.056  
Site  331: C1: 0.986  C2: 0.014  
Site  332: C1: 0.674  C2: 0.326  
Site  333: C1: 0.000  C2: 1.000  
Site  334: C1: 0.719  C2: 0.281  
Site  335: C1: 0.002  C2: 0.998  
Site  336: C1: 0.918  C2: 0.082  
Site  337: C1: 0.691  C2: 0.309  
Site  338: C1: 0.719  C2: 0.281  
Site  339: C1: 0.750  C2: 0.250  
Site  340: C1: 0.675  C2: 0.325  
Site  341: C1: 0.674  C2: 0.326  
Site  342: C1: 0.714  C2: 0.286  
Site  343: C1: 0.741  C2: 0.259  
Site  344: C1: 0.710  C2: 0.290  
Site  345: C1: 0.712  C2: 0.288  
Site  346: C1: 0.670  C2: 0.330  
Site  347: C1: 0.867  C2: 0.133  
Site  348: C1: 0.691  C2: 0.309  

End time: 2025-12-16 03:09:07
